08/04 18:49:00 FINE sim.Admin|Log for simulation 11 started
************************************************************
* Log for simulation 11 started
************************************************************


08/04 18:49:00 FINE sim.ExternalAgent|sample setup with address adv1
08/04 18:49:00 INFO sim.Simulation|***** START OF TIME 0 *****
08/04 18:49:00 INFO sim.Simulation|***** START OF TIME 0 COMPLETE *****
08/04 18:49:10 INFO sim.Simulation|***** START OF TIME 1 *****
08/04 18:49:11 INFO sim.Simulation|***** START OF TIME 1 COMPLETE *****
08/04 18:49:20 INFO sim.Simulation|***** START OF TIME 2 *****
08/04 18:49:21 INFO sim.Simulation|***** START OF TIME 2 COMPLETE *****
08/04 18:49:21 SEVERE tact.TACTConnection|sample@tact-1: reading error 
java.net.SocketException: Connection reset
	at java.net.SocketInputStream.read(Unknown Source)
	at java.net.SocketInputStream.read(Unknown Source)
	at java.net.SocketInputStream.read(Unknown Source)
	at java.io.DataInputStream.readInt(Unknown Source)
	at se.sics.isl.tact.TACTConnection$TACTReader.run(TACTConnection.java:405)
08/04 18:49:30 INFO sim.Simulation|***** START OF TIME 3 *****
08/04 18:49:31 INFO sim.Simulation|***** START OF TIME 3 COMPLETE *****
08/04 18:49:40 INFO sim.Simulation|***** START OF TIME 4 *****
08/04 18:49:41 INFO sim.Simulation|***** START OF TIME 4 COMPLETE *****
08/04 18:49:50 INFO sim.Simulation|***** START OF TIME 5 *****
08/04 18:49:51 INFO sim.Simulation|***** START OF TIME 5 COMPLETE *****
08/04 18:50:00 INFO sim.Simulation|***** START OF TIME 6 *****
08/04 18:50:01 INFO sim.Simulation|***** START OF TIME 6 COMPLETE *****
08/04 18:50:10 INFO sim.Simulation|***** START OF TIME 7 *****
08/04 18:50:11 INFO sim.Simulation|***** START OF TIME 7 COMPLETE *****
08/04 18:50:20 INFO sim.Simulation|***** START OF TIME 8 *****
08/04 18:50:21 INFO sim.Simulation|***** START OF TIME 8 COMPLETE *****
08/04 18:50:30 INFO sim.Simulation|***** START OF TIME 9 *****
08/04 18:50:31 INFO sim.Simulation|***** START OF TIME 9 COMPLETE *****
08/04 18:50:40 INFO sim.Simulation|***** START OF TIME 10 *****
08/04 18:50:41 INFO sim.Simulation|***** START OF TIME 10 COMPLETE *****
08/04 18:50:50 INFO sim.Simulation|***** START OF TIME 11 *****
08/04 18:50:51 INFO sim.Simulation|***** START OF TIME 11 COMPLETE *****
08/04 18:51:00 INFO sim.Simulation|***** START OF TIME 12 *****
08/04 18:51:01 INFO sim.Simulation|***** START OF TIME 12 COMPLETE *****
08/04 18:51:10 INFO sim.Simulation|***** START OF TIME 13 *****
08/04 18:51:11 INFO sim.Simulation|***** START OF TIME 13 COMPLETE *****
08/04 18:51:20 INFO sim.Simulation|***** START OF TIME 14 *****
08/04 18:51:21 INFO sim.Simulation|***** START OF TIME 14 COMPLETE *****
08/04 18:51:30 INFO sim.Simulation|***** START OF TIME 15 *****
08/04 18:51:31 INFO sim.Simulation|***** START OF TIME 15 COMPLETE *****
08/04 18:51:40 INFO sim.Simulation|***** START OF TIME 16 *****
08/04 18:51:41 INFO sim.Simulation|***** START OF TIME 16 COMPLETE *****
08/04 18:51:50 INFO sim.Simulation|***** START OF TIME 17 *****
08/04 18:51:51 INFO sim.Simulation|***** START OF TIME 17 COMPLETE *****
08/04 18:52:00 INFO sim.Simulation|***** START OF TIME 18 *****
08/04 18:52:00 INFO sim.Simulation|***** START OF TIME 18 COMPLETE *****
08/04 18:52:10 INFO sim.Simulation|***** START OF TIME 19 *****
08/04 18:52:11 INFO sim.Simulation|***** START OF TIME 19 COMPLETE *****
08/04 18:52:20 INFO sim.Simulation|***** START OF TIME 20 *****
08/04 18:52:21 INFO sim.Simulation|***** START OF TIME 20 COMPLETE *****
08/04 18:52:30 INFO sim.Simulation|***** START OF TIME 21 *****
08/04 18:52:31 INFO sim.Simulation|***** START OF TIME 21 COMPLETE *****
08/04 18:52:40 INFO sim.Simulation|***** START OF TIME 22 *****
08/04 18:52:41 INFO sim.Simulation|***** START OF TIME 22 COMPLETE *****
08/04 18:52:50 INFO sim.Simulation|***** START OF TIME 23 *****
08/04 18:52:51 INFO sim.Simulation|***** START OF TIME 23 COMPLETE *****
08/04 18:53:00 INFO sim.Simulation|***** START OF TIME 24 *****
08/04 18:53:00 INFO sim.Simulation|***** START OF TIME 24 COMPLETE *****
08/04 18:53:10 INFO sim.Simulation|***** START OF TIME 25 *****
08/04 18:53:11 INFO sim.Simulation|***** START OF TIME 25 COMPLETE *****
08/04 18:53:20 INFO sim.Simulation|***** START OF TIME 26 *****
08/04 18:53:20 INFO sim.Simulation|***** START OF TIME 26 COMPLETE *****
08/04 18:53:30 INFO sim.Simulation|***** START OF TIME 27 *****
08/04 18:53:31 INFO sim.Simulation|***** START OF TIME 27 COMPLETE *****
08/04 18:53:40 INFO sim.Simulation|***** START OF TIME 28 *****
08/04 18:53:41 INFO sim.Simulation|***** START OF TIME 28 COMPLETE *****
08/04 18:53:50 INFO sim.Simulation|***** START OF TIME 29 *****
08/04 18:53:51 INFO sim.Simulation|***** START OF TIME 29 COMPLETE *****
08/04 18:54:00 INFO sim.Simulation|***** START OF TIME 30 *****
08/04 18:54:01 INFO sim.Simulation|***** START OF TIME 30 COMPLETE *****
08/04 18:54:10 INFO sim.Simulation|***** START OF TIME 31 *****
08/04 18:54:11 INFO sim.Simulation|***** START OF TIME 31 COMPLETE *****
08/04 18:54:20 INFO sim.Simulation|***** START OF TIME 32 *****
08/04 18:54:21 INFO sim.Simulation|***** START OF TIME 32 COMPLETE *****
08/04 18:54:30 INFO sim.Simulation|***** START OF TIME 33 *****
08/04 18:54:31 INFO sim.Simulation|***** START OF TIME 33 COMPLETE *****
08/04 18:54:40 INFO sim.Simulation|***** START OF TIME 34 *****
08/04 18:54:40 INFO sim.Simulation|***** START OF TIME 34 COMPLETE *****
08/04 18:54:50 INFO sim.Simulation|***** START OF TIME 35 *****
08/04 18:54:51 INFO sim.Simulation|***** START OF TIME 35 COMPLETE *****
08/04 18:55:00 INFO sim.Simulation|***** START OF TIME 36 *****
08/04 18:55:01 INFO sim.Simulation|***** START OF TIME 36 COMPLETE *****
08/04 18:55:10 INFO sim.Simulation|***** START OF TIME 37 *****
08/04 18:55:11 INFO sim.Simulation|***** START OF TIME 37 COMPLETE *****
08/04 18:55:20 INFO sim.Simulation|***** START OF TIME 38 *****
08/04 18:55:21 INFO sim.Simulation|***** START OF TIME 38 COMPLETE *****
08/04 18:55:30 INFO sim.Simulation|***** START OF TIME 39 *****
08/04 18:55:31 INFO sim.Simulation|***** START OF TIME 39 COMPLETE *****
08/04 18:55:40 INFO sim.Simulation|***** START OF TIME 40 *****
08/04 18:55:41 INFO sim.Simulation|***** START OF TIME 40 COMPLETE *****
08/04 18:55:50 INFO sim.Simulation|***** START OF TIME 41 *****
08/04 18:55:51 INFO sim.Simulation|***** START OF TIME 41 COMPLETE *****
08/04 18:56:00 INFO sim.Simulation|***** START OF TIME 42 *****
08/04 18:56:01 INFO sim.Simulation|***** START OF TIME 42 COMPLETE *****
08/04 18:56:10 INFO sim.Simulation|***** START OF TIME 43 *****
08/04 18:56:11 INFO sim.Simulation|***** START OF TIME 43 COMPLETE *****
08/04 18:56:20 INFO sim.Simulation|***** START OF TIME 44 *****
08/04 18:56:21 INFO sim.Simulation|***** START OF TIME 44 COMPLETE *****
08/04 18:56:30 INFO sim.Simulation|***** START OF TIME 45 *****
08/04 18:56:31 INFO sim.Simulation|***** START OF TIME 45 COMPLETE *****
08/04 18:56:40 INFO sim.Simulation|***** START OF TIME 46 *****
08/04 18:56:41 INFO sim.Simulation|***** START OF TIME 46 COMPLETE *****
08/04 18:56:50 INFO sim.Simulation|***** START OF TIME 47 *****
08/04 18:56:51 INFO sim.Simulation|***** START OF TIME 47 COMPLETE *****
08/04 18:57:00 INFO sim.Simulation|***** START OF TIME 48 *****
08/04 18:57:01 INFO sim.Simulation|***** START OF TIME 48 COMPLETE *****
08/04 18:57:10 INFO sim.Simulation|***** START OF TIME 49 *****
08/04 18:57:11 INFO sim.Simulation|***** START OF TIME 49 COMPLETE *****
08/04 18:57:20 INFO sim.Simulation|***** START OF TIME 50 *****
08/04 18:57:21 INFO sim.Simulation|***** START OF TIME 50 COMPLETE *****
09/04 15:30:00 FINE sim.Admin|Log for simulation 11 started
************************************************************
* Log for simulation 11 started
************************************************************


09/04 15:30:00 FINE sim.ExternalAgent|sample setup with address adv1
09/04 15:30:00 INFO sim.Simulation|***** START OF TIME 0 *****
09/04 15:30:01 INFO sim.Simulation|***** START OF TIME 0 COMPLETE *****
09/04 15:30:07 SEVERE tact.TACTConnection|sample@tact-1: reading error 
java.net.SocketException: Connection reset
	at java.net.SocketInputStream.read(Unknown Source)
	at java.net.SocketInputStream.read(Unknown Source)
	at java.net.SocketInputStream.read(Unknown Source)
	at java.io.DataInputStream.readInt(Unknown Source)
	at se.sics.isl.tact.TACTConnection$TACTReader.run(TACTConnection.java:405)
09/04 15:30:10 INFO sim.Simulation|***** START OF TIME 1 *****
09/04 15:30:11 INFO sim.Simulation|***** START OF TIME 1 COMPLETE *****
09/04 15:30:20 INFO sim.Simulation|***** START OF TIME 2 *****
09/04 15:30:21 INFO sim.Simulation|***** START OF TIME 2 COMPLETE *****
09/04 15:30:30 INFO sim.Simulation|***** START OF TIME 3 *****
09/04 15:30:31 INFO sim.Simulation|***** START OF TIME 3 COMPLETE *****
09/04 15:30:40 INFO sim.Simulation|***** START OF TIME 4 *****
09/04 15:30:40 INFO sim.Simulation|***** START OF TIME 4 COMPLETE *****
09/04 15:30:50 INFO sim.Simulation|***** START OF TIME 5 *****
09/04 15:30:51 INFO sim.Simulation|***** START OF TIME 5 COMPLETE *****
09/04 15:31:00 INFO sim.Simulation|***** START OF TIME 6 *****
09/04 15:31:01 INFO sim.Simulation|***** START OF TIME 6 COMPLETE *****
09/04 15:31:10 INFO sim.Simulation|***** START OF TIME 7 *****
09/04 15:31:11 INFO sim.Simulation|***** START OF TIME 7 COMPLETE *****
09/04 15:31:20 INFO sim.Simulation|***** START OF TIME 8 *****
09/04 15:31:20 INFO sim.Simulation|***** START OF TIME 8 COMPLETE *****
09/04 15:31:30 INFO sim.Simulation|***** START OF TIME 9 *****
09/04 15:31:31 INFO sim.Simulation|***** START OF TIME 9 COMPLETE *****
09/04 15:31:40 INFO sim.Simulation|***** START OF TIME 10 *****
09/04 15:31:40 INFO sim.Simulation|***** START OF TIME 10 COMPLETE *****
09/04 15:31:50 INFO sim.Simulation|***** START OF TIME 11 *****
09/04 15:31:51 INFO sim.Simulation|***** START OF TIME 11 COMPLETE *****
09/04 15:32:00 INFO sim.Simulation|***** START OF TIME 12 *****
09/04 15:32:01 INFO sim.Simulation|***** START OF TIME 12 COMPLETE *****
09/04 15:32:10 INFO sim.Simulation|***** START OF TIME 13 *****
09/04 15:32:11 INFO sim.Simulation|***** START OF TIME 13 COMPLETE *****
09/04 15:32:20 INFO sim.Simulation|***** START OF TIME 14 *****
09/04 15:32:21 INFO sim.Simulation|***** START OF TIME 14 COMPLETE *****
