08/04 21:13:00 FINE sim.Admin|Log for simulation 24 started
************************************************************
* Log for simulation 24 started
************************************************************


08/04 21:13:00 FINE sim.ExternalAgent|sample setup with address adv1
08/04 21:13:00 INFO sim.Simulation|***** START OF TIME 0 *****
08/04 21:13:00 INFO sim.Simulation|***** START OF TIME 0 COMPLETE *****
08/04 21:13:10 INFO sim.Simulation|***** START OF TIME 1 *****
08/04 21:13:11 INFO sim.Simulation|***** START OF TIME 1 COMPLETE *****
08/04 21:13:11 SEVERE tact.TACTConnection|sample@tact-1: reading error 
java.net.SocketException: Connection reset
	at java.net.SocketInputStream.read(Unknown Source)
	at java.net.SocketInputStream.read(Unknown Source)
	at java.net.SocketInputStream.read(Unknown Source)
	at java.io.DataInputStream.readInt(Unknown Source)
	at se.sics.isl.tact.TACTConnection$TACTReader.run(TACTConnection.java:405)
08/04 21:13:20 INFO sim.Simulation|***** START OF TIME 2 *****
08/04 21:13:20 INFO sim.Simulation|***** START OF TIME 2 COMPLETE *****
08/04 21:13:30 INFO sim.Simulation|***** START OF TIME 3 *****
08/04 21:13:30 INFO sim.Simulation|***** START OF TIME 3 COMPLETE *****
08/04 21:13:40 INFO sim.Simulation|***** START OF TIME 4 *****
08/04 21:13:40 INFO sim.Simulation|***** START OF TIME 4 COMPLETE *****
08/04 21:13:50 INFO sim.Simulation|***** START OF TIME 5 *****
08/04 21:13:50 INFO sim.Simulation|***** START OF TIME 5 COMPLETE *****
09/04 17:10:00 FINE sim.Admin|Log for simulation 24 started
************************************************************
* Log for simulation 24 started
************************************************************


09/04 17:10:00 FINE sim.ExternalAgent|sample setup with address adv1
09/04 17:10:00 INFO sim.Simulation|***** START OF TIME 0 *****
09/04 17:10:00 INFO sim.Simulation|***** START OF TIME 0 COMPLETE *****
09/04 17:10:07 SEVERE tact.TACTConnection|sample@tact-1: reading error 
java.net.SocketException: Connection reset
	at java.net.SocketInputStream.read(Unknown Source)
	at java.net.SocketInputStream.read(Unknown Source)
	at java.net.SocketInputStream.read(Unknown Source)
	at java.io.DataInputStream.readInt(Unknown Source)
	at se.sics.isl.tact.TACTConnection$TACTReader.run(TACTConnection.java:405)
09/04 17:10:10 INFO sim.Simulation|***** START OF TIME 1 *****
09/04 17:10:10 INFO sim.Simulation|***** START OF TIME 1 COMPLETE *****
09/04 17:10:20 INFO sim.Simulation|***** START OF TIME 2 *****
09/04 17:10:20 INFO sim.Simulation|***** START OF TIME 2 COMPLETE *****
09/04 17:10:30 INFO sim.Simulation|***** START OF TIME 3 *****
09/04 17:10:31 INFO sim.Simulation|***** START OF TIME 3 COMPLETE *****
09/04 17:10:40 INFO sim.Simulation|***** START OF TIME 4 *****
09/04 17:10:40 INFO sim.Simulation|***** START OF TIME 4 COMPLETE *****
09/04 17:10:50 INFO sim.Simulation|***** START OF TIME 5 *****
09/04 17:10:51 INFO sim.Simulation|***** START OF TIME 5 COMPLETE *****
09/04 17:11:00 INFO sim.Simulation|***** START OF TIME 6 *****
09/04 17:11:01 INFO sim.Simulation|***** START OF TIME 6 COMPLETE *****
09/04 17:11:10 INFO sim.Simulation|***** START OF TIME 7 *****
09/04 17:11:11 INFO sim.Simulation|***** START OF TIME 7 COMPLETE *****
09/04 17:11:20 INFO sim.Simulation|***** START OF TIME 8 *****
09/04 17:11:20 INFO sim.Simulation|***** START OF TIME 8 COMPLETE *****
09/04 17:11:30 INFO sim.Simulation|***** START OF TIME 9 *****
09/04 17:11:31 INFO sim.Simulation|***** START OF TIME 9 COMPLETE *****
09/04 17:11:40 INFO sim.Simulation|***** START OF TIME 10 *****
09/04 17:11:40 INFO sim.Simulation|***** START OF TIME 10 COMPLETE *****
09/04 17:11:50 INFO sim.Simulation|***** START OF TIME 11 *****
09/04 17:11:50 INFO sim.Simulation|***** START OF TIME 11 COMPLETE *****
09/04 17:12:00 INFO sim.Simulation|***** START OF TIME 12 *****
09/04 17:12:00 INFO sim.Simulation|***** START OF TIME 12 COMPLETE *****
09/04 17:12:10 INFO sim.Simulation|***** START OF TIME 13 *****
09/04 17:12:10 INFO sim.Simulation|***** START OF TIME 13 COMPLETE *****
09/04 17:12:20 INFO sim.Simulation|***** START OF TIME 14 *****
09/04 17:12:20 INFO sim.Simulation|***** START OF TIME 14 COMPLETE *****
09/04 17:12:30 INFO sim.Simulation|***** START OF TIME 15 *****
09/04 17:12:30 INFO sim.Simulation|***** START OF TIME 15 COMPLETE *****
09/04 17:12:40 INFO sim.Simulation|***** START OF TIME 16 *****
09/04 17:12:40 INFO sim.Simulation|***** START OF TIME 16 COMPLETE *****
09/04 17:12:50 INFO sim.Simulation|***** START OF TIME 17 *****
09/04 17:12:51 INFO sim.Simulation|***** START OF TIME 17 COMPLETE *****
09/04 17:13:00 INFO sim.Simulation|***** START OF TIME 18 *****
09/04 17:13:00 INFO sim.Simulation|***** START OF TIME 18 COMPLETE *****
09/04 17:13:10 INFO sim.Simulation|***** START OF TIME 19 *****
09/04 17:13:11 INFO sim.Simulation|***** START OF TIME 19 COMPLETE *****
09/04 17:13:20 INFO sim.Simulation|***** START OF TIME 20 *****
09/04 17:13:20 INFO sim.Simulation|***** START OF TIME 20 COMPLETE *****
09/04 17:13:30 INFO sim.Simulation|***** START OF TIME 21 *****
09/04 17:13:30 INFO sim.Simulation|***** START OF TIME 21 COMPLETE *****
09/04 17:13:40 INFO sim.Simulation|***** START OF TIME 22 *****
09/04 17:13:41 INFO sim.Simulation|***** START OF TIME 22 COMPLETE *****
09/04 17:13:50 INFO sim.Simulation|***** START OF TIME 23 *****
09/04 17:13:50 INFO sim.Simulation|***** START OF TIME 23 COMPLETE *****
09/04 17:14:00 INFO sim.Simulation|***** START OF TIME 24 *****
09/04 17:14:00 INFO sim.Simulation|***** START OF TIME 24 COMPLETE *****
09/04 17:14:10 INFO sim.Simulation|***** START OF TIME 25 *****
09/04 17:14:11 INFO sim.Simulation|***** START OF TIME 25 COMPLETE *****
09/04 17:14:20 INFO sim.Simulation|***** START OF TIME 26 *****
09/04 17:14:20 INFO sim.Simulation|***** START OF TIME 26 COMPLETE *****
09/04 17:14:30 INFO sim.Simulation|***** START OF TIME 27 *****
09/04 17:14:31 INFO sim.Simulation|***** START OF TIME 27 COMPLETE *****
09/04 17:14:40 INFO sim.Simulation|***** START OF TIME 28 *****
