08/04 20:26:00 FINE sim.Admin|Log for simulation 21 started
************************************************************
* Log for simulation 21 started
************************************************************


08/04 20:26:00 FINE sim.ExternalAgent|sample setup with address adv1
08/04 20:26:00 INFO sim.Simulation|***** START OF TIME 0 *****
08/04 20:26:00 INFO sim.Simulation|***** START OF TIME 0 COMPLETE *****
08/04 20:26:10 INFO sim.Simulation|***** START OF TIME 1 *****
08/04 20:26:12 INFO sim.Simulation|***** START OF TIME 1 COMPLETE *****
08/04 20:26:20 INFO sim.Simulation|***** START OF TIME 2 *****
08/04 20:26:21 INFO sim.Simulation|***** START OF TIME 2 COMPLETE *****
08/04 20:26:30 INFO sim.Simulation|***** START OF TIME 3 *****
08/04 20:26:32 INFO sim.Simulation|***** START OF TIME 3 COMPLETE *****
08/04 20:26:40 INFO sim.Simulation|***** START OF TIME 4 *****
08/04 20:26:42 INFO sim.Simulation|***** START OF TIME 4 COMPLETE *****
08/04 20:26:50 INFO sim.Simulation|***** START OF TIME 5 *****
08/04 20:26:53 INFO sim.Simulation|***** START OF TIME 5 COMPLETE *****
08/04 20:27:00 INFO sim.Simulation|***** START OF TIME 6 *****
08/04 20:27:02 INFO sim.Simulation|***** START OF TIME 6 COMPLETE *****
08/04 20:27:10 INFO sim.Simulation|***** START OF TIME 7 *****
08/04 20:27:12 INFO sim.Simulation|***** START OF TIME 7 COMPLETE *****
08/04 20:27:20 INFO sim.Simulation|***** START OF TIME 8 *****
08/04 20:27:22 INFO sim.Simulation|***** START OF TIME 8 COMPLETE *****
08/04 20:27:30 INFO sim.Simulation|***** START OF TIME 9 *****
08/04 20:27:32 INFO sim.Simulation|***** START OF TIME 9 COMPLETE *****
08/04 20:27:40 INFO sim.Simulation|***** START OF TIME 10 *****
08/04 20:27:41 INFO sim.Simulation|***** START OF TIME 10 COMPLETE *****
08/04 20:27:50 INFO sim.Simulation|***** START OF TIME 11 *****
08/04 20:27:53 INFO sim.Simulation|***** START OF TIME 11 COMPLETE *****
08/04 20:28:00 INFO sim.Simulation|***** START OF TIME 12 *****
08/04 20:28:01 INFO sim.Simulation|***** START OF TIME 12 COMPLETE *****
08/04 20:28:10 INFO sim.Simulation|***** START OF TIME 13 *****
08/04 20:28:13 INFO sim.Simulation|***** START OF TIME 13 COMPLETE *****
08/04 20:28:20 INFO sim.Simulation|***** START OF TIME 14 *****
08/04 20:28:22 INFO sim.Simulation|***** START OF TIME 14 COMPLETE *****
08/04 20:28:30 INFO sim.Simulation|***** START OF TIME 15 *****
08/04 20:28:32 INFO sim.Simulation|***** START OF TIME 15 COMPLETE *****
08/04 20:28:40 INFO sim.Simulation|***** START OF TIME 16 *****
08/04 20:28:43 INFO sim.Simulation|***** START OF TIME 16 COMPLETE *****
08/04 20:28:50 INFO sim.Simulation|***** START OF TIME 17 *****
08/04 20:28:51 INFO sim.Simulation|***** START OF TIME 17 COMPLETE *****
08/04 20:29:00 INFO sim.Simulation|***** START OF TIME 18 *****
08/04 20:29:01 INFO sim.Simulation|***** START OF TIME 18 COMPLETE *****
08/04 20:29:10 INFO sim.Simulation|***** START OF TIME 19 *****
08/04 20:29:12 INFO sim.Simulation|***** START OF TIME 19 COMPLETE *****
08/04 20:29:20 INFO sim.Simulation|***** START OF TIME 20 *****
08/04 20:29:24 INFO sim.Simulation|***** START OF TIME 20 COMPLETE *****
08/04 20:29:30 INFO sim.Simulation|***** START OF TIME 21 *****
08/04 20:29:35 INFO sim.Simulation|***** START OF TIME 21 COMPLETE *****
08/04 20:29:40 INFO sim.Simulation|***** START OF TIME 22 *****
08/04 20:29:41 INFO sim.Simulation|***** START OF TIME 22 COMPLETE *****
08/04 20:29:50 INFO sim.Simulation|***** START OF TIME 23 *****
08/04 20:29:55 INFO sim.Simulation|***** START OF TIME 23 COMPLETE *****
08/04 20:30:00 INFO sim.Simulation|***** START OF TIME 24 *****
08/04 20:30:01 INFO sim.Simulation|***** START OF TIME 24 COMPLETE *****
08/04 20:30:10 INFO sim.Simulation|***** START OF TIME 25 *****
08/04 20:30:12 INFO sim.Simulation|***** START OF TIME 25 COMPLETE *****
08/04 20:30:20 INFO sim.Simulation|***** START OF TIME 26 *****
08/04 20:30:22 INFO sim.Simulation|***** START OF TIME 26 COMPLETE *****
08/04 20:30:30 INFO sim.Simulation|***** START OF TIME 27 *****
08/04 20:30:36 INFO sim.Simulation|***** START OF TIME 27 COMPLETE *****
08/04 20:30:40 INFO sim.Simulation|***** START OF TIME 28 *****
08/04 20:30:42 INFO sim.Simulation|***** START OF TIME 28 COMPLETE *****
08/04 20:30:50 INFO sim.Simulation|***** START OF TIME 29 *****
08/04 20:30:52 INFO sim.Simulation|***** START OF TIME 29 COMPLETE *****
08/04 20:31:00 INFO sim.Simulation|***** START OF TIME 30 *****
08/04 20:31:02 INFO sim.Simulation|***** START OF TIME 30 COMPLETE *****
08/04 20:31:10 INFO sim.Simulation|***** START OF TIME 31 *****
08/04 20:31:13 INFO sim.Simulation|***** START OF TIME 31 COMPLETE *****
08/04 20:31:20 INFO sim.Simulation|***** START OF TIME 32 *****
08/04 20:31:22 INFO sim.Simulation|***** START OF TIME 32 COMPLETE *****
08/04 20:31:30 INFO sim.Simulation|***** START OF TIME 33 *****
08/04 20:31:35 INFO sim.Simulation|***** START OF TIME 33 COMPLETE *****
08/04 20:31:40 INFO sim.Simulation|***** START OF TIME 34 *****
08/04 20:31:42 INFO sim.Simulation|***** START OF TIME 34 COMPLETE *****
08/04 20:31:50 INFO sim.Simulation|***** START OF TIME 35 *****
08/04 20:31:55 INFO sim.Simulation|***** START OF TIME 35 COMPLETE *****
08/04 20:32:00 INFO sim.Simulation|***** START OF TIME 36 *****
08/04 20:32:03 INFO sim.Simulation|***** START OF TIME 36 COMPLETE *****
08/04 20:32:10 INFO sim.Simulation|***** START OF TIME 37 *****
08/04 20:32:11 INFO sim.Simulation|***** START OF TIME 37 COMPLETE *****
08/04 20:32:20 INFO sim.Simulation|***** START OF TIME 38 *****
08/04 20:32:22 INFO sim.Simulation|***** START OF TIME 38 COMPLETE *****
08/04 20:32:30 INFO sim.Simulation|***** START OF TIME 39 *****
08/04 20:32:33 INFO sim.Simulation|***** START OF TIME 39 COMPLETE *****
08/04 20:32:40 INFO sim.Simulation|***** START OF TIME 40 *****
08/04 20:32:44 INFO sim.Simulation|***** START OF TIME 40 COMPLETE *****
08/04 20:32:50 INFO sim.Simulation|***** START OF TIME 41 *****
08/04 20:32:55 INFO sim.Simulation|***** START OF TIME 41 COMPLETE *****
08/04 20:33:00 INFO sim.Simulation|***** START OF TIME 42 *****
08/04 20:33:01 INFO sim.Simulation|***** START OF TIME 42 COMPLETE *****
08/04 20:33:10 INFO sim.Simulation|***** START OF TIME 43 *****
08/04 20:33:12 INFO sim.Simulation|***** START OF TIME 43 COMPLETE *****
08/04 20:33:20 INFO sim.Simulation|***** START OF TIME 44 *****
08/04 20:33:23 INFO sim.Simulation|***** START OF TIME 44 COMPLETE *****
08/04 20:33:30 INFO sim.Simulation|***** START OF TIME 45 *****
08/04 20:33:32 INFO sim.Simulation|***** START OF TIME 45 COMPLETE *****
08/04 20:33:40 INFO sim.Simulation|***** START OF TIME 46 *****
08/04 20:33:43 INFO sim.Simulation|***** START OF TIME 46 COMPLETE *****
08/04 20:33:50 INFO sim.Simulation|***** START OF TIME 47 *****
08/04 20:33:52 INFO sim.Simulation|***** START OF TIME 47 COMPLETE *****
08/04 20:34:00 INFO sim.Simulation|***** START OF TIME 48 *****
08/04 20:34:01 INFO sim.Simulation|***** START OF TIME 48 COMPLETE *****
08/04 20:34:10 INFO sim.Simulation|***** START OF TIME 49 *****
08/04 20:34:17 INFO sim.Simulation|***** START OF TIME 49 COMPLETE *****
08/04 20:34:20 INFO sim.Simulation|***** START OF TIME 50 *****
08/04 20:34:22 INFO sim.Simulation|***** START OF TIME 50 COMPLETE *****
08/04 20:34:30 INFO sim.Simulation|***** START OF TIME 51 *****
08/04 20:34:34 INFO sim.Simulation|***** START OF TIME 51 COMPLETE *****
08/04 20:34:40 INFO sim.Simulation|***** START OF TIME 52 *****
08/04 20:34:42 INFO sim.Simulation|***** START OF TIME 52 COMPLETE *****
08/04 20:34:50 INFO sim.Simulation|***** START OF TIME 53 *****
08/04 20:34:52 INFO sim.Simulation|***** START OF TIME 53 COMPLETE *****
08/04 20:35:00 INFO sim.Simulation|***** START OF TIME 54 *****
08/04 20:35:02 INFO sim.Simulation|***** START OF TIME 54 COMPLETE *****
08/04 20:35:10 INFO sim.Simulation|***** START OF TIME 55 *****
08/04 20:35:13 INFO sim.Simulation|***** START OF TIME 55 COMPLETE *****
08/04 20:35:20 INFO sim.Simulation|***** START OF TIME 56 *****
08/04 20:35:23 INFO sim.Simulation|***** START OF TIME 56 COMPLETE *****
08/04 20:35:30 INFO sim.Simulation|***** START OF TIME 57 *****
08/04 20:35:32 INFO sim.Simulation|***** START OF TIME 57 COMPLETE *****
08/04 20:35:40 INFO sim.Simulation|***** START OF TIME 58 *****
08/04 20:35:42 INFO sim.Simulation|***** START OF TIME 58 COMPLETE *****
08/04 20:35:50 INFO sim.Simulation|***** START OF TIME 59 *****
08/04 20:35:51 INFO sim.Simulation|***** START OF TIME 59 COMPLETE *****
08/04 20:36:00 INFO sim.Simulation|***** START OF TIME 60 *****
08/04 20:36:00 FINE sim.Simulation|Simulation 21 is requested to stop
08/04 20:36:00 INFO sim.Simulation|***** START OF TIME 60 COMPLETE *****
08/04 20:36:00 FINE sim.Simulation|Simulation 21 is preparing to stop
08/04 20:36:00 FINE sim.Simulation|Simulation 21 is being stopped
08/04 20:36:00 INFO sim.Admin|created simulation 22
08/04 20:36:00 FINE sim.Admin|Simulation log complete
************************************************************
* Simulation log complete
************************************************************


09/04 16:58:00 FINE sim.Admin|Log for simulation 21 started
************************************************************
* Log for simulation 21 started
************************************************************


09/04 16:58:00 FINE sim.ExternalAgent|sample setup with address adv1
09/04 16:58:00 INFO sim.Simulation|***** START OF TIME 0 *****
09/04 16:58:00 INFO sim.Simulation|***** START OF TIME 0 COMPLETE *****
09/04 16:58:06 SEVERE tact.TACTConnection|sample@tact-1: reading error 
java.net.SocketException: Connection reset
	at java.net.SocketInputStream.read(Unknown Source)
	at java.net.SocketInputStream.read(Unknown Source)
	at java.net.SocketInputStream.read(Unknown Source)
	at java.io.DataInputStream.readInt(Unknown Source)
	at se.sics.isl.tact.TACTConnection$TACTReader.run(TACTConnection.java:405)
09/04 16:58:10 INFO sim.Simulation|***** START OF TIME 1 *****
09/04 16:58:10 INFO sim.Simulation|***** START OF TIME 1 COMPLETE *****
09/04 16:58:20 INFO sim.Simulation|***** START OF TIME 2 *****
09/04 16:58:20 INFO sim.Simulation|***** START OF TIME 2 COMPLETE *****
09/04 16:58:30 INFO sim.Simulation|***** START OF TIME 3 *****
09/04 16:58:30 INFO sim.Simulation|***** START OF TIME 3 COMPLETE *****
09/04 16:58:40 INFO sim.Simulation|***** START OF TIME 4 *****
09/04 16:58:40 INFO sim.Simulation|***** START OF TIME 4 COMPLETE *****
09/04 16:58:50 INFO sim.Simulation|***** START OF TIME 5 *****
09/04 16:58:50 INFO sim.Simulation|***** START OF TIME 5 COMPLETE *****
09/04 16:59:00 INFO sim.Simulation|***** START OF TIME 6 *****
09/04 16:59:00 INFO sim.Simulation|***** START OF TIME 6 COMPLETE *****
09/04 16:59:10 INFO sim.Simulation|***** START OF TIME 7 *****
09/04 16:59:10 INFO sim.Simulation|***** START OF TIME 7 COMPLETE *****
09/04 16:59:20 INFO sim.Simulation|***** START OF TIME 8 *****
09/04 16:59:20 INFO sim.Simulation|***** START OF TIME 8 COMPLETE *****
09/04 16:59:30 INFO sim.Simulation|***** START OF TIME 9 *****
09/04 16:59:30 INFO sim.Simulation|***** START OF TIME 9 COMPLETE *****
09/04 16:59:40 INFO sim.Simulation|***** START OF TIME 10 *****
09/04 16:59:40 INFO sim.Simulation|***** START OF TIME 10 COMPLETE *****
09/04 16:59:50 INFO sim.Simulation|***** START OF TIME 11 *****
09/04 16:59:50 INFO sim.Simulation|***** START OF TIME 11 COMPLETE *****
09/04 17:00:00 INFO sim.Simulation|***** START OF TIME 12 *****
09/04 17:00:00 INFO sim.Simulation|***** START OF TIME 12 COMPLETE *****
09/04 17:00:10 INFO sim.Simulation|***** START OF TIME 13 *****
09/04 17:00:10 INFO sim.Simulation|***** START OF TIME 13 COMPLETE *****
09/04 17:00:20 INFO sim.Simulation|***** START OF TIME 14 *****
09/04 17:00:20 INFO sim.Simulation|***** START OF TIME 14 COMPLETE *****
09/04 17:00:30 INFO sim.Simulation|***** START OF TIME 15 *****
09/04 17:00:30 INFO sim.Simulation|***** START OF TIME 15 COMPLETE *****
09/04 17:00:40 INFO sim.Simulation|***** START OF TIME 16 *****
09/04 17:00:40 INFO sim.Simulation|***** START OF TIME 16 COMPLETE *****
09/04 17:00:50 INFO sim.Simulation|***** START OF TIME 17 *****
09/04 17:00:50 INFO sim.Simulation|***** START OF TIME 17 COMPLETE *****
09/04 17:01:00 INFO sim.Simulation|***** START OF TIME 18 *****
09/04 17:01:00 INFO sim.Simulation|***** START OF TIME 18 COMPLETE *****
09/04 17:01:10 INFO sim.Simulation|***** START OF TIME 19 *****
09/04 17:01:11 INFO sim.Simulation|***** START OF TIME 19 COMPLETE *****
09/04 17:01:20 INFO sim.Simulation|***** START OF TIME 20 *****
09/04 17:01:20 INFO sim.Simulation|***** START OF TIME 20 COMPLETE *****
09/04 17:01:30 INFO sim.Simulation|***** START OF TIME 21 *****
09/04 17:01:30 INFO sim.Simulation|***** START OF TIME 21 COMPLETE *****
09/04 17:01:40 INFO sim.Simulation|***** START OF TIME 22 *****
09/04 17:01:40 INFO sim.Simulation|***** START OF TIME 22 COMPLETE *****
09/04 17:01:50 INFO sim.Simulation|***** START OF TIME 23 *****
09/04 17:01:50 INFO sim.Simulation|***** START OF TIME 23 COMPLETE *****
09/04 17:02:00 INFO sim.Simulation|***** START OF TIME 24 *****
09/04 17:02:00 INFO sim.Simulation|***** START OF TIME 24 COMPLETE *****
09/04 17:02:10 INFO sim.Simulation|***** START OF TIME 25 *****
09/04 17:02:10 INFO sim.Simulation|***** START OF TIME 25 COMPLETE *****
09/04 17:02:20 INFO sim.Simulation|***** START OF TIME 26 *****
09/04 17:02:20 INFO sim.Simulation|***** START OF TIME 26 COMPLETE *****
09/04 17:02:30 INFO sim.Simulation|***** START OF TIME 27 *****
09/04 17:02:30 INFO sim.Simulation|***** START OF TIME 27 COMPLETE *****
09/04 17:02:40 INFO sim.Simulation|***** START OF TIME 28 *****
09/04 17:02:40 INFO sim.Simulation|***** START OF TIME 28 COMPLETE *****
09/04 17:02:50 INFO sim.Simulation|***** START OF TIME 29 *****
09/04 17:02:51 INFO sim.Simulation|***** START OF TIME 29 COMPLETE *****
09/04 17:03:00 INFO sim.Simulation|***** START OF TIME 30 *****
09/04 17:03:00 INFO sim.Simulation|***** START OF TIME 30 COMPLETE *****
09/04 17:03:10 INFO sim.Simulation|***** START OF TIME 31 *****
09/04 17:03:10 INFO sim.Simulation|***** START OF TIME 31 COMPLETE *****
09/04 17:03:20 INFO sim.Simulation|***** START OF TIME 32 *****
09/04 17:03:20 INFO sim.Simulation|***** START OF TIME 32 COMPLETE *****
09/04 17:03:30 INFO sim.Simulation|***** START OF TIME 33 *****
09/04 17:03:30 INFO sim.Simulation|***** START OF TIME 33 COMPLETE *****
09/04 17:03:40 INFO sim.Simulation|***** START OF TIME 34 *****
09/04 17:03:40 INFO sim.Simulation|***** START OF TIME 34 COMPLETE *****
09/04 17:03:50 INFO sim.Simulation|***** START OF TIME 35 *****
09/04 17:03:50 INFO sim.Simulation|***** START OF TIME 35 COMPLETE *****
09/04 17:04:00 INFO sim.Simulation|***** START OF TIME 36 *****
09/04 17:04:00 INFO sim.Simulation|***** START OF TIME 36 COMPLETE *****
09/04 17:04:10 INFO sim.Simulation|***** START OF TIME 37 *****
09/04 17:04:10 INFO sim.Simulation|***** START OF TIME 37 COMPLETE *****
09/04 17:04:20 INFO sim.Simulation|***** START OF TIME 38 *****
09/04 17:04:20 INFO sim.Simulation|***** START OF TIME 38 COMPLETE *****
09/04 17:04:30 INFO sim.Simulation|***** START OF TIME 39 *****
09/04 17:04:30 INFO sim.Simulation|***** START OF TIME 39 COMPLETE *****
09/04 17:04:40 INFO sim.Simulation|***** START OF TIME 40 *****
09/04 17:04:40 INFO sim.Simulation|***** START OF TIME 40 COMPLETE *****
09/04 17:04:50 INFO sim.Simulation|***** START OF TIME 41 *****
09/04 17:04:50 INFO sim.Simulation|***** START OF TIME 41 COMPLETE *****
09/04 17:05:00 INFO sim.Simulation|***** START OF TIME 42 *****
09/04 17:05:00 INFO sim.Simulation|***** START OF TIME 42 COMPLETE *****
