08/04 19:42:00 FINE sim.Admin|Log for simulation 17 started
************************************************************
* Log for simulation 17 started
************************************************************


08/04 19:42:00 FINE sim.ExternalAgent|sample setup with address adv1
08/04 19:42:00 INFO sim.Simulation|***** START OF TIME 0 *****
08/04 19:42:00 INFO sim.Simulation|***** START OF TIME 0 COMPLETE *****
08/04 19:42:10 INFO sim.Simulation|***** START OF TIME 1 *****
08/04 19:42:11 INFO sim.Simulation|***** START OF TIME 1 COMPLETE *****
08/04 19:42:20 INFO sim.Simulation|***** START OF TIME 2 *****
08/04 19:42:21 INFO sim.Simulation|***** START OF TIME 2 COMPLETE *****
08/04 19:42:30 INFO sim.Simulation|***** START OF TIME 3 *****
08/04 19:42:31 INFO sim.Simulation|***** START OF TIME 3 COMPLETE *****
08/04 19:42:40 INFO sim.Simulation|***** START OF TIME 4 *****
08/04 19:42:41 INFO sim.Simulation|***** START OF TIME 4 COMPLETE *****
08/04 19:42:50 INFO sim.Simulation|***** START OF TIME 5 *****
08/04 19:42:51 INFO sim.Simulation|***** START OF TIME 5 COMPLETE *****
08/04 19:43:00 INFO sim.Simulation|***** START OF TIME 6 *****
08/04 19:43:01 INFO sim.Simulation|***** START OF TIME 6 COMPLETE *****
08/04 19:43:10 INFO sim.Simulation|***** START OF TIME 7 *****
08/04 19:43:11 INFO sim.Simulation|***** START OF TIME 7 COMPLETE *****
08/04 19:43:20 INFO sim.Simulation|***** START OF TIME 8 *****
08/04 19:43:21 INFO sim.Simulation|***** START OF TIME 8 COMPLETE *****
08/04 19:43:30 INFO sim.Simulation|***** START OF TIME 9 *****
08/04 19:43:32 INFO sim.Simulation|***** START OF TIME 9 COMPLETE *****
08/04 19:43:40 INFO sim.Simulation|***** START OF TIME 10 *****
08/04 19:43:40 INFO sim.Simulation|***** START OF TIME 10 COMPLETE *****
08/04 19:43:50 INFO sim.Simulation|***** START OF TIME 11 *****
08/04 19:43:51 INFO sim.Simulation|***** START OF TIME 11 COMPLETE *****
08/04 19:44:00 INFO sim.Simulation|***** START OF TIME 12 *****
08/04 19:44:00 INFO sim.Simulation|***** START OF TIME 12 COMPLETE *****
08/04 19:44:10 INFO sim.Simulation|***** START OF TIME 13 *****
08/04 19:44:11 INFO sim.Simulation|***** START OF TIME 13 COMPLETE *****
08/04 19:44:20 INFO sim.Simulation|***** START OF TIME 14 *****
08/04 19:44:20 INFO sim.Simulation|***** START OF TIME 14 COMPLETE *****
08/04 19:44:30 INFO sim.Simulation|***** START OF TIME 15 *****
08/04 19:44:31 INFO sim.Simulation|***** START OF TIME 15 COMPLETE *****
08/04 19:44:40 INFO sim.Simulation|***** START OF TIME 16 *****
08/04 19:44:40 INFO sim.Simulation|***** START OF TIME 16 COMPLETE *****
08/04 19:44:50 INFO sim.Simulation|***** START OF TIME 17 *****
08/04 19:44:51 INFO sim.Simulation|***** START OF TIME 17 COMPLETE *****
08/04 19:45:00 INFO sim.Simulation|***** START OF TIME 18 *****
08/04 19:45:01 INFO sim.Simulation|***** START OF TIME 18 COMPLETE *****
08/04 19:45:10 INFO sim.Simulation|***** START OF TIME 19 *****
08/04 19:45:12 INFO sim.Simulation|***** START OF TIME 19 COMPLETE *****
08/04 19:45:20 INFO sim.Simulation|***** START OF TIME 20 *****
08/04 19:45:21 INFO sim.Simulation|***** START OF TIME 20 COMPLETE *****
08/04 19:45:30 INFO sim.Simulation|***** START OF TIME 21 *****
08/04 19:45:32 INFO sim.Simulation|***** START OF TIME 21 COMPLETE *****
08/04 19:45:40 INFO sim.Simulation|***** START OF TIME 22 *****
08/04 19:45:41 INFO sim.Simulation|***** START OF TIME 22 COMPLETE *****
08/04 19:45:50 INFO sim.Simulation|***** START OF TIME 23 *****
08/04 19:45:51 INFO sim.Simulation|***** START OF TIME 23 COMPLETE *****
08/04 19:46:00 INFO sim.Simulation|***** START OF TIME 24 *****
08/04 19:46:01 INFO sim.Simulation|***** START OF TIME 24 COMPLETE *****
08/04 19:46:10 INFO sim.Simulation|***** START OF TIME 25 *****
08/04 19:46:11 INFO sim.Simulation|***** START OF TIME 25 COMPLETE *****
08/04 19:46:20 INFO sim.Simulation|***** START OF TIME 26 *****
08/04 19:46:21 INFO sim.Simulation|***** START OF TIME 26 COMPLETE *****
08/04 19:46:30 INFO sim.Simulation|***** START OF TIME 27 *****
08/04 19:46:31 INFO sim.Simulation|***** START OF TIME 27 COMPLETE *****
08/04 19:46:40 INFO sim.Simulation|***** START OF TIME 28 *****
08/04 19:46:41 INFO sim.Simulation|***** START OF TIME 28 COMPLETE *****
08/04 19:46:50 INFO sim.Simulation|***** START OF TIME 29 *****
08/04 19:46:52 INFO sim.Simulation|***** START OF TIME 29 COMPLETE *****
08/04 19:47:00 INFO sim.Simulation|***** START OF TIME 30 *****
08/04 19:47:01 INFO sim.Simulation|***** START OF TIME 30 COMPLETE *****
08/04 19:47:10 INFO sim.Simulation|***** START OF TIME 31 *****
08/04 19:47:12 INFO sim.Simulation|***** START OF TIME 31 COMPLETE *****
08/04 19:47:20 INFO sim.Simulation|***** START OF TIME 32 *****
08/04 19:47:21 INFO sim.Simulation|***** START OF TIME 32 COMPLETE *****
08/04 19:47:30 INFO sim.Simulation|***** START OF TIME 33 *****
08/04 19:47:32 INFO sim.Simulation|***** START OF TIME 33 COMPLETE *****
08/04 19:47:40 INFO sim.Simulation|***** START OF TIME 34 *****
08/04 19:47:41 INFO sim.Simulation|***** START OF TIME 34 COMPLETE *****
08/04 19:47:50 INFO sim.Simulation|***** START OF TIME 35 *****
08/04 19:47:51 INFO sim.Simulation|***** START OF TIME 35 COMPLETE *****
08/04 19:48:00 INFO sim.Simulation|***** START OF TIME 36 *****
08/04 19:48:00 INFO sim.Simulation|***** START OF TIME 36 COMPLETE *****
08/04 19:48:10 INFO sim.Simulation|***** START OF TIME 37 *****
08/04 19:48:11 INFO sim.Simulation|***** START OF TIME 37 COMPLETE *****
08/04 19:48:20 INFO sim.Simulation|***** START OF TIME 38 *****
08/04 19:48:21 INFO sim.Simulation|***** START OF TIME 38 COMPLETE *****
08/04 19:48:30 INFO sim.Simulation|***** START OF TIME 39 *****
08/04 19:48:33 INFO sim.Simulation|***** START OF TIME 39 COMPLETE *****
08/04 19:48:40 INFO sim.Simulation|***** START OF TIME 40 *****
08/04 19:48:41 INFO sim.Simulation|***** START OF TIME 40 COMPLETE *****
08/04 19:48:50 INFO sim.Simulation|***** START OF TIME 41 *****
08/04 19:48:52 INFO sim.Simulation|***** START OF TIME 41 COMPLETE *****
08/04 19:49:00 INFO sim.Simulation|***** START OF TIME 42 *****
08/04 19:49:00 INFO sim.Simulation|***** START OF TIME 42 COMPLETE *****
08/04 19:49:10 INFO sim.Simulation|***** START OF TIME 43 *****
08/04 19:49:11 INFO sim.Simulation|***** START OF TIME 43 COMPLETE *****
08/04 19:49:20 INFO sim.Simulation|***** START OF TIME 44 *****
08/04 19:49:21 INFO sim.Simulation|***** START OF TIME 44 COMPLETE *****
08/04 19:49:30 INFO sim.Simulation|***** START OF TIME 45 *****
08/04 19:49:32 INFO sim.Simulation|***** START OF TIME 45 COMPLETE *****
08/04 19:49:40 INFO sim.Simulation|***** START OF TIME 46 *****
08/04 19:49:41 INFO sim.Simulation|***** START OF TIME 46 COMPLETE *****
08/04 19:49:50 INFO sim.Simulation|***** START OF TIME 47 *****
08/04 19:49:51 INFO sim.Simulation|***** START OF TIME 47 COMPLETE *****
08/04 19:50:00 INFO sim.Simulation|***** START OF TIME 48 *****
08/04 19:50:00 INFO sim.Simulation|***** START OF TIME 48 COMPLETE *****
08/04 19:50:10 INFO sim.Simulation|***** START OF TIME 49 *****
08/04 19:50:12 INFO sim.Simulation|***** START OF TIME 49 COMPLETE *****
08/04 19:50:20 INFO sim.Simulation|***** START OF TIME 50 *****
08/04 19:50:21 INFO sim.Simulation|***** START OF TIME 50 COMPLETE *****
08/04 19:50:30 INFO sim.Simulation|***** START OF TIME 51 *****
08/04 19:50:31 INFO sim.Simulation|***** START OF TIME 51 COMPLETE *****
08/04 19:50:40 INFO sim.Simulation|***** START OF TIME 52 *****
08/04 19:50:41 INFO sim.Simulation|***** START OF TIME 52 COMPLETE *****
08/04 19:50:50 INFO sim.Simulation|***** START OF TIME 53 *****
08/04 19:50:51 INFO sim.Simulation|***** START OF TIME 53 COMPLETE *****
08/04 19:51:00 INFO sim.Simulation|***** START OF TIME 54 *****
08/04 19:51:01 INFO sim.Simulation|***** START OF TIME 54 COMPLETE *****
08/04 19:51:10 INFO sim.Simulation|***** START OF TIME 55 *****
08/04 19:51:11 INFO sim.Simulation|***** START OF TIME 55 COMPLETE *****
08/04 19:51:20 INFO sim.Simulation|***** START OF TIME 56 *****
08/04 19:51:20 INFO sim.Simulation|***** START OF TIME 56 COMPLETE *****
08/04 19:51:30 INFO sim.Simulation|***** START OF TIME 57 *****
08/04 19:51:32 INFO sim.Simulation|***** START OF TIME 57 COMPLETE *****
08/04 19:51:40 INFO sim.Simulation|***** START OF TIME 58 *****
08/04 19:51:41 INFO sim.Simulation|***** START OF TIME 58 COMPLETE *****
08/04 19:51:50 INFO sim.Simulation|***** START OF TIME 59 *****
08/04 19:51:51 INFO sim.Simulation|***** START OF TIME 59 COMPLETE *****
08/04 19:52:00 INFO sim.Simulation|***** START OF TIME 60 *****
08/04 19:52:00 FINE sim.Simulation|Simulation 17 is requested to stop
08/04 19:52:00 INFO sim.Simulation|***** START OF TIME 60 COMPLETE *****
08/04 19:52:00 FINE sim.Simulation|Simulation 17 is preparing to stop
08/04 19:52:00 FINE sim.Simulation|Simulation 17 is being stopped
08/04 19:52:00 INFO sim.Admin|created simulation 18
08/04 19:52:00 FINE sim.Admin|Simulation log complete
************************************************************
* Simulation log complete
************************************************************


09/04 15:49:00 FINE sim.Admin|Log for simulation 17 started
************************************************************
* Log for simulation 17 started
************************************************************


09/04 15:49:00 FINE sim.ExternalAgent|sample setup with address adv1
09/04 15:49:00 INFO sim.Simulation|***** START OF TIME 0 *****
09/04 15:49:00 INFO sim.Simulation|***** START OF TIME 0 COMPLETE *****
09/04 15:49:10 INFO sim.Simulation|***** START OF TIME 1 *****
09/04 15:49:10 INFO sim.Simulation|***** START OF TIME 1 COMPLETE *****
09/04 15:49:19 SEVERE tact.TACTConnection|sample@tact-1: reading error 
java.net.SocketException: Connection reset
	at java.net.SocketInputStream.read(Unknown Source)
	at java.net.SocketInputStream.read(Unknown Source)
	at java.net.SocketInputStream.read(Unknown Source)
	at java.io.DataInputStream.readInt(Unknown Source)
	at se.sics.isl.tact.TACTConnection$TACTReader.run(TACTConnection.java:405)
09/04 15:49:20 INFO sim.Simulation|***** START OF TIME 2 *****
09/04 15:49:20 INFO sim.Simulation|***** START OF TIME 2 COMPLETE *****
09/04 15:49:30 INFO sim.Simulation|***** START OF TIME 3 *****
09/04 15:49:31 INFO sim.Simulation|***** START OF TIME 3 COMPLETE *****
09/04 15:49:40 INFO sim.Simulation|***** START OF TIME 4 *****
09/04 15:49:40 INFO sim.Simulation|***** START OF TIME 4 COMPLETE *****
09/04 15:49:50 INFO sim.Simulation|***** START OF TIME 5 *****
09/04 15:49:50 INFO sim.Simulation|***** START OF TIME 5 COMPLETE *****
09/04 15:50:00 INFO sim.Simulation|***** START OF TIME 6 *****
09/04 15:50:00 INFO sim.Simulation|***** START OF TIME 6 COMPLETE *****
09/04 15:50:10 INFO sim.Simulation|***** START OF TIME 7 *****
09/04 15:50:11 INFO sim.Simulation|***** START OF TIME 7 COMPLETE *****
09/04 15:50:20 INFO sim.Simulation|***** START OF TIME 8 *****
09/04 15:50:20 INFO sim.Simulation|***** START OF TIME 8 COMPLETE *****
09/04 15:50:30 INFO sim.Simulation|***** START OF TIME 9 *****
09/04 15:50:30 INFO sim.Simulation|***** START OF TIME 9 COMPLETE *****
09/04 15:50:40 INFO sim.Simulation|***** START OF TIME 10 *****
09/04 15:50:40 INFO sim.Simulation|***** START OF TIME 10 COMPLETE *****
09/04 15:50:50 INFO sim.Simulation|***** START OF TIME 11 *****
09/04 15:50:50 INFO sim.Simulation|***** START OF TIME 11 COMPLETE *****
09/04 15:51:00 INFO sim.Simulation|***** START OF TIME 12 *****
09/04 15:51:00 INFO sim.Simulation|***** START OF TIME 12 COMPLETE *****
09/04 15:51:10 INFO sim.Simulation|***** START OF TIME 13 *****
09/04 15:51:10 INFO sim.Simulation|***** START OF TIME 13 COMPLETE *****
09/04 15:51:20 INFO sim.Simulation|***** START OF TIME 14 *****
09/04 15:51:20 INFO sim.Simulation|***** START OF TIME 14 COMPLETE *****
09/04 15:51:30 INFO sim.Simulation|***** START OF TIME 15 *****
09/04 15:51:30 INFO sim.Simulation|***** START OF TIME 15 COMPLETE *****
09/04 15:51:40 INFO sim.Simulation|***** START OF TIME 16 *****
09/04 15:51:40 INFO sim.Simulation|***** START OF TIME 16 COMPLETE *****
09/04 15:51:50 INFO sim.Simulation|***** START OF TIME 17 *****
09/04 15:51:50 INFO sim.Simulation|***** START OF TIME 17 COMPLETE *****
09/04 15:52:00 INFO sim.Simulation|***** START OF TIME 18 *****
09/04 15:52:00 INFO sim.Simulation|***** START OF TIME 18 COMPLETE *****
09/04 15:52:10 INFO sim.Simulation|***** START OF TIME 19 *****
09/04 15:52:11 INFO sim.Simulation|***** START OF TIME 19 COMPLETE *****
09/04 15:52:20 INFO sim.Simulation|***** START OF TIME 20 *****
09/04 15:52:20 INFO sim.Simulation|***** START OF TIME 20 COMPLETE *****
09/04 15:52:30 INFO sim.Simulation|***** START OF TIME 21 *****
09/04 15:52:30 INFO sim.Simulation|***** START OF TIME 21 COMPLETE *****
09/04 15:52:40 INFO sim.Simulation|***** START OF TIME 22 *****
09/04 15:52:40 INFO sim.Simulation|***** START OF TIME 22 COMPLETE *****
09/04 15:52:50 INFO sim.Simulation|***** START OF TIME 23 *****
09/04 15:52:51 INFO sim.Simulation|***** START OF TIME 23 COMPLETE *****
09/04 15:53:00 INFO sim.Simulation|***** START OF TIME 24 *****
09/04 15:53:01 INFO sim.Simulation|***** START OF TIME 24 COMPLETE *****
09/04 15:53:10 INFO sim.Simulation|***** START OF TIME 25 *****
09/04 15:53:11 INFO sim.Simulation|***** START OF TIME 25 COMPLETE *****
09/04 15:53:20 INFO sim.Simulation|***** START OF TIME 26 *****
09/04 15:53:20 INFO sim.Simulation|***** START OF TIME 26 COMPLETE *****
09/04 15:53:30 INFO sim.Simulation|***** START OF TIME 27 *****
09/04 15:53:30 INFO sim.Simulation|***** START OF TIME 27 COMPLETE *****
09/04 15:53:40 INFO sim.Simulation|***** START OF TIME 28 *****
09/04 15:53:40 INFO sim.Simulation|***** START OF TIME 28 COMPLETE *****
09/04 15:53:50 INFO sim.Simulation|***** START OF TIME 29 *****
09/04 15:53:51 INFO sim.Simulation|***** START OF TIME 29 COMPLETE *****
09/04 15:54:00 INFO sim.Simulation|***** START OF TIME 30 *****
09/04 15:54:00 INFO sim.Simulation|***** START OF TIME 30 COMPLETE *****
09/04 15:54:10 INFO sim.Simulation|***** START OF TIME 31 *****
09/04 15:54:11 INFO sim.Simulation|***** START OF TIME 31 COMPLETE *****
09/04 15:54:20 INFO sim.Simulation|***** START OF TIME 32 *****
09/04 15:54:20 INFO sim.Simulation|***** START OF TIME 32 COMPLETE *****
09/04 15:54:30 INFO sim.Simulation|***** START OF TIME 33 *****
09/04 15:54:30 INFO sim.Simulation|***** START OF TIME 33 COMPLETE *****
09/04 15:54:40 INFO sim.Simulation|***** START OF TIME 34 *****
09/04 15:54:41 INFO sim.Simulation|***** START OF TIME 34 COMPLETE *****
09/04 15:54:50 INFO sim.Simulation|***** START OF TIME 35 *****
09/04 15:54:51 INFO sim.Simulation|***** START OF TIME 35 COMPLETE *****
09/04 15:55:00 INFO sim.Simulation|***** START OF TIME 36 *****
09/04 15:55:00 INFO sim.Simulation|***** START OF TIME 36 COMPLETE *****
09/04 15:55:10 INFO sim.Simulation|***** START OF TIME 37 *****
09/04 15:55:11 INFO sim.Simulation|***** START OF TIME 37 COMPLETE *****
09/04 15:55:20 INFO sim.Simulation|***** START OF TIME 38 *****
09/04 15:55:21 INFO sim.Simulation|***** START OF TIME 38 COMPLETE *****
09/04 15:55:30 INFO sim.Simulation|***** START OF TIME 39 *****
09/04 15:55:30 INFO sim.Simulation|***** START OF TIME 39 COMPLETE *****
09/04 15:55:40 INFO sim.Simulation|***** START OF TIME 40 *****
09/04 15:55:40 INFO sim.Simulation|***** START OF TIME 40 COMPLETE *****
09/04 15:55:50 INFO sim.Simulation|***** START OF TIME 41 *****
09/04 15:55:51 INFO sim.Simulation|***** START OF TIME 41 COMPLETE *****
09/04 15:56:00 INFO sim.Simulation|***** START OF TIME 42 *****
09/04 15:56:00 INFO sim.Simulation|***** START OF TIME 42 COMPLETE *****
09/04 15:56:10 INFO sim.Simulation|***** START OF TIME 43 *****
09/04 15:56:10 INFO sim.Simulation|***** START OF TIME 43 COMPLETE *****
09/04 15:56:20 INFO sim.Simulation|***** START OF TIME 44 *****
09/04 15:56:20 INFO sim.Simulation|***** START OF TIME 44 COMPLETE *****
09/04 15:56:30 INFO sim.Simulation|***** START OF TIME 45 *****
09/04 15:56:30 INFO sim.Simulation|***** START OF TIME 45 COMPLETE *****
09/04 15:56:40 INFO sim.Simulation|***** START OF TIME 46 *****
09/04 15:56:40 INFO sim.Simulation|***** START OF TIME 46 COMPLETE *****
09/04 15:56:50 INFO sim.Simulation|***** START OF TIME 47 *****
09/04 15:56:50 INFO sim.Simulation|***** START OF TIME 47 COMPLETE *****
09/04 15:57:00 INFO sim.Simulation|***** START OF TIME 48 *****
09/04 15:57:00 INFO sim.Simulation|***** START OF TIME 48 COMPLETE *****
09/04 15:57:10 INFO sim.Simulation|***** START OF TIME 49 *****
09/04 15:57:10 INFO sim.Simulation|***** START OF TIME 49 COMPLETE *****
09/04 15:57:20 INFO sim.Simulation|***** START OF TIME 50 *****
09/04 15:57:20 INFO sim.Simulation|***** START OF TIME 50 COMPLETE *****
09/04 15:57:30 INFO sim.Simulation|***** START OF TIME 51 *****
09/04 15:57:30 INFO sim.Simulation|***** START OF TIME 51 COMPLETE *****
09/04 15:57:40 INFO sim.Simulation|***** START OF TIME 52 *****
09/04 15:57:40 INFO sim.Simulation|***** START OF TIME 52 COMPLETE *****
09/04 15:57:50 INFO sim.Simulation|***** START OF TIME 53 *****
09/04 15:57:50 INFO sim.Simulation|***** START OF TIME 53 COMPLETE *****
09/04 15:58:00 INFO sim.Simulation|***** START OF TIME 54 *****
09/04 15:58:00 INFO sim.Simulation|***** START OF TIME 54 COMPLETE *****
09/04 15:58:10 INFO sim.Simulation|***** START OF TIME 55 *****
09/04 15:58:11 INFO sim.Simulation|***** START OF TIME 55 COMPLETE *****
09/04 15:58:20 INFO sim.Simulation|***** START OF TIME 56 *****
09/04 15:58:21 INFO sim.Simulation|***** START OF TIME 56 COMPLETE *****
09/04 15:58:30 INFO sim.Simulation|***** START OF TIME 57 *****
09/04 15:58:30 INFO sim.Simulation|***** START OF TIME 57 COMPLETE *****
09/04 15:58:40 INFO sim.Simulation|***** START OF TIME 58 *****
09/04 15:58:40 INFO sim.Simulation|***** START OF TIME 58 COMPLETE *****
09/04 15:58:50 INFO sim.Simulation|***** START OF TIME 59 *****
09/04 15:58:51 INFO sim.Simulation|***** START OF TIME 59 COMPLETE *****
09/04 15:59:00 INFO sim.Simulation|***** START OF TIME 60 *****
09/04 15:59:00 FINE sim.Simulation|Simulation 17 is requested to stop
09/04 15:59:00 INFO sim.Simulation|***** START OF TIME 60 COMPLETE *****
09/04 15:59:00 FINE sim.Simulation|Simulation 17 is preparing to stop
09/04 15:59:00 FINE sim.Simulation|Simulation 17 is being stopped
09/04 15:59:00 FINE sim.Admin|Simulation log complete
************************************************************
* Simulation log complete
************************************************************


