08/04 20:37:00 FINE sim.Admin|Log for simulation 22 started
************************************************************
* Log for simulation 22 started
************************************************************


08/04 20:37:00 FINE sim.ExternalAgent|sample setup with address adv1
08/04 20:37:00 INFO sim.Simulation|***** START OF TIME 0 *****
08/04 20:37:00 INFO sim.Simulation|***** START OF TIME 0 COMPLETE *****
08/04 20:37:10 INFO sim.Simulation|***** START OF TIME 1 *****
08/04 20:37:12 INFO sim.Simulation|***** START OF TIME 1 COMPLETE *****
08/04 20:37:20 INFO sim.Simulation|***** START OF TIME 2 *****
08/04 20:37:21 INFO sim.Simulation|***** START OF TIME 2 COMPLETE *****
08/04 20:37:30 INFO sim.Simulation|***** START OF TIME 3 *****
08/04 20:37:32 INFO sim.Simulation|***** START OF TIME 3 COMPLETE *****
08/04 20:37:40 INFO sim.Simulation|***** START OF TIME 4 *****
08/04 20:37:41 INFO sim.Simulation|***** START OF TIME 4 COMPLETE *****
08/04 20:37:50 INFO sim.Simulation|***** START OF TIME 5 *****
08/04 20:37:52 INFO sim.Simulation|***** START OF TIME 5 COMPLETE *****
08/04 20:38:00 INFO sim.Simulation|***** START OF TIME 6 *****
08/04 20:38:01 INFO sim.Simulation|***** START OF TIME 6 COMPLETE *****
08/04 20:38:10 INFO sim.Simulation|***** START OF TIME 7 *****
08/04 20:38:11 INFO sim.Simulation|***** START OF TIME 7 COMPLETE *****
08/04 20:38:20 INFO sim.Simulation|***** START OF TIME 8 *****
08/04 20:38:21 INFO sim.Simulation|***** START OF TIME 8 COMPLETE *****
08/04 20:38:30 INFO sim.Simulation|***** START OF TIME 9 *****
08/04 20:38:33 INFO sim.Simulation|***** START OF TIME 9 COMPLETE *****
08/04 20:38:40 INFO sim.Simulation|***** START OF TIME 10 *****
08/04 20:38:42 INFO sim.Simulation|***** START OF TIME 10 COMPLETE *****
08/04 20:38:50 INFO sim.Simulation|***** START OF TIME 11 *****
08/04 20:38:52 INFO sim.Simulation|***** START OF TIME 11 COMPLETE *****
08/04 20:39:00 INFO sim.Simulation|***** START OF TIME 12 *****
08/04 20:39:02 INFO sim.Simulation|***** START OF TIME 12 COMPLETE *****
08/04 20:39:10 INFO sim.Simulation|***** START OF TIME 13 *****
08/04 20:39:12 INFO sim.Simulation|***** START OF TIME 13 COMPLETE *****
08/04 20:39:20 INFO sim.Simulation|***** START OF TIME 14 *****
08/04 20:39:21 INFO sim.Simulation|***** START OF TIME 14 COMPLETE *****
08/04 20:39:25 SEVERE tact.TACTConnection|sample@tact-1: reading error 
java.net.SocketException: Connection reset
	at java.net.SocketInputStream.read(Unknown Source)
	at java.net.SocketInputStream.read(Unknown Source)
	at java.net.SocketInputStream.read(Unknown Source)
	at java.io.DataInputStream.readInt(Unknown Source)
	at se.sics.isl.tact.TACTConnection$TACTReader.run(TACTConnection.java:405)
08/04 20:39:30 INFO sim.Simulation|***** START OF TIME 15 *****
08/04 20:39:33 INFO sim.Simulation|***** START OF TIME 15 COMPLETE *****
08/04 20:39:40 INFO sim.Simulation|***** START OF TIME 16 *****
08/04 20:39:44 INFO sim.Simulation|***** START OF TIME 16 COMPLETE *****
08/04 20:39:50 INFO sim.Simulation|***** START OF TIME 17 *****
08/04 20:39:54 INFO sim.Simulation|***** START OF TIME 17 COMPLETE *****
08/04 20:40:00 INFO sim.Simulation|***** START OF TIME 18 *****
08/04 20:40:04 INFO sim.Simulation|***** START OF TIME 18 COMPLETE *****
08/04 20:40:10 INFO sim.Simulation|***** START OF TIME 19 *****
08/04 20:40:15 INFO sim.Simulation|***** START OF TIME 19 COMPLETE *****
08/04 20:40:20 INFO sim.Simulation|***** START OF TIME 20 *****
08/04 20:40:24 INFO sim.Simulation|***** START OF TIME 20 COMPLETE *****
08/04 20:40:30 INFO sim.Simulation|***** START OF TIME 21 *****
08/04 20:40:35 INFO sim.Simulation|***** START OF TIME 21 COMPLETE *****
08/04 20:40:40 INFO sim.Simulation|***** START OF TIME 22 *****
08/04 20:40:44 INFO sim.Simulation|***** START OF TIME 22 COMPLETE *****
08/04 20:40:50 INFO sim.Simulation|***** START OF TIME 23 *****
08/04 20:40:55 INFO sim.Simulation|***** START OF TIME 23 COMPLETE *****
08/04 20:41:00 INFO sim.Simulation|***** START OF TIME 24 *****
08/04 20:41:03 INFO sim.Simulation|***** START OF TIME 24 COMPLETE *****
08/04 20:41:10 INFO sim.Simulation|***** START OF TIME 25 *****
08/04 20:41:14 INFO sim.Simulation|***** START OF TIME 25 COMPLETE *****
08/04 20:41:20 INFO sim.Simulation|***** START OF TIME 26 *****
08/04 20:41:23 INFO sim.Simulation|***** START OF TIME 26 COMPLETE *****
08/04 20:41:30 INFO sim.Simulation|***** START OF TIME 27 *****
08/04 20:41:34 INFO sim.Simulation|***** START OF TIME 27 COMPLETE *****
08/04 20:41:40 INFO sim.Simulation|***** START OF TIME 28 *****
08/04 20:41:44 INFO sim.Simulation|***** START OF TIME 28 COMPLETE *****
08/04 20:41:50 INFO sim.Simulation|***** START OF TIME 29 *****
08/04 20:41:57 INFO sim.Simulation|***** START OF TIME 29 COMPLETE *****
08/04 20:42:00 INFO sim.Simulation|***** START OF TIME 30 *****
08/04 20:42:03 INFO sim.Simulation|***** START OF TIME 30 COMPLETE *****
08/04 20:42:10 INFO sim.Simulation|***** START OF TIME 31 *****
08/04 20:42:14 INFO sim.Simulation|***** START OF TIME 31 COMPLETE *****
08/04 20:42:20 INFO sim.Simulation|***** START OF TIME 32 *****
08/04 20:42:24 INFO sim.Simulation|***** START OF TIME 32 COMPLETE *****
08/04 20:42:30 INFO sim.Simulation|***** START OF TIME 33 *****
08/04 20:42:35 INFO sim.Simulation|***** START OF TIME 33 COMPLETE *****
08/04 20:42:40 INFO sim.Simulation|***** START OF TIME 34 *****
08/04 20:42:43 INFO sim.Simulation|***** START OF TIME 34 COMPLETE *****
08/04 20:42:50 INFO sim.Simulation|***** START OF TIME 35 *****
08/04 20:42:53 INFO sim.Simulation|***** START OF TIME 35 COMPLETE *****
08/04 20:43:00 INFO sim.Simulation|***** START OF TIME 36 *****
08/04 20:43:03 INFO sim.Simulation|***** START OF TIME 36 COMPLETE *****
08/04 20:43:10 INFO sim.Simulation|***** START OF TIME 37 *****
08/04 20:43:14 INFO sim.Simulation|***** START OF TIME 37 COMPLETE *****
08/04 20:43:20 INFO sim.Simulation|***** START OF TIME 38 *****
08/04 20:43:23 INFO sim.Simulation|***** START OF TIME 38 COMPLETE *****
08/04 20:43:30 INFO sim.Simulation|***** START OF TIME 39 *****
08/04 20:43:34 INFO sim.Simulation|***** START OF TIME 39 COMPLETE *****
08/04 20:43:40 INFO sim.Simulation|***** START OF TIME 40 *****
08/04 20:43:44 INFO sim.Simulation|***** START OF TIME 40 COMPLETE *****
08/04 20:43:50 INFO sim.Simulation|***** START OF TIME 41 *****
08/04 20:43:53 INFO sim.Simulation|***** START OF TIME 41 COMPLETE *****
08/04 20:44:00 INFO sim.Simulation|***** START OF TIME 42 *****
08/04 20:44:03 INFO sim.Simulation|***** START OF TIME 42 COMPLETE *****
08/04 20:44:10 INFO sim.Simulation|***** START OF TIME 43 *****
08/04 20:44:13 INFO sim.Simulation|***** START OF TIME 43 COMPLETE *****
08/04 20:44:20 INFO sim.Simulation|***** START OF TIME 44 *****
08/04 20:44:24 INFO sim.Simulation|***** START OF TIME 44 COMPLETE *****
08/04 20:44:30 INFO sim.Simulation|***** START OF TIME 45 *****
08/04 20:44:34 INFO sim.Simulation|***** START OF TIME 45 COMPLETE *****
08/04 20:44:40 INFO sim.Simulation|***** START OF TIME 46 *****
08/04 20:44:44 INFO sim.Simulation|***** START OF TIME 46 COMPLETE *****
08/04 20:44:50 INFO sim.Simulation|***** START OF TIME 47 *****
08/04 20:44:54 INFO sim.Simulation|***** START OF TIME 47 COMPLETE *****
08/04 20:45:00 INFO sim.Simulation|***** START OF TIME 48 *****
08/04 20:45:03 INFO sim.Simulation|***** START OF TIME 48 COMPLETE *****
08/04 20:45:10 INFO sim.Simulation|***** START OF TIME 49 *****
08/04 20:45:15 INFO sim.Simulation|***** START OF TIME 49 COMPLETE *****
08/04 20:45:20 INFO sim.Simulation|***** START OF TIME 50 *****
08/04 20:45:24 INFO sim.Simulation|***** START OF TIME 50 COMPLETE *****
08/04 20:45:30 INFO sim.Simulation|***** START OF TIME 51 *****
08/04 20:45:33 INFO sim.Simulation|***** START OF TIME 51 COMPLETE *****
08/04 20:45:40 INFO sim.Simulation|***** START OF TIME 52 *****
08/04 20:45:42 INFO sim.Simulation|***** START OF TIME 52 COMPLETE *****
08/04 20:45:50 INFO sim.Simulation|***** START OF TIME 53 *****
08/04 20:45:54 INFO sim.Simulation|***** START OF TIME 53 COMPLETE *****
08/04 20:46:00 INFO sim.Simulation|***** START OF TIME 54 *****
08/04 20:46:04 INFO sim.Simulation|***** START OF TIME 54 COMPLETE *****
08/04 20:46:10 INFO sim.Simulation|***** START OF TIME 55 *****
08/04 20:46:14 INFO sim.Simulation|***** START OF TIME 55 COMPLETE *****
08/04 20:46:20 INFO sim.Simulation|***** START OF TIME 56 *****
08/04 20:46:24 INFO sim.Simulation|***** START OF TIME 56 COMPLETE *****
08/04 20:46:30 INFO sim.Simulation|***** START OF TIME 57 *****
08/04 20:46:33 INFO sim.Simulation|***** START OF TIME 57 COMPLETE *****
08/04 20:46:40 INFO sim.Simulation|***** START OF TIME 58 *****
08/04 20:46:43 INFO sim.Simulation|***** START OF TIME 58 COMPLETE *****
08/04 20:46:50 INFO sim.Simulation|***** START OF TIME 59 *****
08/04 20:46:53 INFO sim.Simulation|***** START OF TIME 59 COMPLETE *****
08/04 20:47:00 INFO sim.Simulation|***** START OF TIME 60 *****
08/04 20:47:00 FINE sim.Simulation|Simulation 22 is requested to stop
08/04 20:47:00 INFO sim.Simulation|***** START OF TIME 60 COMPLETE *****
08/04 20:47:00 FINE sim.Simulation|Simulation 22 is preparing to stop
08/04 20:47:00 FINE sim.Simulation|Simulation 22 is being stopped
08/04 20:47:00 FINE sim.Admin|Simulation log complete
************************************************************
* Simulation log complete
************************************************************


09/04 17:06:00 FINE sim.Admin|Log for simulation 22 started
************************************************************
* Log for simulation 22 started
************************************************************


09/04 17:06:00 FINE sim.ExternalAgent|sample setup with address adv1
09/04 17:06:00 INFO sim.Simulation|***** START OF TIME 0 *****
09/04 17:06:00 INFO sim.Simulation|***** START OF TIME 0 COMPLETE *****
09/04 17:06:07 SEVERE tact.TACTConnection|sample@tact-1: reading error 
java.net.SocketException: Connection reset
	at java.net.SocketInputStream.read(Unknown Source)
	at java.net.SocketInputStream.read(Unknown Source)
	at java.net.SocketInputStream.read(Unknown Source)
	at java.io.DataInputStream.readInt(Unknown Source)
	at se.sics.isl.tact.TACTConnection$TACTReader.run(TACTConnection.java:405)
09/04 17:06:10 INFO sim.Simulation|***** START OF TIME 1 *****
09/04 17:06:11 INFO sim.Simulation|***** START OF TIME 1 COMPLETE *****
09/04 17:06:20 INFO sim.Simulation|***** START OF TIME 2 *****
09/04 17:06:21 INFO sim.Simulation|***** START OF TIME 2 COMPLETE *****
09/04 17:06:30 INFO sim.Simulation|***** START OF TIME 3 *****
09/04 17:06:31 INFO sim.Simulation|***** START OF TIME 3 COMPLETE *****
09/04 17:06:40 INFO sim.Simulation|***** START OF TIME 4 *****
09/04 17:06:40 INFO sim.Simulation|***** START OF TIME 4 COMPLETE *****
09/04 17:06:50 INFO sim.Simulation|***** START OF TIME 5 *****
09/04 17:06:51 INFO sim.Simulation|***** START OF TIME 5 COMPLETE *****
09/04 17:07:00 INFO sim.Simulation|***** START OF TIME 6 *****
09/04 17:07:00 INFO sim.Simulation|***** START OF TIME 6 COMPLETE *****
09/04 17:07:10 INFO sim.Simulation|***** START OF TIME 7 *****
09/04 17:07:11 INFO sim.Simulation|***** START OF TIME 7 COMPLETE *****
