08/04 19:31:00 FINE sim.Admin|Log for simulation 16 started
************************************************************
* Log for simulation 16 started
************************************************************


08/04 19:31:00 FINE sim.ExternalAgent|sample setup with address adv1
08/04 19:31:00 INFO sim.Simulation|***** START OF TIME 0 *****
08/04 19:31:00 INFO sim.Simulation|***** START OF TIME 0 COMPLETE *****
08/04 19:31:10 INFO sim.Simulation|***** START OF TIME 1 *****
08/04 19:31:11 INFO sim.Simulation|***** START OF TIME 1 COMPLETE *****
08/04 19:31:20 INFO sim.Simulation|***** START OF TIME 2 *****
08/04 19:31:21 INFO sim.Simulation|***** START OF TIME 2 COMPLETE *****
08/04 19:31:30 INFO sim.Simulation|***** START OF TIME 3 *****
08/04 19:31:30 INFO sim.Simulation|***** START OF TIME 3 COMPLETE *****
08/04 19:31:40 INFO sim.Simulation|***** START OF TIME 4 *****
08/04 19:31:41 INFO sim.Simulation|***** START OF TIME 4 COMPLETE *****
08/04 19:31:50 INFO sim.Simulation|***** START OF TIME 5 *****
08/04 19:31:51 INFO sim.Simulation|***** START OF TIME 5 COMPLETE *****
08/04 19:32:00 INFO sim.Simulation|***** START OF TIME 6 *****
08/04 19:32:01 INFO sim.Simulation|***** START OF TIME 6 COMPLETE *****
08/04 19:32:10 INFO sim.Simulation|***** START OF TIME 7 *****
08/04 19:32:11 INFO sim.Simulation|***** START OF TIME 7 COMPLETE *****
08/04 19:32:20 INFO sim.Simulation|***** START OF TIME 8 *****
08/04 19:32:21 INFO sim.Simulation|***** START OF TIME 8 COMPLETE *****
08/04 19:32:30 INFO sim.Simulation|***** START OF TIME 9 *****
08/04 19:32:31 INFO sim.Simulation|***** START OF TIME 9 COMPLETE *****
08/04 19:32:40 INFO sim.Simulation|***** START OF TIME 10 *****
08/04 19:32:41 INFO sim.Simulation|***** START OF TIME 10 COMPLETE *****
08/04 19:32:50 INFO sim.Simulation|***** START OF TIME 11 *****
08/04 19:32:51 INFO sim.Simulation|***** START OF TIME 11 COMPLETE *****
08/04 19:33:00 INFO sim.Simulation|***** START OF TIME 12 *****
08/04 19:33:01 INFO sim.Simulation|***** START OF TIME 12 COMPLETE *****
08/04 19:33:10 INFO sim.Simulation|***** START OF TIME 13 *****
08/04 19:33:11 INFO sim.Simulation|***** START OF TIME 13 COMPLETE *****
08/04 19:33:20 INFO sim.Simulation|***** START OF TIME 14 *****
08/04 19:33:21 INFO sim.Simulation|***** START OF TIME 14 COMPLETE *****
08/04 19:33:30 INFO sim.Simulation|***** START OF TIME 15 *****
08/04 19:33:32 INFO sim.Simulation|***** START OF TIME 15 COMPLETE *****
08/04 19:33:40 INFO sim.Simulation|***** START OF TIME 16 *****
08/04 19:33:42 INFO sim.Simulation|***** START OF TIME 16 COMPLETE *****
08/04 19:33:50 INFO sim.Simulation|***** START OF TIME 17 *****
08/04 19:33:51 INFO sim.Simulation|***** START OF TIME 17 COMPLETE *****
08/04 19:34:00 INFO sim.Simulation|***** START OF TIME 18 *****
08/04 19:34:01 INFO sim.Simulation|***** START OF TIME 18 COMPLETE *****
08/04 19:34:10 INFO sim.Simulation|***** START OF TIME 19 *****
08/04 19:34:11 INFO sim.Simulation|***** START OF TIME 19 COMPLETE *****
08/04 19:34:20 INFO sim.Simulation|***** START OF TIME 20 *****
08/04 19:34:21 INFO sim.Simulation|***** START OF TIME 20 COMPLETE *****
08/04 19:34:30 INFO sim.Simulation|***** START OF TIME 21 *****
08/04 19:34:31 INFO sim.Simulation|***** START OF TIME 21 COMPLETE *****
08/04 19:34:40 INFO sim.Simulation|***** START OF TIME 22 *****
08/04 19:34:41 INFO sim.Simulation|***** START OF TIME 22 COMPLETE *****
08/04 19:34:50 INFO sim.Simulation|***** START OF TIME 23 *****
08/04 19:34:51 INFO sim.Simulation|***** START OF TIME 23 COMPLETE *****
08/04 19:35:00 INFO sim.Simulation|***** START OF TIME 24 *****
08/04 19:35:01 INFO sim.Simulation|***** START OF TIME 24 COMPLETE *****
08/04 19:35:10 INFO sim.Simulation|***** START OF TIME 25 *****
08/04 19:35:11 INFO sim.Simulation|***** START OF TIME 25 COMPLETE *****
08/04 19:35:20 INFO sim.Simulation|***** START OF TIME 26 *****
08/04 19:35:21 INFO sim.Simulation|***** START OF TIME 26 COMPLETE *****
08/04 19:35:30 INFO sim.Simulation|***** START OF TIME 27 *****
08/04 19:35:31 INFO sim.Simulation|***** START OF TIME 27 COMPLETE *****
08/04 19:35:40 INFO sim.Simulation|***** START OF TIME 28 *****
08/04 19:35:41 INFO sim.Simulation|***** START OF TIME 28 COMPLETE *****
08/04 19:35:50 INFO sim.Simulation|***** START OF TIME 29 *****
08/04 19:35:51 INFO sim.Simulation|***** START OF TIME 29 COMPLETE *****
08/04 19:36:00 INFO sim.Simulation|***** START OF TIME 30 *****
08/04 19:36:01 INFO sim.Simulation|***** START OF TIME 30 COMPLETE *****
08/04 19:36:10 INFO sim.Simulation|***** START OF TIME 31 *****
08/04 19:36:11 INFO sim.Simulation|***** START OF TIME 31 COMPLETE *****
08/04 19:36:20 INFO sim.Simulation|***** START OF TIME 32 *****
08/04 19:36:21 INFO sim.Simulation|***** START OF TIME 32 COMPLETE *****
08/04 19:36:30 INFO sim.Simulation|***** START OF TIME 33 *****
08/04 19:36:31 INFO sim.Simulation|***** START OF TIME 33 COMPLETE *****
08/04 19:36:40 INFO sim.Simulation|***** START OF TIME 34 *****
08/04 19:36:42 INFO sim.Simulation|***** START OF TIME 34 COMPLETE *****
08/04 19:36:50 INFO sim.Simulation|***** START OF TIME 35 *****
08/04 19:36:51 INFO sim.Simulation|***** START OF TIME 35 COMPLETE *****
08/04 19:37:00 INFO sim.Simulation|***** START OF TIME 36 *****
08/04 19:37:01 INFO sim.Simulation|***** START OF TIME 36 COMPLETE *****
08/04 19:37:10 INFO sim.Simulation|***** START OF TIME 37 *****
08/04 19:37:12 INFO sim.Simulation|***** START OF TIME 37 COMPLETE *****
08/04 19:37:20 INFO sim.Simulation|***** START OF TIME 38 *****
08/04 19:37:21 INFO sim.Simulation|***** START OF TIME 38 COMPLETE *****
08/04 19:37:30 INFO sim.Simulation|***** START OF TIME 39 *****
08/04 19:37:32 INFO sim.Simulation|***** START OF TIME 39 COMPLETE *****
08/04 19:37:40 INFO sim.Simulation|***** START OF TIME 40 *****
08/04 19:37:40 INFO sim.Simulation|***** START OF TIME 40 COMPLETE *****
08/04 19:37:50 INFO sim.Simulation|***** START OF TIME 41 *****
08/04 19:37:52 INFO sim.Simulation|***** START OF TIME 41 COMPLETE *****
08/04 19:38:00 INFO sim.Simulation|***** START OF TIME 42 *****
08/04 19:38:01 INFO sim.Simulation|***** START OF TIME 42 COMPLETE *****
08/04 19:38:10 INFO sim.Simulation|***** START OF TIME 43 *****
08/04 19:38:12 INFO sim.Simulation|***** START OF TIME 43 COMPLETE *****
08/04 19:38:20 INFO sim.Simulation|***** START OF TIME 44 *****
08/04 19:38:21 INFO sim.Simulation|***** START OF TIME 44 COMPLETE *****
08/04 19:38:30 INFO sim.Simulation|***** START OF TIME 45 *****
08/04 19:38:31 INFO sim.Simulation|***** START OF TIME 45 COMPLETE *****
08/04 19:38:40 INFO sim.Simulation|***** START OF TIME 46 *****
08/04 19:38:41 INFO sim.Simulation|***** START OF TIME 46 COMPLETE *****
08/04 19:38:50 INFO sim.Simulation|***** START OF TIME 47 *****
08/04 19:38:52 INFO sim.Simulation|***** START OF TIME 47 COMPLETE *****
08/04 19:39:00 INFO sim.Simulation|***** START OF TIME 48 *****
08/04 19:39:01 INFO sim.Simulation|***** START OF TIME 48 COMPLETE *****
08/04 19:39:10 INFO sim.Simulation|***** START OF TIME 49 *****
08/04 19:39:11 INFO sim.Simulation|***** START OF TIME 49 COMPLETE *****
08/04 19:39:20 INFO sim.Simulation|***** START OF TIME 50 *****
08/04 19:39:21 INFO sim.Simulation|***** START OF TIME 50 COMPLETE *****
08/04 19:39:30 INFO sim.Simulation|***** START OF TIME 51 *****
08/04 19:39:31 INFO sim.Simulation|***** START OF TIME 51 COMPLETE *****
08/04 19:39:40 INFO sim.Simulation|***** START OF TIME 52 *****
08/04 19:39:41 INFO sim.Simulation|***** START OF TIME 52 COMPLETE *****
08/04 19:39:50 INFO sim.Simulation|***** START OF TIME 53 *****
08/04 19:39:51 INFO sim.Simulation|***** START OF TIME 53 COMPLETE *****
08/04 19:40:00 INFO sim.Simulation|***** START OF TIME 54 *****
08/04 19:40:01 INFO sim.Simulation|***** START OF TIME 54 COMPLETE *****
08/04 19:40:10 INFO sim.Simulation|***** START OF TIME 55 *****
08/04 19:40:11 INFO sim.Simulation|***** START OF TIME 55 COMPLETE *****
08/04 19:40:20 INFO sim.Simulation|***** START OF TIME 56 *****
08/04 19:40:21 INFO sim.Simulation|***** START OF TIME 56 COMPLETE *****
08/04 19:40:30 INFO sim.Simulation|***** START OF TIME 57 *****
08/04 19:40:31 INFO sim.Simulation|***** START OF TIME 57 COMPLETE *****
08/04 19:40:40 INFO sim.Simulation|***** START OF TIME 58 *****
08/04 19:40:41 INFO sim.Simulation|***** START OF TIME 58 COMPLETE *****
08/04 19:40:50 INFO sim.Simulation|***** START OF TIME 59 *****
08/04 19:40:51 INFO sim.Simulation|***** START OF TIME 59 COMPLETE *****
08/04 19:41:00 INFO sim.Simulation|***** START OF TIME 60 *****
08/04 19:41:00 FINE sim.Simulation|Simulation 16 is requested to stop
08/04 19:41:00 INFO sim.Simulation|***** START OF TIME 60 COMPLETE *****
08/04 19:41:00 FINE sim.Simulation|Simulation 16 is preparing to stop
08/04 19:41:00 FINE sim.Simulation|Simulation 16 is being stopped
08/04 19:41:00 INFO sim.Admin|created simulation 17
08/04 19:41:00 FINE sim.Admin|Simulation log complete
************************************************************
* Simulation log complete
************************************************************


09/04 15:44:00 FINE sim.Admin|Log for simulation 16 started
************************************************************
* Log for simulation 16 started
************************************************************


09/04 15:44:00 FINE sim.ExternalAgent|sample setup with address adv1
09/04 15:44:00 INFO sim.Simulation|***** START OF TIME 0 *****
09/04 15:44:00 INFO sim.Simulation|***** START OF TIME 0 COMPLETE *****
09/04 15:44:09 SEVERE tact.TACTConnection|sample@tact-1: reading error 
java.net.SocketException: Connection reset
	at java.net.SocketInputStream.read(Unknown Source)
	at java.net.SocketInputStream.read(Unknown Source)
	at java.net.SocketInputStream.read(Unknown Source)
	at java.io.DataInputStream.readInt(Unknown Source)
	at se.sics.isl.tact.TACTConnection$TACTReader.run(TACTConnection.java:405)
09/04 15:44:10 INFO sim.Simulation|***** START OF TIME 1 *****
09/04 15:44:11 INFO sim.Simulation|***** START OF TIME 1 COMPLETE *****
09/04 15:44:20 INFO sim.Simulation|***** START OF TIME 2 *****
09/04 15:44:25 INFO sim.Simulation|***** START OF TIME 2 COMPLETE *****
09/04 15:44:30 INFO sim.Simulation|***** START OF TIME 3 *****
09/04 15:44:31 INFO sim.Simulation|***** START OF TIME 3 COMPLETE *****
09/04 15:44:40 INFO sim.Simulation|***** START OF TIME 4 *****
09/04 15:44:42 INFO sim.Simulation|***** START OF TIME 4 COMPLETE *****
09/04 15:44:50 INFO sim.Simulation|***** START OF TIME 5 *****
09/04 15:44:51 INFO sim.Simulation|***** START OF TIME 5 COMPLETE *****
09/04 15:45:00 INFO sim.Simulation|***** START OF TIME 6 *****
09/04 15:45:01 INFO sim.Simulation|***** START OF TIME 6 COMPLETE *****
09/04 15:45:10 INFO sim.Simulation|***** START OF TIME 7 *****
09/04 15:45:11 INFO sim.Simulation|***** START OF TIME 7 COMPLETE *****
09/04 15:45:20 INFO sim.Simulation|***** START OF TIME 8 *****
09/04 15:45:21 INFO sim.Simulation|***** START OF TIME 8 COMPLETE *****
09/04 15:45:30 INFO sim.Simulation|***** START OF TIME 9 *****
09/04 15:45:32 INFO sim.Simulation|***** START OF TIME 9 COMPLETE *****
09/04 15:45:40 INFO sim.Simulation|***** START OF TIME 10 *****
09/04 15:45:41 INFO sim.Simulation|***** START OF TIME 10 COMPLETE *****
09/04 15:45:50 INFO sim.Simulation|***** START OF TIME 11 *****
09/04 15:45:52 INFO sim.Simulation|***** START OF TIME 11 COMPLETE *****
09/04 15:46:00 INFO sim.Simulation|***** START OF TIME 12 *****
09/04 15:46:02 INFO sim.Simulation|***** START OF TIME 12 COMPLETE *****
09/04 15:46:10 INFO sim.Simulation|***** START OF TIME 13 *****
09/04 15:46:12 INFO sim.Simulation|***** START OF TIME 13 COMPLETE *****
09/04 15:46:20 INFO sim.Simulation|***** START OF TIME 14 *****
09/04 15:46:21 INFO sim.Simulation|***** START OF TIME 14 COMPLETE *****
09/04 15:46:30 INFO sim.Simulation|***** START OF TIME 15 *****
09/04 15:46:31 INFO sim.Simulation|***** START OF TIME 15 COMPLETE *****
09/04 15:46:40 INFO sim.Simulation|***** START OF TIME 16 *****
09/04 15:46:43 INFO sim.Simulation|***** START OF TIME 16 COMPLETE *****
09/04 15:46:50 INFO sim.Simulation|***** START OF TIME 17 *****
09/04 15:46:51 INFO sim.Simulation|***** START OF TIME 17 COMPLETE *****
09/04 15:47:00 INFO sim.Simulation|***** START OF TIME 18 *****
09/04 15:47:01 INFO sim.Simulation|***** START OF TIME 18 COMPLETE *****
09/04 15:47:10 INFO sim.Simulation|***** START OF TIME 19 *****
09/04 15:47:11 INFO sim.Simulation|***** START OF TIME 19 COMPLETE *****
09/04 15:47:20 INFO sim.Simulation|***** START OF TIME 20 *****
09/04 15:47:21 INFO sim.Simulation|***** START OF TIME 20 COMPLETE *****
09/04 15:47:30 INFO sim.Simulation|***** START OF TIME 21 *****
09/04 15:47:31 INFO sim.Simulation|***** START OF TIME 21 COMPLETE *****
09/04 15:47:40 INFO sim.Simulation|***** START OF TIME 22 *****
09/04 15:47:41 INFO sim.Simulation|***** START OF TIME 22 COMPLETE *****
09/04 15:47:50 INFO sim.Simulation|***** START OF TIME 23 *****
09/04 15:47:52 INFO sim.Simulation|***** START OF TIME 23 COMPLETE *****
09/04 15:48:00 INFO sim.Simulation|***** START OF TIME 24 *****
09/04 15:48:01 INFO sim.Simulation|***** START OF TIME 24 COMPLETE *****
09/04 15:48:10 INFO sim.Simulation|***** START OF TIME 25 *****
09/04 15:48:11 INFO sim.Simulation|***** START OF TIME 25 COMPLETE *****
09/04 15:48:20 INFO sim.Simulation|***** START OF TIME 26 *****
09/04 15:48:21 INFO sim.Simulation|***** START OF TIME 26 COMPLETE *****
