08/04 21:17:00 FINE sim.Admin|Log for simulation 26 started
************************************************************
* Log for simulation 26 started
************************************************************


08/04 21:17:00 FINE sim.ExternalAgent|sample setup with address adv1
08/04 21:17:00 INFO sim.Simulation|***** START OF TIME 0 *****
08/04 21:17:00 INFO sim.Simulation|***** START OF TIME 0 COMPLETE *****
08/04 21:17:04 SEVERE tact.TACTConnection|sample@tact-1: reading error 
java.net.SocketException: Connection reset
	at java.net.SocketInputStream.read(Unknown Source)
	at java.net.SocketInputStream.read(Unknown Source)
	at java.net.SocketInputStream.read(Unknown Source)
	at java.io.DataInputStream.readInt(Unknown Source)
	at se.sics.isl.tact.TACTConnection$TACTReader.run(TACTConnection.java:405)
08/04 21:17:10 INFO sim.Simulation|***** START OF TIME 1 *****
08/04 21:17:12 INFO sim.Simulation|***** START OF TIME 1 COMPLETE *****
08/04 21:17:20 INFO sim.Simulation|***** START OF TIME 2 *****
08/04 21:17:21 INFO sim.Simulation|***** START OF TIME 2 COMPLETE *****
08/04 21:17:30 INFO sim.Simulation|***** START OF TIME 3 *****
08/04 21:17:31 INFO sim.Simulation|***** START OF TIME 3 COMPLETE *****
08/04 21:17:40 INFO sim.Simulation|***** START OF TIME 4 *****
08/04 21:17:41 INFO sim.Simulation|***** START OF TIME 4 COMPLETE *****
08/04 21:17:50 INFO sim.Simulation|***** START OF TIME 5 *****
08/04 21:17:51 INFO sim.Simulation|***** START OF TIME 5 COMPLETE *****
08/04 21:18:00 INFO sim.Simulation|***** START OF TIME 6 *****
08/04 21:18:02 INFO sim.Simulation|***** START OF TIME 6 COMPLETE *****
08/04 21:18:10 INFO sim.Simulation|***** START OF TIME 7 *****
08/04 21:18:12 INFO sim.Simulation|***** START OF TIME 7 COMPLETE *****
08/04 21:18:20 INFO sim.Simulation|***** START OF TIME 8 *****
08/04 21:18:21 INFO sim.Simulation|***** START OF TIME 8 COMPLETE *****
08/04 21:18:30 INFO sim.Simulation|***** START OF TIME 9 *****
08/04 21:18:32 INFO sim.Simulation|***** START OF TIME 9 COMPLETE *****
08/04 21:18:40 INFO sim.Simulation|***** START OF TIME 10 *****
08/04 21:18:41 INFO sim.Simulation|***** START OF TIME 10 COMPLETE *****
08/04 21:18:50 INFO sim.Simulation|***** START OF TIME 11 *****
08/04 21:18:51 INFO sim.Simulation|***** START OF TIME 11 COMPLETE *****
08/04 21:19:00 INFO sim.Simulation|***** START OF TIME 12 *****
08/04 21:19:01 INFO sim.Simulation|***** START OF TIME 12 COMPLETE *****
08/04 21:19:10 INFO sim.Simulation|***** START OF TIME 13 *****
08/04 21:19:11 INFO sim.Simulation|***** START OF TIME 13 COMPLETE *****
08/04 21:19:20 INFO sim.Simulation|***** START OF TIME 14 *****
09/04 17:17:00 FINE sim.Admin|Log for simulation 26 started
************************************************************
* Log for simulation 26 started
************************************************************


09/04 17:17:00 FINE sim.ExternalAgent|sample setup with address adv1
09/04 17:17:00 INFO sim.Simulation|***** START OF TIME 0 *****
09/04 17:17:00 INFO sim.Simulation|***** START OF TIME 0 COMPLETE *****
09/04 17:17:08 SEVERE tact.TACTConnection|sample@tact-1: reading error 
java.net.SocketException: Connection reset
	at java.net.SocketInputStream.read(Unknown Source)
	at java.net.SocketInputStream.read(Unknown Source)
	at java.net.SocketInputStream.read(Unknown Source)
	at java.io.DataInputStream.readInt(Unknown Source)
	at se.sics.isl.tact.TACTConnection$TACTReader.run(TACTConnection.java:405)
09/04 17:17:10 INFO sim.Simulation|***** START OF TIME 1 *****
09/04 17:17:11 INFO sim.Simulation|***** START OF TIME 1 COMPLETE *****
09/04 17:17:20 INFO sim.Simulation|***** START OF TIME 2 *****
09/04 17:17:21 INFO sim.Simulation|***** START OF TIME 2 COMPLETE *****
09/04 17:17:30 INFO sim.Simulation|***** START OF TIME 3 *****
09/04 17:17:31 INFO sim.Simulation|***** START OF TIME 3 COMPLETE *****
09/04 17:17:40 INFO sim.Simulation|***** START OF TIME 4 *****
09/04 17:17:40 INFO sim.Simulation|***** START OF TIME 4 COMPLETE *****
09/04 17:17:50 INFO sim.Simulation|***** START OF TIME 5 *****
09/04 17:17:51 INFO sim.Simulation|***** START OF TIME 5 COMPLETE *****
09/04 17:18:00 INFO sim.Simulation|***** START OF TIME 6 *****
09/04 17:18:00 INFO sim.Simulation|***** START OF TIME 6 COMPLETE *****
09/04 17:18:10 INFO sim.Simulation|***** START OF TIME 7 *****
09/04 17:18:11 INFO sim.Simulation|***** START OF TIME 7 COMPLETE *****
09/04 17:18:20 INFO sim.Simulation|***** START OF TIME 8 *****
09/04 17:18:20 INFO sim.Simulation|***** START OF TIME 8 COMPLETE *****
09/04 17:18:30 INFO sim.Simulation|***** START OF TIME 9 *****
09/04 17:18:30 INFO sim.Simulation|***** START OF TIME 9 COMPLETE *****
09/04 17:18:40 INFO sim.Simulation|***** START OF TIME 10 *****
09/04 17:18:40 INFO sim.Simulation|***** START OF TIME 10 COMPLETE *****
09/04 17:18:50 INFO sim.Simulation|***** START OF TIME 11 *****
09/04 17:18:50 INFO sim.Simulation|***** START OF TIME 11 COMPLETE *****
09/04 17:19:00 INFO sim.Simulation|***** START OF TIME 12 *****
09/04 17:19:01 INFO sim.Simulation|***** START OF TIME 12 COMPLETE *****
09/04 17:19:10 INFO sim.Simulation|***** START OF TIME 13 *****
09/04 17:19:11 INFO sim.Simulation|***** START OF TIME 13 COMPLETE *****
09/04 17:19:20 INFO sim.Simulation|***** START OF TIME 14 *****
09/04 17:19:21 INFO sim.Simulation|***** START OF TIME 14 COMPLETE *****
09/04 17:19:30 INFO sim.Simulation|***** START OF TIME 15 *****
09/04 17:19:31 INFO sim.Simulation|***** START OF TIME 15 COMPLETE *****
09/04 17:19:40 INFO sim.Simulation|***** START OF TIME 16 *****
09/04 17:19:41 INFO sim.Simulation|***** START OF TIME 16 COMPLETE *****
09/04 17:19:50 INFO sim.Simulation|***** START OF TIME 17 *****
09/04 17:19:51 INFO sim.Simulation|***** START OF TIME 17 COMPLETE *****
09/04 17:20:00 INFO sim.Simulation|***** START OF TIME 18 *****
09/04 17:20:01 INFO sim.Simulation|***** START OF TIME 18 COMPLETE *****
09/04 17:20:10 INFO sim.Simulation|***** START OF TIME 19 *****
09/04 17:20:10 INFO sim.Simulation|***** START OF TIME 19 COMPLETE *****
09/04 17:20:20 INFO sim.Simulation|***** START OF TIME 20 *****
09/04 17:20:21 INFO sim.Simulation|***** START OF TIME 20 COMPLETE *****
09/04 17:20:30 INFO sim.Simulation|***** START OF TIME 21 *****
09/04 17:20:31 INFO sim.Simulation|***** START OF TIME 21 COMPLETE *****
09/04 17:20:40 INFO sim.Simulation|***** START OF TIME 22 *****
09/04 17:20:40 INFO sim.Simulation|***** START OF TIME 22 COMPLETE *****
09/04 17:20:50 INFO sim.Simulation|***** START OF TIME 23 *****
09/04 17:20:50 INFO sim.Simulation|***** START OF TIME 23 COMPLETE *****
09/04 17:21:00 INFO sim.Simulation|***** START OF TIME 24 *****
