08/04 18:47:00 FINE sim.Admin|Log for simulation 10 started
************************************************************
* Log for simulation 10 started
************************************************************


08/04 18:47:00 FINE sim.ExternalAgent|sample setup with address adv1
08/04 18:47:00 INFO sim.Simulation|***** START OF TIME 0 *****
08/04 18:47:00 INFO sim.Simulation|***** START OF TIME 0 COMPLETE *****
08/04 18:47:10 INFO sim.Simulation|***** START OF TIME 1 *****
08/04 18:47:12 INFO sim.Simulation|***** START OF TIME 1 COMPLETE *****
08/04 18:47:13 SEVERE tact.TACTConnection|sample@tact-1: reading error 
java.net.SocketException: Connection reset
	at java.net.SocketInputStream.read(Unknown Source)
	at java.net.SocketInputStream.read(Unknown Source)
	at java.net.SocketInputStream.read(Unknown Source)
	at java.io.DataInputStream.readInt(Unknown Source)
	at se.sics.isl.tact.TACTConnection$TACTReader.run(TACTConnection.java:405)
08/04 18:47:20 INFO sim.Simulation|***** START OF TIME 2 *****
08/04 18:47:21 INFO sim.Simulation|***** START OF TIME 2 COMPLETE *****
08/04 18:47:30 INFO sim.Simulation|***** START OF TIME 3 *****
08/04 18:47:31 INFO sim.Simulation|***** START OF TIME 3 COMPLETE *****
08/04 18:47:40 INFO sim.Simulation|***** START OF TIME 4 *****
08/04 18:47:41 INFO sim.Simulation|***** START OF TIME 4 COMPLETE *****
08/04 18:47:50 INFO sim.Simulation|***** START OF TIME 5 *****
08/04 18:47:51 INFO sim.Simulation|***** START OF TIME 5 COMPLETE *****
08/04 18:48:00 INFO sim.Simulation|***** START OF TIME 6 *****
08/04 18:48:01 INFO sim.Simulation|***** START OF TIME 6 COMPLETE *****
09/04 15:27:00 FINE sim.Admin|Log for simulation 10 started
************************************************************
* Log for simulation 10 started
************************************************************


09/04 15:27:00 FINE sim.ExternalAgent|sample setup with address adv1
09/04 15:27:00 INFO sim.Simulation|***** START OF TIME 0 *****
09/04 15:27:00 INFO sim.Simulation|***** START OF TIME 0 COMPLETE *****
09/04 15:27:10 INFO sim.Simulation|***** START OF TIME 1 *****
09/04 15:27:11 INFO sim.Simulation|***** START OF TIME 1 COMPLETE *****
09/04 15:27:12 SEVERE tact.TACTConnection|sample@tact-1: reading error 
java.net.SocketException: Connection reset
	at java.net.SocketInputStream.read(Unknown Source)
	at java.net.SocketInputStream.read(Unknown Source)
	at java.net.SocketInputStream.read(Unknown Source)
	at java.io.DataInputStream.readInt(Unknown Source)
	at se.sics.isl.tact.TACTConnection$TACTReader.run(TACTConnection.java:405)
09/04 15:27:20 INFO sim.Simulation|***** START OF TIME 2 *****
09/04 15:27:20 INFO sim.Simulation|***** START OF TIME 2 COMPLETE *****
09/04 15:27:30 INFO sim.Simulation|***** START OF TIME 3 *****
09/04 15:27:30 INFO sim.Simulation|***** START OF TIME 3 COMPLETE *****
09/04 15:27:40 INFO sim.Simulation|***** START OF TIME 4 *****
09/04 15:27:40 INFO sim.Simulation|***** START OF TIME 4 COMPLETE *****
09/04 15:27:50 INFO sim.Simulation|***** START OF TIME 5 *****
09/04 15:27:51 INFO sim.Simulation|***** START OF TIME 5 COMPLETE *****
09/04 15:28:00 INFO sim.Simulation|***** START OF TIME 6 *****
09/04 15:28:00 INFO sim.Simulation|***** START OF TIME 6 COMPLETE *****
09/04 15:28:10 INFO sim.Simulation|***** START OF TIME 7 *****
09/04 15:28:10 INFO sim.Simulation|***** START OF TIME 7 COMPLETE *****
09/04 15:28:20 INFO sim.Simulation|***** START OF TIME 8 *****
09/04 15:28:20 INFO sim.Simulation|***** START OF TIME 8 COMPLETE *****
09/04 15:28:30 INFO sim.Simulation|***** START OF TIME 9 *****
09/04 15:28:30 INFO sim.Simulation|***** START OF TIME 9 COMPLETE *****
09/04 15:28:40 INFO sim.Simulation|***** START OF TIME 10 *****
09/04 15:28:40 INFO sim.Simulation|***** START OF TIME 10 COMPLETE *****
09/04 15:28:50 INFO sim.Simulation|***** START OF TIME 11 *****
09/04 15:28:50 INFO sim.Simulation|***** START OF TIME 11 COMPLETE *****
09/04 15:29:00 INFO sim.Simulation|***** START OF TIME 12 *****
09/04 15:29:00 INFO sim.Simulation|***** START OF TIME 12 COMPLETE *****
09/04 15:29:10 INFO sim.Simulation|***** START OF TIME 13 *****
09/04 15:29:10 INFO sim.Simulation|***** START OF TIME 13 COMPLETE *****
09/04 15:29:20 INFO sim.Simulation|***** START OF TIME 14 *****
09/04 15:29:20 INFO sim.Simulation|***** START OF TIME 14 COMPLETE *****
09/04 15:29:30 INFO sim.Simulation|***** START OF TIME 15 *****
09/04 15:29:31 INFO sim.Simulation|***** START OF TIME 15 COMPLETE *****
