08/04 21:08:00 FINE sim.Admin|Log for simulation 23 started
************************************************************
* Log for simulation 23 started
************************************************************


08/04 21:08:00 FINE sim.ExternalAgent|sample setup with address adv1
08/04 21:08:00 INFO sim.Simulation|***** START OF TIME 0 *****
08/04 21:08:00 INFO sim.Simulation|***** START OF TIME 0 COMPLETE *****
08/04 21:08:10 INFO sim.Simulation|***** START OF TIME 1 *****
08/04 21:08:11 INFO sim.Simulation|***** START OF TIME 1 COMPLETE *****
08/04 21:08:20 INFO sim.Simulation|***** START OF TIME 2 *****
08/04 21:08:26 INFO sim.Simulation|***** START OF TIME 2 COMPLETE *****
08/04 21:08:30 INFO sim.Simulation|***** START OF TIME 3 *****
08/04 21:08:32 INFO sim.Simulation|***** START OF TIME 3 COMPLETE *****
08/04 21:08:40 INFO sim.Simulation|***** START OF TIME 4 *****
08/04 21:08:43 INFO sim.Simulation|***** START OF TIME 4 COMPLETE *****
08/04 21:08:50 INFO sim.Simulation|***** START OF TIME 5 *****
08/04 21:08:53 INFO sim.Simulation|***** START OF TIME 5 COMPLETE *****
08/04 21:09:00 INFO sim.Simulation|***** START OF TIME 6 *****
08/04 21:09:03 INFO sim.Simulation|***** START OF TIME 6 COMPLETE *****
08/04 21:09:10 INFO sim.Simulation|***** START OF TIME 7 *****
08/04 21:09:15 INFO sim.Simulation|***** START OF TIME 7 COMPLETE *****
08/04 21:09:20 INFO sim.Simulation|***** START OF TIME 8 *****
08/04 21:09:20 INFO sim.Simulation|***** START OF TIME 8 COMPLETE *****
08/04 21:09:30 INFO sim.Simulation|***** START OF TIME 9 *****
08/04 21:09:32 INFO sim.Simulation|***** START OF TIME 9 COMPLETE *****
08/04 21:09:40 INFO sim.Simulation|***** START OF TIME 10 *****
08/04 21:09:46 INFO sim.Simulation|***** START OF TIME 10 COMPLETE *****
08/04 21:09:50 INFO sim.Simulation|***** START OF TIME 11 *****
08/04 21:09:51 INFO sim.Simulation|***** START OF TIME 11 COMPLETE *****
08/04 21:10:00 INFO sim.Simulation|***** START OF TIME 12 *****
08/04 21:10:01 INFO sim.Simulation|***** START OF TIME 12 COMPLETE *****
08/04 21:10:10 INFO sim.Simulation|***** START OF TIME 13 *****
08/04 21:10:11 INFO sim.Simulation|***** START OF TIME 13 COMPLETE *****
08/04 21:10:20 INFO sim.Simulation|***** START OF TIME 14 *****
08/04 21:10:22 INFO sim.Simulation|***** START OF TIME 14 COMPLETE *****
08/04 21:10:30 INFO sim.Simulation|***** START OF TIME 15 *****
08/04 21:10:32 INFO sim.Simulation|***** START OF TIME 15 COMPLETE *****
08/04 21:10:40 INFO sim.Simulation|***** START OF TIME 16 *****
08/04 21:10:43 INFO sim.Simulation|***** START OF TIME 16 COMPLETE *****
08/04 21:10:50 INFO sim.Simulation|***** START OF TIME 17 *****
08/04 21:10:51 INFO sim.Simulation|***** START OF TIME 17 COMPLETE *****
08/04 21:11:00 INFO sim.Simulation|***** START OF TIME 18 *****
08/04 21:11:04 INFO sim.Simulation|***** START OF TIME 18 COMPLETE *****
08/04 21:11:10 INFO sim.Simulation|***** START OF TIME 19 *****
08/04 21:11:11 INFO sim.Simulation|***** START OF TIME 19 COMPLETE *****
08/04 21:11:20 INFO sim.Simulation|***** START OF TIME 20 *****
08/04 21:11:21 INFO sim.Simulation|***** START OF TIME 20 COMPLETE *****
08/04 21:11:23 SEVERE tact.TACTConnection|sample@tact-1: reading error 
java.net.SocketException: Connection reset
	at java.net.SocketInputStream.read(Unknown Source)
	at java.net.SocketInputStream.read(Unknown Source)
	at java.net.SocketInputStream.read(Unknown Source)
	at java.io.DataInputStream.readInt(Unknown Source)
	at se.sics.isl.tact.TACTConnection$TACTReader.run(TACTConnection.java:405)
08/04 21:11:30 INFO sim.Simulation|***** START OF TIME 21 *****
08/04 21:11:32 INFO sim.Simulation|***** START OF TIME 21 COMPLETE *****
08/04 21:11:40 INFO sim.Simulation|***** START OF TIME 22 *****
08/04 21:11:51 INFO sim.Simulation|***** START OF TIME 22 COMPLETE *****
08/04 21:11:51 INFO sim.Simulation|***** START OF TIME 23 *****
08/04 21:11:54 INFO sim.Simulation|***** START OF TIME 23 COMPLETE *****
08/04 21:12:00 INFO sim.Simulation|***** START OF TIME 24 *****
08/04 21:12:03 INFO sim.Simulation|***** START OF TIME 24 COMPLETE *****
08/04 21:12:10 INFO sim.Simulation|***** START OF TIME 25 *****
08/04 21:12:13 INFO sim.Simulation|***** START OF TIME 25 COMPLETE *****
09/04 17:08:00 FINE sim.Admin|Log for simulation 23 started
************************************************************
* Log for simulation 23 started
************************************************************


09/04 17:08:00 FINE sim.ExternalAgent|sample setup with address adv1
09/04 17:08:00 INFO sim.Simulation|***** START OF TIME 0 *****
09/04 17:08:00 INFO sim.Simulation|***** START OF TIME 0 COMPLETE *****
09/04 17:08:06 SEVERE tact.TACTConnection|sample@tact-1: reading error 
java.net.SocketException: Connection reset
	at java.net.SocketInputStream.read(Unknown Source)
	at java.net.SocketInputStream.read(Unknown Source)
	at java.net.SocketInputStream.read(Unknown Source)
	at java.io.DataInputStream.readInt(Unknown Source)
	at se.sics.isl.tact.TACTConnection$TACTReader.run(TACTConnection.java:405)
09/04 17:08:10 INFO sim.Simulation|***** START OF TIME 1 *****
09/04 17:08:11 INFO sim.Simulation|***** START OF TIME 1 COMPLETE *****
09/04 17:08:20 INFO sim.Simulation|***** START OF TIME 2 *****
09/04 17:08:22 INFO sim.Simulation|***** START OF TIME 2 COMPLETE *****
09/04 17:08:30 INFO sim.Simulation|***** START OF TIME 3 *****
09/04 17:08:31 INFO sim.Simulation|***** START OF TIME 3 COMPLETE *****
09/04 17:08:40 INFO sim.Simulation|***** START OF TIME 4 *****
09/04 17:08:41 INFO sim.Simulation|***** START OF TIME 4 COMPLETE *****
09/04 17:08:50 INFO sim.Simulation|***** START OF TIME 5 *****
09/04 17:08:51 INFO sim.Simulation|***** START OF TIME 5 COMPLETE *****
09/04 17:09:00 INFO sim.Simulation|***** START OF TIME 6 *****
09/04 17:09:01 INFO sim.Simulation|***** START OF TIME 6 COMPLETE *****
09/04 17:09:10 INFO sim.Simulation|***** START OF TIME 7 *****
09/04 17:09:12 INFO sim.Simulation|***** START OF TIME 7 COMPLETE *****
09/04 17:09:20 INFO sim.Simulation|***** START OF TIME 8 *****
09/04 17:09:21 INFO sim.Simulation|***** START OF TIME 8 COMPLETE *****
09/04 17:09:30 INFO sim.Simulation|***** START OF TIME 9 *****
09/04 17:09:31 INFO sim.Simulation|***** START OF TIME 9 COMPLETE *****
