08/04 21:20:00 FINE sim.Admin|Log for simulation 27 started
************************************************************
* Log for simulation 27 started
************************************************************


08/04 21:20:00 FINE sim.ExternalAgent|sample setup with address adv1
08/04 21:20:00 INFO sim.Simulation|***** START OF TIME 0 *****
08/04 21:20:00 INFO sim.Simulation|***** START OF TIME 0 COMPLETE *****
08/04 21:20:10 INFO sim.Simulation|***** START OF TIME 1 *****
08/04 21:20:12 INFO sim.Simulation|***** START OF TIME 1 COMPLETE *****
08/04 21:20:20 INFO sim.Simulation|***** START OF TIME 2 *****
08/04 21:20:23 INFO sim.Simulation|***** START OF TIME 2 COMPLETE *****
08/04 21:20:30 INFO sim.Simulation|***** START OF TIME 3 *****
08/04 21:20:31 INFO sim.Simulation|***** START OF TIME 3 COMPLETE *****
08/04 21:20:40 INFO sim.Simulation|***** START OF TIME 4 *****
08/04 21:20:42 INFO sim.Simulation|***** START OF TIME 4 COMPLETE *****
08/04 21:20:50 INFO sim.Simulation|***** START OF TIME 5 *****
08/04 21:20:54 SEVERE tact.TACTConnection|sample@tact-1: reading error 
java.net.SocketException: Connection reset
	at java.net.SocketInputStream.read(Unknown Source)
	at java.net.SocketInputStream.read(Unknown Source)
	at java.net.SocketInputStream.read(Unknown Source)
	at java.io.DataInputStream.readInt(Unknown Source)
	at se.sics.isl.tact.TACTConnection$TACTReader.run(TACTConnection.java:405)
08/04 21:20:54 INFO sim.Simulation|***** START OF TIME 5 COMPLETE *****
08/04 21:21:00 INFO sim.Simulation|***** START OF TIME 6 *****
08/04 21:21:01 INFO sim.Simulation|***** START OF TIME 6 COMPLETE *****
08/04 21:21:10 INFO sim.Simulation|***** START OF TIME 7 *****
08/04 21:21:12 INFO sim.Simulation|***** START OF TIME 7 COMPLETE *****
08/04 21:21:20 INFO sim.Simulation|***** START OF TIME 8 *****
08/04 21:21:22 INFO sim.Simulation|***** START OF TIME 8 COMPLETE *****
08/04 21:21:30 INFO sim.Simulation|***** START OF TIME 9 *****
08/04 21:21:34 INFO sim.Simulation|***** START OF TIME 9 COMPLETE *****
08/04 21:21:40 INFO sim.Simulation|***** START OF TIME 10 *****
08/04 21:21:41 INFO sim.Simulation|***** START OF TIME 10 COMPLETE *****
08/04 21:21:50 INFO sim.Simulation|***** START OF TIME 11 *****
08/04 21:21:53 INFO sim.Simulation|***** START OF TIME 11 COMPLETE *****
08/04 21:22:00 INFO sim.Simulation|***** START OF TIME 12 *****
08/04 21:22:02 INFO sim.Simulation|***** START OF TIME 12 COMPLETE *****
08/04 21:22:10 INFO sim.Simulation|***** START OF TIME 13 *****
08/04 21:22:11 INFO sim.Simulation|***** START OF TIME 13 COMPLETE *****
08/04 21:22:20 INFO sim.Simulation|***** START OF TIME 14 *****
08/04 21:22:22 INFO sim.Simulation|***** START OF TIME 14 COMPLETE *****
08/04 21:22:30 INFO sim.Simulation|***** START OF TIME 15 *****
08/04 21:22:31 INFO sim.Simulation|***** START OF TIME 15 COMPLETE *****
08/04 21:22:40 INFO sim.Simulation|***** START OF TIME 16 *****
08/04 21:22:41 INFO sim.Simulation|***** START OF TIME 16 COMPLETE *****
08/04 21:22:50 INFO sim.Simulation|***** START OF TIME 17 *****
08/04 21:22:51 INFO sim.Simulation|***** START OF TIME 17 COMPLETE *****
08/04 21:23:00 INFO sim.Simulation|***** START OF TIME 18 *****
08/04 21:23:05 INFO sim.Simulation|***** START OF TIME 18 COMPLETE *****
08/04 21:23:10 INFO sim.Simulation|***** START OF TIME 19 *****
08/04 21:23:12 INFO sim.Simulation|***** START OF TIME 19 COMPLETE *****
08/04 21:23:20 INFO sim.Simulation|***** START OF TIME 20 *****
08/04 21:23:21 INFO sim.Simulation|***** START OF TIME 20 COMPLETE *****
08/04 21:23:30 INFO sim.Simulation|***** START OF TIME 21 *****
08/04 21:23:32 INFO sim.Simulation|***** START OF TIME 21 COMPLETE *****
08/04 21:23:40 INFO sim.Simulation|***** START OF TIME 22 *****
08/04 21:23:44 INFO sim.Simulation|***** START OF TIME 22 COMPLETE *****
08/04 21:23:50 INFO sim.Simulation|***** START OF TIME 23 *****
08/04 21:23:51 INFO sim.Simulation|***** START OF TIME 23 COMPLETE *****
08/04 21:24:00 INFO sim.Simulation|***** START OF TIME 24 *****
08/04 21:24:03 INFO sim.Simulation|***** START OF TIME 24 COMPLETE *****
08/04 21:24:10 INFO sim.Simulation|***** START OF TIME 25 *****
08/04 21:24:12 INFO sim.Simulation|***** START OF TIME 25 COMPLETE *****
08/04 21:24:20 INFO sim.Simulation|***** START OF TIME 26 *****
08/04 21:24:22 INFO sim.Simulation|***** START OF TIME 26 COMPLETE *****
08/04 21:24:30 INFO sim.Simulation|***** START OF TIME 27 *****
08/04 21:24:31 INFO sim.Simulation|***** START OF TIME 27 COMPLETE *****
08/04 21:24:40 INFO sim.Simulation|***** START OF TIME 28 *****
08/04 21:24:42 INFO sim.Simulation|***** START OF TIME 28 COMPLETE *****
08/04 21:24:50 INFO sim.Simulation|***** START OF TIME 29 *****
09/04 17:22:00 FINE sim.Admin|Log for simulation 27 started
************************************************************
* Log for simulation 27 started
************************************************************


09/04 17:22:00 FINE sim.ExternalAgent|sample setup with address adv1
09/04 17:22:00 INFO sim.Simulation|***** START OF TIME 0 *****
09/04 17:22:00 INFO sim.Simulation|***** START OF TIME 0 COMPLETE *****
09/04 17:22:10 INFO sim.Simulation|***** START OF TIME 1 *****
09/04 17:22:11 SEVERE tact.TACTConnection|sample@tact-1: reading error 
java.net.SocketException: Connection reset
	at java.net.SocketInputStream.read(Unknown Source)
	at java.net.SocketInputStream.read(Unknown Source)
	at java.net.SocketInputStream.read(Unknown Source)
	at java.io.DataInputStream.readInt(Unknown Source)
	at se.sics.isl.tact.TACTConnection$TACTReader.run(TACTConnection.java:405)
09/04 17:22:11 INFO sim.Simulation|***** START OF TIME 1 COMPLETE *****
09/04 17:22:20 INFO sim.Simulation|***** START OF TIME 2 *****
09/04 17:22:20 INFO sim.Simulation|***** START OF TIME 2 COMPLETE *****
09/04 17:22:30 INFO sim.Simulation|***** START OF TIME 3 *****
09/04 17:22:31 INFO sim.Simulation|***** START OF TIME 3 COMPLETE *****
09/04 17:22:40 INFO sim.Simulation|***** START OF TIME 4 *****
09/04 17:22:40 INFO sim.Simulation|***** START OF TIME 4 COMPLETE *****
09/04 17:22:50 INFO sim.Simulation|***** START OF TIME 5 *****
09/04 17:22:51 INFO sim.Simulation|***** START OF TIME 5 COMPLETE *****
09/04 17:23:00 INFO sim.Simulation|***** START OF TIME 6 *****
09/04 17:23:00 INFO sim.Simulation|***** START OF TIME 6 COMPLETE *****
09/04 17:23:10 INFO sim.Simulation|***** START OF TIME 7 *****
09/04 17:23:10 INFO sim.Simulation|***** START OF TIME 7 COMPLETE *****
09/04 17:23:20 INFO sim.Simulation|***** START OF TIME 8 *****
09/04 17:23:20 INFO sim.Simulation|***** START OF TIME 8 COMPLETE *****
09/04 17:23:30 INFO sim.Simulation|***** START OF TIME 9 *****
09/04 17:23:31 INFO sim.Simulation|***** START OF TIME 9 COMPLETE *****
09/04 17:23:40 INFO sim.Simulation|***** START OF TIME 10 *****
09/04 17:23:41 INFO sim.Simulation|***** START OF TIME 10 COMPLETE *****
09/04 17:23:50 INFO sim.Simulation|***** START OF TIME 11 *****
09/04 17:23:51 INFO sim.Simulation|***** START OF TIME 11 COMPLETE *****
09/04 17:24:00 INFO sim.Simulation|***** START OF TIME 12 *****
09/04 17:24:00 INFO sim.Simulation|***** START OF TIME 12 COMPLETE *****
09/04 17:24:10 INFO sim.Simulation|***** START OF TIME 13 *****
09/04 17:24:11 INFO sim.Simulation|***** START OF TIME 13 COMPLETE *****
09/04 17:24:20 INFO sim.Simulation|***** START OF TIME 14 *****
09/04 17:24:21 INFO sim.Simulation|***** START OF TIME 14 COMPLETE *****
09/04 17:24:30 INFO sim.Simulation|***** START OF TIME 15 *****
09/04 17:24:30 INFO sim.Simulation|***** START OF TIME 15 COMPLETE *****
09/04 17:24:40 INFO sim.Simulation|***** START OF TIME 16 *****
09/04 17:24:40 INFO sim.Simulation|***** START OF TIME 16 COMPLETE *****
09/04 17:24:50 INFO sim.Simulation|***** START OF TIME 17 *****
09/04 17:24:50 INFO sim.Simulation|***** START OF TIME 17 COMPLETE *****
09/04 17:25:00 INFO sim.Simulation|***** START OF TIME 18 *****
09/04 17:25:00 INFO sim.Simulation|***** START OF TIME 18 COMPLETE *****
09/04 17:25:10 INFO sim.Simulation|***** START OF TIME 19 *****
09/04 17:25:10 INFO sim.Simulation|***** START OF TIME 19 COMPLETE *****
09/04 17:25:20 INFO sim.Simulation|***** START OF TIME 20 *****
09/04 17:25:20 INFO sim.Simulation|***** START OF TIME 20 COMPLETE *****
09/04 17:25:30 INFO sim.Simulation|***** START OF TIME 21 *****
09/04 17:25:30 INFO sim.Simulation|***** START OF TIME 21 COMPLETE *****
09/04 17:25:40 INFO sim.Simulation|***** START OF TIME 22 *****
09/04 17:25:40 INFO sim.Simulation|***** START OF TIME 22 COMPLETE *****
09/04 17:25:50 INFO sim.Simulation|***** START OF TIME 23 *****
09/04 17:25:50 INFO sim.Simulation|***** START OF TIME 23 COMPLETE *****
09/04 17:26:00 INFO sim.Simulation|***** START OF TIME 24 *****
09/04 17:26:00 INFO sim.Simulation|***** START OF TIME 24 COMPLETE *****
09/04 17:26:10 INFO sim.Simulation|***** START OF TIME 25 *****
09/04 17:26:10 INFO sim.Simulation|***** START OF TIME 25 COMPLETE *****
09/04 17:26:20 INFO sim.Simulation|***** START OF TIME 26 *****
09/04 17:26:20 INFO sim.Simulation|***** START OF TIME 26 COMPLETE *****
09/04 17:26:30 INFO sim.Simulation|***** START OF TIME 27 *****
09/04 17:26:30 INFO sim.Simulation|***** START OF TIME 27 COMPLETE *****
09/04 17:26:40 INFO sim.Simulation|***** START OF TIME 28 *****
09/04 17:26:40 INFO sim.Simulation|***** START OF TIME 28 COMPLETE *****
09/04 17:26:50 INFO sim.Simulation|***** START OF TIME 29 *****
09/04 17:26:50 INFO sim.Simulation|***** START OF TIME 29 COMPLETE *****
09/04 17:27:00 INFO sim.Simulation|***** START OF TIME 30 *****
09/04 17:27:00 INFO sim.Simulation|***** START OF TIME 30 COMPLETE *****
09/04 17:27:10 INFO sim.Simulation|***** START OF TIME 31 *****
09/04 17:27:10 INFO sim.Simulation|***** START OF TIME 31 COMPLETE *****
09/04 17:27:20 INFO sim.Simulation|***** START OF TIME 32 *****
09/04 17:27:20 INFO sim.Simulation|***** START OF TIME 32 COMPLETE *****
09/04 17:27:30 INFO sim.Simulation|***** START OF TIME 33 *****
09/04 17:27:30 INFO sim.Simulation|***** START OF TIME 33 COMPLETE *****
09/04 17:27:40 INFO sim.Simulation|***** START OF TIME 34 *****
09/04 17:27:40 INFO sim.Simulation|***** START OF TIME 34 COMPLETE *****
09/04 17:27:50 INFO sim.Simulation|***** START OF TIME 35 *****
09/04 17:27:50 INFO sim.Simulation|***** START OF TIME 35 COMPLETE *****
09/04 17:28:00 INFO sim.Simulation|***** START OF TIME 36 *****
09/04 17:28:00 INFO sim.Simulation|***** START OF TIME 36 COMPLETE *****
09/04 17:28:10 INFO sim.Simulation|***** START OF TIME 37 *****
09/04 17:28:10 INFO sim.Simulation|***** START OF TIME 37 COMPLETE *****
09/04 17:28:20 INFO sim.Simulation|***** START OF TIME 38 *****
09/04 17:28:20 INFO sim.Simulation|***** START OF TIME 38 COMPLETE *****
09/04 17:28:30 INFO sim.Simulation|***** START OF TIME 39 *****
09/04 17:28:30 INFO sim.Simulation|***** START OF TIME 39 COMPLETE *****
09/04 17:28:40 INFO sim.Simulation|***** START OF TIME 40 *****
09/04 17:28:40 INFO sim.Simulation|***** START OF TIME 40 COMPLETE *****
09/04 17:28:50 INFO sim.Simulation|***** START OF TIME 41 *****
09/04 17:28:50 INFO sim.Simulation|***** START OF TIME 41 COMPLETE *****
09/04 17:29:00 INFO sim.Simulation|***** START OF TIME 42 *****
09/04 17:29:01 INFO sim.Simulation|***** START OF TIME 42 COMPLETE *****
09/04 17:29:10 INFO sim.Simulation|***** START OF TIME 43 *****
09/04 17:29:11 INFO sim.Simulation|***** START OF TIME 43 COMPLETE *****
09/04 17:29:20 INFO sim.Simulation|***** START OF TIME 44 *****
09/04 17:29:20 INFO sim.Simulation|***** START OF TIME 44 COMPLETE *****
09/04 17:29:30 INFO sim.Simulation|***** START OF TIME 45 *****
09/04 17:29:31 INFO sim.Simulation|***** START OF TIME 45 COMPLETE *****
09/04 17:29:40 INFO sim.Simulation|***** START OF TIME 46 *****
09/04 17:29:40 INFO sim.Simulation|***** START OF TIME 46 COMPLETE *****
09/04 17:29:50 INFO sim.Simulation|***** START OF TIME 47 *****
09/04 17:29:50 INFO sim.Simulation|***** START OF TIME 47 COMPLETE *****
09/04 17:30:00 INFO sim.Simulation|***** START OF TIME 48 *****
09/04 17:30:00 INFO sim.Simulation|***** START OF TIME 48 COMPLETE *****
09/04 17:30:10 INFO sim.Simulation|***** START OF TIME 49 *****
09/04 17:30:10 INFO sim.Simulation|***** START OF TIME 49 COMPLETE *****
09/04 17:30:20 INFO sim.Simulation|***** START OF TIME 50 *****
09/04 17:30:21 INFO sim.Simulation|***** START OF TIME 50 COMPLETE *****
09/04 17:30:30 INFO sim.Simulation|***** START OF TIME 51 *****
09/04 17:30:30 INFO sim.Simulation|***** START OF TIME 51 COMPLETE *****
09/04 17:30:40 INFO sim.Simulation|***** START OF TIME 52 *****
09/04 17:30:40 INFO sim.Simulation|***** START OF TIME 52 COMPLETE *****
09/04 17:30:50 INFO sim.Simulation|***** START OF TIME 53 *****
09/04 17:30:50 INFO sim.Simulation|***** START OF TIME 53 COMPLETE *****
09/04 17:31:00 INFO sim.Simulation|***** START OF TIME 54 *****
09/04 17:31:00 INFO sim.Simulation|***** START OF TIME 54 COMPLETE *****
09/04 17:31:10 INFO sim.Simulation|***** START OF TIME 55 *****
09/04 17:31:10 INFO sim.Simulation|***** START OF TIME 55 COMPLETE *****
09/04 17:31:20 INFO sim.Simulation|***** START OF TIME 56 *****
09/04 17:31:20 INFO sim.Simulation|***** START OF TIME 56 COMPLETE *****
09/04 17:31:30 INFO sim.Simulation|***** START OF TIME 57 *****
09/04 17:31:30 INFO sim.Simulation|***** START OF TIME 57 COMPLETE *****
09/04 17:31:40 INFO sim.Simulation|***** START OF TIME 58 *****
09/04 17:31:40 INFO sim.Simulation|***** START OF TIME 58 COMPLETE *****
09/04 17:31:50 INFO sim.Simulation|***** START OF TIME 59 *****
09/04 17:31:50 INFO sim.Simulation|***** START OF TIME 59 COMPLETE *****
09/04 17:32:00 INFO sim.Simulation|***** START OF TIME 60 *****
09/04 17:32:00 FINE sim.Simulation|Simulation 27 is requested to stop
09/04 17:32:00 INFO sim.Simulation|***** START OF TIME 60 COMPLETE *****
09/04 17:32:00 FINE sim.Simulation|Simulation 27 is preparing to stop
09/04 17:32:00 FINE sim.Simulation|Simulation 27 is being stopped
09/04 17:32:00 FINE sim.Admin|Simulation log complete
************************************************************
* Simulation log complete
************************************************************


