08/04 20:04:00 FINE sim.Admin|Log for simulation 19 started
************************************************************
* Log for simulation 19 started
************************************************************


08/04 20:04:00 FINE sim.ExternalAgent|sample setup with address adv1
08/04 20:04:00 INFO sim.Simulation|***** START OF TIME 0 *****
08/04 20:04:00 INFO sim.Simulation|***** START OF TIME 0 COMPLETE *****
08/04 20:04:10 INFO sim.Simulation|***** START OF TIME 1 *****
08/04 20:04:11 INFO sim.Simulation|***** START OF TIME 1 COMPLETE *****
08/04 20:04:20 INFO sim.Simulation|***** START OF TIME 2 *****
08/04 20:04:21 INFO sim.Simulation|***** START OF TIME 2 COMPLETE *****
08/04 20:04:30 INFO sim.Simulation|***** START OF TIME 3 *****
08/04 20:04:31 INFO sim.Simulation|***** START OF TIME 3 COMPLETE *****
08/04 20:04:40 INFO sim.Simulation|***** START OF TIME 4 *****
08/04 20:04:41 INFO sim.Simulation|***** START OF TIME 4 COMPLETE *****
08/04 20:04:50 INFO sim.Simulation|***** START OF TIME 5 *****
08/04 20:04:51 INFO sim.Simulation|***** START OF TIME 5 COMPLETE *****
08/04 20:05:00 INFO sim.Simulation|***** START OF TIME 6 *****
08/04 20:05:01 INFO sim.Simulation|***** START OF TIME 6 COMPLETE *****
08/04 20:05:10 INFO sim.Simulation|***** START OF TIME 7 *****
08/04 20:05:11 INFO sim.Simulation|***** START OF TIME 7 COMPLETE *****
08/04 20:05:20 INFO sim.Simulation|***** START OF TIME 8 *****
08/04 20:05:21 INFO sim.Simulation|***** START OF TIME 8 COMPLETE *****
08/04 20:05:30 INFO sim.Simulation|***** START OF TIME 9 *****
08/04 20:05:31 INFO sim.Simulation|***** START OF TIME 9 COMPLETE *****
08/04 20:05:40 INFO sim.Simulation|***** START OF TIME 10 *****
08/04 20:05:40 INFO sim.Simulation|***** START OF TIME 10 COMPLETE *****
08/04 20:05:50 INFO sim.Simulation|***** START OF TIME 11 *****
08/04 20:05:51 INFO sim.Simulation|***** START OF TIME 11 COMPLETE *****
08/04 20:06:00 INFO sim.Simulation|***** START OF TIME 12 *****
08/04 20:06:01 INFO sim.Simulation|***** START OF TIME 12 COMPLETE *****
08/04 20:06:10 INFO sim.Simulation|***** START OF TIME 13 *****
08/04 20:06:11 INFO sim.Simulation|***** START OF TIME 13 COMPLETE *****
08/04 20:06:20 INFO sim.Simulation|***** START OF TIME 14 *****
08/04 20:06:20 INFO sim.Simulation|***** START OF TIME 14 COMPLETE *****
08/04 20:06:30 INFO sim.Simulation|***** START OF TIME 15 *****
08/04 20:06:32 INFO sim.Simulation|***** START OF TIME 15 COMPLETE *****
08/04 20:06:40 INFO sim.Simulation|***** START OF TIME 16 *****
08/04 20:06:41 INFO sim.Simulation|***** START OF TIME 16 COMPLETE *****
08/04 20:06:50 INFO sim.Simulation|***** START OF TIME 17 *****
08/04 20:06:51 INFO sim.Simulation|***** START OF TIME 17 COMPLETE *****
08/04 20:07:00 INFO sim.Simulation|***** START OF TIME 18 *****
08/04 20:07:01 INFO sim.Simulation|***** START OF TIME 18 COMPLETE *****
08/04 20:07:10 INFO sim.Simulation|***** START OF TIME 19 *****
08/04 20:07:11 INFO sim.Simulation|***** START OF TIME 19 COMPLETE *****
08/04 20:07:20 INFO sim.Simulation|***** START OF TIME 20 *****
08/04 20:07:21 INFO sim.Simulation|***** START OF TIME 20 COMPLETE *****
08/04 20:07:30 INFO sim.Simulation|***** START OF TIME 21 *****
08/04 20:07:31 INFO sim.Simulation|***** START OF TIME 21 COMPLETE *****
08/04 20:07:40 INFO sim.Simulation|***** START OF TIME 22 *****
08/04 20:07:41 INFO sim.Simulation|***** START OF TIME 22 COMPLETE *****
08/04 20:07:50 INFO sim.Simulation|***** START OF TIME 23 *****
08/04 20:07:51 INFO sim.Simulation|***** START OF TIME 23 COMPLETE *****
08/04 20:08:00 INFO sim.Simulation|***** START OF TIME 24 *****
08/04 20:08:01 INFO sim.Simulation|***** START OF TIME 24 COMPLETE *****
08/04 20:08:10 INFO sim.Simulation|***** START OF TIME 25 *****
08/04 20:08:12 INFO sim.Simulation|***** START OF TIME 25 COMPLETE *****
08/04 20:08:20 INFO sim.Simulation|***** START OF TIME 26 *****
08/04 20:08:20 INFO sim.Simulation|***** START OF TIME 26 COMPLETE *****
08/04 20:08:30 INFO sim.Simulation|***** START OF TIME 27 *****
08/04 20:08:31 INFO sim.Simulation|***** START OF TIME 27 COMPLETE *****
08/04 20:08:40 INFO sim.Simulation|***** START OF TIME 28 *****
08/04 20:08:41 INFO sim.Simulation|***** START OF TIME 28 COMPLETE *****
08/04 20:08:50 INFO sim.Simulation|***** START OF TIME 29 *****
08/04 20:08:51 INFO sim.Simulation|***** START OF TIME 29 COMPLETE *****
08/04 20:09:00 INFO sim.Simulation|***** START OF TIME 30 *****
08/04 20:09:01 INFO sim.Simulation|***** START OF TIME 30 COMPLETE *****
08/04 20:09:10 INFO sim.Simulation|***** START OF TIME 31 *****
08/04 20:09:12 INFO sim.Simulation|***** START OF TIME 31 COMPLETE *****
08/04 20:09:20 INFO sim.Simulation|***** START OF TIME 32 *****
08/04 20:09:21 INFO sim.Simulation|***** START OF TIME 32 COMPLETE *****
08/04 20:09:30 INFO sim.Simulation|***** START OF TIME 33 *****
08/04 20:09:31 INFO sim.Simulation|***** START OF TIME 33 COMPLETE *****
08/04 20:09:40 INFO sim.Simulation|***** START OF TIME 34 *****
08/04 20:09:41 INFO sim.Simulation|***** START OF TIME 34 COMPLETE *****
08/04 20:09:50 INFO sim.Simulation|***** START OF TIME 35 *****
08/04 20:09:51 INFO sim.Simulation|***** START OF TIME 35 COMPLETE *****
08/04 20:10:00 INFO sim.Simulation|***** START OF TIME 36 *****
08/04 20:10:01 INFO sim.Simulation|***** START OF TIME 36 COMPLETE *****
08/04 20:10:10 INFO sim.Simulation|***** START OF TIME 37 *****
08/04 20:10:12 INFO sim.Simulation|***** START OF TIME 37 COMPLETE *****
08/04 20:10:20 INFO sim.Simulation|***** START OF TIME 38 *****
08/04 20:10:21 INFO sim.Simulation|***** START OF TIME 38 COMPLETE *****
08/04 20:10:30 INFO sim.Simulation|***** START OF TIME 39 *****
08/04 20:10:31 INFO sim.Simulation|***** START OF TIME 39 COMPLETE *****
08/04 20:10:40 INFO sim.Simulation|***** START OF TIME 40 *****
08/04 20:10:40 INFO sim.Simulation|***** START OF TIME 40 COMPLETE *****
08/04 20:10:50 INFO sim.Simulation|***** START OF TIME 41 *****
08/04 20:10:51 INFO sim.Simulation|***** START OF TIME 41 COMPLETE *****
08/04 20:11:00 INFO sim.Simulation|***** START OF TIME 42 *****
08/04 20:11:00 INFO sim.Simulation|***** START OF TIME 42 COMPLETE *****
08/04 20:11:10 INFO sim.Simulation|***** START OF TIME 43 *****
08/04 20:11:11 INFO sim.Simulation|***** START OF TIME 43 COMPLETE *****
08/04 20:11:20 INFO sim.Simulation|***** START OF TIME 44 *****
08/04 20:11:20 INFO sim.Simulation|***** START OF TIME 44 COMPLETE *****
08/04 20:11:30 INFO sim.Simulation|***** START OF TIME 45 *****
08/04 20:11:31 INFO sim.Simulation|***** START OF TIME 45 COMPLETE *****
08/04 20:11:40 INFO sim.Simulation|***** START OF TIME 46 *****
08/04 20:11:41 INFO sim.Simulation|***** START OF TIME 46 COMPLETE *****
08/04 20:11:50 INFO sim.Simulation|***** START OF TIME 47 *****
08/04 20:11:52 INFO sim.Simulation|***** START OF TIME 47 COMPLETE *****
08/04 20:12:00 INFO sim.Simulation|***** START OF TIME 48 *****
08/04 20:12:01 INFO sim.Simulation|***** START OF TIME 48 COMPLETE *****
08/04 20:12:10 INFO sim.Simulation|***** START OF TIME 49 *****
08/04 20:12:11 INFO sim.Simulation|***** START OF TIME 49 COMPLETE *****
08/04 20:12:20 INFO sim.Simulation|***** START OF TIME 50 *****
08/04 20:12:21 INFO sim.Simulation|***** START OF TIME 50 COMPLETE *****
08/04 20:12:30 INFO sim.Simulation|***** START OF TIME 51 *****
08/04 20:12:32 INFO sim.Simulation|***** START OF TIME 51 COMPLETE *****
08/04 20:12:40 INFO sim.Simulation|***** START OF TIME 52 *****
08/04 20:12:40 INFO sim.Simulation|***** START OF TIME 52 COMPLETE *****
08/04 20:12:50 INFO sim.Simulation|***** START OF TIME 53 *****
08/04 20:12:52 INFO sim.Simulation|***** START OF TIME 53 COMPLETE *****
08/04 20:13:00 INFO sim.Simulation|***** START OF TIME 54 *****
08/04 20:13:01 INFO sim.Simulation|***** START OF TIME 54 COMPLETE *****
08/04 20:13:10 INFO sim.Simulation|***** START OF TIME 55 *****
08/04 20:13:11 INFO sim.Simulation|***** START OF TIME 55 COMPLETE *****
08/04 20:13:20 INFO sim.Simulation|***** START OF TIME 56 *****
08/04 20:13:21 INFO sim.Simulation|***** START OF TIME 56 COMPLETE *****
08/04 20:13:30 INFO sim.Simulation|***** START OF TIME 57 *****
08/04 20:13:31 INFO sim.Simulation|***** START OF TIME 57 COMPLETE *****
08/04 20:13:40 INFO sim.Simulation|***** START OF TIME 58 *****
08/04 20:13:41 INFO sim.Simulation|***** START OF TIME 58 COMPLETE *****
08/04 20:13:50 INFO sim.Simulation|***** START OF TIME 59 *****
08/04 20:13:51 INFO sim.Simulation|***** START OF TIME 59 COMPLETE *****
08/04 20:14:00 INFO sim.Simulation|***** START OF TIME 60 *****
08/04 20:14:00 FINE sim.Simulation|Simulation 19 is requested to stop
08/04 20:14:00 INFO sim.Simulation|***** START OF TIME 60 COMPLETE *****
08/04 20:14:00 FINE sim.Simulation|Simulation 19 is preparing to stop
08/04 20:14:00 FINE sim.Simulation|Simulation 19 is being stopped
08/04 20:14:00 INFO sim.Admin|created simulation 20
08/04 20:14:00 SEVERE common.SimServer|could not set 'lastUniqueSimulationID' to 20
java.lang.ArrayIndexOutOfBoundsException: -1
	at se.sics.isl.db.file.IntField.set(IntField.java:126)
	at se.sics.isl.db.file.FileDBTable.update(FileDBTable.java:242)
	at se.sics.tasim.is.common.SimServer.setStateTable(SimServer.java:3050)
	at se.sics.tasim.is.common.SimServer.simulationCreated(SimServer.java:686)
	at se.sics.tasim.is.common.InfoConnectionImpl.simulationCreated(InfoConnectionImpl.java:92)
	at se.sics.tasim.sim.Admin.simulationCreated(Admin.java:558)
	at se.sics.tasim.sim.Admin.joinSimulation(Admin.java:543)
	at se.sics.tasim.sim.Admin.replyJoinSimulation(Admin.java:1658)
	at se.sics.tasim.sim.Admin.handleMessage(Admin.java:1574)
	at se.sics.tasim.sim.Admin.deliverMessageFromAgent(Admin.java:1534)
	at se.sics.tasim.sim.AgentChannel.deliverFromAgent(AgentChannel.java:168)
	at se.sics.tasim.sim.server.TACTChannel.deliverFromAgent(TACTChannel.java:303)
	at se.sics.tasim.sim.server.TACTChannel.dataRead(TACTChannel.java:181)
	at se.sics.tasim.sim.server.TACTChannel.access$1(TACTChannel.java:175)
	at se.sics.tasim.sim.server.TACTChannel$1.dataRead(TACTChannel.java:84)
	at se.sics.isl.tact.TACTConnection$TACTReader.run(TACTConnection.java:414)
08/04 20:14:00 FINE sim.Admin|Simulation log complete
************************************************************
* Simulation log complete
************************************************************


09/04 16:48:00 FINE sim.Admin|Log for simulation 19 started
************************************************************
* Log for simulation 19 started
************************************************************


09/04 16:48:00 FINE sim.ExternalAgent|sample setup with address adv1
09/04 16:48:00 INFO sim.Simulation|***** START OF TIME 0 *****
09/04 16:48:00 INFO sim.Simulation|***** START OF TIME 0 COMPLETE *****
09/04 16:48:07 SEVERE tact.TACTConnection|sample@tact-1: reading error 
java.net.SocketException: Connection reset
	at java.net.SocketInputStream.read(Unknown Source)
	at java.net.SocketInputStream.read(Unknown Source)
	at java.net.SocketInputStream.read(Unknown Source)
	at java.io.DataInputStream.readInt(Unknown Source)
	at se.sics.isl.tact.TACTConnection$TACTReader.run(TACTConnection.java:405)
09/04 16:48:10 INFO sim.Simulation|***** START OF TIME 1 *****
09/04 16:48:10 INFO sim.Simulation|***** START OF TIME 1 COMPLETE *****
09/04 16:48:20 INFO sim.Simulation|***** START OF TIME 2 *****
09/04 16:48:20 INFO sim.Simulation|***** START OF TIME 2 COMPLETE *****
09/04 16:48:30 INFO sim.Simulation|***** START OF TIME 3 *****
09/04 16:48:30 INFO sim.Simulation|***** START OF TIME 3 COMPLETE *****
09/04 16:48:40 INFO sim.Simulation|***** START OF TIME 4 *****
09/04 16:48:40 INFO sim.Simulation|***** START OF TIME 4 COMPLETE *****
09/04 16:48:50 INFO sim.Simulation|***** START OF TIME 5 *****
09/04 16:48:50 INFO sim.Simulation|***** START OF TIME 5 COMPLETE *****
09/04 16:49:00 INFO sim.Simulation|***** START OF TIME 6 *****
09/04 16:49:00 INFO sim.Simulation|***** START OF TIME 6 COMPLETE *****
09/04 16:49:10 INFO sim.Simulation|***** START OF TIME 7 *****
09/04 16:49:10 INFO sim.Simulation|***** START OF TIME 7 COMPLETE *****
09/04 16:49:20 INFO sim.Simulation|***** START OF TIME 8 *****
09/04 16:49:20 INFO sim.Simulation|***** START OF TIME 8 COMPLETE *****
09/04 16:49:30 INFO sim.Simulation|***** START OF TIME 9 *****
09/04 16:49:30 INFO sim.Simulation|***** START OF TIME 9 COMPLETE *****
09/04 16:49:40 INFO sim.Simulation|***** START OF TIME 10 *****
09/04 16:49:40 INFO sim.Simulation|***** START OF TIME 10 COMPLETE *****
09/04 16:49:50 INFO sim.Simulation|***** START OF TIME 11 *****
09/04 16:49:50 INFO sim.Simulation|***** START OF TIME 11 COMPLETE *****
09/04 16:50:00 INFO sim.Simulation|***** START OF TIME 12 *****
09/04 16:50:00 INFO sim.Simulation|***** START OF TIME 12 COMPLETE *****
09/04 16:50:10 INFO sim.Simulation|***** START OF TIME 13 *****
09/04 16:50:10 INFO sim.Simulation|***** START OF TIME 13 COMPLETE *****
09/04 16:50:20 INFO sim.Simulation|***** START OF TIME 14 *****
09/04 16:50:20 INFO sim.Simulation|***** START OF TIME 14 COMPLETE *****
09/04 16:50:30 INFO sim.Simulation|***** START OF TIME 15 *****
09/04 16:50:30 INFO sim.Simulation|***** START OF TIME 15 COMPLETE *****
09/04 16:50:40 INFO sim.Simulation|***** START OF TIME 16 *****
09/04 16:50:40 INFO sim.Simulation|***** START OF TIME 16 COMPLETE *****
09/04 16:50:50 INFO sim.Simulation|***** START OF TIME 17 *****
09/04 16:50:50 INFO sim.Simulation|***** START OF TIME 17 COMPLETE *****
