08/04 20:15:00 FINE sim.Admin|Log for simulation 20 started
************************************************************
* Log for simulation 20 started
************************************************************


08/04 20:15:00 FINE sim.ExternalAgent|sample setup with address adv1
08/04 20:15:00 INFO sim.Simulation|***** START OF TIME 0 *****
08/04 20:15:00 INFO sim.Simulation|***** START OF TIME 0 COMPLETE *****
08/04 20:15:10 INFO sim.Simulation|***** START OF TIME 1 *****
08/04 20:15:11 INFO sim.Simulation|***** START OF TIME 1 COMPLETE *****
08/04 20:15:20 INFO sim.Simulation|***** START OF TIME 2 *****
08/04 20:15:21 INFO sim.Simulation|***** START OF TIME 2 COMPLETE *****
08/04 20:15:30 INFO sim.Simulation|***** START OF TIME 3 *****
08/04 20:15:31 INFO sim.Simulation|***** START OF TIME 3 COMPLETE *****
08/04 20:15:40 INFO sim.Simulation|***** START OF TIME 4 *****
08/04 20:15:41 INFO sim.Simulation|***** START OF TIME 4 COMPLETE *****
08/04 20:15:50 INFO sim.Simulation|***** START OF TIME 5 *****
08/04 20:15:51 INFO sim.Simulation|***** START OF TIME 5 COMPLETE *****
08/04 20:16:00 INFO sim.Simulation|***** START OF TIME 6 *****
08/04 20:16:01 INFO sim.Simulation|***** START OF TIME 6 COMPLETE *****
08/04 20:16:10 INFO sim.Simulation|***** START OF TIME 7 *****
08/04 20:16:11 INFO sim.Simulation|***** START OF TIME 7 COMPLETE *****
08/04 20:16:20 INFO sim.Simulation|***** START OF TIME 8 *****
08/04 20:16:21 INFO sim.Simulation|***** START OF TIME 8 COMPLETE *****
08/04 20:16:30 INFO sim.Simulation|***** START OF TIME 9 *****
08/04 20:16:32 INFO sim.Simulation|***** START OF TIME 9 COMPLETE *****
08/04 20:16:40 INFO sim.Simulation|***** START OF TIME 10 *****
08/04 20:16:41 INFO sim.Simulation|***** START OF TIME 10 COMPLETE *****
08/04 20:16:50 INFO sim.Simulation|***** START OF TIME 11 *****
08/04 20:16:52 INFO sim.Simulation|***** START OF TIME 11 COMPLETE *****
08/04 20:17:00 INFO sim.Simulation|***** START OF TIME 12 *****
08/04 20:17:01 INFO sim.Simulation|***** START OF TIME 12 COMPLETE *****
08/04 20:17:10 INFO sim.Simulation|***** START OF TIME 13 *****
08/04 20:17:11 INFO sim.Simulation|***** START OF TIME 13 COMPLETE *****
08/04 20:17:20 INFO sim.Simulation|***** START OF TIME 14 *****
08/04 20:17:21 INFO sim.Simulation|***** START OF TIME 14 COMPLETE *****
08/04 20:17:30 INFO sim.Simulation|***** START OF TIME 15 *****
08/04 20:17:33 INFO sim.Simulation|***** START OF TIME 15 COMPLETE *****
08/04 20:17:40 INFO sim.Simulation|***** START OF TIME 16 *****
08/04 20:17:41 INFO sim.Simulation|***** START OF TIME 16 COMPLETE *****
08/04 20:17:50 INFO sim.Simulation|***** START OF TIME 17 *****
08/04 20:17:51 INFO sim.Simulation|***** START OF TIME 17 COMPLETE *****
08/04 20:18:00 INFO sim.Simulation|***** START OF TIME 18 *****
08/04 20:18:01 INFO sim.Simulation|***** START OF TIME 18 COMPLETE *****
08/04 20:18:10 INFO sim.Simulation|***** START OF TIME 19 *****
08/04 20:18:11 INFO sim.Simulation|***** START OF TIME 19 COMPLETE *****
08/04 20:18:20 INFO sim.Simulation|***** START OF TIME 20 *****
08/04 20:18:21 INFO sim.Simulation|***** START OF TIME 20 COMPLETE *****
08/04 20:18:30 INFO sim.Simulation|***** START OF TIME 21 *****
08/04 20:18:33 INFO sim.Simulation|***** START OF TIME 21 COMPLETE *****
08/04 20:18:40 INFO sim.Simulation|***** START OF TIME 22 *****
08/04 20:18:41 INFO sim.Simulation|***** START OF TIME 22 COMPLETE *****
08/04 20:18:50 INFO sim.Simulation|***** START OF TIME 23 *****
08/04 20:18:53 INFO sim.Simulation|***** START OF TIME 23 COMPLETE *****
08/04 20:19:00 INFO sim.Simulation|***** START OF TIME 24 *****
08/04 20:19:01 INFO sim.Simulation|***** START OF TIME 24 COMPLETE *****
08/04 20:19:10 INFO sim.Simulation|***** START OF TIME 25 *****
08/04 20:19:12 INFO sim.Simulation|***** START OF TIME 25 COMPLETE *****
08/04 20:19:20 INFO sim.Simulation|***** START OF TIME 26 *****
08/04 20:19:21 INFO sim.Simulation|***** START OF TIME 26 COMPLETE *****
08/04 20:19:30 INFO sim.Simulation|***** START OF TIME 27 *****
08/04 20:19:31 INFO sim.Simulation|***** START OF TIME 27 COMPLETE *****
08/04 20:19:40 INFO sim.Simulation|***** START OF TIME 28 *****
08/04 20:19:41 INFO sim.Simulation|***** START OF TIME 28 COMPLETE *****
08/04 20:19:50 INFO sim.Simulation|***** START OF TIME 29 *****
08/04 20:19:51 INFO sim.Simulation|***** START OF TIME 29 COMPLETE *****
08/04 20:20:00 INFO sim.Simulation|***** START OF TIME 30 *****
08/04 20:20:01 INFO sim.Simulation|***** START OF TIME 30 COMPLETE *****
08/04 20:20:10 INFO sim.Simulation|***** START OF TIME 31 *****
08/04 20:20:12 INFO sim.Simulation|***** START OF TIME 31 COMPLETE *****
08/04 20:20:20 INFO sim.Simulation|***** START OF TIME 32 *****
08/04 20:20:21 INFO sim.Simulation|***** START OF TIME 32 COMPLETE *****
08/04 20:20:30 INFO sim.Simulation|***** START OF TIME 33 *****
08/04 20:20:31 INFO sim.Simulation|***** START OF TIME 33 COMPLETE *****
08/04 20:20:40 INFO sim.Simulation|***** START OF TIME 34 *****
08/04 20:20:41 INFO sim.Simulation|***** START OF TIME 34 COMPLETE *****
08/04 20:20:50 INFO sim.Simulation|***** START OF TIME 35 *****
08/04 20:20:52 INFO sim.Simulation|***** START OF TIME 35 COMPLETE *****
08/04 20:21:00 INFO sim.Simulation|***** START OF TIME 36 *****
08/04 20:21:01 INFO sim.Simulation|***** START OF TIME 36 COMPLETE *****
08/04 20:21:10 INFO sim.Simulation|***** START OF TIME 37 *****
08/04 20:21:12 INFO sim.Simulation|***** START OF TIME 37 COMPLETE *****
08/04 20:21:20 INFO sim.Simulation|***** START OF TIME 38 *****
08/04 20:21:21 INFO sim.Simulation|***** START OF TIME 38 COMPLETE *****
08/04 20:21:30 INFO sim.Simulation|***** START OF TIME 39 *****
08/04 20:21:33 INFO sim.Simulation|***** START OF TIME 39 COMPLETE *****
08/04 20:21:40 INFO sim.Simulation|***** START OF TIME 40 *****
08/04 20:21:41 INFO sim.Simulation|***** START OF TIME 40 COMPLETE *****
08/04 20:21:50 INFO sim.Simulation|***** START OF TIME 41 *****
08/04 20:21:52 INFO sim.Simulation|***** START OF TIME 41 COMPLETE *****
08/04 20:22:00 INFO sim.Simulation|***** START OF TIME 42 *****
08/04 20:22:01 INFO sim.Simulation|***** START OF TIME 42 COMPLETE *****
08/04 20:22:10 INFO sim.Simulation|***** START OF TIME 43 *****
08/04 20:22:12 INFO sim.Simulation|***** START OF TIME 43 COMPLETE *****
08/04 20:22:20 INFO sim.Simulation|***** START OF TIME 44 *****
08/04 20:22:21 INFO sim.Simulation|***** START OF TIME 44 COMPLETE *****
08/04 20:22:30 INFO sim.Simulation|***** START OF TIME 45 *****
08/04 20:22:34 INFO sim.Simulation|***** START OF TIME 45 COMPLETE *****
08/04 20:22:40 INFO sim.Simulation|***** START OF TIME 46 *****
08/04 20:22:41 INFO sim.Simulation|***** START OF TIME 46 COMPLETE *****
08/04 20:22:50 INFO sim.Simulation|***** START OF TIME 47 *****
08/04 20:22:53 INFO sim.Simulation|***** START OF TIME 47 COMPLETE *****
08/04 20:23:00 INFO sim.Simulation|***** START OF TIME 48 *****
08/04 20:23:01 INFO sim.Simulation|***** START OF TIME 48 COMPLETE *****
08/04 20:23:10 INFO sim.Simulation|***** START OF TIME 49 *****
08/04 20:23:13 INFO sim.Simulation|***** START OF TIME 49 COMPLETE *****
08/04 20:23:20 INFO sim.Simulation|***** START OF TIME 50 *****
08/04 20:23:21 INFO sim.Simulation|***** START OF TIME 50 COMPLETE *****
08/04 20:23:30 INFO sim.Simulation|***** START OF TIME 51 *****
08/04 20:23:33 INFO sim.Simulation|***** START OF TIME 51 COMPLETE *****
08/04 20:23:40 INFO sim.Simulation|***** START OF TIME 52 *****
08/04 20:23:41 INFO sim.Simulation|***** START OF TIME 52 COMPLETE *****
08/04 20:23:50 INFO sim.Simulation|***** START OF TIME 53 *****
08/04 20:23:52 INFO sim.Simulation|***** START OF TIME 53 COMPLETE *****
08/04 20:24:00 INFO sim.Simulation|***** START OF TIME 54 *****
08/04 20:24:01 INFO sim.Simulation|***** START OF TIME 54 COMPLETE *****
08/04 20:24:10 INFO sim.Simulation|***** START OF TIME 55 *****
08/04 20:24:13 INFO sim.Simulation|***** START OF TIME 55 COMPLETE *****
08/04 20:24:20 INFO sim.Simulation|***** START OF TIME 56 *****
08/04 20:24:21 INFO sim.Simulation|***** START OF TIME 56 COMPLETE *****
08/04 20:24:30 INFO sim.Simulation|***** START OF TIME 57 *****
08/04 20:24:31 INFO sim.Simulation|***** START OF TIME 57 COMPLETE *****
08/04 20:24:40 INFO sim.Simulation|***** START OF TIME 58 *****
08/04 20:24:41 INFO sim.Simulation|***** START OF TIME 58 COMPLETE *****
08/04 20:24:50 INFO sim.Simulation|***** START OF TIME 59 *****
08/04 20:24:51 INFO sim.Simulation|***** START OF TIME 59 COMPLETE *****
08/04 20:25:00 INFO sim.Simulation|***** START OF TIME 60 *****
08/04 20:25:00 FINE sim.Simulation|Simulation 20 is requested to stop
08/04 20:25:00 INFO sim.Simulation|***** START OF TIME 60 COMPLETE *****
08/04 20:25:00 FINE sim.Simulation|Simulation 20 is preparing to stop
08/04 20:25:00 FINE sim.Simulation|Simulation 20 is being stopped
08/04 20:25:00 INFO sim.Admin|created simulation 21
08/04 20:25:00 FINE sim.Admin|Simulation log complete
************************************************************
* Simulation log complete
************************************************************


09/04 16:52:00 FINE sim.Admin|Log for simulation 20 started
************************************************************
* Log for simulation 20 started
************************************************************


09/04 16:52:00 FINE sim.ExternalAgent|sample setup with address adv1
09/04 16:52:00 INFO sim.Simulation|***** START OF TIME 0 *****
09/04 16:52:00 INFO sim.Simulation|***** START OF TIME 0 COMPLETE *****
09/04 16:52:05 SEVERE tact.TACTConnection|sample@tact-1: reading error 
java.net.SocketException: Connection reset
	at java.net.SocketInputStream.read(Unknown Source)
	at java.net.SocketInputStream.read(Unknown Source)
	at java.net.SocketInputStream.read(Unknown Source)
	at java.io.DataInputStream.readInt(Unknown Source)
	at se.sics.isl.tact.TACTConnection$TACTReader.run(TACTConnection.java:405)
09/04 16:52:10 INFO sim.Simulation|***** START OF TIME 1 *****
09/04 16:52:11 INFO sim.Simulation|***** START OF TIME 1 COMPLETE *****
09/04 16:52:20 INFO sim.Simulation|***** START OF TIME 2 *****
09/04 16:52:20 INFO sim.Simulation|***** START OF TIME 2 COMPLETE *****
09/04 16:52:30 INFO sim.Simulation|***** START OF TIME 3 *****
09/04 16:52:31 INFO sim.Simulation|***** START OF TIME 3 COMPLETE *****
09/04 16:52:40 INFO sim.Simulation|***** START OF TIME 4 *****
09/04 16:52:41 INFO sim.Simulation|***** START OF TIME 4 COMPLETE *****
09/04 16:52:50 INFO sim.Simulation|***** START OF TIME 5 *****
09/04 16:52:51 INFO sim.Simulation|***** START OF TIME 5 COMPLETE *****
09/04 16:53:00 INFO sim.Simulation|***** START OF TIME 6 *****
09/04 16:53:01 INFO sim.Simulation|***** START OF TIME 6 COMPLETE *****
09/04 16:53:10 INFO sim.Simulation|***** START OF TIME 7 *****
09/04 16:53:11 INFO sim.Simulation|***** START OF TIME 7 COMPLETE *****
09/04 16:53:20 INFO sim.Simulation|***** START OF TIME 8 *****
09/04 16:53:21 INFO sim.Simulation|***** START OF TIME 8 COMPLETE *****
09/04 16:53:30 INFO sim.Simulation|***** START OF TIME 9 *****
09/04 16:53:31 INFO sim.Simulation|***** START OF TIME 9 COMPLETE *****
09/04 16:53:40 INFO sim.Simulation|***** START OF TIME 10 *****
09/04 16:53:40 INFO sim.Simulation|***** START OF TIME 10 COMPLETE *****
09/04 16:53:50 INFO sim.Simulation|***** START OF TIME 11 *****
09/04 16:53:51 INFO sim.Simulation|***** START OF TIME 11 COMPLETE *****
09/04 16:54:00 INFO sim.Simulation|***** START OF TIME 12 *****
09/04 16:54:01 INFO sim.Simulation|***** START OF TIME 12 COMPLETE *****
09/04 16:54:10 INFO sim.Simulation|***** START OF TIME 13 *****
09/04 16:54:11 INFO sim.Simulation|***** START OF TIME 13 COMPLETE *****
09/04 16:54:20 INFO sim.Simulation|***** START OF TIME 14 *****
09/04 16:54:20 INFO sim.Simulation|***** START OF TIME 14 COMPLETE *****
09/04 16:54:30 INFO sim.Simulation|***** START OF TIME 15 *****
09/04 16:54:31 INFO sim.Simulation|***** START OF TIME 15 COMPLETE *****
09/04 16:54:40 INFO sim.Simulation|***** START OF TIME 16 *****
09/04 16:54:41 INFO sim.Simulation|***** START OF TIME 16 COMPLETE *****
09/04 16:54:50 INFO sim.Simulation|***** START OF TIME 17 *****
09/04 16:54:51 INFO sim.Simulation|***** START OF TIME 17 COMPLETE *****
09/04 16:55:00 INFO sim.Simulation|***** START OF TIME 18 *****
09/04 16:55:00 INFO sim.Simulation|***** START OF TIME 18 COMPLETE *****
09/04 16:55:10 INFO sim.Simulation|***** START OF TIME 19 *****
09/04 16:55:11 INFO sim.Simulation|***** START OF TIME 19 COMPLETE *****
09/04 16:55:20 INFO sim.Simulation|***** START OF TIME 20 *****
09/04 16:55:20 INFO sim.Simulation|***** START OF TIME 20 COMPLETE *****
09/04 16:55:30 INFO sim.Simulation|***** START OF TIME 21 *****
09/04 16:55:31 INFO sim.Simulation|***** START OF TIME 21 COMPLETE *****
09/04 16:55:40 INFO sim.Simulation|***** START OF TIME 22 *****
09/04 16:55:41 INFO sim.Simulation|***** START OF TIME 22 COMPLETE *****
09/04 16:55:50 INFO sim.Simulation|***** START OF TIME 23 *****
09/04 16:55:51 INFO sim.Simulation|***** START OF TIME 23 COMPLETE *****
09/04 16:56:00 INFO sim.Simulation|***** START OF TIME 24 *****
09/04 16:56:00 INFO sim.Simulation|***** START OF TIME 24 COMPLETE *****
09/04 16:56:10 INFO sim.Simulation|***** START OF TIME 25 *****
09/04 16:56:11 INFO sim.Simulation|***** START OF TIME 25 COMPLETE *****
09/04 16:56:20 INFO sim.Simulation|***** START OF TIME 26 *****
09/04 16:56:21 INFO sim.Simulation|***** START OF TIME 26 COMPLETE *****
09/04 16:56:30 INFO sim.Simulation|***** START OF TIME 27 *****
09/04 16:56:31 INFO sim.Simulation|***** START OF TIME 27 COMPLETE *****
09/04 16:56:40 INFO sim.Simulation|***** START OF TIME 28 *****
09/04 16:56:40 INFO sim.Simulation|***** START OF TIME 28 COMPLETE *****
09/04 16:56:50 INFO sim.Simulation|***** START OF TIME 29 *****
09/04 16:56:50 INFO sim.Simulation|***** START OF TIME 29 COMPLETE *****
09/04 16:57:00 INFO sim.Simulation|***** START OF TIME 30 *****
09/04 16:57:00 INFO sim.Simulation|***** START OF TIME 30 COMPLETE *****
09/04 16:57:10 INFO sim.Simulation|***** START OF TIME 31 *****
09/04 16:57:11 INFO sim.Simulation|***** START OF TIME 31 COMPLETE *****
09/04 16:57:20 INFO sim.Simulation|***** START OF TIME 32 *****
09/04 16:57:20 INFO sim.Simulation|***** START OF TIME 32 COMPLETE *****
09/04 16:57:30 INFO sim.Simulation|***** START OF TIME 33 *****
09/04 16:57:31 INFO sim.Simulation|***** START OF TIME 33 COMPLETE *****
