08/04 19:20:00 FINE sim.Admin|Log for simulation 15 started
************************************************************
* Log for simulation 15 started
************************************************************


08/04 19:20:00 FINE sim.ExternalAgent|sample setup with address adv1
08/04 19:20:00 INFO sim.Simulation|***** START OF TIME 0 *****
08/04 19:20:00 INFO sim.Simulation|***** START OF TIME 0 COMPLETE *****
08/04 19:20:10 INFO sim.Simulation|***** START OF TIME 1 *****
08/04 19:20:11 INFO sim.Simulation|***** START OF TIME 1 COMPLETE *****
08/04 19:20:20 INFO sim.Simulation|***** START OF TIME 2 *****
08/04 19:20:21 INFO sim.Simulation|***** START OF TIME 2 COMPLETE *****
08/04 19:20:30 INFO sim.Simulation|***** START OF TIME 3 *****
08/04 19:20:31 INFO sim.Simulation|***** START OF TIME 3 COMPLETE *****
08/04 19:20:40 INFO sim.Simulation|***** START OF TIME 4 *****
08/04 19:20:41 INFO sim.Simulation|***** START OF TIME 4 COMPLETE *****
08/04 19:20:50 INFO sim.Simulation|***** START OF TIME 5 *****
08/04 19:20:51 INFO sim.Simulation|***** START OF TIME 5 COMPLETE *****
08/04 19:21:00 INFO sim.Simulation|***** START OF TIME 6 *****
08/04 19:21:01 INFO sim.Simulation|***** START OF TIME 6 COMPLETE *****
08/04 19:21:10 INFO sim.Simulation|***** START OF TIME 7 *****
08/04 19:21:11 INFO sim.Simulation|***** START OF TIME 7 COMPLETE *****
08/04 19:21:20 INFO sim.Simulation|***** START OF TIME 8 *****
08/04 19:21:21 INFO sim.Simulation|***** START OF TIME 8 COMPLETE *****
08/04 19:21:30 INFO sim.Simulation|***** START OF TIME 9 *****
08/04 19:21:31 INFO sim.Simulation|***** START OF TIME 9 COMPLETE *****
08/04 19:21:40 INFO sim.Simulation|***** START OF TIME 10 *****
08/04 19:21:41 INFO sim.Simulation|***** START OF TIME 10 COMPLETE *****
08/04 19:21:50 INFO sim.Simulation|***** START OF TIME 11 *****
08/04 19:21:51 INFO sim.Simulation|***** START OF TIME 11 COMPLETE *****
08/04 19:22:00 INFO sim.Simulation|***** START OF TIME 12 *****
08/04 19:22:01 INFO sim.Simulation|***** START OF TIME 12 COMPLETE *****
08/04 19:22:10 INFO sim.Simulation|***** START OF TIME 13 *****
08/04 19:22:11 INFO sim.Simulation|***** START OF TIME 13 COMPLETE *****
08/04 19:22:20 INFO sim.Simulation|***** START OF TIME 14 *****
08/04 19:22:21 INFO sim.Simulation|***** START OF TIME 14 COMPLETE *****
08/04 19:22:30 INFO sim.Simulation|***** START OF TIME 15 *****
08/04 19:22:31 INFO sim.Simulation|***** START OF TIME 15 COMPLETE *****
08/04 19:22:40 INFO sim.Simulation|***** START OF TIME 16 *****
08/04 19:22:41 INFO sim.Simulation|***** START OF TIME 16 COMPLETE *****
08/04 19:22:50 INFO sim.Simulation|***** START OF TIME 17 *****
08/04 19:22:50 INFO sim.Simulation|***** START OF TIME 17 COMPLETE *****
08/04 19:23:00 INFO sim.Simulation|***** START OF TIME 18 *****
08/04 19:23:01 INFO sim.Simulation|***** START OF TIME 18 COMPLETE *****
08/04 19:23:10 INFO sim.Simulation|***** START OF TIME 19 *****
08/04 19:23:11 INFO sim.Simulation|***** START OF TIME 19 COMPLETE *****
08/04 19:23:20 INFO sim.Simulation|***** START OF TIME 20 *****
08/04 19:23:21 INFO sim.Simulation|***** START OF TIME 20 COMPLETE *****
08/04 19:23:30 INFO sim.Simulation|***** START OF TIME 21 *****
08/04 19:23:31 INFO sim.Simulation|***** START OF TIME 21 COMPLETE *****
08/04 19:23:40 INFO sim.Simulation|***** START OF TIME 22 *****
08/04 19:23:41 INFO sim.Simulation|***** START OF TIME 22 COMPLETE *****
08/04 19:23:50 INFO sim.Simulation|***** START OF TIME 23 *****
08/04 19:23:51 INFO sim.Simulation|***** START OF TIME 23 COMPLETE *****
08/04 19:24:00 INFO sim.Simulation|***** START OF TIME 24 *****
08/04 19:24:01 INFO sim.Simulation|***** START OF TIME 24 COMPLETE *****
08/04 19:24:10 INFO sim.Simulation|***** START OF TIME 25 *****
08/04 19:24:11 INFO sim.Simulation|***** START OF TIME 25 COMPLETE *****
08/04 19:24:20 INFO sim.Simulation|***** START OF TIME 26 *****
08/04 19:24:21 INFO sim.Simulation|***** START OF TIME 26 COMPLETE *****
08/04 19:24:30 INFO sim.Simulation|***** START OF TIME 27 *****
08/04 19:24:31 INFO sim.Simulation|***** START OF TIME 27 COMPLETE *****
08/04 19:24:40 INFO sim.Simulation|***** START OF TIME 28 *****
08/04 19:24:41 INFO sim.Simulation|***** START OF TIME 28 COMPLETE *****
08/04 19:24:50 INFO sim.Simulation|***** START OF TIME 29 *****
08/04 19:24:51 INFO sim.Simulation|***** START OF TIME 29 COMPLETE *****
08/04 19:25:00 INFO sim.Simulation|***** START OF TIME 30 *****
08/04 19:25:01 INFO sim.Simulation|***** START OF TIME 30 COMPLETE *****
08/04 19:25:10 INFO sim.Simulation|***** START OF TIME 31 *****
08/04 19:25:11 INFO sim.Simulation|***** START OF TIME 31 COMPLETE *****
08/04 19:25:20 INFO sim.Simulation|***** START OF TIME 32 *****
08/04 19:25:21 INFO sim.Simulation|***** START OF TIME 32 COMPLETE *****
08/04 19:25:30 INFO sim.Simulation|***** START OF TIME 33 *****
08/04 19:25:31 INFO sim.Simulation|***** START OF TIME 33 COMPLETE *****
08/04 19:25:40 INFO sim.Simulation|***** START OF TIME 34 *****
08/04 19:25:41 INFO sim.Simulation|***** START OF TIME 34 COMPLETE *****
08/04 19:25:50 INFO sim.Simulation|***** START OF TIME 35 *****
08/04 19:25:51 INFO sim.Simulation|***** START OF TIME 35 COMPLETE *****
08/04 19:26:00 INFO sim.Simulation|***** START OF TIME 36 *****
08/04 19:26:01 INFO sim.Simulation|***** START OF TIME 36 COMPLETE *****
08/04 19:26:10 INFO sim.Simulation|***** START OF TIME 37 *****
08/04 19:26:11 INFO sim.Simulation|***** START OF TIME 37 COMPLETE *****
08/04 19:26:20 INFO sim.Simulation|***** START OF TIME 38 *****
08/04 19:26:21 INFO sim.Simulation|***** START OF TIME 38 COMPLETE *****
08/04 19:26:30 INFO sim.Simulation|***** START OF TIME 39 *****
08/04 19:26:31 INFO sim.Simulation|***** START OF TIME 39 COMPLETE *****
08/04 19:26:40 INFO sim.Simulation|***** START OF TIME 40 *****
08/04 19:26:41 INFO sim.Simulation|***** START OF TIME 40 COMPLETE *****
08/04 19:26:50 INFO sim.Simulation|***** START OF TIME 41 *****
08/04 19:26:51 INFO sim.Simulation|***** START OF TIME 41 COMPLETE *****
08/04 19:27:00 INFO sim.Simulation|***** START OF TIME 42 *****
08/04 19:27:01 INFO sim.Simulation|***** START OF TIME 42 COMPLETE *****
08/04 19:27:10 INFO sim.Simulation|***** START OF TIME 43 *****
08/04 19:27:11 INFO sim.Simulation|***** START OF TIME 43 COMPLETE *****
08/04 19:27:20 INFO sim.Simulation|***** START OF TIME 44 *****
08/04 19:27:21 INFO sim.Simulation|***** START OF TIME 44 COMPLETE *****
08/04 19:27:30 INFO sim.Simulation|***** START OF TIME 45 *****
08/04 19:27:31 INFO sim.Simulation|***** START OF TIME 45 COMPLETE *****
08/04 19:27:40 INFO sim.Simulation|***** START OF TIME 46 *****
08/04 19:27:41 INFO sim.Simulation|***** START OF TIME 46 COMPLETE *****
08/04 19:27:50 INFO sim.Simulation|***** START OF TIME 47 *****
08/04 19:27:51 INFO sim.Simulation|***** START OF TIME 47 COMPLETE *****
08/04 19:28:00 INFO sim.Simulation|***** START OF TIME 48 *****
08/04 19:28:01 INFO sim.Simulation|***** START OF TIME 48 COMPLETE *****
08/04 19:28:10 INFO sim.Simulation|***** START OF TIME 49 *****
08/04 19:28:11 INFO sim.Simulation|***** START OF TIME 49 COMPLETE *****
08/04 19:28:20 INFO sim.Simulation|***** START OF TIME 50 *****
08/04 19:28:20 INFO sim.Simulation|***** START OF TIME 50 COMPLETE *****
08/04 19:28:30 INFO sim.Simulation|***** START OF TIME 51 *****
08/04 19:28:31 INFO sim.Simulation|***** START OF TIME 51 COMPLETE *****
08/04 19:28:40 INFO sim.Simulation|***** START OF TIME 52 *****
08/04 19:28:41 INFO sim.Simulation|***** START OF TIME 52 COMPLETE *****
08/04 19:28:50 INFO sim.Simulation|***** START OF TIME 53 *****
08/04 19:28:51 INFO sim.Simulation|***** START OF TIME 53 COMPLETE *****
08/04 19:29:00 INFO sim.Simulation|***** START OF TIME 54 *****
08/04 19:29:01 INFO sim.Simulation|***** START OF TIME 54 COMPLETE *****
08/04 19:29:10 INFO sim.Simulation|***** START OF TIME 55 *****
08/04 19:29:11 INFO sim.Simulation|***** START OF TIME 55 COMPLETE *****
08/04 19:29:20 INFO sim.Simulation|***** START OF TIME 56 *****
08/04 19:29:21 INFO sim.Simulation|***** START OF TIME 56 COMPLETE *****
08/04 19:29:30 INFO sim.Simulation|***** START OF TIME 57 *****
08/04 19:29:31 INFO sim.Simulation|***** START OF TIME 57 COMPLETE *****
08/04 19:29:40 INFO sim.Simulation|***** START OF TIME 58 *****
08/04 19:29:41 INFO sim.Simulation|***** START OF TIME 58 COMPLETE *****
08/04 19:29:50 INFO sim.Simulation|***** START OF TIME 59 *****
08/04 19:29:51 INFO sim.Simulation|***** START OF TIME 59 COMPLETE *****
08/04 19:30:00 INFO sim.Simulation|***** START OF TIME 60 *****
08/04 19:30:00 FINE sim.Simulation|Simulation 15 is requested to stop
08/04 19:30:00 INFO sim.Simulation|***** START OF TIME 60 COMPLETE *****
08/04 19:30:00 FINE sim.Simulation|Simulation 15 is preparing to stop
08/04 19:30:00 FINE sim.Simulation|Simulation 15 is being stopped
08/04 19:30:00 INFO sim.Admin|created simulation 16
08/04 19:30:00 FINE sim.Admin|Simulation log complete
************************************************************
* Simulation log complete
************************************************************


09/04 15:40:00 FINE sim.Admin|Log for simulation 15 started
************************************************************
* Log for simulation 15 started
************************************************************


09/04 15:40:00 FINE sim.ExternalAgent|sample setup with address adv1
09/04 15:40:00 INFO sim.Simulation|***** START OF TIME 0 *****
09/04 15:40:00 INFO sim.Simulation|***** START OF TIME 0 COMPLETE *****
09/04 15:40:09 SEVERE tact.TACTConnection|sample@tact-1: reading error 
java.net.SocketException: Connection reset
	at java.net.SocketInputStream.read(Unknown Source)
	at java.net.SocketInputStream.read(Unknown Source)
	at java.net.SocketInputStream.read(Unknown Source)
	at java.io.DataInputStream.readInt(Unknown Source)
	at se.sics.isl.tact.TACTConnection$TACTReader.run(TACTConnection.java:405)
09/04 15:40:10 INFO sim.Simulation|***** START OF TIME 1 *****
09/04 15:40:10 INFO sim.Simulation|***** START OF TIME 1 COMPLETE *****
09/04 15:40:20 INFO sim.Simulation|***** START OF TIME 2 *****
09/04 15:40:20 INFO sim.Simulation|***** START OF TIME 2 COMPLETE *****
09/04 15:40:30 INFO sim.Simulation|***** START OF TIME 3 *****
09/04 15:40:30 INFO sim.Simulation|***** START OF TIME 3 COMPLETE *****
09/04 15:40:40 INFO sim.Simulation|***** START OF TIME 4 *****
09/04 15:40:40 INFO sim.Simulation|***** START OF TIME 4 COMPLETE *****
09/04 15:40:50 INFO sim.Simulation|***** START OF TIME 5 *****
09/04 15:40:51 INFO sim.Simulation|***** START OF TIME 5 COMPLETE *****
09/04 15:41:00 INFO sim.Simulation|***** START OF TIME 6 *****
09/04 15:41:00 INFO sim.Simulation|***** START OF TIME 6 COMPLETE *****
09/04 15:41:10 INFO sim.Simulation|***** START OF TIME 7 *****
09/04 15:41:10 INFO sim.Simulation|***** START OF TIME 7 COMPLETE *****
09/04 15:41:20 INFO sim.Simulation|***** START OF TIME 8 *****
09/04 15:41:20 INFO sim.Simulation|***** START OF TIME 8 COMPLETE *****
09/04 15:41:30 INFO sim.Simulation|***** START OF TIME 9 *****
09/04 15:41:30 INFO sim.Simulation|***** START OF TIME 9 COMPLETE *****
09/04 15:41:40 INFO sim.Simulation|***** START OF TIME 10 *****
09/04 15:41:40 INFO sim.Simulation|***** START OF TIME 10 COMPLETE *****
09/04 15:41:50 INFO sim.Simulation|***** START OF TIME 11 *****
09/04 15:41:50 INFO sim.Simulation|***** START OF TIME 11 COMPLETE *****
09/04 15:42:00 INFO sim.Simulation|***** START OF TIME 12 *****
09/04 15:42:01 INFO sim.Simulation|***** START OF TIME 12 COMPLETE *****
09/04 15:42:10 INFO sim.Simulation|***** START OF TIME 13 *****
09/04 15:42:11 INFO sim.Simulation|***** START OF TIME 13 COMPLETE *****
09/04 15:42:20 INFO sim.Simulation|***** START OF TIME 14 *****
09/04 15:42:20 INFO sim.Simulation|***** START OF TIME 14 COMPLETE *****
09/04 15:42:30 INFO sim.Simulation|***** START OF TIME 15 *****
09/04 15:42:30 INFO sim.Simulation|***** START OF TIME 15 COMPLETE *****
09/04 15:42:40 INFO sim.Simulation|***** START OF TIME 16 *****
09/04 15:42:40 INFO sim.Simulation|***** START OF TIME 16 COMPLETE *****
09/04 15:42:50 INFO sim.Simulation|***** START OF TIME 17 *****
09/04 15:42:51 INFO sim.Simulation|***** START OF TIME 17 COMPLETE *****
09/04 15:43:00 INFO sim.Simulation|***** START OF TIME 18 *****
09/04 15:43:00 INFO sim.Simulation|***** START OF TIME 18 COMPLETE *****
09/04 15:43:10 INFO sim.Simulation|***** START OF TIME 19 *****
09/04 15:43:10 INFO sim.Simulation|***** START OF TIME 19 COMPLETE *****
09/04 15:43:20 INFO sim.Simulation|***** START OF TIME 20 *****
09/04 15:43:20 INFO sim.Simulation|***** START OF TIME 20 COMPLETE *****
09/04 15:43:30 INFO sim.Simulation|***** START OF TIME 21 *****
09/04 15:43:30 INFO sim.Simulation|***** START OF TIME 21 COMPLETE *****
09/04 15:43:40 INFO sim.Simulation|***** START OF TIME 22 *****
09/04 15:43:40 INFO sim.Simulation|***** START OF TIME 22 COMPLETE *****
