08/04 19:13:00 FINE sim.Admin|Log for simulation 14 started
************************************************************
* Log for simulation 14 started
************************************************************


08/04 19:13:00 FINE sim.ExternalAgent|sample setup with address adv1
08/04 19:13:00 INFO sim.Simulation|***** START OF TIME 0 *****
08/04 19:13:00 INFO sim.Simulation|***** START OF TIME 0 COMPLETE *****
08/04 19:13:10 INFO sim.Simulation|***** START OF TIME 1 *****
08/04 19:13:11 INFO sim.Simulation|***** START OF TIME 1 COMPLETE *****
08/04 19:13:11 SEVERE tact.TACTConnection|sample@tact-1: reading error 
java.net.SocketException: Connection reset
	at java.net.SocketInputStream.read(Unknown Source)
	at java.net.SocketInputStream.read(Unknown Source)
	at java.net.SocketInputStream.read(Unknown Source)
	at java.io.DataInputStream.readInt(Unknown Source)
	at se.sics.isl.tact.TACTConnection$TACTReader.run(TACTConnection.java:405)
08/04 19:13:20 INFO sim.Simulation|***** START OF TIME 2 *****
08/04 19:13:20 INFO sim.Simulation|***** START OF TIME 2 COMPLETE *****
08/04 19:13:30 INFO sim.Simulation|***** START OF TIME 3 *****
08/04 19:13:30 INFO sim.Simulation|***** START OF TIME 3 COMPLETE *****
08/04 19:13:40 INFO sim.Simulation|***** START OF TIME 4 *****
08/04 19:13:40 INFO sim.Simulation|***** START OF TIME 4 COMPLETE *****
08/04 19:13:50 INFO sim.Simulation|***** START OF TIME 5 *****
08/04 19:13:51 INFO sim.Simulation|***** START OF TIME 5 COMPLETE *****
08/04 19:14:00 INFO sim.Simulation|***** START OF TIME 6 *****
08/04 19:14:00 INFO sim.Simulation|***** START OF TIME 6 COMPLETE *****
08/04 19:14:10 INFO sim.Simulation|***** START OF TIME 7 *****
08/04 19:14:10 INFO sim.Simulation|***** START OF TIME 7 COMPLETE *****
08/04 19:14:20 INFO sim.Simulation|***** START OF TIME 8 *****
08/04 19:14:20 INFO sim.Simulation|***** START OF TIME 8 COMPLETE *****
08/04 19:14:30 INFO sim.Simulation|***** START OF TIME 9 *****
08/04 19:14:31 INFO sim.Simulation|***** START OF TIME 9 COMPLETE *****
08/04 19:14:40 INFO sim.Simulation|***** START OF TIME 10 *****
08/04 19:14:40 INFO sim.Simulation|***** START OF TIME 10 COMPLETE *****
08/04 19:14:50 INFO sim.Simulation|***** START OF TIME 11 *****
08/04 19:14:50 INFO sim.Simulation|***** START OF TIME 11 COMPLETE *****
08/04 19:15:00 INFO sim.Simulation|***** START OF TIME 12 *****
08/04 19:15:00 INFO sim.Simulation|***** START OF TIME 12 COMPLETE *****
08/04 19:15:10 INFO sim.Simulation|***** START OF TIME 13 *****
08/04 19:15:10 INFO sim.Simulation|***** START OF TIME 13 COMPLETE *****
08/04 19:15:20 INFO sim.Simulation|***** START OF TIME 14 *****
08/04 19:15:20 INFO sim.Simulation|***** START OF TIME 14 COMPLETE *****
08/04 19:15:30 INFO sim.Simulation|***** START OF TIME 15 *****
08/04 19:15:30 INFO sim.Simulation|***** START OF TIME 15 COMPLETE *****
08/04 19:15:40 INFO sim.Simulation|***** START OF TIME 16 *****
08/04 19:15:40 INFO sim.Simulation|***** START OF TIME 16 COMPLETE *****
08/04 19:15:50 INFO sim.Simulation|***** START OF TIME 17 *****
08/04 19:15:50 INFO sim.Simulation|***** START OF TIME 17 COMPLETE *****
08/04 19:16:00 INFO sim.Simulation|***** START OF TIME 18 *****
08/04 19:16:00 INFO sim.Simulation|***** START OF TIME 18 COMPLETE *****
08/04 19:16:10 INFO sim.Simulation|***** START OF TIME 19 *****
08/04 19:16:10 INFO sim.Simulation|***** START OF TIME 19 COMPLETE *****
08/04 19:16:20 INFO sim.Simulation|***** START OF TIME 20 *****
08/04 19:16:20 INFO sim.Simulation|***** START OF TIME 20 COMPLETE *****
08/04 19:16:30 INFO sim.Simulation|***** START OF TIME 21 *****
08/04 19:16:30 INFO sim.Simulation|***** START OF TIME 21 COMPLETE *****
08/04 19:16:40 INFO sim.Simulation|***** START OF TIME 22 *****
08/04 19:16:40 INFO sim.Simulation|***** START OF TIME 22 COMPLETE *****
08/04 19:16:50 INFO sim.Simulation|***** START OF TIME 23 *****
08/04 19:16:50 INFO sim.Simulation|***** START OF TIME 23 COMPLETE *****
08/04 19:17:00 INFO sim.Simulation|***** START OF TIME 24 *****
08/04 19:17:00 INFO sim.Simulation|***** START OF TIME 24 COMPLETE *****
08/04 19:17:10 INFO sim.Simulation|***** START OF TIME 25 *****
08/04 19:17:10 INFO sim.Simulation|***** START OF TIME 25 COMPLETE *****
08/04 19:17:20 INFO sim.Simulation|***** START OF TIME 26 *****
08/04 19:17:20 INFO sim.Simulation|***** START OF TIME 26 COMPLETE *****
08/04 19:17:30 INFO sim.Simulation|***** START OF TIME 27 *****
08/04 19:17:30 INFO sim.Simulation|***** START OF TIME 27 COMPLETE *****
08/04 19:17:40 INFO sim.Simulation|***** START OF TIME 28 *****
08/04 19:17:40 INFO sim.Simulation|***** START OF TIME 28 COMPLETE *****
08/04 19:17:50 INFO sim.Simulation|***** START OF TIME 29 *****
08/04 19:17:50 INFO sim.Simulation|***** START OF TIME 29 COMPLETE *****
08/04 19:18:00 INFO sim.Simulation|***** START OF TIME 30 *****
08/04 19:18:00 INFO sim.Simulation|***** START OF TIME 30 COMPLETE *****
08/04 19:18:10 INFO sim.Simulation|***** START OF TIME 31 *****
08/04 19:18:10 INFO sim.Simulation|***** START OF TIME 31 COMPLETE *****
08/04 19:18:20 INFO sim.Simulation|***** START OF TIME 32 *****
08/04 19:18:20 INFO sim.Simulation|***** START OF TIME 32 COMPLETE *****
08/04 19:18:30 INFO sim.Simulation|***** START OF TIME 33 *****
08/04 19:18:30 INFO sim.Simulation|***** START OF TIME 33 COMPLETE *****
08/04 19:18:40 INFO sim.Simulation|***** START OF TIME 34 *****
08/04 19:18:40 INFO sim.Simulation|***** START OF TIME 34 COMPLETE *****
08/04 19:18:50 INFO sim.Simulation|***** START OF TIME 35 *****
08/04 19:18:50 INFO sim.Simulation|***** START OF TIME 35 COMPLETE *****
08/04 19:19:00 INFO sim.Simulation|***** START OF TIME 36 *****
08/04 19:19:00 INFO sim.Simulation|***** START OF TIME 36 COMPLETE *****
08/04 19:19:10 INFO sim.Simulation|***** START OF TIME 37 *****
08/04 19:19:10 INFO sim.Simulation|***** START OF TIME 37 COMPLETE *****
08/04 19:19:20 INFO sim.Simulation|***** START OF TIME 38 *****
08/04 19:19:20 INFO sim.Simulation|***** START OF TIME 38 COMPLETE *****
08/04 19:19:30 INFO sim.Simulation|***** START OF TIME 39 *****
08/04 19:19:30 INFO sim.Simulation|***** START OF TIME 39 COMPLETE *****
08/04 19:19:40 INFO sim.Simulation|***** START OF TIME 40 *****
08/04 19:19:40 INFO sim.Simulation|***** START OF TIME 40 COMPLETE *****
09/04 15:38:00 FINE sim.Admin|Log for simulation 14 started
************************************************************
* Log for simulation 14 started
************************************************************


09/04 15:38:00 FINE sim.ExternalAgent|sample setup with address adv1
09/04 15:38:00 INFO sim.Simulation|***** START OF TIME 0 *****
09/04 15:38:00 INFO sim.Simulation|***** START OF TIME 0 COMPLETE *****
09/04 15:38:07 SEVERE tact.TACTConnection|sample@tact-1: reading error 
java.net.SocketException: Connection reset
	at java.net.SocketInputStream.read(Unknown Source)
	at java.net.SocketInputStream.read(Unknown Source)
	at java.net.SocketInputStream.read(Unknown Source)
	at java.io.DataInputStream.readInt(Unknown Source)
	at se.sics.isl.tact.TACTConnection$TACTReader.run(TACTConnection.java:405)
09/04 15:38:10 INFO sim.Simulation|***** START OF TIME 1 *****
09/04 15:38:10 INFO sim.Simulation|***** START OF TIME 1 COMPLETE *****
09/04 15:38:20 INFO sim.Simulation|***** START OF TIME 2 *****
09/04 15:38:20 INFO sim.Simulation|***** START OF TIME 2 COMPLETE *****
09/04 15:38:30 INFO sim.Simulation|***** START OF TIME 3 *****
09/04 15:38:31 INFO sim.Simulation|***** START OF TIME 3 COMPLETE *****
09/04 15:38:40 INFO sim.Simulation|***** START OF TIME 4 *****
09/04 15:38:40 INFO sim.Simulation|***** START OF TIME 4 COMPLETE *****
09/04 15:38:50 INFO sim.Simulation|***** START OF TIME 5 *****
09/04 15:38:50 INFO sim.Simulation|***** START OF TIME 5 COMPLETE *****
09/04 15:39:00 INFO sim.Simulation|***** START OF TIME 6 *****
09/04 15:39:00 INFO sim.Simulation|***** START OF TIME 6 COMPLETE *****
09/04 15:39:10 INFO sim.Simulation|***** START OF TIME 7 *****
09/04 15:39:10 INFO sim.Simulation|***** START OF TIME 7 COMPLETE *****
