08/04 18:58:00 FINE sim.Admin|Log for simulation 12 started
************************************************************
* Log for simulation 12 started
************************************************************


08/04 18:58:00 FINE sim.ExternalAgent|sample setup with address adv1
08/04 18:58:00 INFO sim.Simulation|***** START OF TIME 0 *****
08/04 18:58:00 INFO sim.Simulation|***** START OF TIME 0 COMPLETE *****
08/04 18:58:10 INFO sim.Simulation|***** START OF TIME 1 *****
08/04 18:58:11 INFO sim.Simulation|***** START OF TIME 1 COMPLETE *****
08/04 18:58:12 SEVERE tact.TACTConnection|sample@tact-1: reading error 
java.net.SocketException: Connection reset
	at java.net.SocketInputStream.read(Unknown Source)
	at java.net.SocketInputStream.read(Unknown Source)
	at java.net.SocketInputStream.read(Unknown Source)
	at java.io.DataInputStream.readInt(Unknown Source)
	at se.sics.isl.tact.TACTConnection$TACTReader.run(TACTConnection.java:405)
08/04 18:58:20 INFO sim.Simulation|***** START OF TIME 2 *****
08/04 18:58:20 INFO sim.Simulation|***** START OF TIME 2 COMPLETE *****
08/04 18:58:30 INFO sim.Simulation|***** START OF TIME 3 *****
08/04 18:58:31 INFO sim.Simulation|***** START OF TIME 3 COMPLETE *****
08/04 18:58:40 INFO sim.Simulation|***** START OF TIME 4 *****
08/04 18:58:40 INFO sim.Simulation|***** START OF TIME 4 COMPLETE *****
08/04 18:58:50 INFO sim.Simulation|***** START OF TIME 5 *****
08/04 18:58:50 INFO sim.Simulation|***** START OF TIME 5 COMPLETE *****
08/04 18:59:00 INFO sim.Simulation|***** START OF TIME 6 *****
08/04 18:59:00 INFO sim.Simulation|***** START OF TIME 6 COMPLETE *****
08/04 18:59:10 INFO sim.Simulation|***** START OF TIME 7 *****
08/04 18:59:11 INFO sim.Simulation|***** START OF TIME 7 COMPLETE *****
08/04 18:59:20 INFO sim.Simulation|***** START OF TIME 8 *****
08/04 18:59:20 INFO sim.Simulation|***** START OF TIME 8 COMPLETE *****
08/04 18:59:30 INFO sim.Simulation|***** START OF TIME 9 *****
08/04 18:59:30 INFO sim.Simulation|***** START OF TIME 9 COMPLETE *****
08/04 18:59:40 INFO sim.Simulation|***** START OF TIME 10 *****
08/04 18:59:40 INFO sim.Simulation|***** START OF TIME 10 COMPLETE *****
08/04 18:59:50 INFO sim.Simulation|***** START OF TIME 11 *****
08/04 18:59:50 INFO sim.Simulation|***** START OF TIME 11 COMPLETE *****
08/04 19:00:00 INFO sim.Simulation|***** START OF TIME 12 *****
08/04 19:00:01 INFO sim.Simulation|***** START OF TIME 12 COMPLETE *****
08/04 19:00:10 INFO sim.Simulation|***** START OF TIME 13 *****
08/04 19:00:10 INFO sim.Simulation|***** START OF TIME 13 COMPLETE *****
08/04 19:00:20 INFO sim.Simulation|***** START OF TIME 14 *****
08/04 19:00:20 INFO sim.Simulation|***** START OF TIME 14 COMPLETE *****
08/04 19:00:30 INFO sim.Simulation|***** START OF TIME 15 *****
08/04 19:00:31 INFO sim.Simulation|***** START OF TIME 15 COMPLETE *****
08/04 19:00:40 INFO sim.Simulation|***** START OF TIME 16 *****
08/04 19:00:41 INFO sim.Simulation|***** START OF TIME 16 COMPLETE *****
08/04 19:00:50 INFO sim.Simulation|***** START OF TIME 17 *****
08/04 19:00:50 INFO sim.Simulation|***** START OF TIME 17 COMPLETE *****
08/04 19:01:00 INFO sim.Simulation|***** START OF TIME 18 *****
08/04 19:01:00 INFO sim.Simulation|***** START OF TIME 18 COMPLETE *****
08/04 19:01:10 INFO sim.Simulation|***** START OF TIME 19 *****
08/04 19:01:10 INFO sim.Simulation|***** START OF TIME 19 COMPLETE *****
08/04 19:01:20 INFO sim.Simulation|***** START OF TIME 20 *****
08/04 19:01:20 INFO sim.Simulation|***** START OF TIME 20 COMPLETE *****
08/04 19:01:30 INFO sim.Simulation|***** START OF TIME 21 *****
08/04 19:01:30 INFO sim.Simulation|***** START OF TIME 21 COMPLETE *****
08/04 19:01:40 INFO sim.Simulation|***** START OF TIME 22 *****
08/04 19:01:40 INFO sim.Simulation|***** START OF TIME 22 COMPLETE *****
08/04 19:01:50 INFO sim.Simulation|***** START OF TIME 23 *****
08/04 19:01:50 INFO sim.Simulation|***** START OF TIME 23 COMPLETE *****
08/04 19:02:00 INFO sim.Simulation|***** START OF TIME 24 *****
08/04 19:02:00 INFO sim.Simulation|***** START OF TIME 24 COMPLETE *****
08/04 19:02:10 INFO sim.Simulation|***** START OF TIME 25 *****
08/04 19:02:10 INFO sim.Simulation|***** START OF TIME 25 COMPLETE *****
08/04 19:02:20 INFO sim.Simulation|***** START OF TIME 26 *****
08/04 19:02:20 INFO sim.Simulation|***** START OF TIME 26 COMPLETE *****
08/04 19:02:30 INFO sim.Simulation|***** START OF TIME 27 *****
08/04 19:02:31 INFO sim.Simulation|***** START OF TIME 27 COMPLETE *****
09/04 15:33:00 FINE sim.Admin|Log for simulation 12 started
************************************************************
* Log for simulation 12 started
************************************************************


09/04 15:33:00 FINE sim.ExternalAgent|sample setup with address adv1
09/04 15:33:00 INFO sim.Simulation|***** START OF TIME 0 *****
09/04 15:33:00 INFO sim.Simulation|***** START OF TIME 0 COMPLETE *****
09/04 15:33:10 INFO sim.Simulation|***** START OF TIME 1 *****
09/04 15:33:10 INFO sim.Simulation|***** START OF TIME 1 COMPLETE *****
09/04 15:33:20 INFO sim.Simulation|***** START OF TIME 2 *****
09/04 15:33:20 INFO sim.Simulation|***** START OF TIME 2 COMPLETE *****
09/04 15:33:30 INFO sim.Simulation|***** START OF TIME 3 *****
09/04 15:33:31 INFO sim.Simulation|***** START OF TIME 3 COMPLETE *****
09/04 15:33:40 INFO sim.Simulation|***** START OF TIME 4 *****
09/04 15:33:40 INFO sim.Simulation|***** START OF TIME 4 COMPLETE *****
09/04 15:33:50 INFO sim.Simulation|***** START OF TIME 5 *****
09/04 15:33:50 INFO sim.Simulation|***** START OF TIME 5 COMPLETE *****
09/04 15:34:00 INFO sim.Simulation|***** START OF TIME 6 *****
09/04 15:34:00 INFO sim.Simulation|***** START OF TIME 6 COMPLETE *****
09/04 15:34:10 INFO sim.Simulation|***** START OF TIME 7 *****
09/04 15:34:10 INFO sim.Simulation|***** START OF TIME 7 COMPLETE *****
09/04 15:34:20 INFO sim.Simulation|***** START OF TIME 8 *****
09/04 15:34:20 INFO sim.Simulation|***** START OF TIME 8 COMPLETE *****
09/04 15:34:28 SEVERE tact.TACTConnection|sample@tact-1: reading error 
java.net.SocketException: Connection reset
	at java.net.SocketInputStream.read(Unknown Source)
	at java.net.SocketInputStream.read(Unknown Source)
	at java.net.SocketInputStream.read(Unknown Source)
	at java.io.DataInputStream.readInt(Unknown Source)
	at se.sics.isl.tact.TACTConnection$TACTReader.run(TACTConnection.java:405)
