08/04 19:03:00 FINE sim.Admin|Log for simulation 13 started
************************************************************
* Log for simulation 13 started
************************************************************


08/04 19:03:00 FINE sim.ExternalAgent|sample setup with address adv1
08/04 19:03:00 INFO sim.Simulation|***** START OF TIME 0 *****
08/04 19:03:00 INFO sim.Simulation|***** START OF TIME 0 COMPLETE *****
08/04 19:03:10 INFO sim.Simulation|***** START OF TIME 1 *****
08/04 19:03:10 INFO sim.Simulation|***** START OF TIME 1 COMPLETE *****
08/04 19:03:11 SEVERE tact.TACTConnection|sample@tact-1: reading error 
java.net.SocketException: Connection reset
	at java.net.SocketInputStream.read(Unknown Source)
	at java.net.SocketInputStream.read(Unknown Source)
	at java.net.SocketInputStream.read(Unknown Source)
	at java.io.DataInputStream.readInt(Unknown Source)
	at se.sics.isl.tact.TACTConnection$TACTReader.run(TACTConnection.java:405)
08/04 19:03:20 INFO sim.Simulation|***** START OF TIME 2 *****
08/04 19:03:20 INFO sim.Simulation|***** START OF TIME 2 COMPLETE *****
08/04 19:03:30 INFO sim.Simulation|***** START OF TIME 3 *****
08/04 19:03:31 INFO sim.Simulation|***** START OF TIME 3 COMPLETE *****
08/04 19:03:40 INFO sim.Simulation|***** START OF TIME 4 *****
08/04 19:03:40 INFO sim.Simulation|***** START OF TIME 4 COMPLETE *****
08/04 19:03:50 INFO sim.Simulation|***** START OF TIME 5 *****
08/04 19:03:50 INFO sim.Simulation|***** START OF TIME 5 COMPLETE *****
08/04 19:04:00 INFO sim.Simulation|***** START OF TIME 6 *****
08/04 19:04:00 INFO sim.Simulation|***** START OF TIME 6 COMPLETE *****
08/04 19:04:10 INFO sim.Simulation|***** START OF TIME 7 *****
08/04 19:04:10 INFO sim.Simulation|***** START OF TIME 7 COMPLETE *****
08/04 19:04:20 INFO sim.Simulation|***** START OF TIME 8 *****
08/04 19:04:20 INFO sim.Simulation|***** START OF TIME 8 COMPLETE *****
08/04 19:04:30 INFO sim.Simulation|***** START OF TIME 9 *****
08/04 19:04:30 INFO sim.Simulation|***** START OF TIME 9 COMPLETE *****
08/04 19:04:40 INFO sim.Simulation|***** START OF TIME 10 *****
08/04 19:04:40 INFO sim.Simulation|***** START OF TIME 10 COMPLETE *****
08/04 19:04:50 INFO sim.Simulation|***** START OF TIME 11 *****
08/04 19:04:50 INFO sim.Simulation|***** START OF TIME 11 COMPLETE *****
08/04 19:05:00 INFO sim.Simulation|***** START OF TIME 12 *****
08/04 19:05:00 INFO sim.Simulation|***** START OF TIME 12 COMPLETE *****
08/04 19:05:10 INFO sim.Simulation|***** START OF TIME 13 *****
08/04 19:05:10 INFO sim.Simulation|***** START OF TIME 13 COMPLETE *****
08/04 19:05:20 INFO sim.Simulation|***** START OF TIME 14 *****
08/04 19:05:20 INFO sim.Simulation|***** START OF TIME 14 COMPLETE *****
08/04 19:05:30 INFO sim.Simulation|***** START OF TIME 15 *****
08/04 19:05:30 INFO sim.Simulation|***** START OF TIME 15 COMPLETE *****
08/04 19:05:40 INFO sim.Simulation|***** START OF TIME 16 *****
08/04 19:05:40 INFO sim.Simulation|***** START OF TIME 16 COMPLETE *****
08/04 19:05:50 INFO sim.Simulation|***** START OF TIME 17 *****
08/04 19:05:50 INFO sim.Simulation|***** START OF TIME 17 COMPLETE *****
08/04 19:06:00 INFO sim.Simulation|***** START OF TIME 18 *****
08/04 19:06:00 INFO sim.Simulation|***** START OF TIME 18 COMPLETE *****
08/04 19:06:10 INFO sim.Simulation|***** START OF TIME 19 *****
08/04 19:06:10 INFO sim.Simulation|***** START OF TIME 19 COMPLETE *****
08/04 19:06:20 INFO sim.Simulation|***** START OF TIME 20 *****
08/04 19:06:20 INFO sim.Simulation|***** START OF TIME 20 COMPLETE *****
08/04 19:06:30 INFO sim.Simulation|***** START OF TIME 21 *****
08/04 19:06:30 INFO sim.Simulation|***** START OF TIME 21 COMPLETE *****
08/04 19:06:40 INFO sim.Simulation|***** START OF TIME 22 *****
08/04 19:06:40 INFO sim.Simulation|***** START OF TIME 22 COMPLETE *****
08/04 19:06:50 INFO sim.Simulation|***** START OF TIME 23 *****
08/04 19:06:50 INFO sim.Simulation|***** START OF TIME 23 COMPLETE *****
08/04 19:07:00 INFO sim.Simulation|***** START OF TIME 24 *****
08/04 19:07:00 INFO sim.Simulation|***** START OF TIME 24 COMPLETE *****
08/04 19:07:10 INFO sim.Simulation|***** START OF TIME 25 *****
08/04 19:07:10 INFO sim.Simulation|***** START OF TIME 25 COMPLETE *****
08/04 19:07:20 INFO sim.Simulation|***** START OF TIME 26 *****
08/04 19:07:20 INFO sim.Simulation|***** START OF TIME 26 COMPLETE *****
08/04 19:07:30 INFO sim.Simulation|***** START OF TIME 27 *****
08/04 19:07:30 INFO sim.Simulation|***** START OF TIME 27 COMPLETE *****
08/04 19:07:40 INFO sim.Simulation|***** START OF TIME 28 *****
08/04 19:07:40 INFO sim.Simulation|***** START OF TIME 28 COMPLETE *****
08/04 19:07:50 INFO sim.Simulation|***** START OF TIME 29 *****
08/04 19:07:50 INFO sim.Simulation|***** START OF TIME 29 COMPLETE *****
08/04 19:08:00 INFO sim.Simulation|***** START OF TIME 30 *****
08/04 19:08:00 INFO sim.Simulation|***** START OF TIME 30 COMPLETE *****
08/04 19:08:10 INFO sim.Simulation|***** START OF TIME 31 *****
08/04 19:08:10 INFO sim.Simulation|***** START OF TIME 31 COMPLETE *****
08/04 19:08:20 INFO sim.Simulation|***** START OF TIME 32 *****
08/04 19:08:20 INFO sim.Simulation|***** START OF TIME 32 COMPLETE *****
08/04 19:08:30 INFO sim.Simulation|***** START OF TIME 33 *****
08/04 19:08:30 INFO sim.Simulation|***** START OF TIME 33 COMPLETE *****
08/04 19:08:40 INFO sim.Simulation|***** START OF TIME 34 *****
08/04 19:08:40 INFO sim.Simulation|***** START OF TIME 34 COMPLETE *****
08/04 19:08:50 INFO sim.Simulation|***** START OF TIME 35 *****
08/04 19:08:50 INFO sim.Simulation|***** START OF TIME 35 COMPLETE *****
08/04 19:09:00 INFO sim.Simulation|***** START OF TIME 36 *****
08/04 19:09:00 INFO sim.Simulation|***** START OF TIME 36 COMPLETE *****
08/04 19:09:10 INFO sim.Simulation|***** START OF TIME 37 *****
08/04 19:09:10 INFO sim.Simulation|***** START OF TIME 37 COMPLETE *****
08/04 19:09:20 INFO sim.Simulation|***** START OF TIME 38 *****
08/04 19:09:20 INFO sim.Simulation|***** START OF TIME 38 COMPLETE *****
08/04 19:09:30 INFO sim.Simulation|***** START OF TIME 39 *****
08/04 19:09:30 INFO sim.Simulation|***** START OF TIME 39 COMPLETE *****
08/04 19:09:40 INFO sim.Simulation|***** START OF TIME 40 *****
08/04 19:09:40 INFO sim.Simulation|***** START OF TIME 40 COMPLETE *****
08/04 19:09:50 INFO sim.Simulation|***** START OF TIME 41 *****
08/04 19:09:50 INFO sim.Simulation|***** START OF TIME 41 COMPLETE *****
08/04 19:10:00 INFO sim.Simulation|***** START OF TIME 42 *****
08/04 19:10:00 INFO sim.Simulation|***** START OF TIME 42 COMPLETE *****
08/04 19:10:10 INFO sim.Simulation|***** START OF TIME 43 *****
08/04 19:10:10 INFO sim.Simulation|***** START OF TIME 43 COMPLETE *****
08/04 19:10:20 INFO sim.Simulation|***** START OF TIME 44 *****
08/04 19:10:20 INFO sim.Simulation|***** START OF TIME 44 COMPLETE *****
08/04 19:10:30 INFO sim.Simulation|***** START OF TIME 45 *****
08/04 19:10:30 INFO sim.Simulation|***** START OF TIME 45 COMPLETE *****
08/04 19:10:40 INFO sim.Simulation|***** START OF TIME 46 *****
08/04 19:10:40 INFO sim.Simulation|***** START OF TIME 46 COMPLETE *****
08/04 19:10:50 INFO sim.Simulation|***** START OF TIME 47 *****
08/04 19:10:50 INFO sim.Simulation|***** START OF TIME 47 COMPLETE *****
08/04 19:11:00 INFO sim.Simulation|***** START OF TIME 48 *****
08/04 19:11:00 INFO sim.Simulation|***** START OF TIME 48 COMPLETE *****
08/04 19:11:10 INFO sim.Simulation|***** START OF TIME 49 *****
08/04 19:11:10 INFO sim.Simulation|***** START OF TIME 49 COMPLETE *****
08/04 19:11:20 INFO sim.Simulation|***** START OF TIME 50 *****
08/04 19:11:20 INFO sim.Simulation|***** START OF TIME 50 COMPLETE *****
08/04 19:11:30 INFO sim.Simulation|***** START OF TIME 51 *****
08/04 19:11:30 INFO sim.Simulation|***** START OF TIME 51 COMPLETE *****
08/04 19:11:40 INFO sim.Simulation|***** START OF TIME 52 *****
08/04 19:11:40 INFO sim.Simulation|***** START OF TIME 52 COMPLETE *****
08/04 19:11:50 INFO sim.Simulation|***** START OF TIME 53 *****
08/04 19:11:50 INFO sim.Simulation|***** START OF TIME 53 COMPLETE *****
08/04 19:12:00 INFO sim.Simulation|***** START OF TIME 54 *****
08/04 19:12:00 INFO sim.Simulation|***** START OF TIME 54 COMPLETE *****
08/04 19:12:10 INFO sim.Simulation|***** START OF TIME 55 *****
08/04 19:12:11 INFO sim.Simulation|***** START OF TIME 55 COMPLETE *****
08/04 19:12:20 INFO sim.Simulation|***** START OF TIME 56 *****
08/04 19:12:20 INFO sim.Simulation|***** START OF TIME 56 COMPLETE *****
09/04 15:35:00 FINE sim.Admin|Log for simulation 13 started
************************************************************
* Log for simulation 13 started
************************************************************


09/04 15:35:00 FINE sim.ExternalAgent|sample setup with address adv1
09/04 15:35:00 INFO sim.Simulation|***** START OF TIME 0 *****
09/04 15:35:00 INFO sim.Simulation|***** START OF TIME 0 COMPLETE *****
09/04 15:35:10 INFO sim.Simulation|***** START OF TIME 1 *****
09/04 15:35:11 INFO sim.Simulation|***** START OF TIME 1 COMPLETE *****
09/04 15:35:12 SEVERE tact.TACTConnection|sample@tact-1: reading error 
java.net.SocketException: Connection reset
	at java.net.SocketInputStream.read(Unknown Source)
	at java.net.SocketInputStream.read(Unknown Source)
	at java.net.SocketInputStream.read(Unknown Source)
	at java.io.DataInputStream.readInt(Unknown Source)
	at se.sics.isl.tact.TACTConnection$TACTReader.run(TACTConnection.java:405)
09/04 15:35:20 INFO sim.Simulation|***** START OF TIME 2 *****
09/04 15:35:20 INFO sim.Simulation|***** START OF TIME 2 COMPLETE *****
09/04 15:35:30 INFO sim.Simulation|***** START OF TIME 3 *****
09/04 15:35:31 INFO sim.Simulation|***** START OF TIME 3 COMPLETE *****
09/04 15:35:40 INFO sim.Simulation|***** START OF TIME 4 *****
09/04 15:35:41 INFO sim.Simulation|***** START OF TIME 4 COMPLETE *****
09/04 15:35:50 INFO sim.Simulation|***** START OF TIME 5 *****
09/04 15:35:51 INFO sim.Simulation|***** START OF TIME 5 COMPLETE *****
09/04 15:36:00 INFO sim.Simulation|***** START OF TIME 6 *****
09/04 15:36:01 INFO sim.Simulation|***** START OF TIME 6 COMPLETE *****
