08/04 18:27:00 FINE sim.Admin|Log for simulation 7 started
************************************************************
* Log for simulation 7 started
************************************************************


08/04 18:27:00 FINE sim.ExternalAgent|sample setup with address adv1
08/04 18:27:00 INFO sim.Simulation|***** START OF TIME 0 *****
08/04 18:27:00 INFO sim.Simulation|***** START OF TIME 0 COMPLETE *****
08/04 18:27:04 SEVERE tact.TACTConnection|sample@tact-1: reading error 
java.net.SocketException: Connection reset
	at java.net.SocketInputStream.read(Unknown Source)
	at java.net.SocketInputStream.read(Unknown Source)
	at java.net.SocketInputStream.read(Unknown Source)
	at java.io.DataInputStream.readInt(Unknown Source)
	at se.sics.isl.tact.TACTConnection$TACTReader.run(TACTConnection.java:405)
08/04 18:27:10 INFO sim.Simulation|***** START OF TIME 1 *****
08/04 18:27:10 INFO sim.Simulation|***** START OF TIME 1 COMPLETE *****
08/04 18:27:20 INFO sim.Simulation|***** START OF TIME 2 *****
08/04 18:27:20 INFO sim.Simulation|***** START OF TIME 2 COMPLETE *****
08/04 18:27:30 INFO sim.Simulation|***** START OF TIME 3 *****
08/04 18:27:30 INFO sim.Simulation|***** START OF TIME 3 COMPLETE *****
08/04 18:27:40 INFO sim.Simulation|***** START OF TIME 4 *****
08/04 18:27:40 INFO sim.Simulation|***** START OF TIME 4 COMPLETE *****
08/04 18:27:50 INFO sim.Simulation|***** START OF TIME 5 *****
08/04 18:27:50 INFO sim.Simulation|***** START OF TIME 5 COMPLETE *****
08/04 18:28:00 INFO sim.Simulation|***** START OF TIME 6 *****
08/04 18:28:00 INFO sim.Simulation|***** START OF TIME 6 COMPLETE *****
08/04 18:28:10 INFO sim.Simulation|***** START OF TIME 7 *****
08/04 18:28:10 INFO sim.Simulation|***** START OF TIME 7 COMPLETE *****
08/04 18:28:20 INFO sim.Simulation|***** START OF TIME 8 *****
08/04 18:28:20 INFO sim.Simulation|***** START OF TIME 8 COMPLETE *****
08/04 18:28:30 INFO sim.Simulation|***** START OF TIME 9 *****
08/04 18:28:30 INFO sim.Simulation|***** START OF TIME 9 COMPLETE *****
08/04 18:28:40 INFO sim.Simulation|***** START OF TIME 10 *****
08/04 18:28:40 INFO sim.Simulation|***** START OF TIME 10 COMPLETE *****
08/04 18:28:50 INFO sim.Simulation|***** START OF TIME 11 *****
08/04 18:28:50 INFO sim.Simulation|***** START OF TIME 11 COMPLETE *****
08/04 18:29:00 INFO sim.Simulation|***** START OF TIME 12 *****
08/04 18:29:00 INFO sim.Simulation|***** START OF TIME 12 COMPLETE *****
08/04 18:29:10 INFO sim.Simulation|***** START OF TIME 13 *****
08/04 18:29:10 INFO sim.Simulation|***** START OF TIME 13 COMPLETE *****
08/04 18:29:20 INFO sim.Simulation|***** START OF TIME 14 *****
08/04 18:29:20 INFO sim.Simulation|***** START OF TIME 14 COMPLETE *****
08/04 18:29:30 INFO sim.Simulation|***** START OF TIME 15 *****
08/04 18:29:30 INFO sim.Simulation|***** START OF TIME 15 COMPLETE *****
08/04 18:29:40 INFO sim.Simulation|***** START OF TIME 16 *****
08/04 18:29:40 INFO sim.Simulation|***** START OF TIME 16 COMPLETE *****
08/04 18:29:50 INFO sim.Simulation|***** START OF TIME 17 *****
08/04 18:29:50 INFO sim.Simulation|***** START OF TIME 17 COMPLETE *****
08/04 18:30:00 INFO sim.Simulation|***** START OF TIME 18 *****
08/04 18:30:00 INFO sim.Simulation|***** START OF TIME 18 COMPLETE *****
08/04 18:30:10 INFO sim.Simulation|***** START OF TIME 19 *****
08/04 18:30:10 INFO sim.Simulation|***** START OF TIME 19 COMPLETE *****
08/04 18:30:20 INFO sim.Simulation|***** START OF TIME 20 *****
08/04 18:30:20 INFO sim.Simulation|***** START OF TIME 20 COMPLETE *****
08/04 18:30:30 INFO sim.Simulation|***** START OF TIME 21 *****
08/04 18:30:30 INFO sim.Simulation|***** START OF TIME 21 COMPLETE *****
08/04 18:30:40 INFO sim.Simulation|***** START OF TIME 22 *****
08/04 18:30:40 INFO sim.Simulation|***** START OF TIME 22 COMPLETE *****
08/04 18:30:50 INFO sim.Simulation|***** START OF TIME 23 *****
08/04 18:30:50 INFO sim.Simulation|***** START OF TIME 23 COMPLETE *****
08/04 18:31:00 INFO sim.Simulation|***** START OF TIME 24 *****
08/04 18:31:00 INFO sim.Simulation|***** START OF TIME 24 COMPLETE *****
08/04 18:31:10 INFO sim.Simulation|***** START OF TIME 25 *****
08/04 18:31:10 INFO sim.Simulation|***** START OF TIME 25 COMPLETE *****
08/04 18:31:20 INFO sim.Simulation|***** START OF TIME 26 *****
08/04 18:31:20 INFO sim.Simulation|***** START OF TIME 26 COMPLETE *****
08/04 18:31:30 INFO sim.Simulation|***** START OF TIME 27 *****
08/04 18:31:30 INFO sim.Simulation|***** START OF TIME 27 COMPLETE *****
08/04 18:31:40 INFO sim.Simulation|***** START OF TIME 28 *****
08/04 18:31:40 INFO sim.Simulation|***** START OF TIME 28 COMPLETE *****
08/04 18:31:50 INFO sim.Simulation|***** START OF TIME 29 *****
08/04 18:31:50 INFO sim.Simulation|***** START OF TIME 29 COMPLETE *****
08/04 18:32:00 INFO sim.Simulation|***** START OF TIME 30 *****
08/04 18:32:00 INFO sim.Simulation|***** START OF TIME 30 COMPLETE *****
08/04 18:32:10 INFO sim.Simulation|***** START OF TIME 31 *****
08/04 18:32:11 INFO sim.Simulation|***** START OF TIME 31 COMPLETE *****
08/04 18:32:20 INFO sim.Simulation|***** START OF TIME 32 *****
08/04 18:32:20 INFO sim.Simulation|***** START OF TIME 32 COMPLETE *****
08/04 18:32:30 INFO sim.Simulation|***** START OF TIME 33 *****
08/04 18:32:30 INFO sim.Simulation|***** START OF TIME 33 COMPLETE *****
08/04 18:32:40 INFO sim.Simulation|***** START OF TIME 34 *****
08/04 18:32:40 INFO sim.Simulation|***** START OF TIME 34 COMPLETE *****
08/04 18:32:50 INFO sim.Simulation|***** START OF TIME 35 *****
08/04 18:32:50 INFO sim.Simulation|***** START OF TIME 35 COMPLETE *****
08/04 18:33:00 INFO sim.Simulation|***** START OF TIME 36 *****
08/04 18:33:00 INFO sim.Simulation|***** START OF TIME 36 COMPLETE *****
08/04 18:33:10 INFO sim.Simulation|***** START OF TIME 37 *****
08/04 18:33:10 INFO sim.Simulation|***** START OF TIME 37 COMPLETE *****
08/04 18:33:20 INFO sim.Simulation|***** START OF TIME 38 *****
08/04 18:33:20 INFO sim.Simulation|***** START OF TIME 38 COMPLETE *****
09/04 15:12:00 FINE sim.Admin|Log for simulation 7 started
************************************************************
* Log for simulation 7 started
************************************************************


09/04 15:12:00 FINE sim.ExternalAgent|sample setup with address adv1
09/04 15:12:00 INFO sim.Simulation|***** START OF TIME 0 *****
09/04 15:12:00 INFO sim.Simulation|***** START OF TIME 0 COMPLETE *****
09/04 15:12:04 SEVERE tact.TACTConnection|sample@tact-1: reading error 
java.net.SocketException: Connection reset
	at java.net.SocketInputStream.read(Unknown Source)
	at java.net.SocketInputStream.read(Unknown Source)
	at java.net.SocketInputStream.read(Unknown Source)
	at java.io.DataInputStream.readInt(Unknown Source)
	at se.sics.isl.tact.TACTConnection$TACTReader.run(TACTConnection.java:405)
09/04 15:12:10 INFO sim.Simulation|***** START OF TIME 1 *****
09/04 15:12:11 INFO sim.Simulation|***** START OF TIME 1 COMPLETE *****
09/04 15:12:20 INFO sim.Simulation|***** START OF TIME 2 *****
09/04 15:12:20 INFO sim.Simulation|***** START OF TIME 2 COMPLETE *****
09/04 15:12:30 INFO sim.Simulation|***** START OF TIME 3 *****
09/04 15:12:30 INFO sim.Simulation|***** START OF TIME 3 COMPLETE *****
09/04 15:12:40 INFO sim.Simulation|***** START OF TIME 4 *****
09/04 15:12:40 INFO sim.Simulation|***** START OF TIME 4 COMPLETE *****
09/04 15:12:50 INFO sim.Simulation|***** START OF TIME 5 *****
09/04 15:12:50 INFO sim.Simulation|***** START OF TIME 5 COMPLETE *****
09/04 15:13:00 INFO sim.Simulation|***** START OF TIME 6 *****
09/04 15:13:00 INFO sim.Simulation|***** START OF TIME 6 COMPLETE *****
09/04 15:13:10 INFO sim.Simulation|***** START OF TIME 7 *****
09/04 15:13:10 INFO sim.Simulation|***** START OF TIME 7 COMPLETE *****
09/04 15:13:20 INFO sim.Simulation|***** START OF TIME 8 *****
09/04 15:13:20 INFO sim.Simulation|***** START OF TIME 8 COMPLETE *****
09/04 15:13:30 INFO sim.Simulation|***** START OF TIME 9 *****
09/04 15:13:30 INFO sim.Simulation|***** START OF TIME 9 COMPLETE *****
09/04 15:13:40 INFO sim.Simulation|***** START OF TIME 10 *****
09/04 15:13:40 INFO sim.Simulation|***** START OF TIME 10 COMPLETE *****
09/04 15:13:50 INFO sim.Simulation|***** START OF TIME 11 *****
09/04 15:13:50 INFO sim.Simulation|***** START OF TIME 11 COMPLETE *****
09/04 15:14:00 INFO sim.Simulation|***** START OF TIME 12 *****
09/04 15:14:00 INFO sim.Simulation|***** START OF TIME 12 COMPLETE *****
09/04 15:14:10 INFO sim.Simulation|***** START OF TIME 13 *****
09/04 15:14:10 INFO sim.Simulation|***** START OF TIME 13 COMPLETE *****
09/04 15:14:20 INFO sim.Simulation|***** START OF TIME 14 *****
09/04 15:14:20 INFO sim.Simulation|***** START OF TIME 14 COMPLETE *****
09/04 15:14:30 INFO sim.Simulation|***** START OF TIME 15 *****
09/04 15:14:30 INFO sim.Simulation|***** START OF TIME 15 COMPLETE *****
09/04 15:14:40 INFO sim.Simulation|***** START OF TIME 16 *****
09/04 15:14:40 INFO sim.Simulation|***** START OF TIME 16 COMPLETE *****
09/04 15:14:50 INFO sim.Simulation|***** START OF TIME 17 *****
09/04 15:14:50 INFO sim.Simulation|***** START OF TIME 17 COMPLETE *****
09/04 15:15:00 INFO sim.Simulation|***** START OF TIME 18 *****
09/04 15:15:00 INFO sim.Simulation|***** START OF TIME 18 COMPLETE *****
09/04 15:15:10 INFO sim.Simulation|***** START OF TIME 19 *****
09/04 15:15:10 INFO sim.Simulation|***** START OF TIME 19 COMPLETE *****
09/04 15:15:20 INFO sim.Simulation|***** START OF TIME 20 *****
09/04 15:15:20 INFO sim.Simulation|***** START OF TIME 20 COMPLETE *****
09/04 15:15:30 INFO sim.Simulation|***** START OF TIME 21 *****
09/04 15:15:30 INFO sim.Simulation|***** START OF TIME 21 COMPLETE *****
09/04 15:15:40 INFO sim.Simulation|***** START OF TIME 22 *****
09/04 15:15:40 INFO sim.Simulation|***** START OF TIME 22 COMPLETE *****
09/04 15:15:50 INFO sim.Simulation|***** START OF TIME 23 *****
09/04 15:15:50 INFO sim.Simulation|***** START OF TIME 23 COMPLETE *****
09/04 15:16:00 INFO sim.Simulation|***** START OF TIME 24 *****
09/04 15:16:00 INFO sim.Simulation|***** START OF TIME 24 COMPLETE *****
09/04 15:16:10 INFO sim.Simulation|***** START OF TIME 25 *****
09/04 15:16:10 INFO sim.Simulation|***** START OF TIME 25 COMPLETE *****
09/04 15:16:20 INFO sim.Simulation|***** START OF TIME 26 *****
09/04 15:16:20 INFO sim.Simulation|***** START OF TIME 26 COMPLETE *****
09/04 15:16:30 INFO sim.Simulation|***** START OF TIME 27 *****
09/04 15:16:30 INFO sim.Simulation|***** START OF TIME 27 COMPLETE *****
09/04 15:16:40 INFO sim.Simulation|***** START OF TIME 28 *****
09/04 15:16:40 INFO sim.Simulation|***** START OF TIME 28 COMPLETE *****
09/04 15:16:50 INFO sim.Simulation|***** START OF TIME 29 *****
09/04 15:16:50 INFO sim.Simulation|***** START OF TIME 29 COMPLETE *****
09/04 15:17:00 INFO sim.Simulation|***** START OF TIME 30 *****
09/04 15:17:00 INFO sim.Simulation|***** START OF TIME 30 COMPLETE *****
09/04 15:17:10 INFO sim.Simulation|***** START OF TIME 31 *****
09/04 15:17:10 INFO sim.Simulation|***** START OF TIME 31 COMPLETE *****
09/04 15:17:20 INFO sim.Simulation|***** START OF TIME 32 *****
09/04 15:17:20 INFO sim.Simulation|***** START OF TIME 32 COMPLETE *****
09/04 15:17:30 INFO sim.Simulation|***** START OF TIME 33 *****
09/04 15:17:30 INFO sim.Simulation|***** START OF TIME 33 COMPLETE *****
09/04 15:17:40 INFO sim.Simulation|***** START OF TIME 34 *****
09/04 15:17:40 INFO sim.Simulation|***** START OF TIME 34 COMPLETE *****
09/04 15:17:50 INFO sim.Simulation|***** START OF TIME 35 *****
09/04 15:17:51 INFO sim.Simulation|***** START OF TIME 35 COMPLETE *****
09/04 15:18:00 INFO sim.Simulation|***** START OF TIME 36 *****
09/04 15:18:00 INFO sim.Simulation|***** START OF TIME 36 COMPLETE *****
09/04 15:18:10 INFO sim.Simulation|***** START OF TIME 37 *****
09/04 15:18:10 INFO sim.Simulation|***** START OF TIME 37 COMPLETE *****
09/04 15:18:20 INFO sim.Simulation|***** START OF TIME 38 *****
09/04 15:18:20 INFO sim.Simulation|***** START OF TIME 38 COMPLETE *****
09/04 15:18:30 INFO sim.Simulation|***** START OF TIME 39 *****
09/04 15:18:30 INFO sim.Simulation|***** START OF TIME 39 COMPLETE *****
09/04 15:18:40 INFO sim.Simulation|***** START OF TIME 40 *****
09/04 15:18:40 INFO sim.Simulation|***** START OF TIME 40 COMPLETE *****
09/04 15:18:50 INFO sim.Simulation|***** START OF TIME 41 *****
09/04 15:18:50 INFO sim.Simulation|***** START OF TIME 41 COMPLETE *****
09/04 15:19:00 INFO sim.Simulation|***** START OF TIME 42 *****
09/04 15:19:00 INFO sim.Simulation|***** START OF TIME 42 COMPLETE *****
09/04 15:19:10 INFO sim.Simulation|***** START OF TIME 43 *****
09/04 15:19:10 INFO sim.Simulation|***** START OF TIME 43 COMPLETE *****
09/04 15:19:20 INFO sim.Simulation|***** START OF TIME 44 *****
09/04 15:19:20 INFO sim.Simulation|***** START OF TIME 44 COMPLETE *****
09/04 15:19:30 INFO sim.Simulation|***** START OF TIME 45 *****
09/04 15:19:30 INFO sim.Simulation|***** START OF TIME 45 COMPLETE *****
09/04 15:19:40 INFO sim.Simulation|***** START OF TIME 46 *****
09/04 15:19:40 INFO sim.Simulation|***** START OF TIME 46 COMPLETE *****
09/04 15:19:50 INFO sim.Simulation|***** START OF TIME 47 *****
09/04 15:19:50 INFO sim.Simulation|***** START OF TIME 47 COMPLETE *****
09/04 15:20:00 INFO sim.Simulation|***** START OF TIME 48 *****
09/04 15:20:00 INFO sim.Simulation|***** START OF TIME 48 COMPLETE *****
09/04 15:20:10 INFO sim.Simulation|***** START OF TIME 49 *****
09/04 15:20:10 INFO sim.Simulation|***** START OF TIME 49 COMPLETE *****
09/04 15:20:20 INFO sim.Simulation|***** START OF TIME 50 *****
09/04 15:20:20 INFO sim.Simulation|***** START OF TIME 50 COMPLETE *****
09/04 15:20:30 INFO sim.Simulation|***** START OF TIME 51 *****
09/04 15:20:30 INFO sim.Simulation|***** START OF TIME 51 COMPLETE *****
09/04 15:20:40 INFO sim.Simulation|***** START OF TIME 52 *****
09/04 15:20:40 INFO sim.Simulation|***** START OF TIME 52 COMPLETE *****
09/04 15:20:50 INFO sim.Simulation|***** START OF TIME 53 *****
09/04 15:20:50 INFO sim.Simulation|***** START OF TIME 53 COMPLETE *****
09/04 15:21:00 INFO sim.Simulation|***** START OF TIME 54 *****
