08/04 21:25:00 FINE sim.Admin|Log for simulation 28 started
************************************************************
* Log for simulation 28 started
************************************************************


08/04 21:25:00 FINE sim.ExternalAgent|sample setup with address adv1
08/04 21:25:00 INFO sim.Simulation|***** START OF TIME 0 *****
08/04 21:25:00 INFO sim.Simulation|***** START OF TIME 0 COMPLETE *****
08/04 21:25:10 INFO sim.Simulation|***** START OF TIME 1 *****
08/04 21:25:10 INFO sim.Simulation|***** START OF TIME 1 COMPLETE *****
08/04 21:25:20 INFO sim.Simulation|***** START OF TIME 2 *****
08/04 21:25:20 INFO sim.Simulation|***** START OF TIME 2 COMPLETE *****
08/04 21:25:30 INFO sim.Simulation|***** START OF TIME 3 *****
08/04 21:25:30 INFO sim.Simulation|***** START OF TIME 3 COMPLETE *****
08/04 21:25:40 INFO sim.Simulation|***** START OF TIME 4 *****
08/04 21:25:40 INFO sim.Simulation|***** START OF TIME 4 COMPLETE *****
08/04 21:25:50 INFO sim.Simulation|***** START OF TIME 5 *****
08/04 21:25:51 INFO sim.Simulation|***** START OF TIME 5 COMPLETE *****
08/04 21:26:00 INFO sim.Simulation|***** START OF TIME 6 *****
08/04 21:26:00 INFO sim.Simulation|***** START OF TIME 6 COMPLETE *****
08/04 21:26:10 INFO sim.Simulation|***** START OF TIME 7 *****
08/04 21:26:10 INFO sim.Simulation|***** START OF TIME 7 COMPLETE *****
08/04 21:26:20 INFO sim.Simulation|***** START OF TIME 8 *****
08/04 21:26:21 INFO sim.Simulation|***** START OF TIME 8 COMPLETE *****
08/04 21:26:30 INFO sim.Simulation|***** START OF TIME 9 *****
08/04 21:26:32 INFO sim.Simulation|***** START OF TIME 9 COMPLETE *****
08/04 21:26:40 INFO sim.Simulation|***** START OF TIME 10 *****
08/04 21:26:41 INFO sim.Simulation|***** START OF TIME 10 COMPLETE *****
08/04 21:26:50 INFO sim.Simulation|***** START OF TIME 11 *****
08/04 21:26:50 INFO sim.Simulation|***** START OF TIME 11 COMPLETE *****
08/04 21:27:00 INFO sim.Simulation|***** START OF TIME 12 *****
08/04 21:27:00 INFO sim.Simulation|***** START OF TIME 12 COMPLETE *****
08/04 21:27:10 INFO sim.Simulation|***** START OF TIME 13 *****
08/04 21:27:10 INFO sim.Simulation|***** START OF TIME 13 COMPLETE *****
08/04 21:27:20 INFO sim.Simulation|***** START OF TIME 14 *****
08/04 21:27:20 INFO sim.Simulation|***** START OF TIME 14 COMPLETE *****
08/04 21:27:30 INFO sim.Simulation|***** START OF TIME 15 *****
08/04 21:27:30 INFO sim.Simulation|***** START OF TIME 15 COMPLETE *****
08/04 21:27:40 INFO sim.Simulation|***** START OF TIME 16 *****
08/04 21:27:40 INFO sim.Simulation|***** START OF TIME 16 COMPLETE *****
08/04 21:27:50 INFO sim.Simulation|***** START OF TIME 17 *****
08/04 21:27:50 INFO sim.Simulation|***** START OF TIME 17 COMPLETE *****
08/04 21:28:00 INFO sim.Simulation|***** START OF TIME 18 *****
08/04 21:28:00 INFO sim.Simulation|***** START OF TIME 18 COMPLETE *****
08/04 21:28:10 INFO sim.Simulation|***** START OF TIME 19 *****
08/04 21:28:10 INFO sim.Simulation|***** START OF TIME 19 COMPLETE *****
08/04 21:28:20 INFO sim.Simulation|***** START OF TIME 20 *****
08/04 21:28:20 INFO sim.Simulation|***** START OF TIME 20 COMPLETE *****
08/04 21:28:30 INFO sim.Simulation|***** START OF TIME 21 *****
08/04 21:28:30 INFO sim.Simulation|***** START OF TIME 21 COMPLETE *****
08/04 21:28:40 INFO sim.Simulation|***** START OF TIME 22 *****
08/04 21:28:40 INFO sim.Simulation|***** START OF TIME 22 COMPLETE *****
08/04 21:28:50 INFO sim.Simulation|***** START OF TIME 23 *****
08/04 21:28:50 INFO sim.Simulation|***** START OF TIME 23 COMPLETE *****
08/04 21:29:00 INFO sim.Simulation|***** START OF TIME 24 *****
08/04 21:29:00 INFO sim.Simulation|***** START OF TIME 24 COMPLETE *****
08/04 21:29:10 INFO sim.Simulation|***** START OF TIME 25 *****
08/04 21:29:10 INFO sim.Simulation|***** START OF TIME 25 COMPLETE *****
08/04 21:29:20 INFO sim.Simulation|***** START OF TIME 26 *****
08/04 21:29:20 INFO sim.Simulation|***** START OF TIME 26 COMPLETE *****
08/04 21:29:30 INFO sim.Simulation|***** START OF TIME 27 *****
08/04 21:29:31 INFO sim.Simulation|***** START OF TIME 27 COMPLETE *****
08/04 21:29:40 INFO sim.Simulation|***** START OF TIME 28 *****
08/04 21:29:40 INFO sim.Simulation|***** START OF TIME 28 COMPLETE *****
08/04 21:29:50 INFO sim.Simulation|***** START OF TIME 29 *****
08/04 21:29:50 INFO sim.Simulation|***** START OF TIME 29 COMPLETE *****
08/04 21:30:00 INFO sim.Simulation|***** START OF TIME 30 *****
08/04 21:30:00 INFO sim.Simulation|***** START OF TIME 30 COMPLETE *****
08/04 21:30:10 INFO sim.Simulation|***** START OF TIME 31 *****
08/04 21:30:10 INFO sim.Simulation|***** START OF TIME 31 COMPLETE *****
08/04 21:30:20 INFO sim.Simulation|***** START OF TIME 32 *****
08/04 21:30:20 INFO sim.Simulation|***** START OF TIME 32 COMPLETE *****
08/04 21:30:30 INFO sim.Simulation|***** START OF TIME 33 *****
08/04 21:30:31 INFO sim.Simulation|***** START OF TIME 33 COMPLETE *****
08/04 21:30:40 INFO sim.Simulation|***** START OF TIME 34 *****
08/04 21:30:40 INFO sim.Simulation|***** START OF TIME 34 COMPLETE *****
08/04 21:30:50 INFO sim.Simulation|***** START OF TIME 35 *****
08/04 21:30:51 INFO sim.Simulation|***** START OF TIME 35 COMPLETE *****
08/04 21:31:00 INFO sim.Simulation|***** START OF TIME 36 *****
08/04 21:31:00 INFO sim.Simulation|***** START OF TIME 36 COMPLETE *****
08/04 21:31:10 INFO sim.Simulation|***** START OF TIME 37 *****
08/04 21:31:10 INFO sim.Simulation|***** START OF TIME 37 COMPLETE *****
08/04 21:31:20 INFO sim.Simulation|***** START OF TIME 38 *****
08/04 21:31:20 INFO sim.Simulation|***** START OF TIME 38 COMPLETE *****
08/04 21:31:30 INFO sim.Simulation|***** START OF TIME 39 *****
08/04 21:31:30 INFO sim.Simulation|***** START OF TIME 39 COMPLETE *****
08/04 21:31:40 INFO sim.Simulation|***** START OF TIME 40 *****
08/04 21:31:41 INFO sim.Simulation|***** START OF TIME 40 COMPLETE *****
08/04 21:31:50 INFO sim.Simulation|***** START OF TIME 41 *****
08/04 21:31:51 INFO sim.Simulation|***** START OF TIME 41 COMPLETE *****
08/04 21:32:00 INFO sim.Simulation|***** START OF TIME 42 *****
08/04 21:32:01 INFO sim.Simulation|***** START OF TIME 42 COMPLETE *****
08/04 21:32:10 INFO sim.Simulation|***** START OF TIME 43 *****
08/04 21:32:11 INFO sim.Simulation|***** START OF TIME 43 COMPLETE *****
08/04 21:32:20 INFO sim.Simulation|***** START OF TIME 44 *****
08/04 21:32:21 INFO sim.Simulation|***** START OF TIME 44 COMPLETE *****
08/04 21:32:30 INFO sim.Simulation|***** START OF TIME 45 *****
08/04 21:32:30 INFO sim.Simulation|***** START OF TIME 45 COMPLETE *****
09/04 19:49:00 FINE sim.Admin|Log for simulation 28 started
************************************************************
* Log for simulation 28 started
************************************************************


09/04 19:49:00 FINE sim.ExternalAgent|sample setup with address adv1
09/04 19:49:00 INFO sim.Simulation|***** START OF TIME 0 *****
09/04 19:49:00 INFO sim.Simulation|***** START OF TIME 0 COMPLETE *****
09/04 19:49:06 SEVERE tact.TACTConnection|sample@tact-1: reading error 
java.net.SocketException: Connection reset
	at java.net.SocketInputStream.read(Unknown Source)
	at java.net.SocketInputStream.read(Unknown Source)
	at java.net.SocketInputStream.read(Unknown Source)
	at java.io.DataInputStream.readInt(Unknown Source)
	at se.sics.isl.tact.TACTConnection$TACTReader.run(TACTConnection.java:405)
09/04 19:49:10 INFO sim.Simulation|***** START OF TIME 1 *****
09/04 19:49:11 INFO sim.Simulation|***** START OF TIME 1 COMPLETE *****
09/04 19:49:20 INFO sim.Simulation|***** START OF TIME 2 *****
09/04 19:49:20 INFO sim.Simulation|***** START OF TIME 2 COMPLETE *****
09/04 19:49:30 INFO sim.Simulation|***** START OF TIME 3 *****
09/04 19:49:31 INFO sim.Simulation|***** START OF TIME 3 COMPLETE *****
09/04 19:49:40 INFO sim.Simulation|***** START OF TIME 4 *****
09/04 19:49:40 INFO sim.Simulation|***** START OF TIME 4 COMPLETE *****
09/04 19:49:50 INFO sim.Simulation|***** START OF TIME 5 *****
09/04 19:49:51 INFO sim.Simulation|***** START OF TIME 5 COMPLETE *****
09/04 19:50:00 INFO sim.Simulation|***** START OF TIME 6 *****
09/04 19:50:00 INFO sim.Simulation|***** START OF TIME 6 COMPLETE *****
09/04 19:50:10 INFO sim.Simulation|***** START OF TIME 7 *****
09/04 19:50:11 INFO sim.Simulation|***** START OF TIME 7 COMPLETE *****
09/04 19:50:20 INFO sim.Simulation|***** START OF TIME 8 *****
09/04 19:50:21 INFO sim.Simulation|***** START OF TIME 8 COMPLETE *****
09/04 19:50:30 INFO sim.Simulation|***** START OF TIME 9 *****
09/04 19:50:30 INFO sim.Simulation|***** START OF TIME 9 COMPLETE *****
09/04 19:50:40 INFO sim.Simulation|***** START OF TIME 10 *****
09/04 19:50:40 INFO sim.Simulation|***** START OF TIME 10 COMPLETE *****
09/04 19:50:50 INFO sim.Simulation|***** START OF TIME 11 *****
09/04 19:50:51 INFO sim.Simulation|***** START OF TIME 11 COMPLETE *****
09/04 19:51:00 INFO sim.Simulation|***** START OF TIME 12 *****
09/04 19:51:01 INFO sim.Simulation|***** START OF TIME 12 COMPLETE *****
09/04 19:51:10 INFO sim.Simulation|***** START OF TIME 13 *****
09/04 19:51:11 INFO sim.Simulation|***** START OF TIME 13 COMPLETE *****
09/04 19:51:20 INFO sim.Simulation|***** START OF TIME 14 *****
09/04 19:51:20 INFO sim.Simulation|***** START OF TIME 14 COMPLETE *****
09/04 19:51:30 INFO sim.Simulation|***** START OF TIME 15 *****
09/04 19:51:31 INFO sim.Simulation|***** START OF TIME 15 COMPLETE *****
09/04 19:51:40 INFO sim.Simulation|***** START OF TIME 16 *****
09/04 19:51:40 INFO sim.Simulation|***** START OF TIME 16 COMPLETE *****
09/04 19:51:50 INFO sim.Simulation|***** START OF TIME 17 *****
09/04 19:51:50 INFO sim.Simulation|***** START OF TIME 17 COMPLETE *****
09/04 19:52:00 INFO sim.Simulation|***** START OF TIME 18 *****
09/04 19:52:01 INFO sim.Simulation|***** START OF TIME 18 COMPLETE *****
09/04 19:52:10 INFO sim.Simulation|***** START OF TIME 19 *****
09/04 19:52:11 INFO sim.Simulation|***** START OF TIME 19 COMPLETE *****
09/04 19:52:20 INFO sim.Simulation|***** START OF TIME 20 *****
09/04 19:52:20 INFO sim.Simulation|***** START OF TIME 20 COMPLETE *****
09/04 19:52:30 INFO sim.Simulation|***** START OF TIME 21 *****
09/04 19:52:31 INFO sim.Simulation|***** START OF TIME 21 COMPLETE *****
09/04 19:52:40 INFO sim.Simulation|***** START OF TIME 22 *****
09/04 19:52:40 INFO sim.Simulation|***** START OF TIME 22 COMPLETE *****
09/04 19:52:50 INFO sim.Simulation|***** START OF TIME 23 *****
09/04 19:52:51 INFO sim.Simulation|***** START OF TIME 23 COMPLETE *****
09/04 19:53:00 INFO sim.Simulation|***** START OF TIME 24 *****
09/04 19:53:01 INFO sim.Simulation|***** START OF TIME 24 COMPLETE *****
09/04 19:53:10 INFO sim.Simulation|***** START OF TIME 25 *****
09/04 19:53:11 INFO sim.Simulation|***** START OF TIME 25 COMPLETE *****
09/04 19:53:20 INFO sim.Simulation|***** START OF TIME 26 *****
09/04 19:53:21 INFO sim.Simulation|***** START OF TIME 26 COMPLETE *****
09/04 19:53:30 INFO sim.Simulation|***** START OF TIME 27 *****
09/04 19:53:30 INFO sim.Simulation|***** START OF TIME 27 COMPLETE *****
09/04 19:53:40 INFO sim.Simulation|***** START OF TIME 28 *****
09/04 19:53:40 INFO sim.Simulation|***** START OF TIME 28 COMPLETE *****
09/04 19:53:50 INFO sim.Simulation|***** START OF TIME 29 *****
09/04 19:53:50 INFO sim.Simulation|***** START OF TIME 29 COMPLETE *****
09/04 19:54:00 INFO sim.Simulation|***** START OF TIME 30 *****
09/04 19:54:01 INFO sim.Simulation|***** START OF TIME 30 COMPLETE *****
09/04 19:54:10 INFO sim.Simulation|***** START OF TIME 31 *****
09/04 19:54:11 INFO sim.Simulation|***** START OF TIME 31 COMPLETE *****
09/04 19:54:20 INFO sim.Simulation|***** START OF TIME 32 *****
09/04 19:54:20 INFO sim.Simulation|***** START OF TIME 32 COMPLETE *****
09/04 19:54:30 INFO sim.Simulation|***** START OF TIME 33 *****
09/04 19:54:31 INFO sim.Simulation|***** START OF TIME 33 COMPLETE *****
09/04 19:54:40 INFO sim.Simulation|***** START OF TIME 34 *****
09/04 19:54:41 INFO sim.Simulation|***** START OF TIME 34 COMPLETE *****
09/04 19:54:50 INFO sim.Simulation|***** START OF TIME 35 *****
09/04 19:54:51 INFO sim.Simulation|***** START OF TIME 35 COMPLETE *****
09/04 19:55:00 INFO sim.Simulation|***** START OF TIME 36 *****
09/04 19:55:00 INFO sim.Simulation|***** START OF TIME 36 COMPLETE *****
09/04 19:55:10 INFO sim.Simulation|***** START OF TIME 37 *****
09/04 19:55:11 INFO sim.Simulation|***** START OF TIME 37 COMPLETE *****
09/04 19:55:20 INFO sim.Simulation|***** START OF TIME 38 *****
09/04 19:55:20 INFO sim.Simulation|***** START OF TIME 38 COMPLETE *****
09/04 19:55:30 INFO sim.Simulation|***** START OF TIME 39 *****
09/04 19:55:31 INFO sim.Simulation|***** START OF TIME 39 COMPLETE *****
