10/04 17:43:00 FINE sim.Admin|Log for simulation 30 started
************************************************************
* Log for simulation 30 started
************************************************************


10/04 17:43:00 FINE sim.ExternalAgent|sample setup with address adv1
10/04 17:43:00 INFO sim.Simulation|***** START OF TIME 0 *****
10/04 17:43:00 INFO sim.Simulation|***** START OF TIME 0 COMPLETE *****
10/04 17:43:10 INFO sim.Simulation|***** START OF TIME 1 *****
10/04 17:43:12 INFO sim.Simulation|***** START OF TIME 1 COMPLETE *****
10/04 17:43:20 INFO sim.Simulation|***** START OF TIME 2 *****
10/04 17:43:21 INFO sim.Simulation|***** START OF TIME 2 COMPLETE *****
10/04 17:43:30 INFO sim.Simulation|***** START OF TIME 3 *****
10/04 17:43:31 INFO sim.Simulation|***** START OF TIME 3 COMPLETE *****
10/04 17:43:40 INFO sim.Simulation|***** START OF TIME 4 *****
10/04 17:43:40 INFO sim.Simulation|***** START OF TIME 4 COMPLETE *****
10/04 17:43:50 INFO sim.Simulation|***** START OF TIME 5 *****
10/04 17:43:50 INFO sim.Simulation|***** START OF TIME 5 COMPLETE *****
10/04 17:44:00 INFO sim.Simulation|***** START OF TIME 6 *****
10/04 17:44:00 INFO sim.Simulation|***** START OF TIME 6 COMPLETE *****
10/04 17:44:10 INFO sim.Simulation|***** START OF TIME 7 *****
10/04 17:44:10 INFO sim.Simulation|***** START OF TIME 7 COMPLETE *****
10/04 17:44:20 INFO sim.Simulation|***** START OF TIME 8 *****
10/04 17:44:20 INFO sim.Simulation|***** START OF TIME 8 COMPLETE *****
10/04 17:44:30 INFO sim.Simulation|***** START OF TIME 9 *****
10/04 17:44:31 INFO sim.Simulation|***** START OF TIME 9 COMPLETE *****
10/04 17:44:40 INFO sim.Simulation|***** START OF TIME 10 *****
10/04 17:44:40 INFO sim.Simulation|***** START OF TIME 10 COMPLETE *****
10/04 17:44:43 SEVERE tact.TACTConnection|sample@tact-1: reading error 
java.net.SocketException: Connection reset
	at java.net.SocketInputStream.read(Unknown Source)
	at java.net.SocketInputStream.read(Unknown Source)
	at java.net.SocketInputStream.read(Unknown Source)
	at java.io.DataInputStream.readInt(Unknown Source)
	at se.sics.isl.tact.TACTConnection$TACTReader.run(TACTConnection.java:405)
10/04 17:44:50 INFO sim.Simulation|***** START OF TIME 11 *****
10/04 17:44:50 INFO sim.Simulation|***** START OF TIME 11 COMPLETE *****
10/04 17:45:00 INFO sim.Simulation|***** START OF TIME 12 *****
10/04 17:45:00 INFO sim.Simulation|***** START OF TIME 12 COMPLETE *****
10/04 17:45:10 INFO sim.Simulation|***** START OF TIME 13 *****
10/04 17:45:11 INFO sim.Simulation|***** START OF TIME 13 COMPLETE *****
10/04 17:45:20 INFO sim.Simulation|***** START OF TIME 14 *****
10/04 17:45:20 INFO sim.Simulation|***** START OF TIME 14 COMPLETE *****
10/04 17:45:30 INFO sim.Simulation|***** START OF TIME 15 *****
10/04 17:45:30 INFO sim.Simulation|***** START OF TIME 15 COMPLETE *****
10/04 17:45:40 INFO sim.Simulation|***** START OF TIME 16 *****
10/04 17:45:40 INFO sim.Simulation|***** START OF TIME 16 COMPLETE *****
10/04 17:45:50 INFO sim.Simulation|***** START OF TIME 17 *****
10/04 17:45:51 INFO sim.Simulation|***** START OF TIME 17 COMPLETE *****
10/04 17:46:00 INFO sim.Simulation|***** START OF TIME 18 *****
10/04 17:46:00 INFO sim.Simulation|***** START OF TIME 18 COMPLETE *****
10/04 17:46:10 INFO sim.Simulation|***** START OF TIME 19 *****
10/04 17:46:10 INFO sim.Simulation|***** START OF TIME 19 COMPLETE *****
10/04 17:46:20 INFO sim.Simulation|***** START OF TIME 20 *****
10/04 17:46:20 INFO sim.Simulation|***** START OF TIME 20 COMPLETE *****
10/04 17:46:30 INFO sim.Simulation|***** START OF TIME 21 *****
10/04 17:46:31 INFO sim.Simulation|***** START OF TIME 21 COMPLETE *****
10/04 17:46:40 INFO sim.Simulation|***** START OF TIME 22 *****
10/04 17:46:40 INFO sim.Simulation|***** START OF TIME 22 COMPLETE *****
10/04 17:46:50 INFO sim.Simulation|***** START OF TIME 23 *****
10/04 17:46:50 INFO sim.Simulation|***** START OF TIME 23 COMPLETE *****
10/04 17:47:00 INFO sim.Simulation|***** START OF TIME 24 *****
10/04 17:47:00 INFO sim.Simulation|***** START OF TIME 24 COMPLETE *****
10/04 17:47:10 INFO sim.Simulation|***** START OF TIME 25 *****
10/04 17:47:10 INFO sim.Simulation|***** START OF TIME 25 COMPLETE *****
10/04 17:47:20 INFO sim.Simulation|***** START OF TIME 26 *****
10/04 17:47:20 INFO sim.Simulation|***** START OF TIME 26 COMPLETE *****
10/04 17:47:30 INFO sim.Simulation|***** START OF TIME 27 *****
10/04 17:47:30 INFO sim.Simulation|***** START OF TIME 27 COMPLETE *****
10/04 17:47:40 INFO sim.Simulation|***** START OF TIME 28 *****
10/04 17:47:40 INFO sim.Simulation|***** START OF TIME 28 COMPLETE *****
10/04 17:47:50 INFO sim.Simulation|***** START OF TIME 29 *****
10/04 17:47:51 INFO sim.Simulation|***** START OF TIME 29 COMPLETE *****
10/04 17:48:00 INFO sim.Simulation|***** START OF TIME 30 *****
10/04 17:48:00 INFO sim.Simulation|***** START OF TIME 30 COMPLETE *****
10/04 17:48:10 INFO sim.Simulation|***** START OF TIME 31 *****
10/04 17:48:11 INFO sim.Simulation|***** START OF TIME 31 COMPLETE *****
10/04 17:48:20 INFO sim.Simulation|***** START OF TIME 32 *****
10/04 17:48:20 INFO sim.Simulation|***** START OF TIME 32 COMPLETE *****
10/04 17:48:30 INFO sim.Simulation|***** START OF TIME 33 *****
10/04 17:48:30 INFO sim.Simulation|***** START OF TIME 33 COMPLETE *****
10/04 17:48:40 INFO sim.Simulation|***** START OF TIME 34 *****
10/04 17:48:40 INFO sim.Simulation|***** START OF TIME 34 COMPLETE *****
10/04 17:48:50 INFO sim.Simulation|***** START OF TIME 35 *****
10/04 17:48:50 INFO sim.Simulation|***** START OF TIME 35 COMPLETE *****
10/04 17:49:00 INFO sim.Simulation|***** START OF TIME 36 *****
10/04 17:49:00 INFO sim.Simulation|***** START OF TIME 36 COMPLETE *****
10/04 17:49:10 INFO sim.Simulation|***** START OF TIME 37 *****
10/04 17:49:10 INFO sim.Simulation|***** START OF TIME 37 COMPLETE *****
10/04 17:49:20 INFO sim.Simulation|***** START OF TIME 38 *****
10/04 17:49:20 INFO sim.Simulation|***** START OF TIME 38 COMPLETE *****
10/04 17:49:30 INFO sim.Simulation|***** START OF TIME 39 *****
10/04 17:49:30 INFO sim.Simulation|***** START OF TIME 39 COMPLETE *****
10/04 17:49:40 INFO sim.Simulation|***** START OF TIME 40 *****
10/04 17:49:40 INFO sim.Simulation|***** START OF TIME 40 COMPLETE *****
10/04 17:49:50 INFO sim.Simulation|***** START OF TIME 41 *****
10/04 17:49:51 INFO sim.Simulation|***** START OF TIME 41 COMPLETE *****
10/04 17:50:00 INFO sim.Simulation|***** START OF TIME 42 *****
10/04 17:50:01 INFO sim.Simulation|***** START OF TIME 42 COMPLETE *****
10/04 17:50:10 INFO sim.Simulation|***** START OF TIME 43 *****
10/04 17:50:10 INFO sim.Simulation|***** START OF TIME 43 COMPLETE *****
10/04 17:50:20 INFO sim.Simulation|***** START OF TIME 44 *****
10/04 17:50:21 INFO sim.Simulation|***** START OF TIME 44 COMPLETE *****
10/04 17:50:30 INFO sim.Simulation|***** START OF TIME 45 *****
10/04 17:50:31 INFO sim.Simulation|***** START OF TIME 45 COMPLETE *****
10/04 17:50:40 INFO sim.Simulation|***** START OF TIME 46 *****
10/04 17:50:41 INFO sim.Simulation|***** START OF TIME 46 COMPLETE *****
10/04 17:50:50 INFO sim.Simulation|***** START OF TIME 47 *****
10/04 17:50:51 INFO sim.Simulation|***** START OF TIME 47 COMPLETE *****
10/04 17:51:00 INFO sim.Simulation|***** START OF TIME 48 *****
10/04 17:51:00 INFO sim.Simulation|***** START OF TIME 48 COMPLETE *****
10/04 17:51:10 INFO sim.Simulation|***** START OF TIME 49 *****
10/04 17:51:11 INFO sim.Simulation|***** START OF TIME 49 COMPLETE *****
10/04 17:51:20 INFO sim.Simulation|***** START OF TIME 50 *****
10/04 17:51:20 INFO sim.Simulation|***** START OF TIME 50 COMPLETE *****
10/04 17:51:30 INFO sim.Simulation|***** START OF TIME 51 *****
10/04 17:51:30 INFO sim.Simulation|***** START OF TIME 51 COMPLETE *****
10/04 17:51:40 INFO sim.Simulation|***** START OF TIME 52 *****
10/04 17:51:41 INFO sim.Simulation|***** START OF TIME 52 COMPLETE *****
10/04 17:51:50 INFO sim.Simulation|***** START OF TIME 53 *****
10/04 17:51:50 INFO sim.Simulation|***** START OF TIME 53 COMPLETE *****
10/04 17:52:00 INFO sim.Simulation|***** START OF TIME 54 *****
10/04 17:52:00 INFO sim.Simulation|***** START OF TIME 54 COMPLETE *****
10/04 17:52:10 INFO sim.Simulation|***** START OF TIME 55 *****
10/04 17:52:10 INFO sim.Simulation|***** START OF TIME 55 COMPLETE *****
10/04 17:52:20 INFO sim.Simulation|***** START OF TIME 56 *****
10/04 17:52:21 INFO sim.Simulation|***** START OF TIME 56 COMPLETE *****
10/04 17:52:30 INFO sim.Simulation|***** START OF TIME 57 *****
10/04 17:52:30 INFO sim.Simulation|***** START OF TIME 57 COMPLETE *****
10/04 17:52:40 INFO sim.Simulation|***** START OF TIME 58 *****
10/04 17:52:40 INFO sim.Simulation|***** START OF TIME 58 COMPLETE *****
10/04 17:52:50 INFO sim.Simulation|***** START OF TIME 59 *****
10/04 17:52:51 INFO sim.Simulation|***** START OF TIME 59 COMPLETE *****
10/04 17:53:00 INFO sim.Simulation|***** START OF TIME 60 *****
10/04 17:53:00 FINE sim.Simulation|Simulation 30 is requested to stop
10/04 17:53:00 INFO sim.Simulation|***** START OF TIME 60 COMPLETE *****
10/04 17:53:00 FINE sim.Simulation|Simulation 30 is preparing to stop
10/04 17:53:00 FINE sim.Simulation|Simulation 30 is being stopped
10/04 17:53:00 FINE sim.Admin|Simulation log complete
************************************************************
* Simulation log complete
************************************************************


