09/04 20:21:01 INFO file.FileDatabase|infodb: database opened as C:\users\user\git\MLWS-new\AdX\adx-server\infodb
09/04 20:21:01 INFO common.BlockingViewerServer|viewer server started at *:4042
09/04 17:21:02 INFO sim.Admin|adding manager for simulation type tac13adx
09/04 17:21:02 INFO server.TACTGateway|TACT Server started at *:6502
09/04 17:21:02 INFO server.TACTChannel|user sample logged in as sample@tact-1 with version 0.9.6 from 127.0.0.1
09/04 17:21:02 INFO sim.Admin|created simulation 28
09/04 17:22:00 FINE sim.Admin|Entering log for simulation 27
************************************************************
* Entering log for simulation 27
************************************************************


09/04 17:32:00 SEVERE common.SimServer|could not generate results for simulation 27
java.io.IOException: could not parse simulation log 27
	at edu.umich.eecs.tac.is.TACAAResultManager.generateResult(TACAAResultManager.java:47)
	at se.sics.tasim.is.common.ResultManager.generateResult(ResultManager.java:62)
	at se.sics.tasim.is.common.SimServer.generateResults(SimServer.java:2459)
	at se.sics.tasim.is.common.SimServer.generateResults(SimServer.java:2395)
	at se.sics.tasim.is.common.SimulationArchiver.generateResults(SimulationArchiver.java:89)
	at se.sics.tasim.is.common.SimulationArchiver.run(SimulationArchiver.java:80)
	at java.lang.Thread.run(Unknown Source)
Caused by: java.text.ParseException: unexpected EOF
	at se.sics.isl.transport.BinaryTransportReader.getSValue(BinaryTransportReader.java:364)
	at se.sics.isl.transport.BinaryTransportReader.getAttributeAsObject(BinaryTransportReader.java:581)
	at se.sics.isl.transport.BinaryTransportReader.getAttributeAsString(BinaryTransportReader.java:609)
	at se.sics.isl.transport.BinaryTransportReader.getAttribute(BinaryTransportReader.java:635)
	at se.sics.isl.transport.TransportReader.getAttribute(TransportReader.java:124)
	at se.sics.isl.transport.TransportReader.getAttribute(TransportReader.java:115)
	at se.sics.tasim.props.SimpleContent.read(SimpleContent.java:230)
	at se.sics.isl.transport.TransportReader.readTransportable(TransportReader.java:89)
	at se.sics.isl.transport.TransportReader.readTransportable(TransportReader.java:55)
	at edu.umich.eecs.tac.Parser.handleNodes(Parser.java:190)
	at edu.umich.eecs.tac.Parser.start(Parser.java:91)
	at tau.tac.adx.TACAdxSimulationInfo.<init>(TACAdxSimulationInfo.java:108)
	at edu.umich.eecs.tac.is.TACAAResultManager.generateResult(TACAAResultManager.java:45)
	... 6 more
