04/04 09:22:00 INFO OrOmerShelly.OOSAgent|UNKNOWN Message Received: edu.umich.eecs.tac.props.AdvertiserInfo@bc76a1c1
04/04 09:22:00 INFO OrOmerShelly.Coordinator|Day 0 :BankStatus[0.000000]
04/04 09:22:00 INFO OrOmerShelly.Coordinator|tau.tac.adx.report.demand.InitialCampaignMessage[1187030418,1250,1,5,[FEMALE, LOW_INCOME],2.0,1.5,demand,[]]
04/04 09:22:00 INFO OrOmerShelly.Coordinator|Day 0: Allocated campaign - Campaign ID 1187030418: day 1 to 5 [FEMALE, LOW_INCOME], reach: 1250 coefs: (v=2.0, m=1.5)
04/04 09:22:00 INFO OrOmerShelly.Coordinator|Day 0: Campaign opportunity - Campaign ID 2083641356: day 2 to 6 [OLD, LOW_INCOME], reach: 6250 coefs: (v=2.0, m=1.5)
04/04 09:22:00 INFO OrOmerShelly.Coordinator|Day 0: Campaign total budget bid: 997179.6934257029
04/04 09:22:00 INFO OrOmerShelly.Coordinator|Day 0: Initial ucs bid is 0.15419616359307253
04/04 09:22:00 INFO OrOmerShelly.Coordinator|Day 0 : Simulation Status Received
04/04 09:22:00 WARNING OrOmerShelly.Coordinator|BidBundle is null!
04/04 09:22:00 INFO OrOmerShelly.Coordinator|Day 0 ended. Starting next day
04/04 09:22:10 INFO OrOmerShelly.Coordinator|Day 1 :BankStatus[0.000000]
04/04 09:22:10 INFO OrOmerShelly.OOSAgent|UNKNOWN Message Received: (CampaignAuctionReport CampaignAuctionReportEntry [actualBid=2060.0, effectiveBid=2060.0] CampaignAuctionReportEntry [actualBid=2260.0, effectiveBid=2260.0] CampaignAuctionReportEntry [actualBid=2435.0, effectiveBid=2435.0] CampaignAuctionReportEntry [actualBid=2572.0, effectiveBid=2572.0] CampaignAuctionReportEntry [actualBid=2634.0, effectiveBid=2634.0] CampaignAuctionReportEntry [actualBid=2688.0, effectiveBid=2688.0] CampaignAuctionReportEntry [actualBid=3178.0, effectiveBid=3178.0])
04/04 09:22:10 INFO OrOmerShelly.Coordinator|Day 1: Daily notification for campaign 2083641356
04/04 09:22:10 INFO OrOmerShelly.Coordinator|Day 1:  allocated to DummyAdnetwork-6. UCS Level set to 0.47829690000000014 at price 0.0 Quality Score is: 1.0
04/04 09:22:10 INFO OrOmerShelly.Coordinator|Day 1: Campaign opportunity - Campaign ID 1437384916: day 3 to 12 [MALE, LOW_INCOME], reach: 6250 coefs: (v=2.0, m=1.5)
04/04 09:22:10 INFO OrOmerShelly.Coordinator|Day 1: Campaign total budget bid: 499152.9526136644
04/04 09:22:10 INFO OrOmerShelly.Coordinator|Day 1: Adjusting ucs bid: was 0.15419616359307253 level reported: 0.47829690000000014 target: 0.8 adjusted: 0.19929134031493412
04/04 09:22:10 INFO OrOmerShelly.Coordinator|Publishers Report: 
04/04 09:22:10 INFO OrOmerShelly.Coordinator|(publisher: cnn popularity: 11104 video: 2204 text: 8901)
04/04 09:22:10 INFO OrOmerShelly.Coordinator|(publisher: yahoo popularity: 35758 video: 18634 text: 17125)
04/04 09:22:10 INFO OrOmerShelly.Coordinator|(publisher: sears popularity: 5230 video: 1945 text: 3286)
04/04 09:22:10 INFO OrOmerShelly.Coordinator|(publisher: nyt popularity: 10995 video: 6775 text: 4221)
04/04 09:22:10 INFO OrOmerShelly.Coordinator|(publisher: ebay popularity: 43501 video: 18109 text: 25393)
04/04 09:22:10 INFO OrOmerShelly.Coordinator|(publisher: bestbuy popularity: 4978 video: 2192 text: 2787)
04/04 09:22:10 INFO OrOmerShelly.Coordinator|Day 1 : Simulation Status Received
04/04 09:22:10 WARNING OrOmerShelly.Coordinator|BidBundle is null!
04/04 09:22:10 INFO OrOmerShelly.Coordinator|Day 1 ended. Starting next day
04/04 09:22:20 INFO OrOmerShelly.Coordinator|Day 2 :BankStatus[-0.145800]
04/04 09:22:20 INFO OrOmerShelly.OOSAgent|UNKNOWN Message Received: (CampaignAuctionReport CampaignAuctionReportEntry [actualBid=2110.0, effectiveBid=2110.0] CampaignAuctionReportEntry [actualBid=2138.0, effectiveBid=2138.0] CampaignAuctionReportEntry [actualBid=2240.0, effectiveBid=2240.0] CampaignAuctionReportEntry [actualBid=2249.0, effectiveBid=2249.0] CampaignAuctionReportEntry [actualBid=2460.0, effectiveBid=2460.0] CampaignAuctionReportEntry [actualBid=2569.0, effectiveBid=2569.0] CampaignAuctionReportEntry [actualBid=2869.0, effectiveBid=2869.0])
04/04 09:22:20 INFO OrOmerShelly.Coordinator|Day 2: Updating campaign 1187030418 stats: 0.0 tgtImps 0.0 nonTgtImps. Cost of imps is 0.0
04/04 09:22:20 SEVERE OrOmerShelly.OOSAgent|Exception thrown while trying to parse message.java.lang.NullPointerException
04/04 09:22:20 INFO OrOmerShelly.Coordinator|Day 2: Campaign opportunity - Campaign ID 147562520: day 4 to 13 [MALE, LOW_INCOME], reach: 12500 coefs: (v=2.0, m=1.5)
04/04 09:22:20 INFO OrOmerShelly.Coordinator|Day 2: Campaign total budget bid: 998305.9052273288
04/04 09:22:20 INFO OrOmerShelly.Coordinator|Day 2: Adjusting ucs bid: was 0.19929134031493412 level reported: 0.47829690000000014 target: 0.8 adjusted: 0.15323115745903299
04/04 09:22:20 SEVERE OrOmerShelly.OOSAgent|Exception thrown while trying to parse message.java.lang.NullPointerException
04/04 09:22:20 INFO OrOmerShelly.Coordinator|Day 2 : Simulation Status Received
04/04 09:22:20 WARNING OrOmerShelly.Coordinator|BidBundle is null!
04/04 09:22:20 INFO OrOmerShelly.Coordinator|Day 2 ended. Starting next day
04/04 09:22:30 INFO OrOmerShelly.Coordinator|Day 3 :BankStatus[-0.291600]
04/04 09:22:30 INFO OrOmerShelly.OOSAgent|UNKNOWN Message Received: (CampaignAuctionReport CampaignAuctionReportEntry [actualBid=2285.0, effectiveBid=2285.0] CampaignAuctionReportEntry [actualBid=2291.0, effectiveBid=2291.0] CampaignAuctionReportEntry [actualBid=2370.0, effectiveBid=2370.0] CampaignAuctionReportEntry [actualBid=2443.0, effectiveBid=2443.0] CampaignAuctionReportEntry [actualBid=2595.0, effectiveBid=2595.0])
04/04 09:22:30 INFO OrOmerShelly.Coordinator|Day 3: Updating campaign 1187030418 stats: 0.0 tgtImps 0.0 nonTgtImps. Cost of imps is 0.0
04/04 09:22:30 SEVERE OrOmerShelly.OOSAgent|Exception thrown while trying to parse message.java.lang.NullPointerException
04/04 09:22:30 INFO OrOmerShelly.Coordinator|Day 3: Campaign opportunity - Campaign ID 1760748227: day 5 to 9 [YOUNG, HIGH_INCOME], reach: 3750 coefs: (v=2.0, m=1.5)
04/04 09:22:30 INFO OrOmerShelly.Coordinator|Day 3: Campaign total budget bid: 609305.76066401
04/04 09:22:30 INFO OrOmerShelly.Coordinator|Day 3: Adjusting ucs bid: was 0.15323115745903299 level reported: 0.47829690000000014 target: 0.8 adjusted: 0.1558017468425164
04/04 09:22:30 SEVERE OrOmerShelly.OOSAgent|Exception thrown while trying to parse message.java.lang.NullPointerException
04/04 09:22:30 INFO OrOmerShelly.Coordinator|Day 3 : Simulation Status Received
04/04 09:22:30 WARNING OrOmerShelly.Coordinator|BidBundle is null!
04/04 09:22:30 INFO OrOmerShelly.Coordinator|Day 3 ended. Starting next day
04/04 09:22:40 INFO OrOmerShelly.Coordinator|Day 4 :BankStatus[-0.437400]
04/04 09:22:40 INFO OrOmerShelly.OOSAgent|UNKNOWN Message Received: (CampaignAuctionReport CampaignAuctionReportEntry [actualBid=2084.0, effectiveBid=2084.0] CampaignAuctionReportEntry [actualBid=2445.0, effectiveBid=2445.0] CampaignAuctionReportEntry [actualBid=2759.0, effectiveBid=2759.0] CampaignAuctionReportEntry [actualBid=3115.0, effectiveBid=3115.0] CampaignAuctionReportEntry [actualBid=3173.0, effectiveBid=3173.0])
04/04 09:22:40 INFO OrOmerShelly.Coordinator|Day 4: Updating campaign 1187030418 stats: 0.0 tgtImps 0.0 nonTgtImps. Cost of imps is 0.0
04/04 09:22:40 SEVERE OrOmerShelly.OOSAgent|Exception thrown while trying to parse message.java.lang.NullPointerException
04/04 09:22:40 INFO OrOmerShelly.Coordinator|Day 4: Campaign opportunity - Campaign ID 758982279: day 6 to 8 [FEMALE, HIGH_INCOME], reach: 3750 coefs: (v=2.0, m=1.5)
04/04 09:22:40 INFO OrOmerShelly.Coordinator|Day 4: Campaign total budget bid: 995174.9095775717
04/04 09:22:40 INFO OrOmerShelly.Coordinator|Day 4: Adjusting ucs bid: was 0.1558017468425164 level reported: 0.47829690000000014 target: 0.8 adjusted: 0.1670258590480045
04/04 09:22:40 SEVERE OrOmerShelly.OOSAgent|Exception thrown while trying to parse message.java.lang.NullPointerException
04/04 09:22:40 INFO OrOmerShelly.Coordinator|Day 4 : Simulation Status Received
04/04 09:22:40 WARNING OrOmerShelly.Coordinator|BidBundle is null!
04/04 09:22:40 INFO OrOmerShelly.Coordinator|Day 4 ended. Starting next day
04/04 09:22:50 INFO OrOmerShelly.Coordinator|Day 5 :BankStatus[-0.583200]
04/04 09:22:50 INFO OrOmerShelly.OOSAgent|UNKNOWN Message Received: (CampaignAuctionReport CampaignAuctionReportEntry [actualBid=2577.0, effectiveBid=2577.0] CampaignAuctionReportEntry [actualBid=2931.0, effectiveBid=2931.0] CampaignAuctionReportEntry [actualBid=3080.0, effectiveBid=3080.0] CampaignAuctionReportEntry [actualBid=3275.0, effectiveBid=3275.0])
04/04 09:22:50 INFO OrOmerShelly.Coordinator|Day 5: Updating campaign 1187030418 stats: 0.0 tgtImps 0.0 nonTgtImps. Cost of imps is 0.0
04/04 09:22:50 SEVERE OrOmerShelly.OOSAgent|Exception thrown while trying to parse message.java.lang.NullPointerException
04/04 09:22:50 INFO OrOmerShelly.Coordinator|Day 5: Campaign opportunity - Campaign ID 851596766: day 7 to 16 [MALE, HIGH_INCOME], reach: 12500 coefs: (v=2.0, m=1.5)
04/04 09:22:50 INFO OrOmerShelly.Coordinator|Day 5: Campaign total budget bid: 1013430.5138283313
04/04 09:22:50 INFO OrOmerShelly.Coordinator|Day 5: Adjusting ucs bid: was 0.1670258590480045 level reported: 0.47829690000000014 target: 0.8 adjusted: 0.13810825313228584
04/04 09:22:50 SEVERE OrOmerShelly.OOSAgent|Exception thrown while trying to parse message.java.lang.NullPointerException
04/04 09:22:50 INFO OrOmerShelly.Coordinator|Day 5 : Simulation Status Received
04/04 09:22:50 WARNING OrOmerShelly.Coordinator|BidBundle is null!
04/04 09:22:50 INFO OrOmerShelly.Coordinator|Day 5 ended. Starting next day
04/04 09:23:00 INFO OrOmerShelly.Coordinator|Day 6 :BankStatus[-0.729000]
04/04 09:23:00 INFO OrOmerShelly.OOSAgent|UNKNOWN Message Received: (CampaignAuctionReport CampaignAuctionReportEntry [actualBid=2270.0, effectiveBid=2270.0] CampaignAuctionReportEntry [actualBid=2385.0, effectiveBid=2385.0] CampaignAuctionReportEntry [actualBid=2689.0, effectiveBid=2689.0] CampaignAuctionReportEntry [actualBid=2956.0, effectiveBid=2956.0])
04/04 09:23:00 INFO OrOmerShelly.Coordinator|Day 6: Updating campaign 1187030418 stats: 0.0 tgtImps 0.0 nonTgtImps. Cost of imps is 0.0
04/04 09:23:00 SEVERE OrOmerShelly.OOSAgent|Exception thrown while trying to parse message.java.lang.NullPointerException
04/04 09:23:00 INFO OrOmerShelly.Coordinator|Day 6: Campaign opportunity - Campaign ID 262487747: day 8 to 10 [MALE, HIGH_INCOME], reach: 12500 coefs: (v=2.0, m=1.5)
04/04 09:23:00 INFO OrOmerShelly.Coordinator|Day 6: Campaign total budget bid: 3378101.712761104
04/04 09:23:00 INFO OrOmerShelly.Coordinator|Day 6: Adjusting ucs bid: was 0.13810825313228584 level reported: 0.47829690000000014 target: 0.8 adjusted: 0.12209900349506789
04/04 09:23:00 SEVERE OrOmerShelly.OOSAgent|Exception thrown while trying to parse message.java.lang.NullPointerException
04/04 09:23:00 INFO OrOmerShelly.Coordinator|Day 6 : Simulation Status Received
04/04 09:23:00 WARNING OrOmerShelly.Coordinator|BidBundle is null!
04/04 09:23:00 INFO OrOmerShelly.Coordinator|Day 6 ended. Starting next day
04/04 09:23:10 INFO OrOmerShelly.Coordinator|Day 7 :BankStatus[-0.874800]
04/04 09:23:10 INFO OrOmerShelly.OOSAgent|UNKNOWN Message Received: (CampaignAuctionReport CampaignAuctionReportEntry [actualBid=2071.0, effectiveBid=2077.8312536768162] CampaignAuctionReportEntry [actualBid=2360.0, effectiveBid=2364.4466602557313])
04/04 09:23:10 SEVERE OrOmerShelly.OOSAgent|Exception thrown while trying to parse message.java.lang.NullPointerException
04/04 09:23:10 INFO OrOmerShelly.Coordinator|Day 7: Campaign opportunity - Campaign ID 1704258817: day 9 to 11 [MALE, LOW_INCOME], reach: 12500 coefs: (v=2.0, m=1.5)
04/04 09:23:10 INFO OrOmerShelly.Coordinator|Day 7: Campaign total budget bid: 3327686.350757763
04/04 09:23:10 INFO OrOmerShelly.Coordinator|Day 7: Adjusting ucs bid: was 0.12209900349506789 level reported: 0.47829690000000014 target: 0.8 adjusted: 0.13740227360738683
04/04 09:23:10 SEVERE OrOmerShelly.OOSAgent|Exception thrown while trying to parse message.java.lang.NullPointerException
04/04 09:23:10 INFO OrOmerShelly.Coordinator|Day 7 : Simulation Status Received
04/04 09:23:10 WARNING OrOmerShelly.Coordinator|BidBundle is null!
04/04 09:23:10 INFO OrOmerShelly.Coordinator|Day 7 ended. Starting next day
04/04 09:23:20 INFO OrOmerShelly.Coordinator|Day 8 :BankStatus[-1.020600]
04/04 09:23:20 INFO OrOmerShelly.OOSAgent|UNKNOWN Message Received: (CampaignAuctionReport CampaignAuctionReportEntry [actualBid=2879.0, effectiveBid=2884.4245486763775] CampaignAuctionReportEntry [actualBid=3044.0, effectiveBid=1414.3333468558155])
04/04 09:23:20 SEVERE OrOmerShelly.OOSAgent|Exception thrown while trying to parse message.java.lang.NullPointerException
04/04 09:23:20 INFO OrOmerShelly.Coordinator|Day 8: Campaign opportunity - Campaign ID 1376998104: day 10 to 14 [FEMALE, YOUNG], reach: 12500 coefs: (v=2.0, m=1.5)
04/04 09:23:20 INFO OrOmerShelly.Coordinator|Day 8: Campaign total budget bid: 2016786.1792644113
04/04 09:23:20 INFO OrOmerShelly.Coordinator|Day 8: Adjusting ucs bid: was 0.13740227360738683 level reported: 0.47829690000000014 target: 0.8 adjusted: 0.12655440834797196
04/04 09:23:20 SEVERE OrOmerShelly.OOSAgent|Exception thrown while trying to parse message.java.lang.NullPointerException
04/04 09:23:20 INFO OrOmerShelly.Coordinator|Day 8 : Simulation Status Received
04/04 09:23:20 WARNING OrOmerShelly.Coordinator|BidBundle is null!
04/04 09:23:20 INFO OrOmerShelly.Coordinator|Day 8 ended. Starting next day
04/04 09:23:30 INFO OrOmerShelly.Coordinator|Day 9 :BankStatus[-1.166400]
04/04 09:23:30 INFO OrOmerShelly.OOSAgent|UNKNOWN Message Received: (CampaignAuctionReport CampaignAuctionReportEntry [actualBid=2787.0, effectiveBid=2792.251204293527] CampaignAuctionReportEntry [actualBid=3117.0, effectiveBid=1448.2513279072198])
04/04 09:23:30 SEVERE OrOmerShelly.OOSAgent|Exception thrown while trying to parse message.java.lang.NullPointerException
04/04 09:23:30 INFO OrOmerShelly.Coordinator|Day 9: Campaign opportunity - Campaign ID 651902749: day 11 to 15 [OLD, HIGH_INCOME], reach: 3750 coefs: (v=2.0, m=1.5)
04/04 09:23:30 INFO OrOmerShelly.Coordinator|Day 9: Campaign total budget bid: 595906.9018905924
04/04 09:23:30 INFO OrOmerShelly.Coordinator|Day 9: Adjusting ucs bid: was 0.12655440834797196 level reported: 0.47829690000000014 target: 0.8 adjusted: 0.16726735383218042
04/04 09:23:30 SEVERE OrOmerShelly.OOSAgent|Exception thrown while trying to parse message.java.lang.NullPointerException
04/04 09:23:30 INFO OrOmerShelly.Coordinator|Day 9 : Simulation Status Received
04/04 09:23:30 WARNING OrOmerShelly.Coordinator|BidBundle is null!
04/04 09:23:30 INFO OrOmerShelly.Coordinator|Day 9 ended. Starting next day
04/04 09:23:40 INFO OrOmerShelly.Coordinator|Day 10 :BankStatus[-1.312200]
04/04 09:23:40 INFO OrOmerShelly.OOSAgent|UNKNOWN Message Received: (CampaignAuctionReport CampaignAuctionReportEntry [actualBid=2600.0, effectiveBid=2604.8988629936025])
04/04 09:23:40 SEVERE OrOmerShelly.OOSAgent|Exception thrown while trying to parse message.java.lang.NullPointerException
04/04 09:23:40 INFO OrOmerShelly.Coordinator|Day 10: Campaign opportunity - Campaign ID 1414650518: day 12 to 14 [MALE, HIGH_INCOME], reach: 6250 coefs: (v=2.0, m=1.5)
04/04 09:23:40 INFO OrOmerShelly.Coordinator|Day 10: Campaign total budget bid: 1689050.856380552
04/04 09:23:40 INFO OrOmerShelly.Coordinator|Day 10: Adjusting ucs bid: was 0.16726735383218042 level reported: 0.47829690000000014 target: 0.8 adjusted: 0.10468088263108882
04/04 09:23:40 SEVERE OrOmerShelly.OOSAgent|Exception thrown while trying to parse message.java.lang.NullPointerException
04/04 09:23:40 INFO OrOmerShelly.Coordinator|Day 10 : Simulation Status Received
04/04 09:23:40 WARNING OrOmerShelly.Coordinator|BidBundle is null!
04/04 09:23:40 INFO OrOmerShelly.Coordinator|Day 10 ended. Starting next day
04/04 09:23:50 INFO OrOmerShelly.Coordinator|Day 11 :BankStatus[-1.458000]
04/04 09:23:50 INFO OrOmerShelly.OOSAgent|UNKNOWN Message Received: (CampaignAuctionReport CampaignAuctionReportEntry [actualBid=2077.0, effectiveBid=2079.843316435321] CampaignAuctionReportEntry [actualBid=2865.0, effectiveBid=2254.59560771376])
04/04 09:23:50 SEVERE OrOmerShelly.OOSAgent|Exception thrown while trying to parse message.java.lang.NullPointerException
04/04 09:23:50 INFO OrOmerShelly.Coordinator|Day 11: Campaign opportunity - Campaign ID 209111725: day 13 to 17 [FEMALE, HIGH_INCOME], reach: 12500 coefs: (v=2.0, m=1.5)
04/04 09:23:50 INFO OrOmerShelly.Coordinator|Day 11: Campaign total budget bid: 1990349.8191551433
04/04 09:23:50 INFO OrOmerShelly.Coordinator|Day 11: Adjusting ucs bid: was 0.10468088263108882 level reported: 0.47829690000000014 target: 0.8 adjusted: 0.13835704708424623
04/04 09:23:50 SEVERE OrOmerShelly.OOSAgent|Exception thrown while trying to parse message.java.lang.NullPointerException
04/04 09:23:50 INFO OrOmerShelly.Coordinator|Day 11 : Simulation Status Received
04/04 09:23:50 WARNING OrOmerShelly.Coordinator|BidBundle is null!
04/04 09:23:50 INFO OrOmerShelly.Coordinator|Day 11 ended. Starting next day
04/04 09:24:00 INFO OrOmerShelly.Coordinator|Day 12 :BankStatus[-1.603800]
04/04 09:24:00 INFO OrOmerShelly.OOSAgent|UNKNOWN Message Received: (CampaignAuctionReport CampaignAuctionReportEntry [actualBid=2050.0, effectiveBid=2052.806354690615] CampaignAuctionReportEntry [actualBid=2074.0, effectiveBid=1577.4852464794328] CampaignAuctionReportEntry [actualBid=3127.0, effectiveBid=2460.775031525629])
04/04 09:24:00 SEVERE OrOmerShelly.OOSAgent|Exception thrown while trying to parse message.java.lang.NullPointerException
04/04 09:24:00 INFO OrOmerShelly.Coordinator|Day 12: Campaign opportunity - Campaign ID 929580791: day 14 to 23 [YOUNG, MALE], reach: 6250 coefs: (v=2.0, m=1.5)
04/04 09:24:00 INFO OrOmerShelly.Coordinator|Day 12: Campaign total budget bid: 500687.81367550784
04/04 09:24:00 INFO OrOmerShelly.Coordinator|Day 12: Adjusting ucs bid: was 0.13835704708424623 level reported: 0.47829690000000014 target: 0.8 adjusted: 0.1828669380380942
04/04 09:24:00 SEVERE OrOmerShelly.OOSAgent|Exception thrown while trying to parse message.java.lang.NullPointerException
04/04 09:24:00 INFO OrOmerShelly.Coordinator|Day 12 : Simulation Status Received
04/04 09:24:00 WARNING OrOmerShelly.Coordinator|BidBundle is null!
04/04 09:24:00 INFO OrOmerShelly.Coordinator|Day 12 ended. Starting next day
04/04 09:24:10 INFO OrOmerShelly.Coordinator|Day 13 :BankStatus[-1.749600]
04/04 09:24:10 INFO OrOmerShelly.OOSAgent|UNKNOWN Message Received: (CampaignAuctionReport CampaignAuctionReportEntry [actualBid=2287.0, effectiveBid=2288.747405801556] CampaignAuctionReportEntry [actualBid=2169.0, effectiveBid=1706.8823291906267] CampaignAuctionReportEntry [actualBid=3262.0, effectiveBid=2481.078531348076])
04/04 09:24:10 SEVERE OrOmerShelly.OOSAgent|Exception thrown while trying to parse message.java.lang.NullPointerException
04/04 09:24:10 INFO OrOmerShelly.Coordinator|Day 13: Campaign opportunity - Campaign ID 492827984: day 15 to 19 [OLD, MALE], reach: 12500 coefs: (v=2.0, m=1.5)
04/04 09:24:10 INFO OrOmerShelly.Coordinator|Day 13: Campaign total budget bid: 2020573.1084542044
04/04 09:24:10 INFO OrOmerShelly.Coordinator|Day 13: Adjusting ucs bid: was 0.1828669380380942 level reported: 0.47829690000000014 target: 0.8 adjusted: 0.17097327460113057
04/04 09:24:10 SEVERE OrOmerShelly.OOSAgent|Exception thrown while trying to parse message.java.lang.NullPointerException
04/04 09:24:10 INFO OrOmerShelly.Coordinator|Day 13 : Simulation Status Received
04/04 09:24:10 WARNING OrOmerShelly.Coordinator|BidBundle is null!
04/04 09:24:10 INFO OrOmerShelly.Coordinator|Day 13 ended. Starting next day
04/04 09:24:20 INFO OrOmerShelly.Coordinator|Day 14 :BankStatus[-1.895400]
04/04 09:24:20 INFO OrOmerShelly.OOSAgent|UNKNOWN Message Received: (CampaignAuctionReport CampaignAuctionReportEntry [actualBid=2475.0, effectiveBid=2476.8910491293623] CampaignAuctionReportEntry [actualBid=2063.0, effectiveBid=1623.466226427046] CampaignAuctionReportEntry [actualBid=3048.0, effectiveBid=2756.9298863618405])
04/04 09:24:20 SEVERE OrOmerShelly.OOSAgent|Exception thrown while trying to parse message.java.lang.NullPointerException
04/04 09:24:20 INFO OrOmerShelly.Coordinator|Day 14: Campaign opportunity - Campaign ID 1698663753: day 16 to 18 [FEMALE, LOW_INCOME], reach: 3750 coefs: (v=2.0, m=1.5)
04/04 09:24:20 INFO OrOmerShelly.Coordinator|Day 14: Campaign total budget bid: 993337.6146873242
04/04 09:24:20 INFO OrOmerShelly.Coordinator|Day 14: Adjusting ucs bid: was 0.17097327460113057 level reported: 0.47829690000000014 target: 0.8 adjusted: 0.17369780519423558
04/04 09:24:20 SEVERE OrOmerShelly.OOSAgent|Exception thrown while trying to parse message.java.lang.NullPointerException
04/04 09:24:20 INFO OrOmerShelly.Coordinator|Day 14 : Simulation Status Received
04/04 09:24:20 WARNING OrOmerShelly.Coordinator|BidBundle is null!
04/04 09:24:20 INFO OrOmerShelly.Coordinator|Day 14 ended. Starting next day
04/04 09:24:30 INFO OrOmerShelly.Coordinator|Day 15 :BankStatus[-2.041200]
04/04 09:24:30 INFO OrOmerShelly.OOSAgent|UNKNOWN Message Received: (CampaignAuctionReport CampaignAuctionReportEntry [actualBid=2264.0, effectiveBid=2265.7298324157077] CampaignAuctionReportEntry [actualBid=2461.0, effectiveBid=2225.985712052654])
04/04 09:24:30 SEVERE OrOmerShelly.OOSAgent|Exception thrown while trying to parse message.java.lang.NullPointerException
04/04 09:24:30 INFO OrOmerShelly.Coordinator|Day 15: Campaign opportunity - Campaign ID 1960615773: day 17 to 26 [MALE, LOW_INCOME], reach: 3750 coefs: (v=2.0, m=1.5)
04/04 09:24:30 INFO OrOmerShelly.Coordinator|Day 15: Campaign total budget bid: 299491.77156819863
04/04 09:24:30 INFO OrOmerShelly.Coordinator|Day 15: Adjusting ucs bid: was 0.17369780519423558 level reported: 0.47829690000000014 target: 0.8 adjusted: 0.10209846791163088
04/04 09:24:30 SEVERE OrOmerShelly.OOSAgent|Exception thrown while trying to parse message.java.lang.NullPointerException
04/04 09:24:30 INFO OrOmerShelly.Coordinator|Day 15 : Simulation Status Received
04/04 09:24:30 WARNING OrOmerShelly.Coordinator|BidBundle is null!
04/04 09:24:30 INFO OrOmerShelly.Coordinator|Day 15 ended. Starting next day
04/04 09:24:40 INFO OrOmerShelly.Coordinator|Day 16 :BankStatus[-2.187000]
04/04 09:24:40 INFO OrOmerShelly.OOSAgent|UNKNOWN Message Received: (CampaignAuctionReport CampaignAuctionReportEntry [actualBid=2373.0, effectiveBid=2146.389311134071])
04/04 09:24:40 SEVERE OrOmerShelly.OOSAgent|Exception thrown while trying to parse message.java.lang.NullPointerException
04/04 09:24:40 INFO OrOmerShelly.Coordinator|Day 16: Campaign opportunity - Campaign ID 2005768234: day 18 to 20 [MALE, HIGH_INCOME], reach: 6250 coefs: (v=2.0, m=1.5)
04/04 09:24:40 INFO OrOmerShelly.Coordinator|Day 16: Campaign total budget bid: 1689050.856380552
04/04 09:24:40 INFO OrOmerShelly.Coordinator|Day 16: Adjusting ucs bid: was 0.10209846791163088 level reported: 0.47829690000000014 target: 0.8 adjusted: 0.13494386154405305
04/04 09:24:40 SEVERE OrOmerShelly.OOSAgent|Exception thrown while trying to parse message.java.lang.NullPointerException
04/04 09:24:40 INFO OrOmerShelly.Coordinator|Day 16 : Simulation Status Received
04/04 09:24:40 WARNING OrOmerShelly.Coordinator|BidBundle is null!
04/04 09:24:40 INFO OrOmerShelly.Coordinator|Day 16 ended. Starting next day
04/04 09:24:50 INFO OrOmerShelly.Coordinator|Day 17 :BankStatus[-2.332800]
04/04 09:24:50 INFO OrOmerShelly.OOSAgent|UNKNOWN Message Received: (CampaignAuctionReport CampaignAuctionReportEntry [actualBid=2500.0, effectiveBid=2261.261389732481] CampaignAuctionReportEntry [actualBid=2044.0, effectiveBid=1359.8732255236193])
04/04 09:24:50 SEVERE OrOmerShelly.OOSAgent|Exception thrown while trying to parse message.java.lang.NullPointerException
04/04 09:24:50 INFO OrOmerShelly.Coordinator|Day 17: Campaign opportunity - Campaign ID 1261586190: day 19 to 28 [OLD, LOW_INCOME], reach: 6250 coefs: (v=2.0, m=1.5)
04/04 09:24:50 INFO OrOmerShelly.Coordinator|Day 17: Campaign total budget bid: 498589.84671285143
04/04 09:24:50 INFO OrOmerShelly.Coordinator|Day 17: Adjusting ucs bid: was 0.13494386154405305 level reported: 0.47829690000000014 target: 0.8 adjusted: 0.10874557856965744
04/04 09:24:50 SEVERE OrOmerShelly.OOSAgent|Exception thrown while trying to parse message.java.lang.NullPointerException
04/04 09:24:50 INFO OrOmerShelly.Coordinator|Day 17 : Simulation Status Received
04/04 09:24:50 WARNING OrOmerShelly.Coordinator|BidBundle is null!
04/04 09:24:50 INFO OrOmerShelly.Coordinator|Day 17 ended. Starting next day
04/04 09:25:00 INFO OrOmerShelly.Coordinator|Day 18 :BankStatus[-2.478600]
04/04 09:25:00 INFO OrOmerShelly.OOSAgent|UNKNOWN Message Received: (CampaignAuctionReport CampaignAuctionReportEntry [actualBid=2632.0, effectiveBid=2279.9452836175146] CampaignAuctionReportEntry [actualBid=2856.0, effectiveBid=2583.2650116303857])
04/04 09:25:00 SEVERE OrOmerShelly.OOSAgent|Exception thrown while trying to parse message.java.lang.NullPointerException
04/04 09:25:00 INFO OrOmerShelly.Coordinator|Day 18: Campaign opportunity - Campaign ID 1185233447: day 20 to 22 [OLD, MALE], reach: 12500 coefs: (v=2.0, m=1.5)
04/04 09:25:00 INFO OrOmerShelly.Coordinator|Day 18: Campaign total budget bid: 3367621.847423674
04/04 09:25:00 INFO OrOmerShelly.Coordinator|Day 18: Adjusting ucs bid: was 0.10874557856965744 level reported: 0.47829690000000014 target: 0.8 adjusted: 0.13598430798314637
04/04 09:25:00 SEVERE OrOmerShelly.OOSAgent|Exception thrown while trying to parse message.java.lang.NullPointerException
04/04 09:25:00 INFO OrOmerShelly.Coordinator|Day 18 : Simulation Status Received
04/04 09:25:00 WARNING OrOmerShelly.Coordinator|BidBundle is null!
04/04 09:25:00 INFO OrOmerShelly.Coordinator|Day 18 ended. Starting next day
04/04 09:25:10 INFO OrOmerShelly.Coordinator|Day 19 :BankStatus[-2.624400]
04/04 09:25:10 INFO OrOmerShelly.OOSAgent|UNKNOWN Message Received: (CampaignAuctionReport CampaignAuctionReportEntry [actualBid=2153.0, effectiveBid=2038.2724916762215] CampaignAuctionReportEntry [actualBid=3053.0, effectiveBid=2761.4524091413055])
04/04 09:25:10 SEVERE OrOmerShelly.OOSAgent|Exception thrown while trying to parse message.java.lang.NullPointerException
04/04 09:25:10 INFO OrOmerShelly.Coordinator|Day 19: Campaign opportunity - Campaign ID 1317140773: day 21 to 23 [OLD, MALE], reach: 6250 coefs: (v=2.0, m=1.5)
04/04 09:25:10 INFO OrOmerShelly.Coordinator|Day 19: Campaign total budget bid: 1683810.923711837
04/04 09:25:10 INFO OrOmerShelly.Coordinator|Day 19: Adjusting ucs bid: was 0.13598430798314637 level reported: 0.47829690000000014 target: 0.8 adjusted: 0.15012896140304238
04/04 09:25:10 SEVERE OrOmerShelly.OOSAgent|Exception thrown while trying to parse message.java.lang.NullPointerException
04/04 09:25:10 INFO OrOmerShelly.Coordinator|Day 19 : Simulation Status Received
04/04 09:25:10 WARNING OrOmerShelly.Coordinator|BidBundle is null!
04/04 09:25:10 INFO OrOmerShelly.Coordinator|Day 19 ended. Starting next day
04/04 09:25:20 INFO OrOmerShelly.Coordinator|Day 20 :BankStatus[-2.770200]
04/04 09:25:20 INFO OrOmerShelly.OOSAgent|UNKNOWN Message Received: (CampaignAuctionReport CampaignAuctionReportEntry [actualBid=3034.0, effectiveBid=2971.680392315496] CampaignAuctionReportEntry [actualBid=2969.0, effectiveBid=2685.474026446294])
04/04 09:25:20 SEVERE OrOmerShelly.OOSAgent|Exception thrown while trying to parse message.java.lang.NullPointerException
04/04 09:25:20 INFO OrOmerShelly.Coordinator|Day 20: Campaign opportunity - Campaign ID 2033367607: day 22 to 24 [OLD, LOW_INCOME], reach: 6250 coefs: (v=2.0, m=1.5)
04/04 09:25:20 INFO OrOmerShelly.Coordinator|Day 20: Campaign total budget bid: 1661966.1557095048
04/04 09:25:20 INFO OrOmerShelly.Coordinator|Day 20: Adjusting ucs bid: was 0.15012896140304238 level reported: 0.47829690000000014 target: 0.8 adjusted: 0.19188235895783648
04/04 09:25:20 SEVERE OrOmerShelly.OOSAgent|Exception thrown while trying to parse message.java.lang.NullPointerException
04/04 09:25:20 INFO OrOmerShelly.Coordinator|Day 20 : Simulation Status Received
04/04 09:25:20 WARNING OrOmerShelly.Coordinator|BidBundle is null!
04/04 09:25:20 INFO OrOmerShelly.Coordinator|Day 20 ended. Starting next day
04/04 09:25:31 INFO OrOmerShelly.Coordinator|Day 21 :BankStatus[-2.916000]
04/04 09:25:31 INFO OrOmerShelly.OOSAgent|UNKNOWN Message Received: (CampaignAuctionReport CampaignAuctionReportEntry [actualBid=2418.0, effectiveBid=2187.0920161492554] CampaignAuctionReportEntry [actualBid=2904.0, effectiveBid=2880.908054529841])
04/04 09:25:31 SEVERE OrOmerShelly.OOSAgent|Exception thrown while trying to parse message.java.lang.NullPointerException
04/04 09:25:31 INFO OrOmerShelly.Coordinator|Day 21: Campaign opportunity - Campaign ID 1848628220: day 23 to 25 [OLD, MALE], reach: 12500 coefs: (v=2.0, m=1.5)
04/04 09:25:31 INFO OrOmerShelly.Coordinator|Day 21: Campaign total budget bid: 3367621.847423674
04/04 09:25:31 INFO OrOmerShelly.Coordinator|Day 21: Adjusting ucs bid: was 0.19188235895783648 level reported: 0.47829690000000014 target: 0.8 adjusted: 0.17584547957326124
04/04 09:25:31 SEVERE OrOmerShelly.OOSAgent|Exception thrown while trying to parse message.java.lang.NullPointerException
04/04 09:25:31 INFO OrOmerShelly.Coordinator|Day 21 : Simulation Status Received
04/04 09:25:31 WARNING OrOmerShelly.Coordinator|BidBundle is null!
04/04 09:25:31 INFO OrOmerShelly.Coordinator|Day 21 ended. Starting next day
04/04 09:25:40 INFO OrOmerShelly.Coordinator|Day 22 :BankStatus[-3.061800]
04/04 09:25:40 INFO OrOmerShelly.OOSAgent|UNKNOWN Message Received: (CampaignAuctionReport CampaignAuctionReportEntry [actualBid=2596.0, effectiveBid=2575.3572002615247] CampaignAuctionReportEntry [actualBid=2999.0, effectiveBid=2886.097753816334])
04/04 09:25:40 SEVERE OrOmerShelly.OOSAgent|Exception thrown while trying to parse message.java.lang.NullPointerException
04/04 09:25:40 INFO OrOmerShelly.Coordinator|Day 22: Campaign opportunity - Campaign ID 1251517961: day 24 to 33 [FEMALE, HIGH_INCOME], reach: 3750 coefs: (v=2.0, m=1.5)
04/04 09:25:40 INFO OrOmerShelly.Coordinator|Day 22: Campaign total budget bid: 298552.4728732715
04/04 09:25:40 INFO OrOmerShelly.Coordinator|Day 22: Adjusting ucs bid: was 0.17584547957326124 level reported: 0.47829690000000014 target: 0.8 adjusted: 0.15612663896975154
04/04 09:25:40 SEVERE OrOmerShelly.OOSAgent|Exception thrown while trying to parse message.java.lang.NullPointerException
04/04 09:25:40 INFO OrOmerShelly.Coordinator|Day 22 : Simulation Status Received
04/04 09:25:40 WARNING OrOmerShelly.Coordinator|BidBundle is null!
04/04 09:25:40 INFO OrOmerShelly.Coordinator|Day 22 ended. Starting next day
04/04 09:25:50 INFO OrOmerShelly.Coordinator|Day 23 :BankStatus[-3.207600]
04/04 09:25:50 INFO OrOmerShelly.OOSAgent|UNKNOWN Message Received: (CampaignAuctionReport CampaignAuctionReportEntry [actualBid=2286.0, effectiveBid=2199.939801675271] CampaignAuctionReportEntry [actualBid=2632.0, effectiveBid=2611.0709364747045])
04/04 09:25:50 SEVERE OrOmerShelly.OOSAgent|Exception thrown while trying to parse message.java.lang.NullPointerException
04/04 09:25:50 INFO OrOmerShelly.Coordinator|Day 23: Campaign opportunity - Campaign ID 1214157653: day 25 to 34 [YOUNG, HIGH_INCOME], reach: 3750 coefs: (v=2.0, m=1.5)
04/04 09:25:50 INFO OrOmerShelly.Coordinator|Day 23: Campaign total budget bid: 304652.880332005
04/04 09:25:50 INFO OrOmerShelly.Coordinator|Day 23: Adjusting ucs bid: was 0.15612663896975154 level reported: 0.47829690000000014 target: 0.8 adjusted: 0.17919184376572886
04/04 09:25:50 SEVERE OrOmerShelly.OOSAgent|Exception thrown while trying to parse message.java.lang.NullPointerException
04/04 09:25:50 INFO OrOmerShelly.Coordinator|Day 23 : Simulation Status Received
04/04 09:25:50 WARNING OrOmerShelly.Coordinator|BidBundle is null!
04/04 09:25:50 INFO OrOmerShelly.Coordinator|Day 23 ended. Starting next day
04/04 09:26:00 INFO OrOmerShelly.Coordinator|Day 24 :BankStatus[-3.353400]
04/04 09:26:00 INFO OrOmerShelly.OOSAgent|UNKNOWN Message Received: (CampaignAuctionReport CampaignAuctionReportEntry [actualBid=2204.0, effectiveBid=2121.026825412204] CampaignAuctionReportEntry [actualBid=2593.0, effectiveBid=2585.0651491349286])
04/04 09:26:00 SEVERE OrOmerShelly.OOSAgent|Exception thrown while trying to parse message.java.lang.NullPointerException
04/04 09:26:00 INFO OrOmerShelly.Coordinator|Day 24: Campaign opportunity - Campaign ID 1052103586: day 26 to 28 [OLD, LOW_INCOME], reach: 12500 coefs: (v=2.0, m=1.5)
04/04 09:26:00 INFO OrOmerShelly.Coordinator|Day 24: Campaign total budget bid: 3323932.3114190097
04/04 09:26:00 INFO OrOmerShelly.Coordinator|Day 24: Adjusting ucs bid: was 0.17919184376572886 level reported: 0.47829690000000014 target: 0.8 adjusted: 0.1903006441053356
04/04 09:26:00 SEVERE OrOmerShelly.OOSAgent|Exception thrown while trying to parse message.java.lang.NullPointerException
04/04 09:26:00 INFO OrOmerShelly.Coordinator|Day 24 : Simulation Status Received
04/04 09:26:00 WARNING OrOmerShelly.Coordinator|BidBundle is null!
04/04 09:26:00 INFO OrOmerShelly.Coordinator|Day 24 ended. Starting next day
04/04 09:26:10 INFO OrOmerShelly.Coordinator|Day 25 :BankStatus[-3.499200]
04/04 09:26:10 INFO OrOmerShelly.OOSAgent|UNKNOWN Message Received: (CampaignAuctionReport CampaignAuctionReportEntry [actualBid=2527.0, effectiveBid=2490.340543970194])
04/04 09:26:10 SEVERE OrOmerShelly.OOSAgent|Exception thrown while trying to parse message.java.lang.NullPointerException
04/04 09:26:10 INFO OrOmerShelly.Coordinator|Day 25: Campaign opportunity - Campaign ID 1230810908: day 27 to 36 [YOUNG, MALE], reach: 3750 coefs: (v=2.0, m=1.5)
04/04 09:26:10 INFO OrOmerShelly.Coordinator|Day 25: Campaign total budget bid: 300412.6882053047
04/04 09:26:10 INFO OrOmerShelly.Coordinator|Day 25: Adjusting ucs bid: was 0.1903006441053356 level reported: 0.47829690000000014 target: 0.8 adjusted: 0.18037219079317082
04/04 09:26:10 SEVERE OrOmerShelly.OOSAgent|Exception thrown while trying to parse message.java.lang.NullPointerException
04/04 09:26:10 INFO OrOmerShelly.Coordinator|Day 25 : Simulation Status Received
04/04 09:26:10 WARNING OrOmerShelly.Coordinator|BidBundle is null!
04/04 09:26:10 INFO OrOmerShelly.Coordinator|Day 25 ended. Starting next day
04/04 09:26:20 INFO OrOmerShelly.Coordinator|Day 26 :BankStatus[-3.645000]
04/04 09:26:20 INFO OrOmerShelly.OOSAgent|UNKNOWN Message Received: (CampaignAuctionReport CampaignAuctionReportEntry [actualBid=2818.0, effectiveBid=2802.392648940646])
04/04 09:26:20 SEVERE OrOmerShelly.OOSAgent|Exception thrown while trying to parse message.java.lang.NullPointerException
04/04 09:26:20 INFO OrOmerShelly.Coordinator|Day 26: Campaign opportunity - Campaign ID 1020572924: day 28 to 37 [OLD, LOW_INCOME], reach: 6250 coefs: (v=2.0, m=1.5)
04/04 09:26:20 INFO OrOmerShelly.Coordinator|Day 26: Campaign total budget bid: 498589.84671285143
04/04 09:26:20 INFO OrOmerShelly.Coordinator|Day 26: Adjusting ucs bid: was 0.18037219079317082 level reported: 0.47829690000000014 target: 0.8 adjusted: 0.1406444534768742
04/04 09:26:20 SEVERE OrOmerShelly.OOSAgent|Exception thrown while trying to parse message.java.lang.NullPointerException
04/04 09:26:20 INFO OrOmerShelly.Coordinator|Day 26 : Simulation Status Received
04/04 09:26:20 WARNING OrOmerShelly.Coordinator|BidBundle is null!
04/04 09:26:20 INFO OrOmerShelly.Coordinator|Day 26 ended. Starting next day
04/04 09:26:30 INFO OrOmerShelly.Coordinator|Day 27 :BankStatus[-3.790800]
04/04 09:26:30 INFO OrOmerShelly.OOSAgent|UNKNOWN Message Received: (CampaignAuctionReport CampaignAuctionReportEntry [actualBid=2855.0, effectiveBid=2839.1877263043093])
04/04 09:26:30 SEVERE OrOmerShelly.OOSAgent|Exception thrown while trying to parse message.java.lang.NullPointerException
04/04 09:26:30 INFO OrOmerShelly.Coordinator|Day 27: Campaign opportunity - Campaign ID 1581173354: day 29 to 31 [OLD, HIGH_INCOME], reach: 3750 coefs: (v=2.0, m=1.5)
04/04 09:26:30 INFO OrOmerShelly.Coordinator|Day 27: Campaign total budget bid: 993178.169817654
04/04 09:26:30 INFO OrOmerShelly.Coordinator|Day 27: Adjusting ucs bid: was 0.1406444534768742 level reported: 0.47829690000000014 target: 0.8 adjusted: 0.1858902101581904
04/04 09:26:30 SEVERE OrOmerShelly.OOSAgent|Exception thrown while trying to parse message.java.lang.NullPointerException
04/04 09:26:30 INFO OrOmerShelly.Coordinator|Day 27 : Simulation Status Received
04/04 09:26:30 WARNING OrOmerShelly.Coordinator|BidBundle is null!
04/04 09:26:30 INFO OrOmerShelly.Coordinator|Day 27 ended. Starting next day
04/04 09:26:40 INFO OrOmerShelly.Coordinator|Day 28 :BankStatus[-3.936600]
04/04 09:26:40 INFO OrOmerShelly.OOSAgent|UNKNOWN Message Received: (CampaignAuctionReport CampaignAuctionReportEntry [actualBid=2657.0, effectiveBid=2652.7485407446766])
04/04 09:26:40 SEVERE OrOmerShelly.OOSAgent|Exception thrown while trying to parse message.java.lang.NullPointerException
04/04 09:26:40 INFO OrOmerShelly.Coordinator|Day 28: Campaign opportunity - Campaign ID 979995469: day 30 to 32 [YOUNG, LOW_INCOME], reach: 3750 coefs: (v=2.0, m=1.5)
04/04 09:26:40 INFO OrOmerShelly.Coordinator|Day 28: Campaign total budget bid: 994455.1590888512
04/04 09:26:40 INFO OrOmerShelly.Coordinator|Day 28: Adjusting ucs bid: was 0.1858902101581904 level reported: 0.47829690000000014 target: 0.8 adjusted: 0.17335847202768329
04/04 09:26:40 SEVERE OrOmerShelly.OOSAgent|Exception thrown while trying to parse message.java.lang.NullPointerException
04/04 09:26:40 INFO OrOmerShelly.Coordinator|Day 28 : Simulation Status Received
04/04 09:26:40 WARNING OrOmerShelly.Coordinator|BidBundle is null!
04/04 09:26:40 INFO OrOmerShelly.Coordinator|Day 28 ended. Starting next day
04/04 09:26:50 INFO OrOmerShelly.Coordinator|Day 29 :BankStatus[-4.082400]
04/04 09:26:50 INFO OrOmerShelly.OOSAgent|UNKNOWN Message Received: (CampaignAuctionReport CampaignAuctionReportEntry [actualBid=2913.0, effectiveBid=2908.3389157656165])
04/04 09:26:50 SEVERE OrOmerShelly.OOSAgent|Exception thrown while trying to parse message.java.lang.NullPointerException
04/04 09:26:50 INFO OrOmerShelly.Coordinator|Day 29: Campaign opportunity - Campaign ID 356825009: day 31 to 40 [YOUNG, MALE], reach: 3750 coefs: (v=2.0, m=1.5)
04/04 09:26:50 INFO OrOmerShelly.Coordinator|Day 29: Campaign total budget bid: 300412.6882053047
04/04 09:26:50 INFO OrOmerShelly.Coordinator|Day 29: Adjusting ucs bid: was 0.17335847202768329 level reported: 0.47829690000000014 target: 0.8 adjusted: 0.17511451957139862
04/04 09:26:50 SEVERE OrOmerShelly.OOSAgent|Exception thrown while trying to parse message.java.lang.NullPointerException
04/04 09:26:50 INFO OrOmerShelly.Coordinator|Day 29 : Simulation Status Received
04/04 09:26:50 WARNING OrOmerShelly.Coordinator|BidBundle is null!
04/04 09:26:50 INFO OrOmerShelly.Coordinator|Day 29 ended. Starting next day
04/04 09:27:00 INFO OrOmerShelly.Coordinator|Day 30 :BankStatus[-4.228200]
04/04 09:27:00 INFO OrOmerShelly.OOSAgent|UNKNOWN Message Received: (CampaignAuctionReport CampaignAuctionReportEntry [actualBid=2427.0, effectiveBid=1618.5503134485432])
04/04 09:27:00 SEVERE OrOmerShelly.OOSAgent|Exception thrown while trying to parse message.java.lang.NullPointerException
04/04 09:27:00 INFO OrOmerShelly.Coordinator|Day 30: Campaign opportunity - Campaign ID 1733039734: day 32 to 36 [OLD, HIGH_INCOME], reach: 3750 coefs: (v=2.0, m=1.5)
04/04 09:27:00 INFO OrOmerShelly.Coordinator|Day 30: Campaign total budget bid: 595906.9018905924
04/04 09:27:00 INFO OrOmerShelly.Coordinator|Day 30: Adjusting ucs bid: was 0.17511451957139862 level reported: 0.47829690000000014 target: 0.8 adjusted: 0.19049499230178157
04/04 09:27:00 SEVERE OrOmerShelly.OOSAgent|Exception thrown while trying to parse message.java.lang.NullPointerException
04/04 09:27:00 INFO OrOmerShelly.Coordinator|Day 30 : Simulation Status Received
04/04 09:27:00 WARNING OrOmerShelly.Coordinator|BidBundle is null!
04/04 09:27:00 INFO OrOmerShelly.Coordinator|Day 30 ended. Starting next day
04/04 09:27:10 INFO OrOmerShelly.Coordinator|Day 31 :BankStatus[-4.374000]
04/04 09:27:10 SEVERE OrOmerShelly.OOSAgent|Exception thrown while trying to parse message.java.lang.NullPointerException
04/04 09:27:10 INFO OrOmerShelly.Coordinator|Day 31: Campaign opportunity - Campaign ID 1140506611: day 33 to 35 [FEMALE, OLD], reach: 12500 coefs: (v=2.0, m=1.5)
04/04 09:27:10 INFO OrOmerShelly.Coordinator|Day 31: Campaign total budget bid: 3268362.252998769
04/04 09:27:10 INFO OrOmerShelly.Coordinator|Day 31: Adjusting ucs bid: was 0.19049499230178157 level reported: 0.47829690000000014 target: 0.8 adjusted: 0.1324463125229747
04/04 09:27:10 SEVERE OrOmerShelly.OOSAgent|Exception thrown while trying to parse message.java.lang.NullPointerException
04/04 09:27:10 INFO OrOmerShelly.Coordinator|Day 31 : Simulation Status Received
04/04 09:27:10 WARNING OrOmerShelly.Coordinator|BidBundle is null!
04/04 09:27:10 INFO OrOmerShelly.Coordinator|Day 31 ended. Starting next day
04/04 09:27:20 INFO OrOmerShelly.Coordinator|Day 32 :BankStatus[-4.519800]
04/04 09:27:20 INFO OrOmerShelly.OOSAgent|UNKNOWN Message Received: (CampaignAuctionReport CampaignAuctionReportEntry [actualBid=2059.0, effectiveBid=1373.133537449753])
04/04 09:27:20 SEVERE OrOmerShelly.OOSAgent|Exception thrown while trying to parse message.java.lang.NullPointerException
04/04 09:27:20 INFO OrOmerShelly.Coordinator|Day 32: Campaign opportunity - Campaign ID 703772329: day 34 to 38 [YOUNG, HIGH_INCOME], reach: 12500 coefs: (v=2.0, m=1.5)
04/04 09:27:20 INFO OrOmerShelly.Coordinator|Day 32: Campaign total budget bid: 2031019.2022133663
04/04 09:27:20 INFO OrOmerShelly.Coordinator|Day 32: Adjusting ucs bid: was 0.1324463125229747 level reported: 0.47829690000000014 target: 0.8 adjusted: 0.17505470184518448
04/04 09:27:20 SEVERE OrOmerShelly.OOSAgent|Exception thrown while trying to parse message.java.lang.NullPointerException
04/04 09:27:20 INFO OrOmerShelly.Coordinator|Day 32 : Simulation Status Received
04/04 09:27:20 WARNING OrOmerShelly.Coordinator|BidBundle is null!
04/04 09:27:20 INFO OrOmerShelly.Coordinator|Day 32 ended. Starting next day
04/04 09:27:30 INFO OrOmerShelly.Coordinator|Day 33 :BankStatus[-4.665600]
04/04 09:27:30 INFO OrOmerShelly.OOSAgent|UNKNOWN Message Received: (CampaignAuctionReport CampaignAuctionReportEntry [actualBid=2283.0, effectiveBid=1735.9002057982946] CampaignAuctionReportEntry [actualBid=2995.0, effectiveBid=1997.3457720553718])
04/04 09:27:30 SEVERE OrOmerShelly.OOSAgent|Exception thrown while trying to parse message.java.lang.NullPointerException
04/04 09:27:30 INFO OrOmerShelly.Coordinator|Day 33: Campaign opportunity - Campaign ID 488715173: day 35 to 37 [MALE, LOW_INCOME], reach: 3750 coefs: (v=2.0, m=1.5)
04/04 09:27:30 INFO OrOmerShelly.Coordinator|Day 33: Campaign total budget bid: 998305.9052273288
04/04 09:27:30 INFO OrOmerShelly.Coordinator|Day 33: Adjusting ucs bid: was 0.17505470184518448 level reported: 0.47829690000000014 target: 0.8 adjusted: 0.1232797048952613
04/04 09:27:30 SEVERE OrOmerShelly.OOSAgent|Exception thrown while trying to parse message.java.lang.NullPointerException
04/04 09:27:30 INFO OrOmerShelly.Coordinator|Day 33 : Simulation Status Received
04/04 09:27:30 WARNING OrOmerShelly.Coordinator|BidBundle is null!
04/04 09:27:30 INFO OrOmerShelly.Coordinator|Day 33 ended. Starting next day
04/04 09:27:40 INFO OrOmerShelly.Coordinator|Day 34 :BankStatus[-4.811400]
04/04 09:27:40 INFO OrOmerShelly.OOSAgent|UNKNOWN Message Received: (CampaignAuctionReport CampaignAuctionReportEntry [actualBid=2319.0, effectiveBid=2097.766467563947])
04/04 09:27:40 SEVERE OrOmerShelly.OOSAgent|Exception thrown while trying to parse message.java.lang.NullPointerException
04/04 09:27:40 INFO OrOmerShelly.Coordinator|Day 34: Campaign opportunity - Campaign ID 1359505708: day 36 to 40 [YOUNG, HIGH_INCOME], reach: 12500 coefs: (v=2.0, m=1.5)
04/04 09:27:40 INFO OrOmerShelly.Coordinator|Day 34: Campaign total budget bid: 2031019.2022133663
04/04 09:27:40 INFO OrOmerShelly.Coordinator|Day 34: Adjusting ucs bid: was 0.1232797048952613 level reported: 0.47829690000000014 target: 0.8 adjusted: 0.11219817562551344
04/04 09:27:40 SEVERE OrOmerShelly.OOSAgent|Exception thrown while trying to parse message.java.lang.NullPointerException
04/04 09:27:40 INFO OrOmerShelly.Coordinator|Day 34 : Simulation Status Received
04/04 09:27:40 WARNING OrOmerShelly.Coordinator|BidBundle is null!
04/04 09:27:40 INFO OrOmerShelly.Coordinator|Day 34 ended. Starting next day
04/04 09:27:50 INFO OrOmerShelly.Coordinator|Day 35 :BankStatus[-4.957200]
04/04 09:27:50 INFO OrOmerShelly.OOSAgent|UNKNOWN Message Received: (CampaignAuctionReport CampaignAuctionReportEntry [actualBid=2311.0, effectiveBid=2004.1298356890065] CampaignAuctionReportEntry [actualBid=2761.0, effectiveBid=2497.599489842198])
04/04 09:27:50 SEVERE OrOmerShelly.OOSAgent|Exception thrown while trying to parse message.java.lang.NullPointerException
04/04 09:27:50 INFO OrOmerShelly.Coordinator|Day 35: Campaign opportunity - Campaign ID 252725527: day 37 to 39 [YOUNG, HIGH_INCOME], reach: 3750 coefs: (v=2.0, m=1.5)
04/04 09:27:50 INFO OrOmerShelly.Coordinator|Day 35: Campaign total budget bid: 1015509.6011066831
04/04 09:27:50 INFO OrOmerShelly.Coordinator|Day 35: Adjusting ucs bid: was 0.11219817562551344 level reported: 0.47829690000000014 target: 0.8 adjusted: 0.14829267653858555
04/04 09:27:50 SEVERE OrOmerShelly.OOSAgent|Exception thrown while trying to parse message.java.lang.NullPointerException
04/04 09:27:50 INFO OrOmerShelly.Coordinator|Day 35 : Simulation Status Received
04/04 09:27:50 WARNING OrOmerShelly.Coordinator|BidBundle is null!
04/04 09:27:50 INFO OrOmerShelly.Coordinator|Day 35 ended. Starting next day
04/04 09:28:00 INFO OrOmerShelly.Coordinator|Day 36 :BankStatus[-5.103000]
04/04 09:28:00 INFO OrOmerShelly.OOSAgent|UNKNOWN Message Received: (CampaignAuctionReport CampaignAuctionReportEntry [actualBid=2366.0, effectiveBid=2277.1688173357243] CampaignAuctionReportEntry [actualBid=2503.0, effectiveBid=2170.634780930153])
04/04 09:28:00 SEVERE OrOmerShelly.OOSAgent|Exception thrown while trying to parse message.java.lang.NullPointerException
04/04 09:28:00 INFO OrOmerShelly.Coordinator|Day 36: Campaign opportunity - Campaign ID 2129337845: day 38 to 40 [OLD, MALE], reach: 3750 coefs: (v=2.0, m=1.5)
04/04 09:28:00 INFO OrOmerShelly.Coordinator|Day 36: Campaign total budget bid: 1010286.5542271022
04/04 09:28:00 INFO OrOmerShelly.Coordinator|Day 36: Adjusting ucs bid: was 0.14829267653858555 level reported: 0.47829690000000014 target: 0.8 adjusted: 0.16678039034725856
04/04 09:28:00 SEVERE OrOmerShelly.OOSAgent|Exception thrown while trying to parse message.java.lang.NullPointerException
04/04 09:28:00 INFO OrOmerShelly.Coordinator|Day 36 : Simulation Status Received
04/04 09:28:00 WARNING OrOmerShelly.Coordinator|BidBundle is null!
04/04 09:28:00 INFO OrOmerShelly.Coordinator|Day 36 ended. Starting next day
04/04 09:28:10 INFO OrOmerShelly.Coordinator|Day 37 :BankStatus[-5.248800]
04/04 09:28:10 INFO OrOmerShelly.OOSAgent|UNKNOWN Message Received: (CampaignAuctionReport CampaignAuctionReportEntry [actualBid=2171.0, effectiveBid=2089.4900686542087] CampaignAuctionReportEntry [actualBid=2543.0, effectiveBid=2408.114056869254])
04/04 09:28:10 SEVERE OrOmerShelly.OOSAgent|Exception thrown while trying to parse message.java.lang.NullPointerException
04/04 09:28:10 INFO OrOmerShelly.Coordinator|Day 37: Campaign opportunity - Campaign ID 1155434478: day 39 to 43 [FEMALE, LOW_INCOME], reach: 3750 coefs: (v=2.0, m=1.5)
04/04 09:28:10 INFO OrOmerShelly.Coordinator|Day 37: Campaign total budget bid: 596002.5688123945
04/04 09:28:10 INFO OrOmerShelly.Coordinator|Day 37: Adjusting ucs bid: was 0.16678039034725856 level reported: 0.47829690000000014 target: 0.8 adjusted: 0.15407107375219292
04/04 09:28:10 SEVERE OrOmerShelly.OOSAgent|Exception thrown while trying to parse message.java.lang.NullPointerException
04/04 09:28:10 INFO OrOmerShelly.Coordinator|Day 37 : Simulation Status Received
04/04 09:28:10 WARNING OrOmerShelly.Coordinator|BidBundle is null!
04/04 09:28:10 INFO OrOmerShelly.Coordinator|Day 37 ended. Starting next day
04/04 09:28:20 INFO OrOmerShelly.Coordinator|Day 38 :BankStatus[-5.394600]
04/04 09:28:20 INFO OrOmerShelly.OOSAgent|UNKNOWN Message Received: (CampaignAuctionReport CampaignAuctionReportEntry [actualBid=2251.0, effectiveBid=2131.602336615293] CampaignAuctionReportEntry [actualBid=3081.0, effectiveBid=3038.095421442787])
04/04 09:28:20 SEVERE OrOmerShelly.OOSAgent|Exception thrown while trying to parse message.java.lang.NullPointerException
04/04 09:28:20 INFO OrOmerShelly.Coordinator|Day 38: Campaign opportunity - Campaign ID 512531146: day 40 to 49 [FEMALE, HIGH_INCOME], reach: 3750 coefs: (v=2.0, m=1.5)
04/04 09:28:20 INFO OrOmerShelly.Coordinator|Day 38: Campaign total budget bid: 298552.4728732715
04/04 09:28:20 INFO OrOmerShelly.Coordinator|Day 38: Adjusting ucs bid: was 0.15407107375219292 level reported: 0.47829690000000014 target: 0.8 adjusted: 0.17602564109427793
04/04 09:28:20 SEVERE OrOmerShelly.OOSAgent|Exception thrown while trying to parse message.java.lang.NullPointerException
04/04 09:28:20 INFO OrOmerShelly.Coordinator|Day 38 : Simulation Status Received
04/04 09:28:20 WARNING OrOmerShelly.Coordinator|BidBundle is null!
04/04 09:28:20 INFO OrOmerShelly.Coordinator|Day 38 ended. Starting next day
04/04 09:28:30 INFO OrOmerShelly.Coordinator|Day 39 :BankStatus[-5.540400]
04/04 09:28:30 INFO OrOmerShelly.OOSAgent|UNKNOWN Message Received: (CampaignAuctionReport CampaignAuctionReportEntry [actualBid=3165.0, effectiveBid=2997.121899328033] CampaignAuctionReportEntry [actualBid=2696.0, effectiveBid=2044.1821632964782])
04/04 09:28:30 SEVERE OrOmerShelly.OOSAgent|Exception thrown while trying to parse message.java.lang.NullPointerException
04/04 09:28:30 INFO OrOmerShelly.Coordinator|Day 39: Campaign opportunity - Campaign ID 508929263: day 41 to 50 [OLD, MALE], reach: 12500 coefs: (v=2.0, m=1.5)
04/04 09:28:30 INFO OrOmerShelly.Coordinator|Day 39: Campaign total budget bid: 1010286.5542271022
04/04 09:28:30 INFO OrOmerShelly.Coordinator|Day 39: Adjusting ucs bid: was 0.17602564109427793 level reported: 0.47829690000000014 target: 0.8 adjusted: 0.11941644486146363
04/04 09:28:30 SEVERE OrOmerShelly.OOSAgent|Exception thrown while trying to parse message.java.lang.NullPointerException
04/04 09:28:30 INFO OrOmerShelly.Coordinator|Day 39 : Simulation Status Received
04/04 09:28:30 WARNING OrOmerShelly.Coordinator|BidBundle is null!
04/04 09:28:30 INFO OrOmerShelly.Coordinator|Day 39 ended. Starting next day
04/04 09:28:40 INFO OrOmerShelly.Coordinator|Day 40 :BankStatus[-5.686200]
04/04 09:28:40 INFO OrOmerShelly.OOSAgent|UNKNOWN Message Received: (CampaignAuctionReport CampaignAuctionReportEntry [actualBid=2409.0, effectiveBid=2281.221692095176])
04/04 09:28:40 SEVERE OrOmerShelly.OOSAgent|Exception thrown while trying to parse message.java.lang.NullPointerException
04/04 09:28:40 INFO OrOmerShelly.Coordinator|Day 40: Campaign opportunity - Campaign ID 812781128: day 42 to 46 [YOUNG, HIGH_INCOME], reach: 3750 coefs: (v=2.0, m=1.5)
04/04 09:28:40 INFO OrOmerShelly.Coordinator|Day 40: Campaign total budget bid: 609305.76066401
04/04 09:28:40 INFO OrOmerShelly.Coordinator|Day 40: Adjusting ucs bid: was 0.11941644486146363 level reported: 0.47829690000000014 target: 0.8 adjusted: 0.1435048342111574
04/04 09:28:40 SEVERE OrOmerShelly.OOSAgent|Exception thrown while trying to parse message.java.lang.NullPointerException
04/04 09:28:40 INFO OrOmerShelly.Coordinator|Day 40 : Simulation Status Received
04/04 09:28:40 WARNING OrOmerShelly.Coordinator|BidBundle is null!
04/04 09:28:40 INFO OrOmerShelly.Coordinator|Day 40 ended. Starting next day
04/04 09:28:50 INFO OrOmerShelly.Coordinator|Day 41 :BankStatus[-5.832000]
04/04 09:28:50 INFO OrOmerShelly.OOSAgent|UNKNOWN Message Received: (CampaignAuctionReport CampaignAuctionReportEntry [actualBid=2104.0, effectiveBid=1992.3995185422377] CampaignAuctionReportEntry [actualBid=2619.0, effectiveBid=1890.739203850834])
04/04 09:28:50 SEVERE OrOmerShelly.OOSAgent|Exception thrown while trying to parse message.java.lang.NullPointerException
04/04 09:28:50 INFO OrOmerShelly.Coordinator|Day 41: Campaign opportunity - Campaign ID 950955105: day 43 to 52 [OLD, MALE], reach: 6250 coefs: (v=2.0, m=1.5)
04/04 09:28:50 INFO OrOmerShelly.Coordinator|Day 41: Campaign total budget bid: 505143.2771135511
04/04 09:28:50 INFO OrOmerShelly.Coordinator|Day 41: Adjusting ucs bid: was 0.1435048342111574 level reported: 0.47829690000000014 target: 0.8 adjusted: 0.1452635475943564
04/04 09:28:50 SEVERE OrOmerShelly.OOSAgent|Exception thrown while trying to parse message.java.lang.NullPointerException
04/04 09:28:50 INFO OrOmerShelly.Coordinator|Day 41 : Simulation Status Received
04/04 09:28:50 WARNING OrOmerShelly.Coordinator|BidBundle is null!
04/04 09:28:50 INFO OrOmerShelly.Coordinator|Day 41 ended. Starting next day
04/04 09:29:00 INFO OrOmerShelly.Coordinator|Day 42 :BankStatus[-5.977800]
04/04 09:29:00 INFO OrOmerShelly.OOSAgent|UNKNOWN Message Received: (CampaignAuctionReport CampaignAuctionReportEntry [actualBid=2105.0, effectiveBid=1873.500109706203])
04/04 09:29:00 SEVERE OrOmerShelly.OOSAgent|Exception thrown while trying to parse message.java.lang.NullPointerException
04/04 09:29:00 INFO OrOmerShelly.Coordinator|Day 42: Campaign opportunity - Campaign ID 2051848425: day 44 to 46 [FEMALE, OLD], reach: 3750 coefs: (v=2.0, m=1.5)
04/04 09:29:00 INFO OrOmerShelly.Coordinator|Day 42: Campaign total budget bid: 980508.6758996306
04/04 09:29:00 INFO OrOmerShelly.Coordinator|Day 42: Adjusting ucs bid: was 0.1452635475943564 level reported: 0.47829690000000014 target: 0.8 adjusted: 0.12346620302085869
04/04 09:29:00 SEVERE OrOmerShelly.OOSAgent|Exception thrown while trying to parse message.java.lang.NullPointerException
04/04 09:29:00 INFO OrOmerShelly.Coordinator|Day 42 : Simulation Status Received
04/04 09:29:00 WARNING OrOmerShelly.Coordinator|BidBundle is null!
04/04 09:29:00 INFO OrOmerShelly.Coordinator|Day 42 ended. Starting next day
04/04 09:29:10 INFO OrOmerShelly.Coordinator|Day 43 :BankStatus[-6.123600]
04/04 09:29:10 INFO OrOmerShelly.OOSAgent|UNKNOWN Message Received: (CampaignAuctionReport CampaignAuctionReportEntry [actualBid=2349.0, effectiveBid=2090.665918147207])
04/04 09:29:10 SEVERE OrOmerShelly.OOSAgent|Exception thrown while trying to parse message.java.lang.NullPointerException
04/04 09:29:10 INFO OrOmerShelly.Coordinator|Day 43: Campaign opportunity - Campaign ID 1066553059: day 45 to 47 [MALE, HIGH_INCOME], reach: 6250 coefs: (v=2.0, m=1.5)
04/04 09:29:10 INFO OrOmerShelly.Coordinator|Day 43: Campaign total budget bid: 1689050.856380552
04/04 09:29:10 INFO OrOmerShelly.Coordinator|Day 43: Adjusting ucs bid: was 0.12346620302085869 level reported: 0.47829690000000014 target: 0.8 adjusted: 0.16318566327789827
04/04 09:29:10 SEVERE OrOmerShelly.OOSAgent|Exception thrown while trying to parse message.java.lang.NullPointerException
04/04 09:29:10 INFO OrOmerShelly.Coordinator|Day 43 : Simulation Status Received
04/04 09:29:10 WARNING OrOmerShelly.Coordinator|BidBundle is null!
04/04 09:29:10 INFO OrOmerShelly.Coordinator|Day 43 ended. Starting next day
04/04 09:29:20 INFO OrOmerShelly.Coordinator|Day 44 :BankStatus[-6.269400]
04/04 09:29:20 INFO OrOmerShelly.OOSAgent|UNKNOWN Message Received: (CampaignAuctionReport CampaignAuctionReportEntry [actualBid=3211.0, effectiveBid=2857.8664381314097])
04/04 09:29:20 SEVERE OrOmerShelly.OOSAgent|Exception thrown while trying to parse message.java.lang.NullPointerException
04/04 09:29:20 INFO OrOmerShelly.Coordinator|Day 44: Campaign opportunity - Campaign ID 540559885: day 46 to 48 [YOUNG, LOW_INCOME], reach: 3750 coefs: (v=2.0, m=1.5)
04/04 09:29:20 INFO OrOmerShelly.Coordinator|Day 44: Campaign total budget bid: 994455.1590888512
04/04 09:29:20 INFO OrOmerShelly.Coordinator|Day 44: Adjusting ucs bid: was 0.16318566327789827 level reported: 0.47829690000000014 target: 0.8 adjusted: 0.13205310598366019
04/04 09:29:20 SEVERE OrOmerShelly.OOSAgent|Exception thrown while trying to parse message.java.lang.NullPointerException
04/04 09:29:20 INFO OrOmerShelly.Coordinator|Day 44 : Simulation Status Received
04/04 09:29:20 WARNING OrOmerShelly.Coordinator|BidBundle is null!
04/04 09:29:20 INFO OrOmerShelly.Coordinator|Day 44 ended. Starting next day
04/04 09:29:30 INFO OrOmerShelly.Coordinator|Day 45 :BankStatus[-6.415200]
04/04 09:29:30 INFO OrOmerShelly.OOSAgent|UNKNOWN Message Received: (CampaignAuctionReport CampaignAuctionReportEntry [actualBid=2744.0, effectiveBid=2442.2253211562092] CampaignAuctionReportEntry [actualBid=2563.0, effectiveBid=1944.6844481472547])
04/04 09:29:30 SEVERE OrOmerShelly.OOSAgent|Exception thrown while trying to parse message.java.lang.NullPointerException
04/04 09:29:30 INFO OrOmerShelly.Coordinator|Day 45: Campaign opportunity - Campaign ID 511596594: day 47 to 51 [OLD, MALE], reach: 6250 coefs: (v=2.0, m=1.5)
04/04 09:29:30 INFO OrOmerShelly.Coordinator|Day 45: Campaign total budget bid: 1010286.5542271022
04/04 09:29:30 INFO OrOmerShelly.Coordinator|Day 45: Adjusting ucs bid: was 0.13205310598366019 level reported: 0.47829690000000014 target: 0.8 adjusted: 0.17353931801640377
04/04 09:29:30 SEVERE OrOmerShelly.OOSAgent|Exception thrown while trying to parse message.java.lang.NullPointerException
04/04 09:29:30 INFO OrOmerShelly.Coordinator|Day 45 : Simulation Status Received
04/04 09:29:30 WARNING OrOmerShelly.Coordinator|BidBundle is null!
04/04 09:29:30 INFO OrOmerShelly.Coordinator|Day 45 ended. Starting next day
04/04 09:29:40 INFO OrOmerShelly.Coordinator|Day 46 :BankStatus[-6.561000]
04/04 09:29:40 INFO OrOmerShelly.OOSAgent|UNKNOWN Message Received: (CampaignAuctionReport CampaignAuctionReportEntry [actualBid=2663.0, effectiveBid=2370.1333929442367] CampaignAuctionReportEntry [actualBid=2698.0, effectiveBid=2047.1161299653895])
04/04 09:29:40 SEVERE OrOmerShelly.OOSAgent|Exception thrown while trying to parse message.java.lang.NullPointerException
04/04 09:29:40 INFO OrOmerShelly.Coordinator|Day 46: Campaign opportunity - Campaign ID 850000347: day 48 to 50 [MALE, LOW_INCOME], reach: 3750 coefs: (v=2.0, m=1.5)
04/04 09:29:40 INFO OrOmerShelly.Coordinator|Day 46: Campaign total budget bid: 998305.9052273288
04/04 09:29:40 INFO OrOmerShelly.Coordinator|Day 46: Adjusting ucs bid: was 0.17353931801640377 level reported: 0.47829690000000014 target: 0.8 adjusted: 0.15557484154647727
04/04 09:29:40 SEVERE OrOmerShelly.OOSAgent|Exception thrown while trying to parse message.java.lang.NullPointerException
04/04 09:29:40 INFO OrOmerShelly.Coordinator|Day 46 : Simulation Status Received
04/04 09:29:40 WARNING OrOmerShelly.Coordinator|BidBundle is null!
04/04 09:29:40 INFO OrOmerShelly.Coordinator|Day 46 ended. Starting next day
04/04 09:29:50 INFO OrOmerShelly.Coordinator|Day 47 :BankStatus[-6.706800]
04/04 09:29:50 INFO OrOmerShelly.OOSAgent|UNKNOWN Message Received: (CampaignAuctionReport CampaignAuctionReportEntry [actualBid=2132.0, effectiveBid=1617.6618195278763] CampaignAuctionReportEntry [actualBid=3080.0, effectiveBid=2741.273319665133])
04/04 09:29:50 SEVERE OrOmerShelly.OOSAgent|Exception thrown while trying to parse message.java.lang.NullPointerException
04/04 09:29:50 INFO OrOmerShelly.Coordinator|Day 47: Campaign opportunity - Campaign ID 456176922: day 49 to 58 [OLD, HIGH_INCOME], reach: 6250 coefs: (v=2.0, m=1.5)
04/04 09:29:50 INFO OrOmerShelly.Coordinator|Day 47: Campaign total budget bid: 496589.084908827
04/04 09:29:50 INFO OrOmerShelly.Coordinator|Day 47: Adjusting ucs bid: was 0.15557484154647727 level reported: 0.47829690000000014 target: 0.8 adjusted: 0.10275699336471412
04/04 09:29:50 SEVERE OrOmerShelly.OOSAgent|Exception thrown while trying to parse message.java.lang.NullPointerException
04/04 09:29:50 INFO OrOmerShelly.Coordinator|Day 47 : Simulation Status Received
04/04 09:29:50 WARNING OrOmerShelly.Coordinator|BidBundle is null!
04/04 09:29:50 INFO OrOmerShelly.Coordinator|Day 47 ended. Starting next day
04/04 09:30:00 INFO OrOmerShelly.Coordinator|Day 48 :BankStatus[-6.852600]
04/04 09:30:00 INFO OrOmerShelly.OOSAgent|UNKNOWN Message Received: (CampaignAuctionReport CampaignAuctionReportEntry [actualBid=2884.0, effectiveBid=2607.931347218902])
04/04 09:30:00 SEVERE OrOmerShelly.OOSAgent|Exception thrown while trying to parse message.java.lang.NullPointerException
04/04 09:30:00 INFO OrOmerShelly.Coordinator|Day 48: Campaign opportunity - Campaign ID 1840672692: day 50 to 52 [FEMALE, LOW_INCOME], reach: 3750 coefs: (v=2.0, m=1.5)
04/04 09:30:00 INFO OrOmerShelly.Coordinator|Day 48: Campaign total budget bid: 993337.6146873242
04/04 09:30:00 INFO OrOmerShelly.Coordinator|Day 48: Adjusting ucs bid: was 0.10275699336471412 level reported: 0.47829690000000014 target: 0.8 adjusted: 0.13581423667682208
04/04 09:30:00 SEVERE OrOmerShelly.OOSAgent|Exception thrown while trying to parse message.java.lang.NullPointerException
04/04 09:30:00 INFO OrOmerShelly.Coordinator|Day 48 : Simulation Status Received
04/04 09:30:00 WARNING OrOmerShelly.Coordinator|BidBundle is null!
04/04 09:30:00 INFO OrOmerShelly.Coordinator|Day 48 ended. Starting next day
04/04 09:30:10 INFO OrOmerShelly.Coordinator|Day 49 :BankStatus[-6.998400]
04/04 09:30:10 INFO OrOmerShelly.OOSAgent|UNKNOWN Message Received: (CampaignAuctionReport CampaignAuctionReportEntry [actualBid=2642.0, effectiveBid=2389.0966086519898])
04/04 09:30:10 SEVERE OrOmerShelly.OOSAgent|Exception thrown while trying to parse message.java.lang.NullPointerException
04/04 09:30:10 INFO OrOmerShelly.Coordinator|Day 49: Campaign opportunity - Campaign ID 1306883314: day 51 to 53 [YOUNG, HIGH_INCOME], reach: 3750 coefs: (v=2.0, m=1.5)
04/04 09:30:10 INFO OrOmerShelly.Coordinator|Day 49: Campaign total budget bid: 1015509.6011066831
04/04 09:30:10 INFO OrOmerShelly.Coordinator|Day 49: Adjusting ucs bid: was 0.13581423667682208 level reported: 0.47829690000000014 target: 0.8 adjusted: 0.167584326599825
04/04 09:30:10 SEVERE OrOmerShelly.OOSAgent|Exception thrown while trying to parse message.java.lang.NullPointerException
04/04 09:30:10 INFO OrOmerShelly.Coordinator|Day 49 : Simulation Status Received
04/04 09:30:10 WARNING OrOmerShelly.Coordinator|BidBundle is null!
04/04 09:30:10 INFO OrOmerShelly.Coordinator|Day 49 ended. Starting next day
04/04 09:30:20 INFO OrOmerShelly.Coordinator|Day 50 :BankStatus[-7.144200]
04/04 09:30:20 INFO OrOmerShelly.OOSAgent|UNKNOWN Message Received: (CampaignAuctionReport CampaignAuctionReportEntry [actualBid=2494.0, effectiveBid=2255.2637933300766])
04/04 09:30:20 SEVERE OrOmerShelly.OOSAgent|Exception thrown while trying to parse message.java.lang.NullPointerException
04/04 09:30:20 INFO OrOmerShelly.Coordinator|Day 50: Campaign opportunity - Campaign ID 1231692355: day 52 to 54 [OLD, HIGH_INCOME], reach: 3750 coefs: (v=2.0, m=1.5)
04/04 09:30:20 INFO OrOmerShelly.Coordinator|Day 50: Campaign total budget bid: 993178.169817654
04/04 09:30:20 INFO OrOmerShelly.Coordinator|Day 50: Adjusting ucs bid: was 0.167584326599825 level reported: 0.47829690000000014 target: 0.8 adjusted: 0.17883175541648144
04/04 09:30:20 SEVERE OrOmerShelly.OOSAgent|Exception thrown while trying to parse message.java.lang.NullPointerException
04/04 09:30:20 INFO OrOmerShelly.Coordinator|Day 50 : Simulation Status Received
04/04 09:30:20 WARNING OrOmerShelly.Coordinator|BidBundle is null!
04/04 09:30:20 INFO OrOmerShelly.Coordinator|Day 50 ended. Starting next day
04/04 09:30:30 INFO OrOmerShelly.Coordinator|Day 51 :BankStatus[-7.290000]
04/04 09:30:30 SEVERE OrOmerShelly.OOSAgent|Exception thrown while trying to parse message.java.lang.NullPointerException
04/04 09:30:30 INFO OrOmerShelly.Coordinator|Day 51: Campaign opportunity - Campaign ID 201207747: day 53 to 57 [YOUNG, HIGH_INCOME], reach: 6250 coefs: (v=2.0, m=1.5)
04/04 09:30:30 INFO OrOmerShelly.Coordinator|Day 51: Campaign total budget bid: 1015509.6011066831
04/04 09:30:30 INFO OrOmerShelly.Coordinator|Day 51: Adjusting ucs bid: was 0.17883175541648144 level reported: 0.47829690000000014 target: 0.8 adjusted: 0.11282311724021211
04/04 09:30:30 SEVERE OrOmerShelly.OOSAgent|Exception thrown while trying to parse message.java.lang.NullPointerException
04/04 09:30:30 INFO OrOmerShelly.Coordinator|Day 51 : Simulation Status Received
04/04 09:30:30 WARNING OrOmerShelly.Coordinator|BidBundle is null!
04/04 09:30:30 INFO OrOmerShelly.Coordinator|Day 51 ended. Starting next day
04/04 09:30:40 INFO OrOmerShelly.Coordinator|Day 52 :BankStatus[-7.435800]
04/04 09:30:40 INFO OrOmerShelly.OOSAgent|UNKNOWN Message Received: (CampaignAuctionReport CampaignAuctionReportEntry [actualBid=2633.0, effectiveBid=1894.25092130634] CampaignAuctionReportEntry [actualBid=3046.0, effectiveBid=2268.8212452280263])
04/04 09:30:40 SEVERE OrOmerShelly.OOSAgent|Exception thrown while trying to parse message.java.lang.NullPointerException
04/04 09:30:40 INFO OrOmerShelly.Coordinator|Day 52: Campaign opportunity - Campaign ID 1982820226: day 54 to 58 [MALE, HIGH_INCOME], reach: 3750 coefs: (v=2.0, m=1.5)
04/04 09:30:40 INFO OrOmerShelly.Coordinator|Day 52: Campaign total budget bid: 608058.3082969987
04/04 09:30:40 INFO OrOmerShelly.Coordinator|Day 52: Adjusting ucs bid: was 0.11282311724021211 level reported: 0.47829690000000014 target: 0.8 adjusted: 0.13377864557301278
04/04 09:30:40 SEVERE OrOmerShelly.OOSAgent|Exception thrown while trying to parse message.java.lang.NullPointerException
04/04 09:30:40 INFO OrOmerShelly.Coordinator|Day 52 : Simulation Status Received
04/04 09:30:40 WARNING OrOmerShelly.Coordinator|BidBundle is null!
04/04 09:30:40 INFO OrOmerShelly.Coordinator|Day 52 ended. Starting next day
04/04 09:30:50 INFO OrOmerShelly.Coordinator|Day 53 :BankStatus[-7.581600]
04/04 09:30:50 INFO OrOmerShelly.OOSAgent|UNKNOWN Message Received: (CampaignAuctionReport CampaignAuctionReportEntry [actualBid=2488.0, effectiveBid=2210.1458588672353])
04/04 09:30:50 SEVERE OrOmerShelly.OOSAgent|Exception thrown while trying to parse message.java.lang.NullPointerException
04/04 09:30:50 INFO OrOmerShelly.Coordinator|Day 53: Campaign opportunity - Campaign ID 1651404729: day 55 to 57 [OLD, LOW_INCOME], reach: 6250 coefs: (v=2.0, m=1.5)
04/04 09:30:50 INFO OrOmerShelly.Coordinator|Day 53: Campaign total budget bid: 1661966.1557095048
04/04 09:30:50 INFO OrOmerShelly.Coordinator|Day 53: Adjusting ucs bid: was 0.13377864557301278 level reported: 0.47829690000000014 target: 0.8 adjusted: 0.17681565056765225
04/04 09:30:50 SEVERE OrOmerShelly.OOSAgent|Exception thrown while trying to parse message.java.lang.NullPointerException
04/04 09:30:50 INFO OrOmerShelly.Coordinator|Day 53 : Simulation Status Received
04/04 09:30:50 WARNING OrOmerShelly.Coordinator|BidBundle is null!
04/04 09:30:50 INFO OrOmerShelly.Coordinator|Day 53 ended. Starting next day
04/04 09:31:00 INFO OrOmerShelly.Coordinator|Day 54 :BankStatus[-7.727400]
04/04 09:31:00 INFO OrOmerShelly.OOSAgent|UNKNOWN Message Received: (CampaignAuctionReport CampaignAuctionReportEntry [actualBid=3103.0, effectiveBid=2966.09707644448])
04/04 09:31:00 SEVERE OrOmerShelly.OOSAgent|Exception thrown while trying to parse message.java.lang.NullPointerException
04/04 09:31:00 SEVERE OrOmerShelly.OOSAgent|Exception thrown while trying to parse message.java.lang.NullPointerException
04/04 09:31:00 INFO OrOmerShelly.Coordinator|Day 54 : Simulation Status Received
04/04 09:31:00 WARNING OrOmerShelly.Coordinator|BidBundle is null!
04/04 09:31:00 INFO OrOmerShelly.Coordinator|Day 54 ended. Starting next day
04/04 09:31:10 INFO OrOmerShelly.Coordinator|Day 55 :BankStatus[-7.873200]
04/04 09:31:10 SEVERE OrOmerShelly.OOSAgent|Exception thrown while trying to parse message.java.lang.NullPointerException
04/04 09:31:10 SEVERE OrOmerShelly.OOSAgent|Exception thrown while trying to parse message.java.lang.NullPointerException
04/04 09:31:10 INFO OrOmerShelly.Coordinator|Day 55 : Simulation Status Received
04/04 09:31:10 WARNING OrOmerShelly.Coordinator|BidBundle is null!
04/04 09:31:10 INFO OrOmerShelly.Coordinator|Day 55 ended. Starting next day
04/04 09:31:20 INFO OrOmerShelly.Coordinator|Day 56 :BankStatus[-8.019000]
04/04 09:31:20 SEVERE OrOmerShelly.OOSAgent|Exception thrown while trying to parse message.java.lang.NullPointerException
04/04 09:31:20 SEVERE OrOmerShelly.OOSAgent|Exception thrown while trying to parse message.java.lang.NullPointerException
04/04 09:31:20 INFO OrOmerShelly.Coordinator|Day 56 : Simulation Status Received
04/04 09:31:20 WARNING OrOmerShelly.Coordinator|BidBundle is null!
04/04 09:31:20 INFO OrOmerShelly.Coordinator|Day 56 ended. Starting next day
04/04 09:31:30 INFO OrOmerShelly.Coordinator|Day 57 :BankStatus[-8.164800]
04/04 09:31:30 SEVERE OrOmerShelly.OOSAgent|Exception thrown while trying to parse message.java.lang.NullPointerException
04/04 09:31:30 SEVERE OrOmerShelly.OOSAgent|Exception thrown while trying to parse message.java.lang.NullPointerException
04/04 09:31:30 INFO OrOmerShelly.Coordinator|Day 57 : Simulation Status Received
04/04 09:31:30 WARNING OrOmerShelly.Coordinator|BidBundle is null!
04/04 09:31:30 INFO OrOmerShelly.Coordinator|Day 57 ended. Starting next day
04/04 09:31:40 INFO OrOmerShelly.Coordinator|Day 58 :BankStatus[-8.310600]
04/04 09:31:40 SEVERE OrOmerShelly.OOSAgent|Exception thrown while trying to parse message.java.lang.NullPointerException
04/04 09:31:40 SEVERE OrOmerShelly.OOSAgent|Exception thrown while trying to parse message.java.lang.NullPointerException
04/04 09:31:40 INFO OrOmerShelly.Coordinator|Day 58 : Simulation Status Received
04/04 09:31:40 WARNING OrOmerShelly.Coordinator|BidBundle is null!
04/04 09:31:40 INFO OrOmerShelly.Coordinator|Day 58 ended. Starting next day
04/04 09:31:50 INFO OrOmerShelly.Coordinator|Day 59 :BankStatus[-8.456400]
04/04 09:31:50 SEVERE OrOmerShelly.OOSAgent|Exception thrown while trying to parse message.java.lang.NullPointerException
04/04 09:31:50 SEVERE OrOmerShelly.OOSAgent|Exception thrown while trying to parse message.java.lang.NullPointerException
04/04 09:31:50 INFO OrOmerShelly.Coordinator|Day 59 : Simulation Status Received
04/04 09:31:50 WARNING OrOmerShelly.Coordinator|BidBundle is null!
04/04 09:31:50 INFO OrOmerShelly.Coordinator|Day 59 ended. Starting next day
04/04 09:32:00 SEVERE OrOmerShelly.OOSAgent|Exception thrown while trying to parse message.java.lang.NullPointerException
04/04 09:32:00 INFO OrOmerShelly.Coordinator|Day 60 :BankStatus[-8.748000]
04/04 09:32:00 SEVERE OrOmerShelly.OOSAgent|Exception thrown while trying to parse message.java.lang.NullPointerException
04/04 09:32:00 INFO OrOmerShelly.Coordinator|Day 60 : Simulation Status Received
04/04 09:32:00 WARNING OrOmerShelly.Coordinator|BidBundle is null!
04/04 09:32:00 INFO OrOmerShelly.Coordinator|Day 60 ended. Starting next day
