04/04 12:51:00 INFO OrOmerShelly.OOSAgent|UNKNOWN Message Received: edu.umich.eecs.tac.props.AdvertiserInfo@bc76a1c1
04/04 12:51:00 INFO OrOmerShelly.Coordinator|Day 0 :BankStatus[0.000000]
04/04 12:51:00 INFO OrOmerShelly.Coordinator|tau.tac.adx.report.demand.InitialCampaignMessage[26834819,1250,1,5,[FEMALE, HIGH_INCOME],2.0,1.5,demand,[]]
04/04 12:51:00 INFO OrOmerShelly.Coordinator|Day 0: Allocated campaign - Campaign ID 26834819: day 1 to 5 [FEMALE, HIGH_INCOME], reach: 1250 coefs: (v=2.0, m=1.5)
04/04 12:51:00 INFO OrOmerShelly.Coordinator|Day 0: Campaign opportunity - Campaign ID 16080221: day 2 to 4 [LOW_INCOME, YOUNG], reach: 3750 coefs: (v=2.0, m=1.5)
04/04 12:51:00 INFO OrOmerShelly.Coordinator|Day 0: Campaign total budget bid: 994.4551590888511
04/04 12:51:00 INFO OrOmerShelly.Coordinator|Day 0: Adjusting ucs bid: was 0.1964334468116362 level reported: 0.47829690000000014 target: 1.0 adjusted: 0.17729448994234445
04/04 12:51:00 INFO OrOmerShelly.Coordinator|Day 0 : Simulation Status Received
04/04 12:51:00 WARNING OrOmerShelly.Coordinator|BidBundle is null!
04/04 12:51:00 INFO OrOmerShelly.Coordinator|Day 0 ended. Starting next day
04/04 12:51:15 INFO OrOmerShelly.Coordinator|Day 1 :BankStatus[0.000000]
04/04 12:51:15 INFO OrOmerShelly.OOSAgent|UNKNOWN Message Received: (CampaignAuctionReport CampaignAuctionReportEntry [actualBid=994.0, effectiveBid=994.0] CampaignAuctionReportEntry [actualBid=2007.0, effectiveBid=2007.0] CampaignAuctionReportEntry [actualBid=2027.0, effectiveBid=2027.0] CampaignAuctionReportEntry [actualBid=2049.0, effectiveBid=2049.0] CampaignAuctionReportEntry [actualBid=2548.0, effectiveBid=2548.0] CampaignAuctionReportEntry [actualBid=2611.0, effectiveBid=2611.0] CampaignAuctionReportEntry [actualBid=2677.0, effectiveBid=2677.0] CampaignAuctionReportEntry [actualBid=2952.0, effectiveBid=2952.0])
04/04 12:51:15 INFO OrOmerShelly.Coordinator|Day 1: Daily notification for campaign 16080221
04/04 12:51:15 INFO OrOmerShelly.Coordinator|Day 1:  allocated to DummyAdnetwork. UCS Level set to 0.47829690000000014 at price 0.0 Quality Score is: 1.0
04/04 12:51:15 INFO OrOmerShelly.Coordinator|Day 1: Campaign opportunity - Campaign ID 22253457: day 3 to 5 [LOW_INCOME, YOUNG], reach: 6250 coefs: (v=2.0, m=1.5)
04/04 12:51:15 INFO OrOmerShelly.Coordinator|Day 1: Campaign total budget bid: 1657.4252651480854
04/04 12:51:15 INFO OrOmerShelly.Coordinator|Day 1: Adjusting ucs bid: was 0.17729448994234445 level reported: 0.47829690000000014 target: 1.0 adjusted: 0.15733605749351454
04/04 12:51:15 INFO OrOmerShelly.Coordinator|Publishers Report: 
04/04 12:51:15 INFO OrOmerShelly.Coordinator|(publisher: fox popularity: 9575 video: 3813 text: 5763)
04/04 12:51:15 INFO OrOmerShelly.Coordinator|(publisher: hfn popularity: 28040 video: 7783 text: 20258)
04/04 12:51:15 INFO OrOmerShelly.Coordinator|(publisher: sears popularity: 5261 video: 1774 text: 3488)
04/04 12:51:15 INFO OrOmerShelly.Coordinator|(publisher: nyt popularity: 11364 video: 4174 text: 7191)
04/04 12:51:15 INFO OrOmerShelly.Coordinator|(publisher: target popularity: 8215 video: 3328 text: 4888)
04/04 12:51:15 INFO OrOmerShelly.Coordinator|(publisher: wallmart popularity: 12774 video: 4181 text: 8594)
04/04 12:51:16 INFO OrOmerShelly.Coordinator|Day 1 : Simulation Status Received
04/04 12:51:16 WARNING OrOmerShelly.Coordinator|BidBundle is null!
04/04 12:51:16 INFO OrOmerShelly.Coordinator|Day 1 ended. Starting next day
04/04 12:51:28 INFO OrOmerShelly.Coordinator|Day 2 :BankStatus[-0.145800]
04/04 12:51:28 INFO OrOmerShelly.OOSAgent|UNKNOWN Message Received: (CampaignAuctionReport CampaignAuctionReportEntry [actualBid=1657.0, effectiveBid=1657.0] CampaignAuctionReportEntry [actualBid=2134.0, effectiveBid=2134.0] CampaignAuctionReportEntry [actualBid=2213.0, effectiveBid=2213.0] CampaignAuctionReportEntry [actualBid=2754.0, effectiveBid=2754.0] CampaignAuctionReportEntry [actualBid=2814.0, effectiveBid=2814.0] CampaignAuctionReportEntry [actualBid=2902.0, effectiveBid=2902.0] CampaignAuctionReportEntry [actualBid=2970.0, effectiveBid=2970.0] CampaignAuctionReportEntry [actualBid=3153.0, effectiveBid=3153.0])
04/04 12:51:28 INFO OrOmerShelly.Coordinator|Day 2: Updating campaign 26834819 stats: 0.0 tgtImps 0.0 nonTgtImps. Cost of imps is 0.0
04/04 12:51:28 SEVERE OrOmerShelly.OOSAgent|Exception thrown while trying to parse message.java.lang.NullPointerException
04/04 12:51:28 INFO OrOmerShelly.Coordinator|Day 2: Campaign opportunity - Campaign ID 24906355: day 4 to 8 [YOUNG, MALE], reach: 3750 coefs: (v=2.0, m=1.5)
04/04 12:51:28 INFO OrOmerShelly.Coordinator|Day 2: Campaign total budget bid: 600.8253764106094
04/04 12:51:28 INFO OrOmerShelly.Coordinator|Day 2: Adjusting ucs bid: was 0.15733605749351454 level reported: 0.47829690000000014 target: 1.0 adjusted: 0.17204683842928614
04/04 12:51:28 SEVERE OrOmerShelly.OOSAgent|Exception thrown while trying to parse message.java.lang.NullPointerException
04/04 12:51:28 INFO OrOmerShelly.Coordinator|Day 2 : Simulation Status Received
04/04 12:51:28 WARNING OrOmerShelly.Coordinator|BidBundle is null!
04/04 12:51:28 INFO OrOmerShelly.Coordinator|Day 2 ended. Starting next day
04/04 12:51:35 INFO OrOmerShelly.Coordinator|Day 3 :BankStatus[-0.291600]
04/04 12:51:35 INFO OrOmerShelly.OOSAgent|UNKNOWN Message Received: (CampaignAuctionReport CampaignAuctionReportEntry [actualBid=600.0, effectiveBid=600.0] CampaignAuctionReportEntry [actualBid=2161.0, effectiveBid=2161.0] CampaignAuctionReportEntry [actualBid=2288.0, effectiveBid=2288.0] CampaignAuctionReportEntry [actualBid=2481.0, effectiveBid=2481.0] CampaignAuctionReportEntry [actualBid=2819.0, effectiveBid=2819.0] CampaignAuctionReportEntry [actualBid=3086.0, effectiveBid=3086.0] CampaignAuctionReportEntry [actualBid=3291.0, effectiveBid=3291.0])
04/04 12:51:35 INFO OrOmerShelly.Coordinator|Day 3: Updating campaign 26834819 stats: 0.0 tgtImps 0.0 nonTgtImps. Cost of imps is 0.0
04/04 12:51:35 SEVERE OrOmerShelly.OOSAgent|Exception thrown while trying to parse message.java.lang.NullPointerException
04/04 12:51:35 INFO OrOmerShelly.Coordinator|Day 3: Campaign opportunity - Campaign ID 11121275: day 5 to 7 [HIGH_INCOME, YOUNG], reach: 6250 coefs: (v=2.0, m=1.5)
04/04 12:51:35 INFO OrOmerShelly.Coordinator|Day 3: Campaign total budget bid: 1692.5160018444722
04/04 12:51:35 INFO OrOmerShelly.Coordinator|Day 3: Adjusting ucs bid: was 0.17204683842928614 level reported: 0.47829690000000014 target: 1.0 adjusted: 0.10463411090093762
04/04 12:51:35 SEVERE OrOmerShelly.OOSAgent|Exception thrown while trying to parse message.java.lang.NullPointerException
04/04 12:51:36 INFO OrOmerShelly.Coordinator|Day 3 : Simulation Status Received
04/04 12:51:36 WARNING OrOmerShelly.Coordinator|BidBundle is null!
04/04 12:51:36 INFO OrOmerShelly.Coordinator|Day 3 ended. Starting next day
04/04 12:51:48 INFO OrOmerShelly.Coordinator|Day 4 :BankStatus[-0.437400]
04/04 12:51:48 INFO OrOmerShelly.OOSAgent|UNKNOWN Message Received: (CampaignAuctionReport CampaignAuctionReportEntry [actualBid=1692.0, effectiveBid=1692.0] CampaignAuctionReportEntry [actualBid=2009.0, effectiveBid=2009.0] CampaignAuctionReportEntry [actualBid=2035.0, effectiveBid=2035.0] CampaignAuctionReportEntry [actualBid=2113.0, effectiveBid=2113.0] CampaignAuctionReportEntry [actualBid=2562.0, effectiveBid=2562.0] CampaignAuctionReportEntry [actualBid=2937.0, effectiveBid=2937.0] CampaignAuctionReportEntry [actualBid=2992.0, effectiveBid=2992.0])
04/04 12:51:48 INFO OrOmerShelly.Coordinator|Day 4: Updating campaign 26834819 stats: 0.0 tgtImps 0.0 nonTgtImps. Cost of imps is 0.0
04/04 12:51:48 SEVERE OrOmerShelly.OOSAgent|Exception thrown while trying to parse message.java.lang.NullPointerException
04/04 12:51:48 INFO OrOmerShelly.Coordinator|Day 4: Campaign opportunity - Campaign ID 10150049: day 6 to 8 [FEMALE, OLD], reach: 12500 coefs: (v=2.0, m=1.5)
04/04 12:51:48 INFO OrOmerShelly.Coordinator|Day 4: Campaign total budget bid: 3268.362252998769
04/04 12:51:48 INFO OrOmerShelly.Coordinator|Day 4: Adjusting ucs bid: was 0.10463411090093762 level reported: 0.47829690000000014 target: 1.0 adjusted: 0.15922205092370056
04/04 12:51:48 SEVERE OrOmerShelly.OOSAgent|Exception thrown while trying to parse message.java.lang.NullPointerException
04/04 12:51:48 INFO OrOmerShelly.Coordinator|Day 4 : Simulation Status Received
04/04 12:51:48 WARNING OrOmerShelly.Coordinator|BidBundle is null!
04/04 12:51:48 INFO OrOmerShelly.Coordinator|Day 4 ended. Starting next day
04/04 12:51:56 INFO OrOmerShelly.Coordinator|Day 5 :BankStatus[-0.583200]
04/04 12:51:56 INFO OrOmerShelly.OOSAgent|UNKNOWN Message Received: (CampaignAuctionReport CampaignAuctionReportEntry [actualBid=2149.0, effectiveBid=2149.0] CampaignAuctionReportEntry [actualBid=2749.0, effectiveBid=2749.0] CampaignAuctionReportEntry [actualBid=3268.0, effectiveBid=3268.0])
04/04 12:51:56 INFO OrOmerShelly.Coordinator|Day 5: Updating campaign 26834819 stats: 0.0 tgtImps 0.0 nonTgtImps. Cost of imps is 0.0
04/04 12:51:56 SEVERE OrOmerShelly.OOSAgent|Exception thrown while trying to parse message.java.lang.NullPointerException
04/04 12:51:56 SEVERE OrOmerShelly.OOSAgent|Exception thrown while trying to parse message.java.lang.NullPointerException
04/04 12:51:56 INFO OrOmerShelly.Coordinator|Day 5: Campaign opportunity - Campaign ID 28581306: day 7 to 9 [HIGH_INCOME, YOUNG], reach: 3750 coefs: (v=2.0, m=1.5)
04/04 12:51:56 INFO OrOmerShelly.Coordinator|Day 5: Campaign total budget bid: 1015.5096011066831
04/04 12:51:56 INFO OrOmerShelly.Coordinator|Day 5: Adjusting ucs bid: was 0.15922205092370056 level reported: 0.47829690000000014 target: 1.0 adjusted: 0.17790718600600314
04/04 12:51:56 SEVERE OrOmerShelly.OOSAgent|Exception thrown while trying to parse message.java.lang.NullPointerException
04/04 12:51:57 INFO OrOmerShelly.Coordinator|Day 5 : Simulation Status Received
04/04 12:51:57 WARNING OrOmerShelly.Coordinator|BidBundle is null!
04/04 12:51:57 INFO OrOmerShelly.Coordinator|Day 5 ended. Starting next day
04/04 12:52:06 INFO OrOmerShelly.Coordinator|Day 6 :BankStatus[-0.729000]
04/04 12:52:06 INFO OrOmerShelly.OOSAgent|UNKNOWN Message Received: (CampaignAuctionReport CampaignAuctionReportEntry [actualBid=1015.0, effectiveBid=1015.0] CampaignAuctionReportEntry [actualBid=2722.0, effectiveBid=2722.0] CampaignAuctionReportEntry [actualBid=2897.0, effectiveBid=2897.0])
04/04 12:52:06 INFO OrOmerShelly.Coordinator|Day 6: Updating campaign 26834819 stats: 0.0 tgtImps 0.0 nonTgtImps. Cost of imps is 0.0
04/04 12:52:06 SEVERE OrOmerShelly.OOSAgent|Exception thrown while trying to parse message.java.lang.NullPointerException
04/04 12:52:06 SEVERE OrOmerShelly.OOSAgent|Exception thrown while trying to parse message.java.lang.NullPointerException
04/04 12:52:06 INFO OrOmerShelly.Coordinator|Day 6: Campaign opportunity - Campaign ID 18752482: day 8 to 12 [LOW_INCOME, YOUNG], reach: 12500 coefs: (v=2.0, m=1.5)
04/04 12:52:06 INFO OrOmerShelly.Coordinator|Day 6: Campaign total budget bid: 1988.9103181777023
04/04 12:52:06 INFO OrOmerShelly.Coordinator|Day 6: Adjusting ucs bid: was 0.17790718600600314 level reported: 0.47829690000000014 target: 1.0 adjusted: 0.1995178097892018
04/04 12:52:06 SEVERE OrOmerShelly.OOSAgent|Exception thrown while trying to parse message.java.lang.NullPointerException
04/04 12:52:07 INFO OrOmerShelly.Coordinator|Day 6 : Simulation Status Received
04/04 12:52:07 WARNING OrOmerShelly.Coordinator|BidBundle is null!
04/04 12:52:07 INFO OrOmerShelly.Coordinator|Day 6 ended. Starting next day
04/04 12:52:17 INFO OrOmerShelly.Coordinator|Day 7 :BankStatus[-0.874800]
04/04 12:52:17 INFO OrOmerShelly.OOSAgent|UNKNOWN Message Received: (CampaignAuctionReport CampaignAuctionReportEntry [actualBid=2828.0, effectiveBid=2070.1172006238985])
04/04 12:52:17 SEVERE OrOmerShelly.OOSAgent|Exception thrown while trying to parse message.java.lang.NullPointerException
04/04 12:52:17 SEVERE OrOmerShelly.OOSAgent|Exception thrown while trying to parse message.java.lang.NullPointerException
04/04 12:52:17 INFO OrOmerShelly.Coordinator|Day 7: Campaign opportunity - Campaign ID 22912742: day 9 to 18 [LOW_INCOME, MALE], reach: 6250 coefs: (v=2.0, m=1.5)
04/04 12:52:17 INFO OrOmerShelly.Coordinator|Day 7: Campaign total budget bid: 499.15295261366435
04/04 12:52:17 INFO OrOmerShelly.Coordinator|Day 7: Adjusting ucs bid: was 0.1995178097892018 level reported: 0.47829690000000014 target: 1.0 adjusted: 0.15273324879211833
04/04 12:52:17 SEVERE OrOmerShelly.OOSAgent|Exception thrown while trying to parse message.java.lang.NullPointerException
04/04 12:52:18 INFO OrOmerShelly.Coordinator|Day 7 : Simulation Status Received
04/04 12:52:18 WARNING OrOmerShelly.Coordinator|BidBundle is null!
04/04 12:52:18 INFO OrOmerShelly.Coordinator|Day 7 ended. Starting next day
04/04 12:52:27 INFO OrOmerShelly.Coordinator|Day 8 :BankStatus[-1.020600]
04/04 12:52:27 INFO OrOmerShelly.OOSAgent|UNKNOWN Message Received: (CampaignAuctionReport CampaignAuctionReportEntry [actualBid=2951.0, effectiveBid=2160.154122716098])
04/04 12:52:27 SEVERE OrOmerShelly.OOSAgent|Exception thrown while trying to parse message.java.lang.NullPointerException
04/04 12:52:27 SEVERE OrOmerShelly.OOSAgent|Exception thrown while trying to parse message.java.lang.NullPointerException
04/04 12:52:27 INFO OrOmerShelly.Coordinator|Day 8: Campaign opportunity - Campaign ID 17269976: day 10 to 14 [FEMALE, YOUNG], reach: 3750 coefs: (v=2.0, m=1.5)
04/04 12:52:27 INFO OrOmerShelly.Coordinator|Day 8: Campaign total budget bid: 605.0358537793234
04/04 12:52:27 INFO OrOmerShelly.Coordinator|Day 8: Adjusting ucs bid: was 0.15273324879211833 level reported: 0.47829690000000014 target: 1.0 adjusted: 0.14676090286941978
04/04 12:52:27 SEVERE OrOmerShelly.OOSAgent|Exception thrown while trying to parse message.java.lang.NullPointerException
04/04 12:52:27 INFO OrOmerShelly.Coordinator|Day 8 : Simulation Status Received
04/04 12:52:27 WARNING OrOmerShelly.Coordinator|BidBundle is null!
04/04 12:52:27 INFO OrOmerShelly.Coordinator|Day 8 ended. Starting next day
04/04 12:52:36 INFO OrOmerShelly.Coordinator|Day 9 :BankStatus[-1.166400]
04/04 12:52:36 SEVERE OrOmerShelly.OOSAgent|Exception thrown while trying to parse message.java.lang.NullPointerException
04/04 12:52:36 SEVERE OrOmerShelly.OOSAgent|Exception thrown while trying to parse message.java.lang.NullPointerException
04/04 12:52:36 INFO OrOmerShelly.Coordinator|Day 9: Campaign opportunity - Campaign ID 3561556: day 11 to 20 [FEMALE, OLD], reach: 3750 coefs: (v=2.0, m=1.5)
04/04 12:52:36 INFO OrOmerShelly.Coordinator|Day 9: Campaign total budget bid: 294.1526027698892
04/04 12:52:36 INFO OrOmerShelly.Coordinator|Day 9: Adjusting ucs bid: was 0.14676090286941978 level reported: 0.47829690000000014 target: 1.0 adjusted: 0.18207169700052567
04/04 12:52:36 SEVERE OrOmerShelly.OOSAgent|Exception thrown while trying to parse message.java.lang.NullPointerException
04/04 12:52:37 INFO OrOmerShelly.Coordinator|Day 9 : Simulation Status Received
04/04 12:52:37 WARNING OrOmerShelly.Coordinator|BidBundle is null!
04/04 12:52:37 INFO OrOmerShelly.Coordinator|Day 9 ended. Starting next day
04/04 12:52:48 INFO OrOmerShelly.Coordinator|Day 10 :BankStatus[-1.312200]
04/04 12:52:48 INFO OrOmerShelly.OOSAgent|UNKNOWN Message Received: (CampaignAuctionReport CampaignAuctionReportEntry [actualBid=2784.0, effectiveBid=2487.4981852461738])
04/04 12:52:48 SEVERE OrOmerShelly.OOSAgent|Exception thrown while trying to parse message.java.lang.NullPointerException
04/04 12:52:48 SEVERE OrOmerShelly.OOSAgent|Exception thrown while trying to parse message.java.lang.NullPointerException
04/04 12:52:48 INFO OrOmerShelly.Coordinator|Day 10: Campaign opportunity - Campaign ID 16555510: day 12 to 21 [HIGH_INCOME, YOUNG], reach: 3750 coefs: (v=2.0, m=1.5)
04/04 12:52:48 INFO OrOmerShelly.Coordinator|Day 10: Campaign total budget bid: 304.65288033200494
04/04 12:52:48 INFO OrOmerShelly.Coordinator|Day 10: Adjusting ucs bid: was 0.18207169700052567 level reported: 0.47829690000000014 target: 1.0 adjusted: 0.1509631846243056
04/04 12:52:48 SEVERE OrOmerShelly.OOSAgent|Exception thrown while trying to parse message.java.lang.NullPointerException
04/04 12:52:49 INFO OrOmerShelly.Coordinator|Day 10 : Simulation Status Received
04/04 12:52:49 WARNING OrOmerShelly.Coordinator|BidBundle is null!
04/04 12:52:49 INFO OrOmerShelly.Coordinator|Day 10 ended. Starting next day
04/04 12:52:56 INFO OrOmerShelly.Coordinator|Day 11 :BankStatus[-1.458000]
04/04 12:52:56 INFO OrOmerShelly.OOSAgent|UNKNOWN Message Received: (CampaignAuctionReport CampaignAuctionReportEntry [actualBid=2207.0, effectiveBid=1971.9498903873223])
04/04 12:52:56 SEVERE OrOmerShelly.OOSAgent|Exception thrown while trying to parse message.java.lang.NullPointerException
04/04 12:52:56 INFO OrOmerShelly.Coordinator|Day 11: Campaign opportunity - Campaign ID 20862741: day 13 to 15 [YOUNG, MALE], reach: 6250 coefs: (v=2.0, m=1.5)
04/04 12:52:56 INFO OrOmerShelly.Coordinator|Day 11: Campaign total budget bid: 1668.9593789183596
04/04 12:52:56 INFO OrOmerShelly.Coordinator|Day 11: Adjusting ucs bid: was 0.1509631846243056 level reported: 0.47829690000000014 target: 1.0 adjusted: 0.17605741280442927
04/04 12:52:56 SEVERE OrOmerShelly.OOSAgent|Exception thrown while trying to parse message.java.lang.NullPointerException
04/04 12:52:57 INFO OrOmerShelly.Coordinator|Day 11 : Simulation Status Received
04/04 12:52:57 WARNING OrOmerShelly.Coordinator|BidBundle is null!
04/04 12:52:57 INFO OrOmerShelly.Coordinator|Day 11 ended. Starting next day
04/04 12:53:08 INFO OrOmerShelly.Coordinator|Day 12 :BankStatus[-1.603800]
04/04 12:53:08 INFO OrOmerShelly.OOSAgent|UNKNOWN Message Received: (CampaignAuctionReport CampaignAuctionReportEntry [actualBid=2924.0, effectiveBid=2612.587892837576])
04/04 12:53:08 SEVERE OrOmerShelly.OOSAgent|Exception thrown while trying to parse message.java.lang.NullPointerException
04/04 12:53:08 INFO OrOmerShelly.Coordinator|Day 12: Campaign opportunity - Campaign ID 32140106: day 14 to 18 [FEMALE, YOUNG], reach: 6250 coefs: (v=2.0, m=1.5)
04/04 12:53:08 INFO OrOmerShelly.Coordinator|Day 12: Campaign total budget bid: 1008.3930896322057
04/04 12:53:08 INFO OrOmerShelly.Coordinator|Day 12: Adjusting ucs bid: was 0.17605741280442927 level reported: 0.47829690000000014 target: 1.0 adjusted: 0.13922681773198203
04/04 12:53:08 SEVERE OrOmerShelly.OOSAgent|Exception thrown while trying to parse message.java.lang.NullPointerException
04/04 12:53:08 INFO OrOmerShelly.Coordinator|Day 12 : Simulation Status Received
04/04 12:53:08 WARNING OrOmerShelly.Coordinator|BidBundle is null!
04/04 12:53:08 INFO OrOmerShelly.Coordinator|Day 12 ended. Starting next day
04/04 12:53:16 INFO OrOmerShelly.Coordinator|Day 13 :BankStatus[-1.749600]
04/04 12:53:16 INFO OrOmerShelly.OOSAgent|UNKNOWN Message Received: (CampaignAuctionReport CampaignAuctionReportEntry [actualBid=2365.0, effectiveBid=2113.1225603833336])
04/04 12:53:16 SEVERE OrOmerShelly.OOSAgent|Exception thrown while trying to parse message.java.lang.NullPointerException
04/04 12:53:16 INFO OrOmerShelly.Coordinator|Day 13: Campaign opportunity - Campaign ID 28353931: day 15 to 19 [LOW_INCOME, OLD], reach: 6250 coefs: (v=2.0, m=1.5)
04/04 12:53:16 INFO OrOmerShelly.Coordinator|Day 13: Campaign total budget bid: 997.1796934257029
04/04 12:53:16 INFO OrOmerShelly.Coordinator|Day 13: Adjusting ucs bid: was 0.13922681773198203 level reported: 0.47829690000000014 target: 1.0 adjusted: 0.1764016980130526
04/04 12:53:16 SEVERE OrOmerShelly.OOSAgent|Exception thrown while trying to parse message.java.lang.NullPointerException
04/04 12:53:16 INFO OrOmerShelly.Coordinator|Day 13 : Simulation Status Received
04/04 12:53:16 WARNING OrOmerShelly.Coordinator|BidBundle is null!
04/04 12:53:16 INFO OrOmerShelly.Coordinator|Day 13 ended. Starting next day
04/04 12:53:29 INFO OrOmerShelly.Coordinator|Day 14 :BankStatus[-1.895400]
04/04 12:53:29 INFO OrOmerShelly.OOSAgent|UNKNOWN Message Received: (CampaignAuctionReport CampaignAuctionReportEntry [actualBid=2040.0, effectiveBid=729.0942956756027])
04/04 12:53:29 SEVERE OrOmerShelly.OOSAgent|Exception thrown while trying to parse message.java.lang.NullPointerException
04/04 12:53:29 INFO OrOmerShelly.Coordinator|Day 14: Campaign opportunity - Campaign ID 30487164: day 16 to 20 [FEMALE, OLD], reach: 12500 coefs: (v=2.0, m=1.5)
04/04 12:53:29 INFO OrOmerShelly.Coordinator|Day 14: Campaign total budget bid: 1961.0173517992612
04/04 12:53:29 INFO OrOmerShelly.Coordinator|Day 14: Adjusting ucs bid: was 0.1764016980130526 level reported: 0.47829690000000014 target: 1.0 adjusted: 0.11211450798283962
04/04 12:53:29 SEVERE OrOmerShelly.OOSAgent|Exception thrown while trying to parse message.java.lang.NullPointerException
04/04 12:53:30 INFO OrOmerShelly.Coordinator|Day 14 : Simulation Status Received
04/04 12:53:30 WARNING OrOmerShelly.Coordinator|BidBundle is null!
04/04 12:53:30 INFO OrOmerShelly.Coordinator|Day 14 ended. Starting next day
04/04 12:53:37 INFO OrOmerShelly.Coordinator|Day 15 :BankStatus[-2.041200]
04/04 12:53:37 SEVERE OrOmerShelly.OOSAgent|Exception thrown while trying to parse message.java.lang.NullPointerException
04/04 12:53:37 INFO OrOmerShelly.Coordinator|Day 15: Campaign opportunity - Campaign ID 2321472: day 17 to 26 [FEMALE, HIGH_INCOME], reach: 12500 coefs: (v=2.0, m=1.5)
04/04 12:53:37 INFO OrOmerShelly.Coordinator|Day 15: Campaign total budget bid: 995.1749095775716
04/04 12:53:37 INFO OrOmerShelly.Coordinator|Day 15: Adjusting ucs bid: was 0.11211450798283962 level reported: 0.47829690000000014 target: 1.0 adjusted: 0.1326766448058629
04/04 12:53:37 SEVERE OrOmerShelly.OOSAgent|Exception thrown while trying to parse message.java.lang.NullPointerException
04/04 12:53:38 INFO OrOmerShelly.Coordinator|Day 15 : Simulation Status Received
04/04 12:53:38 WARNING OrOmerShelly.Coordinator|BidBundle is null!
04/04 12:53:38 INFO OrOmerShelly.Coordinator|Day 15 ended. Starting next day
04/04 12:53:47 INFO OrOmerShelly.Coordinator|Day 16 :BankStatus[-2.187000]
04/04 12:53:47 SEVERE OrOmerShelly.OOSAgent|Exception thrown while trying to parse message.java.lang.NullPointerException
04/04 12:53:47 INFO OrOmerShelly.Coordinator|Day 16: Campaign opportunity - Campaign ID 30222442: day 18 to 27 [LOW_INCOME, OLD], reach: 6250 coefs: (v=2.0, m=1.5)
04/04 12:53:47 INFO OrOmerShelly.Coordinator|Day 16: Campaign total budget bid: 498.58984671285145
04/04 12:53:47 INFO OrOmerShelly.Coordinator|Day 16: Adjusting ucs bid: was 0.1326766448058629 level reported: 0.47829690000000014 target: 1.0 adjusted: 0.18896026453991804
04/04 12:53:47 SEVERE OrOmerShelly.OOSAgent|Exception thrown while trying to parse message.java.lang.NullPointerException
04/04 12:53:48 INFO OrOmerShelly.Coordinator|Day 16 : Simulation Status Received
04/04 12:53:48 WARNING OrOmerShelly.Coordinator|BidBundle is null!
04/04 12:53:48 INFO OrOmerShelly.Coordinator|Day 16 ended. Starting next day
04/04 12:53:57 INFO OrOmerShelly.Coordinator|Day 17 :BankStatus[-2.332800]
04/04 12:53:57 INFO OrOmerShelly.OOSAgent|UNKNOWN Message Received: (CampaignAuctionReport CampaignAuctionReportEntry [actualBid=3087.0, effectiveBid=2299.3329460983337])
04/04 12:53:57 SEVERE OrOmerShelly.OOSAgent|Exception thrown while trying to parse message.java.lang.NullPointerException
04/04 12:53:57 INFO OrOmerShelly.Coordinator|Day 17: Campaign opportunity - Campaign ID 12855405: day 19 to 21 [LOW_INCOME, MALE], reach: 3750 coefs: (v=2.0, m=1.5)
04/04 12:53:57 INFO OrOmerShelly.Coordinator|Day 17: Campaign total budget bid: 998.3059052273287
04/04 12:53:57 INFO OrOmerShelly.Coordinator|Day 17: Adjusting ucs bid: was 0.18896026453991804 level reported: 0.47829690000000014 target: 1.0 adjusted: 0.13884631356818156
04/04 12:53:57 SEVERE OrOmerShelly.OOSAgent|Exception thrown while trying to parse message.java.lang.NullPointerException
04/04 12:53:58 INFO OrOmerShelly.Coordinator|Day 17 : Simulation Status Received
04/04 12:53:58 WARNING OrOmerShelly.Coordinator|BidBundle is null!
04/04 12:53:58 INFO OrOmerShelly.Coordinator|Day 17 ended. Starting next day
04/04 12:54:06 INFO OrOmerShelly.Coordinator|Day 18 :BankStatus[-2.478600]
04/04 12:54:06 INFO OrOmerShelly.OOSAgent|UNKNOWN Message Received: (CampaignAuctionReport CampaignAuctionReportEntry [actualBid=2662.0, effectiveBid=1982.77431244372])
04/04 12:54:06 SEVERE OrOmerShelly.OOSAgent|Exception thrown while trying to parse message.java.lang.NullPointerException
04/04 12:54:06 INFO OrOmerShelly.Coordinator|Day 18: Campaign opportunity - Campaign ID 33267032: day 20 to 29 [HIGH_INCOME, MALE], reach: 12500 coefs: (v=2.0, m=1.5)
04/04 12:54:06 INFO OrOmerShelly.Coordinator|Day 18: Campaign total budget bid: 1013.4305138283312
04/04 12:54:06 INFO OrOmerShelly.Coordinator|Day 18: Adjusting ucs bid: was 0.13884631356818156 level reported: 0.47829690000000014 target: 1.0 adjusted: 0.12028477871851197
04/04 12:54:06 SEVERE OrOmerShelly.OOSAgent|Exception thrown while trying to parse message.java.lang.NullPointerException
04/04 12:54:06 INFO OrOmerShelly.Coordinator|Day 18 : Simulation Status Received
04/04 12:54:06 WARNING OrOmerShelly.Coordinator|BidBundle is null!
04/04 12:54:06 INFO OrOmerShelly.Coordinator|Day 18 ended. Starting next day
04/04 12:54:17 INFO OrOmerShelly.Coordinator|Day 19 :BankStatus[-2.624400]
04/04 12:54:17 INFO OrOmerShelly.OOSAgent|UNKNOWN Message Received: (CampaignAuctionReport CampaignAuctionReportEntry [actualBid=2835.0, effectiveBid=2111.632297437245])
04/04 12:54:17 SEVERE OrOmerShelly.OOSAgent|Exception thrown while trying to parse message.java.lang.NullPointerException
04/04 12:54:17 INFO OrOmerShelly.Coordinator|Day 19: Campaign opportunity - Campaign ID 15028599: day 21 to 30 [LOW_INCOME, OLD], reach: 6250 coefs: (v=2.0, m=1.5)
04/04 12:54:17 INFO OrOmerShelly.Coordinator|Day 19: Campaign total budget bid: 498.58984671285145
04/04 12:54:17 INFO OrOmerShelly.Coordinator|Day 19: Adjusting ucs bid: was 0.12028477871851197 level reported: 0.47829690000000014 target: 1.0 adjusted: 0.18303772065877366
04/04 12:54:17 SEVERE OrOmerShelly.OOSAgent|Exception thrown while trying to parse message.java.lang.NullPointerException
04/04 12:54:18 INFO OrOmerShelly.Coordinator|Day 19 : Simulation Status Received
04/04 12:54:18 WARNING OrOmerShelly.Coordinator|BidBundle is null!
04/04 12:54:18 INFO OrOmerShelly.Coordinator|Day 19 ended. Starting next day
04/04 12:54:26 INFO OrOmerShelly.Coordinator|Day 20 :BankStatus[-2.770200]
04/04 12:54:26 SEVERE OrOmerShelly.OOSAgent|Exception thrown while trying to parse message.java.lang.NullPointerException
04/04 12:54:26 INFO OrOmerShelly.Coordinator|Day 20: Campaign opportunity - Campaign ID 2962272: day 22 to 31 [FEMALE, OLD], reach: 12500 coefs: (v=2.0, m=1.5)
04/04 12:54:26 INFO OrOmerShelly.Coordinator|Day 20: Campaign total budget bid: 980.5086758996306
04/04 12:54:26 INFO OrOmerShelly.Coordinator|Day 20: Adjusting ucs bid: was 0.18303772065877366 level reported: 0.47829690000000014 target: 1.0 adjusted: 0.16448476750167712
04/04 12:54:26 SEVERE OrOmerShelly.OOSAgent|Exception thrown while trying to parse message.java.lang.NullPointerException
04/04 12:54:26 INFO OrOmerShelly.Coordinator|Day 20 : Simulation Status Received
04/04 12:54:26 WARNING OrOmerShelly.Coordinator|BidBundle is null!
04/04 12:54:26 INFO OrOmerShelly.Coordinator|Day 20 ended. Starting next day
04/04 12:54:39 INFO OrOmerShelly.Coordinator|Day 21 :BankStatus[-2.916000]
04/04 12:54:39 INFO OrOmerShelly.OOSAgent|UNKNOWN Message Received: (CampaignAuctionReport CampaignAuctionReportEntry [actualBid=2357.0, effectiveBid=1758.9176564225188])
04/04 12:54:39 SEVERE OrOmerShelly.OOSAgent|Exception thrown while trying to parse message.java.lang.NullPointerException
04/04 12:54:39 INFO OrOmerShelly.Coordinator|Day 21: Campaign opportunity - Campaign ID 7902566: day 23 to 25 [OLD, MALE], reach: 12500 coefs: (v=2.0, m=1.5)
04/04 12:54:39 INFO OrOmerShelly.Coordinator|Day 21: Campaign total budget bid: 3367.6218474236744
04/04 12:54:39 INFO OrOmerShelly.Coordinator|Day 21: Adjusting ucs bid: was 0.16448476750167712 level reported: 0.47829690000000014 target: 1.0 adjusted: 0.15179898139141523
04/04 12:54:39 SEVERE OrOmerShelly.OOSAgent|Exception thrown while trying to parse message.java.lang.NullPointerException
04/04 12:54:40 INFO OrOmerShelly.Coordinator|Day 21 : Simulation Status Received
04/04 12:54:40 WARNING OrOmerShelly.Coordinator|BidBundle is null!
04/04 12:54:40 INFO OrOmerShelly.Coordinator|Day 21 ended. Starting next day
04/04 12:54:48 INFO OrOmerShelly.Coordinator|Day 22 :BankStatus[-3.061800]
04/04 12:54:48 INFO OrOmerShelly.OOSAgent|UNKNOWN Message Received: (CampaignAuctionReport CampaignAuctionReportEntry [actualBid=2808.0, effectiveBid=2538.3543418383565])
04/04 12:54:48 SEVERE OrOmerShelly.OOSAgent|Exception thrown while trying to parse message.java.lang.NullPointerException
04/04 12:54:48 INFO OrOmerShelly.Coordinator|Day 22: Campaign opportunity - Campaign ID 621797: day 24 to 33 [FEMALE, LOW_INCOME], reach: 3750 coefs: (v=2.0, m=1.5)
04/04 12:54:48 INFO OrOmerShelly.Coordinator|Day 22: Campaign total budget bid: 298.00128440619727
04/04 12:54:48 INFO OrOmerShelly.Coordinator|Day 22: Adjusting ucs bid: was 0.15179898139141523 level reported: 0.47829690000000014 target: 1.0 adjusted: 0.1574754078559424
04/04 12:54:48 SEVERE OrOmerShelly.OOSAgent|Exception thrown while trying to parse message.java.lang.NullPointerException
04/04 12:54:48 INFO OrOmerShelly.Coordinator|Day 22 : Simulation Status Received
04/04 12:54:48 WARNING OrOmerShelly.Coordinator|BidBundle is null!
04/04 12:54:48 INFO OrOmerShelly.Coordinator|Day 22 ended. Starting next day
04/04 12:54:59 INFO OrOmerShelly.Coordinator|Day 23 :BankStatus[-3.207600]
04/04 12:54:59 SEVERE OrOmerShelly.OOSAgent|Exception thrown while trying to parse message.java.lang.NullPointerException
04/04 12:54:59 INFO OrOmerShelly.Coordinator|Day 23: Campaign opportunity - Campaign ID 22316606: day 25 to 29 [FEMALE, YOUNG], reach: 6250 coefs: (v=2.0, m=1.5)
04/04 12:54:59 INFO OrOmerShelly.Coordinator|Day 23: Campaign total budget bid: 1008.3930896322057
04/04 12:54:59 INFO OrOmerShelly.Coordinator|Day 23: Adjusting ucs bid: was 0.1574754078559424 level reported: 0.47829690000000014 target: 1.0 adjusted: 0.16370234862090416
04/04 12:54:59 SEVERE OrOmerShelly.OOSAgent|Exception thrown while trying to parse message.java.lang.NullPointerException
04/04 12:55:00 INFO OrOmerShelly.Coordinator|Day 23 : Simulation Status Received
04/04 12:55:00 WARNING OrOmerShelly.Coordinator|BidBundle is null!
04/04 12:55:00 INFO OrOmerShelly.Coordinator|Day 23 ended. Starting next day
04/04 12:55:08 INFO OrOmerShelly.Coordinator|Day 24 :BankStatus[-3.353400]
04/04 12:55:08 INFO OrOmerShelly.OOSAgent|UNKNOWN Message Received: (CampaignAuctionReport CampaignAuctionReportEntry [actualBid=2266.0, effectiveBid=1692.6855602355954])
04/04 12:55:08 SEVERE OrOmerShelly.OOSAgent|Exception thrown while trying to parse message.java.lang.NullPointerException
04/04 12:55:08 INFO OrOmerShelly.Coordinator|Day 24: Campaign opportunity - Campaign ID 4614444: day 26 to 30 [LOW_INCOME, YOUNG], reach: 12500 coefs: (v=2.0, m=1.5)
04/04 12:55:08 INFO OrOmerShelly.Coordinator|Day 24: Campaign total budget bid: 1988.9103181777023
04/04 12:55:08 INFO OrOmerShelly.Coordinator|Day 24: Adjusting ucs bid: was 0.16370234862090416 level reported: 0.47829690000000014 target: 1.0 adjusted: 0.1575023092383658
04/04 12:55:08 SEVERE OrOmerShelly.OOSAgent|Exception thrown while trying to parse message.java.lang.NullPointerException
04/04 12:55:08 INFO OrOmerShelly.Coordinator|Day 24 : Simulation Status Received
04/04 12:55:08 WARNING OrOmerShelly.Coordinator|BidBundle is null!
04/04 12:55:08 INFO OrOmerShelly.Coordinator|Day 24 ended. Starting next day
04/04 12:55:15 INFO OrOmerShelly.Coordinator|Day 25 :BankStatus[-3.499200]
04/04 12:55:15 INFO OrOmerShelly.OOSAgent|UNKNOWN Message Received: (CampaignAuctionReport CampaignAuctionReportEntry [actualBid=2558.0, effectiveBid=1910.807441784048])
04/04 12:55:15 SEVERE OrOmerShelly.OOSAgent|Exception thrown while trying to parse message.java.lang.NullPointerException
04/04 12:55:15 INFO OrOmerShelly.Coordinator|Day 25: Campaign opportunity - Campaign ID 4396286: day 27 to 29 [FEMALE, YOUNG], reach: 3750 coefs: (v=2.0, m=1.5)
04/04 12:55:15 INFO OrOmerShelly.Coordinator|Day 25: Campaign total budget bid: 1008.3930896322057
04/04 12:55:15 INFO OrOmerShelly.Coordinator|Day 25: Adjusting ucs bid: was 0.1575023092383658 level reported: 0.47829690000000014 target: 1.0 adjusted: 0.1641489245705432
04/04 12:55:15 SEVERE OrOmerShelly.OOSAgent|Exception thrown while trying to parse message.java.lang.NullPointerException
04/04 12:55:15 INFO OrOmerShelly.Coordinator|Day 25 : Simulation Status Received
04/04 12:55:15 WARNING OrOmerShelly.Coordinator|BidBundle is null!
04/04 12:55:15 INFO OrOmerShelly.Coordinator|Day 25 ended. Starting next day
04/04 12:55:28 INFO OrOmerShelly.Coordinator|Day 26 :BankStatus[-3.645000]
04/04 12:55:28 INFO OrOmerShelly.OOSAgent|UNKNOWN Message Received: (CampaignAuctionReport CampaignAuctionReportEntry [actualBid=2744.0, effectiveBid=2049.748092359432])
04/04 12:55:28 SEVERE OrOmerShelly.OOSAgent|Exception thrown while trying to parse message.java.lang.NullPointerException
04/04 12:55:28 INFO OrOmerShelly.Coordinator|Day 26: Campaign opportunity - Campaign ID 10388516: day 28 to 32 [HIGH_INCOME, YOUNG], reach: 3750 coefs: (v=2.0, m=1.5)
04/04 12:55:28 INFO OrOmerShelly.Coordinator|Day 26: Campaign total budget bid: 609.3057606640099
04/04 12:55:28 INFO OrOmerShelly.Coordinator|Day 26: Adjusting ucs bid: was 0.1641489245705432 level reported: 0.47829690000000014 target: 1.0 adjusted: 0.18628338615211723
04/04 12:55:28 SEVERE OrOmerShelly.OOSAgent|Exception thrown while trying to parse message.java.lang.NullPointerException
04/04 12:55:29 INFO OrOmerShelly.Coordinator|Day 26 : Simulation Status Received
04/04 12:55:29 WARNING OrOmerShelly.Coordinator|BidBundle is null!
04/04 12:55:29 INFO OrOmerShelly.Coordinator|Day 26 ended. Starting next day
04/04 12:55:38 INFO OrOmerShelly.Coordinator|Day 27 :BankStatus[-3.790800]
04/04 12:55:38 INFO OrOmerShelly.OOSAgent|UNKNOWN Message Received: (CampaignAuctionReport CampaignAuctionReportEntry [actualBid=2732.0, effectiveBid=2458.714989185132])
04/04 12:55:38 SEVERE OrOmerShelly.OOSAgent|Exception thrown while trying to parse message.java.lang.NullPointerException
04/04 12:55:38 INFO OrOmerShelly.Coordinator|Day 27: Campaign opportunity - Campaign ID 18008861: day 29 to 33 [OLD, MALE], reach: 3750 coefs: (v=2.0, m=1.5)
04/04 12:55:38 INFO OrOmerShelly.Coordinator|Day 27: Campaign total budget bid: 606.1719325362614
04/04 12:55:38 INFO OrOmerShelly.Coordinator|Day 27: Adjusting ucs bid: was 0.18628338615211723 level reported: 0.47829690000000014 target: 1.0 adjusted: 0.14873744708460368
04/04 12:55:38 SEVERE OrOmerShelly.OOSAgent|Exception thrown while trying to parse message.java.lang.NullPointerException
04/04 12:55:38 INFO OrOmerShelly.Coordinator|Day 27 : Simulation Status Received
04/04 12:55:38 WARNING OrOmerShelly.Coordinator|BidBundle is null!
04/04 12:55:38 INFO OrOmerShelly.Coordinator|Day 27 ended. Starting next day
04/04 12:55:47 INFO OrOmerShelly.Coordinator|Day 28 :BankStatus[-3.936600]
04/04 12:55:47 INFO OrOmerShelly.OOSAgent|UNKNOWN Message Received: (CampaignAuctionReport CampaignAuctionReportEntry [actualBid=2632.0, effectiveBid=2368.7181008547827])
04/04 12:55:47 SEVERE OrOmerShelly.OOSAgent|Exception thrown while trying to parse message.java.lang.NullPointerException
04/04 12:55:47 INFO OrOmerShelly.Coordinator|Day 28: Campaign opportunity - Campaign ID 19052099: day 30 to 32 [FEMALE, LOW_INCOME], reach: 6250 coefs: (v=2.0, m=1.5)
04/04 12:55:47 INFO OrOmerShelly.Coordinator|Day 28: Campaign total budget bid: 1655.5626911455404
04/04 12:55:47 INFO OrOmerShelly.Coordinator|Day 28: Adjusting ucs bid: was 0.14873744708460368 level reported: 0.47829690000000014 target: 1.0 adjusted: 0.16443272714414559
04/04 12:55:47 SEVERE OrOmerShelly.OOSAgent|Exception thrown while trying to parse message.java.lang.NullPointerException
04/04 12:55:47 INFO OrOmerShelly.Coordinator|Day 28 : Simulation Status Received
04/04 12:55:47 WARNING OrOmerShelly.Coordinator|BidBundle is null!
04/04 12:55:47 INFO OrOmerShelly.Coordinator|Day 28 ended. Starting next day
04/04 12:55:55 INFO OrOmerShelly.Coordinator|Day 29 :BankStatus[-4.082400]
04/04 12:55:55 SEVERE OrOmerShelly.OOSAgent|Exception thrown while trying to parse message.java.lang.NullPointerException
04/04 12:55:55 INFO OrOmerShelly.Coordinator|Day 29: Campaign opportunity - Campaign ID 24762062: day 31 to 33 [HIGH_INCOME, YOUNG], reach: 3750 coefs: (v=2.0, m=1.5)
04/04 12:55:55 INFO OrOmerShelly.Coordinator|Day 29: Campaign total budget bid: 1015.5096011066831
04/04 12:55:55 INFO OrOmerShelly.Coordinator|Day 29: Adjusting ucs bid: was 0.16443272714414559 level reported: 0.47829690000000014 target: 1.0 adjusted: 0.11252002377883843
04/04 12:55:55 SEVERE OrOmerShelly.OOSAgent|Exception thrown while trying to parse message.java.lang.NullPointerException
04/04 12:55:56 INFO OrOmerShelly.Coordinator|Day 29 : Simulation Status Received
04/04 12:55:56 WARNING OrOmerShelly.Coordinator|BidBundle is null!
04/04 12:55:56 INFO OrOmerShelly.Coordinator|Day 29 ended. Starting next day
04/04 12:56:07 INFO OrOmerShelly.Coordinator|Day 30 :BankStatus[-4.228200]
04/04 12:56:07 SEVERE OrOmerShelly.OOSAgent|Exception thrown while trying to parse message.java.lang.NullPointerException
04/04 12:56:07 INFO OrOmerShelly.Coordinator|Day 30: Campaign opportunity - Campaign ID 31459728: day 32 to 41 [FEMALE, YOUNG], reach: 6250 coefs: (v=2.0, m=1.5)
04/04 12:56:07 INFO OrOmerShelly.Coordinator|Day 30: Campaign total budget bid: 504.19654481610286
04/04 12:56:07 INFO OrOmerShelly.Coordinator|Day 30: Adjusting ucs bid: was 0.11252002377883843 level reported: 0.47829690000000014 target: 1.0 adjusted: 0.12026213668847265
04/04 12:56:07 SEVERE OrOmerShelly.OOSAgent|Exception thrown while trying to parse message.java.lang.NullPointerException
04/04 12:56:08 INFO OrOmerShelly.Coordinator|Day 30 : Simulation Status Received
04/04 12:56:08 WARNING OrOmerShelly.Coordinator|BidBundle is null!
04/04 12:56:08 INFO OrOmerShelly.Coordinator|Day 30 ended. Starting next day
04/04 12:56:16 INFO OrOmerShelly.Coordinator|Day 31 :BankStatus[-4.374000]
04/04 12:56:16 INFO OrOmerShelly.OOSAgent|UNKNOWN Message Received: (CampaignAuctionReport CampaignAuctionReportEntry [actualBid=2884.0, effectiveBid=2780.8188132988294])
04/04 12:56:16 SEVERE OrOmerShelly.OOSAgent|Exception thrown while trying to parse message.java.lang.NullPointerException
04/04 12:56:16 INFO OrOmerShelly.Coordinator|Day 31: Campaign opportunity - Campaign ID 28378372: day 33 to 42 [OLD, MALE], reach: 6250 coefs: (v=2.0, m=1.5)
04/04 12:56:16 INFO OrOmerShelly.Coordinator|Day 31: Campaign total budget bid: 505.1432771135511
04/04 12:56:16 INFO OrOmerShelly.Coordinator|Day 31: Adjusting ucs bid: was 0.12026213668847265 level reported: 0.47829690000000014 target: 1.0 adjusted: 0.13012589860017018
04/04 12:56:16 SEVERE OrOmerShelly.OOSAgent|Exception thrown while trying to parse message.java.lang.NullPointerException
04/04 12:56:17 INFO OrOmerShelly.Coordinator|Day 31 : Simulation Status Received
04/04 12:56:17 WARNING OrOmerShelly.Coordinator|BidBundle is null!
04/04 12:56:17 INFO OrOmerShelly.Coordinator|Day 31 ended. Starting next day
04/04 12:56:25 INFO OrOmerShelly.Coordinator|Day 32 :BankStatus[-4.519800]
04/04 12:56:25 SEVERE OrOmerShelly.OOSAgent|Exception thrown while trying to parse message.java.lang.NullPointerException
04/04 12:56:25 INFO OrOmerShelly.Coordinator|Day 32: Campaign opportunity - Campaign ID 9690969: day 34 to 38 [OLD, MALE], reach: 3750 coefs: (v=2.0, m=1.5)
04/04 12:56:25 INFO OrOmerShelly.Coordinator|Day 32: Campaign total budget bid: 606.1719325362614
04/04 12:56:25 INFO OrOmerShelly.Coordinator|Day 32: Adjusting ucs bid: was 0.13012589860017018 level reported: 0.47829690000000014 target: 1.0 adjusted: 0.1421177920024931
04/04 12:56:25 SEVERE OrOmerShelly.OOSAgent|Exception thrown while trying to parse message.java.lang.NullPointerException
04/04 12:56:25 INFO OrOmerShelly.Coordinator|Day 32 : Simulation Status Received
04/04 12:56:25 WARNING OrOmerShelly.Coordinator|BidBundle is null!
04/04 12:56:25 INFO OrOmerShelly.Coordinator|Day 32 ended. Starting next day
04/04 12:56:39 INFO OrOmerShelly.Coordinator|Day 33 :BankStatus[-4.665600]
04/04 12:56:39 SEVERE OrOmerShelly.OOSAgent|Exception thrown while trying to parse message.java.lang.NullPointerException
04/04 12:56:39 INFO OrOmerShelly.Coordinator|Day 33: Campaign opportunity - Campaign ID 8777084: day 35 to 44 [LOW_INCOME, MALE], reach: 6250 coefs: (v=2.0, m=1.5)
04/04 12:56:39 INFO OrOmerShelly.Coordinator|Day 33: Campaign total budget bid: 499.15295261366435
04/04 12:56:39 INFO OrOmerShelly.Coordinator|Day 33: Adjusting ucs bid: was 0.1421177920024931 level reported: 0.47829690000000014 target: 1.0 adjusted: 0.19137301809107415
04/04 12:56:39 SEVERE OrOmerShelly.OOSAgent|Exception thrown while trying to parse message.java.lang.NullPointerException
04/04 12:56:40 INFO OrOmerShelly.Coordinator|Day 33 : Simulation Status Received
04/04 12:56:40 WARNING OrOmerShelly.Coordinator|BidBundle is null!
04/04 12:56:40 INFO OrOmerShelly.Coordinator|Day 33 ended. Starting next day
04/04 12:56:46 INFO OrOmerShelly.Coordinator|Day 34 :BankStatus[-4.811400]
04/04 12:56:46 SEVERE OrOmerShelly.OOSAgent|Exception thrown while trying to parse message.java.lang.NullPointerException
04/04 12:56:46 INFO OrOmerShelly.Coordinator|Day 34: Campaign opportunity - Campaign ID 4780926: day 36 to 40 [FEMALE, YOUNG], reach: 3750 coefs: (v=2.0, m=1.5)
04/04 12:56:46 INFO OrOmerShelly.Coordinator|Day 34: Campaign total budget bid: 605.0358537793234
04/04 12:56:46 INFO OrOmerShelly.Coordinator|Day 34: Adjusting ucs bid: was 0.19137301809107415 level reported: 0.47829690000000014 target: 1.0 adjusted: 0.11501840126743618
04/04 12:56:46 SEVERE OrOmerShelly.OOSAgent|Exception thrown while trying to parse message.java.lang.NullPointerException
04/04 12:56:47 INFO OrOmerShelly.Coordinator|Day 34 : Simulation Status Received
04/04 12:56:47 WARNING OrOmerShelly.Coordinator|BidBundle is null!
04/04 12:56:47 INFO OrOmerShelly.Coordinator|Day 34 ended. Starting next day
04/04 12:56:56 INFO OrOmerShelly.Coordinator|Day 35 :BankStatus[-4.957200]
04/04 12:56:56 INFO OrOmerShelly.OOSAgent|UNKNOWN Message Received: (CampaignAuctionReport CampaignAuctionReportEntry [actualBid=2068.0, effectiveBid=1298.3445170917607])
04/04 12:56:56 SEVERE OrOmerShelly.OOSAgent|Exception thrown while trying to parse message.java.lang.NullPointerException
04/04 12:56:56 INFO OrOmerShelly.Coordinator|Day 35: Campaign opportunity - Campaign ID 11836074: day 37 to 41 [HIGH_INCOME, OLD], reach: 3750 coefs: (v=2.0, m=1.5)
04/04 12:56:56 INFO OrOmerShelly.Coordinator|Day 35: Campaign total budget bid: 595.9069018905924
04/04 12:56:56 INFO OrOmerShelly.Coordinator|Day 35: Adjusting ucs bid: was 0.11501840126743618 level reported: 0.47829690000000014 target: 1.0 adjusted: 0.17502385776570153
04/04 12:56:56 SEVERE OrOmerShelly.OOSAgent|Exception thrown while trying to parse message.java.lang.NullPointerException
04/04 12:56:56 INFO OrOmerShelly.Coordinator|Day 35 : Simulation Status Received
04/04 12:56:56 WARNING OrOmerShelly.Coordinator|BidBundle is null!
04/04 12:56:56 INFO OrOmerShelly.Coordinator|Day 35 ended. Starting next day
04/04 12:57:06 INFO OrOmerShelly.Coordinator|Day 36 :BankStatus[-5.103000]
04/04 12:57:06 SEVERE OrOmerShelly.OOSAgent|Exception thrown while trying to parse message.java.lang.NullPointerException
04/04 12:57:06 INFO OrOmerShelly.Coordinator|Day 36: Campaign opportunity - Campaign ID 25245728: day 38 to 47 [FEMALE, YOUNG], reach: 3750 coefs: (v=2.0, m=1.5)
04/04 12:57:06 INFO OrOmerShelly.Coordinator|Day 36: Campaign total budget bid: 302.5179268896617
04/04 12:57:06 INFO OrOmerShelly.Coordinator|Day 36: Adjusting ucs bid: was 0.17502385776570153 level reported: 0.47829690000000014 target: 1.0 adjusted: 0.19120862197131908
04/04 12:57:06 SEVERE OrOmerShelly.OOSAgent|Exception thrown while trying to parse message.java.lang.NullPointerException
04/04 12:57:06 INFO OrOmerShelly.Coordinator|Day 36 : Simulation Status Received
04/04 12:57:06 WARNING OrOmerShelly.Coordinator|BidBundle is null!
04/04 12:57:06 INFO OrOmerShelly.Coordinator|Day 36 ended. Starting next day
04/04 12:57:15 INFO OrOmerShelly.Coordinator|Day 37 :BankStatus[-5.248800]
04/04 12:57:15 SEVERE OrOmerShelly.OOSAgent|Exception thrown while trying to parse message.java.lang.NullPointerException
04/04 12:57:15 INFO OrOmerShelly.Coordinator|Day 37: Campaign opportunity - Campaign ID 29587443: day 39 to 43 [LOW_INCOME, OLD], reach: 3750 coefs: (v=2.0, m=1.5)
04/04 12:57:15 INFO OrOmerShelly.Coordinator|Day 37: Campaign total budget bid: 598.3078160554218
04/04 12:57:15 INFO OrOmerShelly.Coordinator|Day 37: Adjusting ucs bid: was 0.19120862197131908 level reported: 0.47829690000000014 target: 1.0 adjusted: 0.1992445692268276
04/04 12:57:15 SEVERE OrOmerShelly.OOSAgent|Exception thrown while trying to parse message.java.lang.NullPointerException
04/04 12:57:17 INFO OrOmerShelly.Coordinator|Day 37 : Simulation Status Received
04/04 12:57:17 WARNING OrOmerShelly.Coordinator|BidBundle is null!
04/04 12:57:17 INFO OrOmerShelly.Coordinator|Day 37 ended. Starting next day
04/04 12:57:26 INFO OrOmerShelly.Coordinator|Day 38 :BankStatus[-5.394600]
04/04 12:57:26 SEVERE OrOmerShelly.OOSAgent|Exception thrown while trying to parse message.java.lang.NullPointerException
04/04 12:57:26 INFO OrOmerShelly.Coordinator|Day 38: Campaign opportunity - Campaign ID 9984745: day 40 to 44 [FEMALE, HIGH_INCOME], reach: 6250 coefs: (v=2.0, m=1.5)
04/04 12:57:26 INFO OrOmerShelly.Coordinator|Day 38: Campaign total budget bid: 995.1749095775716
04/04 12:57:26 INFO OrOmerShelly.Coordinator|Day 38: Adjusting ucs bid: was 0.1992445692268276 level reported: 0.47829690000000014 target: 1.0 adjusted: 0.16408139783298742
04/04 12:57:26 SEVERE OrOmerShelly.OOSAgent|Exception thrown while trying to parse message.java.lang.NullPointerException
04/04 12:57:27 INFO OrOmerShelly.Coordinator|Day 38 : Simulation Status Received
04/04 12:57:27 WARNING OrOmerShelly.Coordinator|BidBundle is null!
04/04 12:57:27 INFO OrOmerShelly.Coordinator|Day 38 ended. Starting next day
04/04 12:57:36 INFO OrOmerShelly.Coordinator|Day 39 :BankStatus[-5.540400]
04/04 12:57:36 INFO OrOmerShelly.OOSAgent|UNKNOWN Message Received: (CampaignAuctionReport CampaignAuctionReportEntry [actualBid=2512.0, effectiveBid=1577.0993360418292])
04/04 12:57:36 SEVERE OrOmerShelly.OOSAgent|Exception thrown while trying to parse message.java.lang.NullPointerException
04/04 12:57:36 INFO OrOmerShelly.Coordinator|Day 39: Campaign opportunity - Campaign ID 2827024: day 41 to 43 [LOW_INCOME, YOUNG], reach: 3750 coefs: (v=2.0, m=1.5)
04/04 12:57:36 INFO OrOmerShelly.Coordinator|Day 39: Campaign total budget bid: 994.4551590888511
04/04 12:57:36 INFO OrOmerShelly.Coordinator|Day 39: Adjusting ucs bid: was 0.16408139783298742 level reported: 0.47829690000000014 target: 1.0 adjusted: 0.18927058672583777
04/04 12:57:36 SEVERE OrOmerShelly.OOSAgent|Exception thrown while trying to parse message.java.lang.NullPointerException
04/04 12:57:37 INFO OrOmerShelly.Coordinator|Day 39 : Simulation Status Received
04/04 12:57:37 WARNING OrOmerShelly.Coordinator|BidBundle is null!
04/04 12:57:37 INFO OrOmerShelly.Coordinator|Day 39 ended. Starting next day
04/04 12:57:47 INFO OrOmerShelly.Coordinator|Day 40 :BankStatus[-5.686200]
04/04 12:57:47 SEVERE OrOmerShelly.OOSAgent|Exception thrown while trying to parse message.java.lang.NullPointerException
04/04 12:57:47 INFO OrOmerShelly.Coordinator|Day 40: Campaign opportunity - Campaign ID 25514414: day 42 to 51 [OLD, MALE], reach: 12500 coefs: (v=2.0, m=1.5)
04/04 12:57:47 INFO OrOmerShelly.Coordinator|Day 40: Campaign total budget bid: 1010.2865542271022
04/04 12:57:47 INFO OrOmerShelly.Coordinator|Day 40: Adjusting ucs bid: was 0.18927058672583777 level reported: 0.47829690000000014 target: 1.0 adjusted: 0.1575715533333018
04/04 12:57:47 SEVERE OrOmerShelly.OOSAgent|Exception thrown while trying to parse message.java.lang.NullPointerException
04/04 12:57:48 INFO OrOmerShelly.Coordinator|Day 40 : Simulation Status Received
04/04 12:57:48 WARNING OrOmerShelly.Coordinator|BidBundle is null!
04/04 12:57:48 INFO OrOmerShelly.Coordinator|Day 40 ended. Starting next day
04/04 12:57:57 INFO OrOmerShelly.Coordinator|Day 41 :BankStatus[-5.832000]
04/04 12:57:57 INFO OrOmerShelly.OOSAgent|UNKNOWN Message Received: (CampaignAuctionReport CampaignAuctionReportEntry [actualBid=3093.0, effectiveBid=1941.8663401183828])
04/04 12:57:57 SEVERE OrOmerShelly.OOSAgent|Exception thrown while trying to parse message.java.lang.NullPointerException
04/04 12:57:57 INFO OrOmerShelly.Coordinator|Day 41: Campaign opportunity - Campaign ID 14139041: day 43 to 47 [HIGH_INCOME, YOUNG], reach: 12500 coefs: (v=2.0, m=1.5)
04/04 12:57:57 INFO OrOmerShelly.Coordinator|Day 41: Campaign total budget bid: 2031.0192022133663
04/04 12:57:57 INFO OrOmerShelly.Coordinator|Day 41: Adjusting ucs bid: was 0.1575715533333018 level reported: 0.47829690000000014 target: 1.0 adjusted: 0.1041194170185646
04/04 12:57:57 SEVERE OrOmerShelly.OOSAgent|Exception thrown while trying to parse message.java.lang.NullPointerException
04/04 12:57:58 INFO OrOmerShelly.Coordinator|Day 41 : Simulation Status Received
04/04 12:57:58 WARNING OrOmerShelly.Coordinator|BidBundle is null!
04/04 12:57:58 INFO OrOmerShelly.Coordinator|Day 41 ended. Starting next day
04/04 12:58:05 INFO OrOmerShelly.Coordinator|Day 42 :BankStatus[-5.977800]
04/04 12:58:05 INFO OrOmerShelly.OOSAgent|UNKNOWN Message Received: (CampaignAuctionReport CampaignAuctionReportEntry [actualBid=2639.0, effectiveBid=2256.4852891494847])
04/04 12:58:05 SEVERE OrOmerShelly.OOSAgent|Exception thrown while trying to parse message.java.lang.NullPointerException
04/04 12:58:05 INFO OrOmerShelly.Coordinator|Day 42: Campaign opportunity - Campaign ID 18114724: day 44 to 53 [HIGH_INCOME, MALE], reach: 12500 coefs: (v=2.0, m=1.5)
04/04 12:58:05 INFO OrOmerShelly.Coordinator|Day 42: Campaign total budget bid: 1013.4305138283312
04/04 12:58:05 INFO OrOmerShelly.Coordinator|Day 42: Adjusting ucs bid: was 0.1041194170185646 level reported: 0.47829690000000014 target: 1.0 adjusted: 0.15843883964734248
04/04 12:58:05 SEVERE OrOmerShelly.OOSAgent|Exception thrown while trying to parse message.java.lang.NullPointerException
04/04 12:58:05 INFO OrOmerShelly.Coordinator|Day 42 : Simulation Status Received
04/04 12:58:05 WARNING OrOmerShelly.Coordinator|BidBundle is null!
04/04 12:58:05 INFO OrOmerShelly.Coordinator|Day 42 ended. Starting next day
04/04 12:58:17 INFO OrOmerShelly.Coordinator|Day 43 :BankStatus[-6.123600]
04/04 12:58:17 INFO OrOmerShelly.OOSAgent|UNKNOWN Message Received: (CampaignAuctionReport CampaignAuctionReportEntry [actualBid=2518.0, effectiveBid=2380.315238882699])
04/04 12:58:17 SEVERE OrOmerShelly.OOSAgent|Exception thrown while trying to parse message.java.lang.NullPointerException
04/04 12:58:17 INFO OrOmerShelly.Coordinator|Day 43: Campaign opportunity - Campaign ID 12902611: day 45 to 54 [HIGH_INCOME, MALE], reach: 12500 coefs: (v=2.0, m=1.5)
04/04 12:58:17 INFO OrOmerShelly.Coordinator|Day 43: Campaign total budget bid: 1013.4305138283312
04/04 12:58:17 INFO OrOmerShelly.Coordinator|Day 43: Adjusting ucs bid: was 0.15843883964734248 level reported: 0.47829690000000014 target: 1.0 adjusted: 0.14760623506705495
04/04 12:58:17 SEVERE OrOmerShelly.OOSAgent|Exception thrown while trying to parse message.java.lang.NullPointerException
04/04 12:58:17 INFO OrOmerShelly.Coordinator|Day 43 : Simulation Status Received
04/04 12:58:17 WARNING OrOmerShelly.Coordinator|BidBundle is null!
04/04 12:58:17 INFO OrOmerShelly.Coordinator|Day 43 ended. Starting next day
04/04 12:58:26 INFO OrOmerShelly.Coordinator|Day 44 :BankStatus[-6.269400]
04/04 12:58:26 INFO OrOmerShelly.OOSAgent|UNKNOWN Message Received: (CampaignAuctionReport CampaignAuctionReportEntry [actualBid=2522.0, effectiveBid=2384.0965180548715])
04/04 12:58:26 SEVERE OrOmerShelly.OOSAgent|Exception thrown while trying to parse message.java.lang.NullPointerException
04/04 12:58:26 INFO OrOmerShelly.Coordinator|Day 44: Campaign opportunity - Campaign ID 27266341: day 46 to 55 [LOW_INCOME, OLD], reach: 12500 coefs: (v=2.0, m=1.5)
04/04 12:58:26 INFO OrOmerShelly.Coordinator|Day 44: Campaign total budget bid: 997.1796934257029
04/04 12:58:26 INFO OrOmerShelly.Coordinator|Day 44: Adjusting ucs bid: was 0.14760623506705495 level reported: 0.47829690000000014 target: 1.0 adjusted: 0.13198892791135058
04/04 12:58:26 SEVERE OrOmerShelly.OOSAgent|Exception thrown while trying to parse message.java.lang.NullPointerException
04/04 12:58:27 INFO OrOmerShelly.Coordinator|Day 44 : Simulation Status Received
04/04 12:58:27 WARNING OrOmerShelly.Coordinator|BidBundle is null!
04/04 12:58:27 INFO OrOmerShelly.Coordinator|Day 44 ended. Starting next day
04/04 12:58:38 INFO OrOmerShelly.Coordinator|Day 45 :BankStatus[-6.415200]
04/04 12:58:38 INFO OrOmerShelly.OOSAgent|UNKNOWN Message Received: (CampaignAuctionReport CampaignAuctionReportEntry [actualBid=3251.0, effectiveBid=3073.2346471833416])
04/04 12:58:38 SEVERE OrOmerShelly.OOSAgent|Exception thrown while trying to parse message.java.lang.NullPointerException
04/04 12:58:38 INFO OrOmerShelly.Coordinator|Day 45: Campaign opportunity - Campaign ID 31083120: day 47 to 56 [OLD, MALE], reach: 3750 coefs: (v=2.0, m=1.5)
04/04 12:58:38 INFO OrOmerShelly.Coordinator|Day 45: Campaign total budget bid: 303.0859662681307
04/04 12:58:38 INFO OrOmerShelly.Coordinator|Day 45: Adjusting ucs bid: was 0.13198892791135058 level reported: 0.47829690000000014 target: 1.0 adjusted: 0.16477951431530136
04/04 12:58:38 SEVERE OrOmerShelly.OOSAgent|Exception thrown while trying to parse message.java.lang.NullPointerException
04/04 12:58:38 INFO OrOmerShelly.Coordinator|Day 45 : Simulation Status Received
04/04 12:58:38 WARNING OrOmerShelly.Coordinator|BidBundle is null!
04/04 12:58:38 INFO OrOmerShelly.Coordinator|Day 45 ended. Starting next day
04/04 12:58:47 INFO OrOmerShelly.Coordinator|Day 46 :BankStatus[-6.561000]
04/04 12:58:47 INFO OrOmerShelly.OOSAgent|UNKNOWN Message Received: (CampaignAuctionReport CampaignAuctionReportEntry [actualBid=2139.0, effectiveBid=2095.230830026343])
04/04 12:58:47 SEVERE OrOmerShelly.OOSAgent|Exception thrown while trying to parse message.java.lang.NullPointerException
04/04 12:58:47 INFO OrOmerShelly.Coordinator|Day 46: Campaign opportunity - Campaign ID 13960005: day 48 to 52 [FEMALE, HIGH_INCOME], reach: 6250 coefs: (v=2.0, m=1.5)
04/04 12:58:47 INFO OrOmerShelly.Coordinator|Day 46: Campaign total budget bid: 995.1749095775716
04/04 12:58:47 INFO OrOmerShelly.Coordinator|Day 46: Adjusting ucs bid: was 0.16477951431530136 level reported: 0.47829690000000014 target: 1.0 adjusted: 0.18080299815321912
04/04 12:58:47 SEVERE OrOmerShelly.OOSAgent|Exception thrown while trying to parse message.java.lang.NullPointerException
04/04 12:58:48 INFO OrOmerShelly.Coordinator|Day 46 : Simulation Status Received
04/04 12:58:48 WARNING OrOmerShelly.Coordinator|BidBundle is null!
04/04 12:58:48 INFO OrOmerShelly.Coordinator|Day 46 ended. Starting next day
04/04 12:58:59 INFO OrOmerShelly.Coordinator|Day 47 :BankStatus[-6.706800]
04/04 12:58:59 INFO OrOmerShelly.OOSAgent|UNKNOWN Message Received: (CampaignAuctionReport CampaignAuctionReportEntry [actualBid=2143.0, effectiveBid=2099.148980246121])
04/04 12:58:59 SEVERE OrOmerShelly.OOSAgent|Exception thrown while trying to parse message.java.lang.NullPointerException
04/04 12:58:59 INFO OrOmerShelly.Coordinator|Day 47: Campaign opportunity - Campaign ID 8056003: day 49 to 53 [YOUNG, MALE], reach: 3750 coefs: (v=2.0, m=1.5)
04/04 12:58:59 INFO OrOmerShelly.Coordinator|Day 47: Campaign total budget bid: 600.8253764106094
04/04 12:58:59 INFO OrOmerShelly.Coordinator|Day 47: Adjusting ucs bid: was 0.18080299815321912 level reported: 0.47829690000000014 target: 1.0 adjusted: 0.10401073291866303
04/04 12:58:59 SEVERE OrOmerShelly.OOSAgent|Exception thrown while trying to parse message.java.lang.NullPointerException
04/04 12:59:00 INFO OrOmerShelly.Coordinator|Day 47 : Simulation Status Received
04/04 12:59:00 WARNING OrOmerShelly.Coordinator|BidBundle is null!
04/04 12:59:00 INFO OrOmerShelly.Coordinator|Day 47 ended. Starting next day
04/04 12:59:07 INFO OrOmerShelly.Coordinator|Day 48 :BankStatus[-6.852600]
04/04 12:59:07 INFO OrOmerShelly.OOSAgent|UNKNOWN Message Received: (CampaignAuctionReport CampaignAuctionReportEntry [actualBid=2105.0, effectiveBid=2061.926553158229])
04/04 12:59:07 SEVERE OrOmerShelly.OOSAgent|Exception thrown while trying to parse message.java.lang.NullPointerException
04/04 12:59:07 INFO OrOmerShelly.Coordinator|Day 48: Campaign opportunity - Campaign ID 13755727: day 50 to 54 [HIGH_INCOME, YOUNG], reach: 3750 coefs: (v=2.0, m=1.5)
04/04 12:59:07 INFO OrOmerShelly.Coordinator|Day 48: Campaign total budget bid: 609.3057606640099
04/04 12:59:07 INFO OrOmerShelly.Coordinator|Day 48: Adjusting ucs bid: was 0.10401073291866303 level reported: 0.47829690000000014 target: 1.0 adjusted: 0.15827345471560156
04/04 12:59:07 SEVERE OrOmerShelly.OOSAgent|Exception thrown while trying to parse message.java.lang.NullPointerException
04/04 12:59:08 INFO OrOmerShelly.Coordinator|Day 48 : Simulation Status Received
04/04 12:59:08 WARNING OrOmerShelly.Coordinator|BidBundle is null!
04/04 12:59:08 INFO OrOmerShelly.Coordinator|Day 48 ended. Starting next day
04/04 12:59:17 INFO OrOmerShelly.Coordinator|Day 49 :BankStatus[-6.998400]
04/04 12:59:17 INFO OrOmerShelly.OOSAgent|UNKNOWN Message Received: (CampaignAuctionReport CampaignAuctionReportEntry [actualBid=3070.0, effectiveBid=3048.469498318042])
04/04 12:59:17 SEVERE OrOmerShelly.OOSAgent|Exception thrown while trying to parse message.java.lang.NullPointerException
04/04 12:59:17 SEVERE OrOmerShelly.OOSAgent|Exception thrown while trying to parse message.java.lang.NullPointerException
04/04 12:59:18 INFO OrOmerShelly.Coordinator|Day 49 : Simulation Status Received
04/04 12:59:18 WARNING OrOmerShelly.Coordinator|BidBundle is null!
04/04 12:59:18 INFO OrOmerShelly.Coordinator|Day 49 ended. Starting next day
04/04 12:59:26 INFO OrOmerShelly.Coordinator|Day 50 :BankStatus[-7.144200]
04/04 12:59:26 SEVERE OrOmerShelly.OOSAgent|Exception thrown while trying to parse message.java.lang.NullPointerException
04/04 12:59:26 INFO OrOmerShelly.Coordinator|Day 50: Campaign opportunity - Campaign ID 24422706: day 52 to 54 [FEMALE, LOW_INCOME], reach: 3750 coefs: (v=2.0, m=1.5)
04/04 12:59:26 INFO OrOmerShelly.Coordinator|Day 50: Campaign total budget bid: 993.3376146873242
04/04 12:59:26 INFO OrOmerShelly.Coordinator|Day 50: Adjusting ucs bid: was 0.15827345471560156 level reported: 0.47829690000000014 target: 1.0 adjusted: 0.11694663504447725
04/04 12:59:26 SEVERE OrOmerShelly.OOSAgent|Exception thrown while trying to parse message.java.lang.NullPointerException
04/04 12:59:26 INFO OrOmerShelly.Coordinator|Day 50 : Simulation Status Received
04/04 12:59:26 WARNING OrOmerShelly.Coordinator|BidBundle is null!
04/04 12:59:26 INFO OrOmerShelly.Coordinator|Day 50 ended. Starting next day
04/04 12:59:39 INFO OrOmerShelly.Coordinator|Day 51 :BankStatus[-7.290000]
04/04 12:59:39 INFO OrOmerShelly.OOSAgent|UNKNOWN Message Received: (CampaignAuctionReport CampaignAuctionReportEntry [actualBid=2146.0, effectiveBid=2130.9496884008204])
04/04 12:59:39 SEVERE OrOmerShelly.OOSAgent|Exception thrown while trying to parse message.java.lang.NullPointerException
04/04 12:59:39 SEVERE OrOmerShelly.OOSAgent|Exception thrown while trying to parse message.java.lang.NullPointerException
04/04 12:59:40 INFO OrOmerShelly.Coordinator|Day 51 : Simulation Status Received
04/04 12:59:40 WARNING OrOmerShelly.Coordinator|BidBundle is null!
04/04 12:59:40 INFO OrOmerShelly.Coordinator|Day 51 ended. Starting next day
04/04 12:59:49 INFO OrOmerShelly.Coordinator|Day 52 :BankStatus[-7.435800]
04/04 12:59:49 SEVERE OrOmerShelly.OOSAgent|Exception thrown while trying to parse message.java.lang.NullPointerException
04/04 12:59:49 INFO OrOmerShelly.Coordinator|Day 52: Campaign opportunity - Campaign ID 14698423: day 54 to 58 [OLD, MALE], reach: 6250 coefs: (v=2.0, m=1.5)
04/04 12:59:49 INFO OrOmerShelly.Coordinator|Day 52: Campaign total budget bid: 1010.2865542271022
04/04 12:59:49 INFO OrOmerShelly.Coordinator|Day 52: Adjusting ucs bid: was 0.11694663504447725 level reported: 0.47829690000000014 target: 1.0 adjusted: 0.17795805708174964
04/04 12:59:49 SEVERE OrOmerShelly.OOSAgent|Exception thrown while trying to parse message.java.lang.NullPointerException
04/04 12:59:50 INFO OrOmerShelly.Coordinator|Day 52 : Simulation Status Received
04/04 12:59:50 WARNING OrOmerShelly.Coordinator|BidBundle is null!
04/04 12:59:50 INFO OrOmerShelly.Coordinator|Day 52 ended. Starting next day
04/04 12:59:57 INFO OrOmerShelly.Coordinator|Day 53 :BankStatus[-7.581600]
04/04 12:59:57 SEVERE OrOmerShelly.OOSAgent|Exception thrown while trying to parse message.java.lang.NullPointerException
04/04 12:59:57 INFO OrOmerShelly.Coordinator|Day 53: Campaign opportunity - Campaign ID 2865697: day 55 to 57 [HIGH_INCOME, OLD], reach: 3750 coefs: (v=2.0, m=1.5)
04/04 12:59:57 INFO OrOmerShelly.Coordinator|Day 53: Campaign total budget bid: 993.178169817654
04/04 12:59:57 INFO OrOmerShelly.Coordinator|Day 53: Adjusting ucs bid: was 0.17795805708174964 level reported: 0.47829690000000014 target: 1.0 adjusted: 0.11091335811262881
04/04 12:59:57 SEVERE OrOmerShelly.OOSAgent|Exception thrown while trying to parse message.java.lang.NullPointerException
04/04 12:59:58 INFO OrOmerShelly.Coordinator|Day 53 : Simulation Status Received
04/04 12:59:58 WARNING OrOmerShelly.Coordinator|BidBundle is null!
04/04 12:59:58 INFO OrOmerShelly.Coordinator|Day 53 ended. Starting next day
04/04 13:00:06 INFO OrOmerShelly.Coordinator|Day 54 :BankStatus[-7.727400]
04/04 13:00:06 SEVERE OrOmerShelly.OOSAgent|Exception thrown while trying to parse message.java.lang.NullPointerException
04/04 13:00:06 SEVERE OrOmerShelly.OOSAgent|Exception thrown while trying to parse message.java.lang.NullPointerException
04/04 13:00:07 INFO OrOmerShelly.Coordinator|Day 54 : Simulation Status Received
04/04 13:00:07 WARNING OrOmerShelly.Coordinator|BidBundle is null!
04/04 13:00:07 INFO OrOmerShelly.Coordinator|Day 54 ended. Starting next day
04/04 13:00:17 INFO OrOmerShelly.Coordinator|Day 55 :BankStatus[-7.873200]
04/04 13:00:17 SEVERE OrOmerShelly.OOSAgent|Exception thrown while trying to parse message.java.lang.NullPointerException
04/04 13:00:17 INFO OrOmerShelly.Coordinator|Day 55: Campaign opportunity - Campaign ID 14851411: day 57 to 59 [FEMALE, OLD], reach: 12500 coefs: (v=2.0, m=1.5)
04/04 13:00:17 INFO OrOmerShelly.Coordinator|Day 55: Campaign total budget bid: 3268.362252998769
04/04 13:00:17 INFO OrOmerShelly.Coordinator|Day 55: Adjusting ucs bid: was 0.11091335811262881 level reported: 0.47829690000000014 target: 1.0 adjusted: 0.1619001538105755
04/04 13:00:17 SEVERE OrOmerShelly.OOSAgent|Exception thrown while trying to parse message.java.lang.NullPointerException
04/04 13:00:17 INFO OrOmerShelly.Coordinator|Day 55 : Simulation Status Received
04/04 13:00:17 WARNING OrOmerShelly.Coordinator|BidBundle is null!
04/04 13:00:17 INFO OrOmerShelly.Coordinator|Day 55 ended. Starting next day
04/04 13:00:27 INFO OrOmerShelly.Coordinator|Day 56 :BankStatus[-8.019000]
04/04 13:00:27 INFO OrOmerShelly.OOSAgent|UNKNOWN Message Received: (CampaignAuctionReport CampaignAuctionReportEntry [actualBid=2984.0, effectiveBid=2940.7877721964123])
04/04 13:00:27 SEVERE OrOmerShelly.OOSAgent|Exception thrown while trying to parse message.java.lang.NullPointerException
04/04 13:00:27 SEVERE OrOmerShelly.OOSAgent|Exception thrown while trying to parse message.java.lang.NullPointerException
04/04 13:00:27 INFO OrOmerShelly.Coordinator|Day 56 : Simulation Status Received
04/04 13:00:27 WARNING OrOmerShelly.Coordinator|BidBundle is null!
04/04 13:00:27 INFO OrOmerShelly.Coordinator|Day 56 ended. Starting next day
04/04 13:00:38 INFO OrOmerShelly.Coordinator|Day 57 :BankStatus[-8.164800]
04/04 13:00:38 SEVERE OrOmerShelly.OOSAgent|Exception thrown while trying to parse message.java.lang.NullPointerException
04/04 13:00:38 SEVERE OrOmerShelly.OOSAgent|Exception thrown while trying to parse message.java.lang.NullPointerException
04/04 13:00:39 INFO OrOmerShelly.Coordinator|Day 57 : Simulation Status Received
04/04 13:00:39 WARNING OrOmerShelly.Coordinator|BidBundle is null!
04/04 13:00:39 INFO OrOmerShelly.Coordinator|Day 57 ended. Starting next day
04/04 13:00:45 INFO OrOmerShelly.Coordinator|Day 58 :BankStatus[-8.310600]
04/04 13:00:45 SEVERE OrOmerShelly.OOSAgent|Exception thrown while trying to parse message.java.lang.NullPointerException
04/04 13:00:45 SEVERE OrOmerShelly.OOSAgent|Exception thrown while trying to parse message.java.lang.NullPointerException
04/04 13:00:45 INFO OrOmerShelly.Coordinator|Day 58 : Simulation Status Received
04/04 13:00:45 WARNING OrOmerShelly.Coordinator|BidBundle is null!
04/04 13:00:45 INFO OrOmerShelly.Coordinator|Day 58 ended. Starting next day
04/04 13:00:59 INFO OrOmerShelly.Coordinator|Day 59 :BankStatus[-8.456400]
04/04 13:00:59 SEVERE OrOmerShelly.OOSAgent|Exception thrown while trying to parse message.java.lang.NullPointerException
04/04 13:00:59 SEVERE OrOmerShelly.OOSAgent|Exception thrown while trying to parse message.java.lang.NullPointerException
04/04 13:01:00 INFO OrOmerShelly.Coordinator|Day 59 : Simulation Status Received
04/04 13:01:00 WARNING OrOmerShelly.Coordinator|BidBundle is null!
04/04 13:01:00 INFO OrOmerShelly.Coordinator|Day 59 ended. Starting next day
04/04 13:01:00 SEVERE OrOmerShelly.OOSAgent|Exception thrown while trying to parse message.java.lang.NullPointerException
04/04 13:01:01 INFO OrOmerShelly.Coordinator|Day 60 :BankStatus[-8.748000]
04/04 13:01:01 SEVERE OrOmerShelly.OOSAgent|Exception thrown while trying to parse message.java.lang.NullPointerException
04/04 13:01:01 INFO OrOmerShelly.Coordinator|Day 60 : Simulation Status Received
04/04 13:01:01 WARNING OrOmerShelly.Coordinator|BidBundle is null!
04/04 13:01:01 INFO OrOmerShelly.Coordinator|Day 60 ended. Starting next day
08/04 18:47:00 INFO OrOmerShelly.Coordinator|Got publisherCatalog: (PublisherCatalog tau.tac.adx.props.PublisherCatalogEntry@cb7e71b0 tau.tac.adx.props.PublisherCatalogEntry@abb40623 tau.tac.adx.props.PublisherCatalogEntry@18cee tau.tac.adx.props.PublisherCatalogEntry@1a7a7 tau.tac.adx.props.PublisherCatalogEntry@1934f tau.tac.adx.props.PublisherCatalogEntry@f306ee41)
08/04 18:47:00 INFO OrOmerShelly.Coordinator|Available queries: [Ltau.tac.adx.props.AdxQuery;@174cb21
08/04 18:47:00 INFO OrOmerShelly.OOSAgent|UNKNOWN Message Received: edu.umich.eecs.tac.props.AdvertiserInfo@bc76a1c1
08/04 18:47:00 INFO OrOmerShelly.Coordinator|Day 0 :BankStatus[0.000000]
08/04 18:47:01 INFO OrOmerShelly.Coordinator|tau.tac.adx.report.demand.InitialCampaignMessage[1533830,1250,1,5,[MALE, OLD],2.0,1.5,demand,[]]
08/04 18:47:01 INFO OrOmerShelly.Coordinator|Day 0: Allocated campaign - Campaign ID 1533830: day 1 to 5 [MALE, OLD], reach: 1250 coefs: (v=2.0, m=1.5)
08/04 18:47:01 INFO OrOmerShelly.Coordinator|Day 0: Campaign opportunity - Campaign ID 7363457: day 2 to 6 [MALE, YOUNG], reach: 3750 coefs: (v=2.0, m=1.5)
08/04 18:47:01 INFO OrOmerShelly.Coordinator|Day 0: Campaign total budget bid: 600.8253764106094
08/04 18:47:01 INFO OrOmerShelly.Coordinator|Day 0: Initial ucs bid is 0.1725946280068037
08/04 18:47:01 INFO OrOmerShelly.Coordinator|Day 0 : Simulation Status Received
08/04 18:47:01 SEVERE OrOmerShelly.Coordinator|Exception in initializing classifier: weka.core.UnassignedDatasetException: Instance doesn't have access to a dataset! - [weka.core.Instance.classIndex(Instance.java:203), weka.core.Instance.setClassValue(Instance.java:564), OrOmerShelly.oos.bidders.ImpressionBidder.getDefaultDataset(ImpressionBidder.java:109), OrOmerShelly.oos.bidders.ImpressionBidder.init(ImpressionBidder.java:70), OrOmerShelly.Coordinator.calculateAndSendBidBundle(Coordinator.java:361), OrOmerShelly.Coordinator.handleSimulationStatus(Coordinator.java:347), OrOmerShelly.OOSAgent.messageReceived(OOSAgent.java:71), se.sics.tasim.aw.AgentService.deliverToAgent(AgentService.java:130), tau.tac.adx.agentware.AgentServiceImpl.deliverToAgent(AgentServiceImpl.java:134), tau.tac.adx.agentware.SimClient.run(SimClient.java:439), java.lang.Thread.run(Unknown Source)]
08/04 18:47:01 WARNING OrOmerShelly.Coordinator|BidBundle is null! Getting default BidBundle
08/04 18:47:01 SEVERE OrOmerShelly.OOSAgent|Exception thrown while trying to parse message: java.lang.NullPointerException : [OrOmerShelly.oos.bidders.ImpressionBidder.getDefaultBidBundle(ImpressionBidder.java:121), OrOmerShelly.Coordinator.calculateAndSendBidBundle(Coordinator.java:394), OrOmerShelly.Coordinator.handleSimulationStatus(Coordinator.java:347), OrOmerShelly.OOSAgent.messageReceived(OOSAgent.java:71), se.sics.tasim.aw.AgentService.deliverToAgent(AgentService.java:130), tau.tac.adx.agentware.AgentServiceImpl.deliverToAgent(AgentServiceImpl.java:134), tau.tac.adx.agentware.SimClient.run(SimClient.java:439), java.lang.Thread.run(Unknown Source)]
08/04 18:47:12 INFO OrOmerShelly.Coordinator|Day 0 :BankStatus[0.000000]
08/04 18:47:12 INFO OrOmerShelly.Coordinator|Campaign auction report for day 0: CampaignReport: CampaignAuctionReportKey [adnetName=adv1] : CampaignAuctionReportEntry [actualBid=600.0, effectiveBid=600.0]
CampaignAuctionReportKey [adnetName=DummyAdnetwork] : CampaignAuctionReportEntry [actualBid=2073.0, effectiveBid=2073.0]
CampaignAuctionReportKey [adnetName=DummyAdnetwork-2] : CampaignAuctionReportEntry [actualBid=2101.0, effectiveBid=2101.0]
CampaignAuctionReportKey [adnetName=DummyAdnetwork-5] : CampaignAuctionReportEntry [actualBid=2138.0, effectiveBid=2138.0]
CampaignAuctionReportKey [adnetName=DummyAdnetwork-4] : CampaignAuctionReportEntry [actualBid=2241.0, effectiveBid=2241.0]
CampaignAuctionReportKey [adnetName=DummyAdnetwork-3] : CampaignAuctionReportEntry [actualBid=3068.0, effectiveBid=3068.0]
CampaignAuctionReportKey [adnetName=DummyAdnetwork-6] : CampaignAuctionReportEntry [actualBid=3091.0, effectiveBid=3091.0]
CampaignAuctionReportKey [adnetName=DummyAdnetwork-7] : CampaignAuctionReportEntry [actualBid=3191.0, effectiveBid=3191.0]

08/04 18:47:12 INFO OrOmerShelly.Coordinator|Day 0: Daily notification for campaign 7363457
08/04 18:47:12 INFO OrOmerShelly.Coordinator|Day 0:  allocated to DummyAdnetwork-7. UCS Level set to 0.47829690000000014 at price 0.0 Quality Score is: 1.0
08/04 18:47:12 INFO OrOmerShelly.Coordinator|Day 1: Campaign opportunity - Campaign ID 32205781: day 3 to 5 [MALE, OLD], reach: 3750 coefs: (v=2.0, m=1.5)
08/04 18:47:12 INFO OrOmerShelly.Coordinator|Day 1: Campaign total budget bid: 1010.2865542271022
08/04 18:47:12 INFO OrOmerShelly.Coordinator|Day 1: Adjusting ucs bid: was 0.1725946280068037 level reported: 0.47829690000000014 target: 1.0 adjusted: 0.1854192816498755
08/04 18:47:12 INFO OrOmerShelly.Coordinator|Publishers Report: 
08/04 18:47:12 INFO OrOmerShelly.Coordinator|(publisher: fox popularity: 11888 video: 1317 text: 10572)
08/04 18:47:12 INFO OrOmerShelly.Coordinator|(publisher: hfn popularity: 65275 video: 13415 text: 51861)
08/04 18:47:12 INFO OrOmerShelly.Coordinator|(publisher: msn popularity: 84300 video: 22745 text: 61556)
08/04 18:47:12 INFO OrOmerShelly.Coordinator|(publisher: amazon popularity: 70889 video: 39108 text: 31782)
08/04 18:47:12 INFO OrOmerShelly.Coordinator|(publisher: target popularity: 11713 video: 2050 text: 9664)
08/04 18:47:12 INFO OrOmerShelly.Coordinator|(publisher: bestbuy popularity: 6731 video: 2374 text: 4358)
08/04 18:47:12 INFO OrOmerShelly.Coordinator|Day 1 : Simulation Status Received
08/04 18:47:12 INFO OrOmerShelly.Coordinator|Adding last day's bid bundle to bidBundleHistory
08/04 18:47:12 SEVERE OrOmerShelly.Coordinator|Exception in running classifier: java.lang.NullPointerException - [OrOmerShelly.oos.bidders.ImpressionBidder.fillBidBundle(ImpressionBidder.java:197), OrOmerShelly.Coordinator.calculateAndSendBidBundle(Coordinator.java:381), OrOmerShelly.Coordinator.handleSimulationStatus(Coordinator.java:347), OrOmerShelly.OOSAgent.messageReceived(OOSAgent.java:71), se.sics.tasim.aw.AgentService.deliverToAgent(AgentService.java:130), tau.tac.adx.agentware.AgentServiceImpl.deliverToAgent(AgentServiceImpl.java:134), tau.tac.adx.agentware.SimClient.run(SimClient.java:439), java.lang.Thread.run(Unknown Source)]
08/04 18:47:12 WARNING OrOmerShelly.Coordinator|BidBundle is null! Getting default BidBundle
08/04 18:47:12 SEVERE OrOmerShelly.OOSAgent|Exception thrown while trying to parse message: java.lang.NullPointerException : [OrOmerShelly.oos.bidders.ImpressionBidder.getDefaultBidBundle(ImpressionBidder.java:121), OrOmerShelly.Coordinator.calculateAndSendBidBundle(Coordinator.java:394), OrOmerShelly.Coordinator.handleSimulationStatus(Coordinator.java:347), OrOmerShelly.OOSAgent.messageReceived(OOSAgent.java:71), se.sics.tasim.aw.AgentService.deliverToAgent(AgentService.java:130), tau.tac.adx.agentware.AgentServiceImpl.deliverToAgent(AgentServiceImpl.java:134), tau.tac.adx.agentware.SimClient.run(SimClient.java:439), java.lang.Thread.run(Unknown Source)]
09/04 15:27:00 INFO OrOmerShelly.Coordinator|Got publisherCatalog: nyt ; yahoo ; wallmart ; ebay ; bestbuy ; sears ; 
09/04 15:27:00 INFO OrOmerShelly.Coordinator|Available queries: [Ltau.tac.adx.props.AdxQuery;@8fa0d1
09/04 15:27:00 INFO OrOmerShelly.OOSAgent|UNKNOWN Message Received: edu.umich.eecs.tac.props.AdvertiserInfo@bc76a1c1
09/04 15:27:00 INFO OrOmerShelly.Coordinator|Day 0 :BankStatus[0.000000]
09/04 15:27:00 INFO OrOmerShelly.Coordinator|tau.tac.adx.report.demand.InitialCampaignMessage[1932087,1250,1,5,[FEMALE, LOW_INCOME],2.0,1.5,demand,[]]
09/04 15:27:00 INFO OrOmerShelly.Coordinator|Day 0: Allocated campaign - Campaign ID 1932087: day 1 to 5 [FEMALE, LOW_INCOME], reach: 1250 coefs: (v=2.0, m=1.5) budget: 1.25
09/04 15:27:00 INFO OrOmerShelly.Coordinator|Day 0: Campaign opportunity - Campaign ID 10284000: day 2 to 4 [FEMALE, YOUNG], reach: 6250 coefs: (v=2.0, m=1.5) budget: 0.0
09/04 15:27:00 INFO OrOmerShelly.Coordinator|Day 0: Campaign total budget bid: 1680.6551493870097
09/04 15:27:00 INFO OrOmerShelly.Coordinator|Day 0: Initial ucs bid is 0.1697031827053399
09/04 15:27:00 INFO OrOmerShelly.Coordinator|Day 0 : Simulation Status Received
09/04 15:27:00 INFO bidders.ImpressionBidder|getDefaultDataset: Generating default instances for publisher - nyt
09/04 15:27:00 SEVERE OrOmerShelly.Coordinator|Exception in initializing classifier: java.lang.NullPointerException - [OrOmerShelly.UserAnalyzer.calcMedianOfMarketSegmentsWeights(UserAnalyzer.java:357), OrOmerShelly.oos.bidders.ImpressionBidder.getDefaultDataset(ImpressionBidder.java:119), OrOmerShelly.oos.bidders.ImpressionBidder.init(ImpressionBidder.java:77), OrOmerShelly.Coordinator.calculateAndSendBidBundle(Coordinator.java:378), OrOmerShelly.Coordinator.handleSimulationStatus(Coordinator.java:363), OrOmerShelly.OOSAgent.messageReceived(OOSAgent.java:71), se.sics.tasim.aw.AgentService.deliverToAgent(AgentService.java:130), tau.tac.adx.agentware.AgentServiceImpl.deliverToAgent(AgentServiceImpl.java:134), tau.tac.adx.agentware.SimClient.run(SimClient.java:439), java.lang.Thread.run(Unknown Source)]
09/04 15:27:00 INFO OrOmerShelly.Coordinator|Fetching active campaigns from: [Campaign ID 1932087: day 1 to 5 [FEMALE, LOW_INCOME], reach: 1250 coefs: (v=2.0, m=1.5) budget: 1.25]
09/04 15:27:00 INFO OrOmerShelly.Coordinator|campaign Campaign ID 1932087: day 1 to 5 [FEMALE, LOW_INCOME], reach: 1250 coefs: (v=2.0, m=1.5) budget: 1.25 is active
09/04 15:27:00 WARNING OrOmerShelly.Coordinator|BidBundle is null! Getting default BidBundle
09/04 15:27:00 INFO bidders.ImpressionBidder|Default bid bundle bid for Campaign ID 1932087: day 1 to 5 [FEMALE, LOW_INCOME], reach: 1250 coefs: (v=2.0, m=1.5) budget: 1.25 will be 0.6818095645418606 where our rnd was 0.6818095645418606
09/04 15:27:00 INFO OrOmerShelly.Coordinator|Day 0 ended. Starting next day
09/04 15:27:11 INFO OrOmerShelly.Coordinator|Day 1 :BankStatus[0.000000]
09/04 15:27:11 INFO OrOmerShelly.Coordinator|Campaign auction report for day 1: CampaignReport: CampaignAuctionReportKey [adnetName=adv1] : CampaignAuctionReportEntry [actualBid=1680.0, effectiveBid=1680.0]
CampaignAuctionReportKey [adnetName=DummyAdnetwork-5] : CampaignAuctionReportEntry [actualBid=2127.0, effectiveBid=2127.0]
CampaignAuctionReportKey [adnetName=DummyAdnetwork-6] : CampaignAuctionReportEntry [actualBid=2508.0, effectiveBid=2508.0]
CampaignAuctionReportKey [adnetName=DummyAdnetwork-7] : CampaignAuctionReportEntry [actualBid=2787.0, effectiveBid=2787.0]
CampaignAuctionReportKey [adnetName=DummyAdnetwork-4] : CampaignAuctionReportEntry [actualBid=2810.0, effectiveBid=2810.0]
CampaignAuctionReportKey [adnetName=DummyAdnetwork-2] : CampaignAuctionReportEntry [actualBid=2811.0, effectiveBid=2811.0]
CampaignAuctionReportKey [adnetName=DummyAdnetwork-3] : CampaignAuctionReportEntry [actualBid=3201.0, effectiveBid=3201.0]
CampaignAuctionReportKey [adnetName=DummyAdnetwork] : CampaignAuctionReportEntry [actualBid=3296.0, effectiveBid=3296.0]

09/04 15:27:11 INFO OrOmerShelly.Coordinator|Day 1: Daily notification for campaign 10284000
09/04 15:27:11 SEVERE OrOmerShelly.OOSAgent|Exception thrown while trying to parse message: java.lang.NullPointerException : [OrOmerShelly.oos.bidders.CampaignBidder.getTargetIndex(CampaignBidder.java:131), OrOmerShelly.oos.bidders.CampaignBidder.updateWonPendingCampaign(CampaignBidder.java:123), OrOmerShelly.Coordinator.handleAdNetworkDailyNotification(Coordinator.java:342), OrOmerShelly.OOSAgent.messageReceived(OOSAgent.java:67), se.sics.tasim.aw.AgentService.deliverToAgent(AgentService.java:130), tau.tac.adx.agentware.AgentServiceImpl.deliverToAgent(AgentServiceImpl.java:134), tau.tac.adx.agentware.SimClient.run(SimClient.java:439), java.lang.Thread.run(Unknown Source)]
09/04 15:27:11 INFO OrOmerShelly.Coordinator|Day 1: Campaign opportunity - Campaign ID 32445016: day 3 to 7 [FEMALE, OLD], reach: 6250 coefs: (v=2.0, m=1.5) budget: 0.0
09/04 15:27:11 INFO OrOmerShelly.Coordinator|Day 1: Campaign total budget bid: 980.5086758996306
09/04 15:27:11 SEVERE OrOmerShelly.OOSAgent|Exception thrown while trying to parse message: java.lang.NullPointerException : [OrOmerShelly.oos.bidders.UCSbidder.findState(UCSbidder.java:177), OrOmerShelly.oos.bidders.UCSbidder.bid(UCSbidder.java:106), OrOmerShelly.oos.bidders.UCSbidder.getBid(UCSbidder.java:88), OrOmerShelly.Coordinator.handleICampaignOpportunityMessage(Coordinator.java:280), OrOmerShelly.OOSAgent.messageReceived(OOSAgent.java:63), se.sics.tasim.aw.AgentService.deliverToAgent(AgentService.java:130), tau.tac.adx.agentware.AgentServiceImpl.deliverToAgent(AgentServiceImpl.java:134), tau.tac.adx.agentware.SimClient.run(SimClient.java:439), java.lang.Thread.run(Unknown Source)]
09/04 15:27:11 INFO OrOmerShelly.Coordinator|Publishers Report: 
09/04 15:27:11 INFO OrOmerShelly.Coordinator|(publisher: yahoo popularity: 31947 video: 9873 text: 22075)
09/04 15:27:11 INFO OrOmerShelly.Coordinator|(publisher: sears popularity: 4130 video: 1364 text: 2767)
09/04 15:27:11 INFO OrOmerShelly.Coordinator|(publisher: nyt popularity: 8070 video: 2360 text: 5711)
09/04 15:27:11 INFO OrOmerShelly.Coordinator|(publisher: ebay popularity: 35384 video: 12920 text: 22465)
09/04 15:27:11 INFO OrOmerShelly.Coordinator|(publisher: bestbuy popularity: 4236 video: 1780 text: 2457)
09/04 15:27:11 INFO OrOmerShelly.Coordinator|(publisher: wallmart popularity: 10510 video: 3611 text: 6900)
09/04 15:27:11 INFO OrOmerShelly.Coordinator|Day 1 : Simulation Status Received
09/04 15:27:11 INFO OrOmerShelly.Coordinator|Adding last day's bid bundle to bidBundleHistory
09/04 15:27:11 INFO OrOmerShelly.Coordinator|Fetching active campaigns from: [Campaign ID 10284000: day 2 to 4 [FEMALE, YOUNG], reach: 6250 coefs: (v=2.0, m=1.5) budget: 2.1270000000000002, Campaign ID 1932087: day 1 to 5 [FEMALE, LOW_INCOME], reach: 1250 coefs: (v=2.0, m=1.5) budget: 1.25]
09/04 15:27:11 INFO OrOmerShelly.Coordinator|campaign Campaign ID 10284000: day 2 to 4 [FEMALE, YOUNG], reach: 6250 coefs: (v=2.0, m=1.5) budget: 2.1270000000000002 is active
09/04 15:27:11 INFO OrOmerShelly.Coordinator|campaign Campaign ID 1932087: day 1 to 5 [FEMALE, LOW_INCOME], reach: 1250 coefs: (v=2.0, m=1.5) budget: 1.25 is active
09/04 15:27:11 INFO bidders.ImpressionBidder|fillBidBundle: Filling bid bundle for nyt
09/04 15:27:11 SEVERE OrOmerShelly.Coordinator|Exception in running classifier: java.lang.NullPointerException - [OrOmerShelly.UserAnalyzer.calcImpressionDistribution(UserAnalyzer.java:296), OrOmerShelly.oos.bidders.ImpressionBidder.fillBidBundle(ImpressionBidder.java:266), OrOmerShelly.Coordinator.calculateAndSendBidBundle(Coordinator.java:399), OrOmerShelly.Coordinator.handleSimulationStatus(Coordinator.java:363), OrOmerShelly.OOSAgent.messageReceived(OOSAgent.java:71), se.sics.tasim.aw.AgentService.deliverToAgent(AgentService.java:130), tau.tac.adx.agentware.AgentServiceImpl.deliverToAgent(AgentServiceImpl.java:134), tau.tac.adx.agentware.SimClient.run(SimClient.java:439), java.lang.Thread.run(Unknown Source)]
09/04 15:27:11 WARNING OrOmerShelly.Coordinator|BidBundle is null! Getting default BidBundle
09/04 15:27:11 INFO bidders.ImpressionBidder|Default bid bundle bid for Campaign ID 10284000: day 2 to 4 [FEMALE, YOUNG], reach: 6250 coefs: (v=2.0, m=1.5) budget: 2.1270000000000002 will be 0.27057925278828215 where our rnd was 0.7950730277041671
09/04 15:27:11 INFO bidders.ImpressionBidder|Default bid bundle bid for Campaign ID 1932087: day 1 to 5 [FEMALE, LOW_INCOME], reach: 1250 coefs: (v=2.0, m=1.5) budget: 1.25 will be 0.7871733819667251 where our rnd was 0.7871733819667251
09/04 15:27:11 INFO bidders.ImpressionBidder|Day 1: Updated 168 Bid Bundle entries for Campaign id 1932087
09/04 15:27:11 INFO OrOmerShelly.Coordinator|Day 1 ended. Starting next day
