08/04 21:13:00 INFO OrOmerShelly.Coordinator|Got publisherCatalog: cnn ; amazon ; hfn ; ebay ; bestbuy ; sears ; 
08/04 21:13:00 INFO OrOmerShelly.Coordinator|Available queries: [Ltau.tac.adx.props.AdxQuery;@c8e4de
08/04 21:13:00 INFO OrOmerShelly.OOSAgent|UNKNOWN Message Received: edu.umich.eecs.tac.props.AdvertiserInfo@bc76a1c1
08/04 21:13:00 INFO OrOmerShelly.Coordinator|Day 0 :BankStatus[0.000000]
08/04 21:13:00 INFO OrOmerShelly.Coordinator|tau.tac.adx.report.demand.InitialCampaignMessage[6996495,1250,1,5,[OLD, MALE],2.0,1.5,demand,[]]
08/04 21:13:00 INFO OrOmerShelly.Coordinator|Day 0: Allocated campaign - Campaign ID 6996495: day 1 to 5 [OLD, MALE], reach: 1250 coefs: (v=2.0, m=1.5)
08/04 21:13:00 INFO OrOmerShelly.Coordinator|Day 0: Campaign opportunity - Campaign ID 6267181: day 2 to 4 [YOUNG, MALE], reach: 6250 coefs: (v=2.0, m=1.5)
08/04 21:13:00 INFO OrOmerShelly.Coordinator|Day 0: Campaign total budget bid: 1668.9593789183596
08/04 21:13:00 INFO OrOmerShelly.Coordinator|Day 0: Initial ucs bid is 0.10503639336142666
08/04 21:13:01 INFO OrOmerShelly.Coordinator|Day 0 : Simulation Status Received
08/04 21:13:01 INFO OrOmerShelly.Coordinator|Initialized ImpressionBidder
08/04 21:13:01 INFO OrOmerShelly.Coordinator|Fetching active campaigns from: [Campaign ID 6996495: day 1 to 5 [OLD, MALE], reach: 1250 coefs: (v=2.0, m=1.5)]
08/04 21:13:01 INFO OrOmerShelly.Coordinator|campaign Campaign ID 6996495: day 1 to 5 [OLD, MALE], reach: 1250 coefs: (v=2.0, m=1.5) is active
08/04 21:13:01 INFO bidders.ImpressionBidder|fillBidBundle: Filling bid bundle for cnn
08/04 21:13:01 SEVERE OrOmerShelly.Coordinator|Exception in running classifier: java.lang.NullPointerException - [OrOmerShelly.UserAnalyzer.calcMarketSegmentsDistribution(UserAnalyzer.java:98), OrOmerShelly.oos.bidders.ImpressionBidder.fillBidBundle(ImpressionBidder.java:202), OrOmerShelly.Coordinator.calculateAndSendBidBundle(Coordinator.java:397), OrOmerShelly.Coordinator.handleSimulationStatus(Coordinator.java:361), OrOmerShelly.OOSAgent.messageReceived(OOSAgent.java:71), se.sics.tasim.aw.AgentService.deliverToAgent(AgentService.java:130), tau.tac.adx.agentware.AgentServiceImpl.deliverToAgent(AgentServiceImpl.java:134), tau.tac.adx.agentware.SimClient.run(SimClient.java:439), java.lang.Thread.run(Unknown Source)]
08/04 21:13:01 WARNING OrOmerShelly.Coordinator|BidBundle is null! Getting default BidBundle
08/04 21:13:01 INFO bidders.ImpressionBidder|Default bid bundle bid for Campaign ID 6996495: day 1 to 5 [OLD, MALE], reach: 1250 coefs: (v=2.0, m=1.5) will be 0.23108990343503932
08/04 21:13:01 INFO bidders.ImpressionBidder|Day 0: Updated 168 Bid Bundle entries for Campaign id 6996495
08/04 21:13:01 INFO OrOmerShelly.Coordinator|Day 0 ended. Starting next day
08/04 21:13:11 INFO OrOmerShelly.Coordinator|Day 1 :BankStatus[0.000000]
08/04 21:13:11 INFO OrOmerShelly.Coordinator|Campaign auction report for day 1: CampaignReport: CampaignAuctionReportKey [adnetName=adv1] : CampaignAuctionReportEntry [actualBid=1668.0, effectiveBid=1668.0]
CampaignAuctionReportKey [adnetName=DummyAdnetwork] : CampaignAuctionReportEntry [actualBid=2028.0, effectiveBid=2028.0]
CampaignAuctionReportKey [adnetName=DummyAdnetwork-5] : CampaignAuctionReportEntry [actualBid=2173.0, effectiveBid=2173.0]
CampaignAuctionReportKey [adnetName=DummyAdnetwork-3] : CampaignAuctionReportEntry [actualBid=2397.0, effectiveBid=2397.0]
CampaignAuctionReportKey [adnetName=DummyAdnetwork-2] : CampaignAuctionReportEntry [actualBid=2727.0, effectiveBid=2727.0]
CampaignAuctionReportKey [adnetName=DummyAdnetwork-4] : CampaignAuctionReportEntry [actualBid=2810.0, effectiveBid=2810.0]
CampaignAuctionReportKey [adnetName=DummyAdnetwork-6] : CampaignAuctionReportEntry [actualBid=3084.0, effectiveBid=3084.0]
CampaignAuctionReportKey [adnetName=DummyAdnetwork-7] : CampaignAuctionReportEntry [actualBid=3204.0, effectiveBid=3204.0]

08/04 21:13:11 INFO OrOmerShelly.Coordinator|Day 1: Daily notification for campaign 6267181
08/04 21:13:11 SEVERE OrOmerShelly.OOSAgent|Exception thrown while trying to parse message: java.lang.NullPointerException : [OrOmerShelly.oos.bidders.CampaignBidder.getTargetIndex(CampaignBidder.java:131), OrOmerShelly.oos.bidders.CampaignBidder.updateWonPendingCampaign(CampaignBidder.java:123), OrOmerShelly.Coordinator.handleAdNetworkDailyNotification(Coordinator.java:340), OrOmerShelly.OOSAgent.messageReceived(OOSAgent.java:67), se.sics.tasim.aw.AgentService.deliverToAgent(AgentService.java:130), tau.tac.adx.agentware.AgentServiceImpl.deliverToAgent(AgentServiceImpl.java:134), tau.tac.adx.agentware.SimClient.run(SimClient.java:439), java.lang.Thread.run(Unknown Source)]
08/04 21:13:11 INFO OrOmerShelly.Coordinator|Day 1: Campaign opportunity - Campaign ID 32445016: day 3 to 5 [FEMALE, LOW_INCOME], reach: 12500 coefs: (v=2.0, m=1.5)
08/04 21:13:11 INFO OrOmerShelly.Coordinator|Day 1: Campaign total budget bid: 3311.1253822910808
08/04 21:13:11 INFO OrOmerShelly.Coordinator|Day 1: Adjusting ucs bid: was 0.10503639336142666 level reported: 0.47829690000000014 target: 1.0 adjusted: 0.15983420539090235
08/04 21:13:11 INFO OrOmerShelly.Coordinator|Publishers Report: 
08/04 21:13:11 INFO OrOmerShelly.Coordinator|(publisher: cnn popularity: 6153 video: 2232 text: 3922)
08/04 21:13:11 INFO OrOmerShelly.Coordinator|(publisher: hfn popularity: 20001 video: 6281 text: 13721)
08/04 21:13:11 INFO OrOmerShelly.Coordinator|(publisher: sears popularity: 3120 video: 1327 text: 1794)
08/04 21:13:11 INFO OrOmerShelly.Coordinator|(publisher: amazon popularity: 28485 video: 9675 text: 18811)
08/04 21:13:11 INFO OrOmerShelly.Coordinator|(publisher: ebay popularity: 26888 video: 10687 text: 16202)
08/04 21:13:11 INFO OrOmerShelly.Coordinator|(publisher: bestbuy popularity: 3117 video: 940 text: 2178)
08/04 21:13:11 INFO OrOmerShelly.Coordinator|Day 1 : Simulation Status Received
08/04 21:13:11 INFO OrOmerShelly.Coordinator|Adding last day's bid bundle to bidBundleHistory
08/04 21:13:11 INFO OrOmerShelly.Coordinator|Fetching active campaigns from: [Campaign ID 6267181: day 2 to 4 [YOUNG, MALE], reach: 6250 coefs: (v=2.0, m=1.5), Campaign ID 6996495: day 1 to 5 [OLD, MALE], reach: 1250 coefs: (v=2.0, m=1.5)]
08/04 21:13:11 INFO OrOmerShelly.Coordinator|campaign Campaign ID 6267181: day 2 to 4 [YOUNG, MALE], reach: 6250 coefs: (v=2.0, m=1.5) is active
08/04 21:13:11 INFO OrOmerShelly.Coordinator|campaign Campaign ID 6996495: day 1 to 5 [OLD, MALE], reach: 1250 coefs: (v=2.0, m=1.5) is active
08/04 21:13:11 INFO bidders.ImpressionBidder|fillBidBundle: Filling bid bundle for cnn
08/04 21:13:11 SEVERE OrOmerShelly.Coordinator|Exception in running classifier: java.lang.NullPointerException - [OrOmerShelly.UserAnalyzer.calcMarketSegmentsDistribution(UserAnalyzer.java:98), OrOmerShelly.oos.bidders.ImpressionBidder.fillBidBundle(ImpressionBidder.java:202), OrOmerShelly.Coordinator.calculateAndSendBidBundle(Coordinator.java:397), OrOmerShelly.Coordinator.handleSimulationStatus(Coordinator.java:361), OrOmerShelly.OOSAgent.messageReceived(OOSAgent.java:71), se.sics.tasim.aw.AgentService.deliverToAgent(AgentService.java:130), tau.tac.adx.agentware.AgentServiceImpl.deliverToAgent(AgentServiceImpl.java:134), tau.tac.adx.agentware.SimClient.run(SimClient.java:439), java.lang.Thread.run(Unknown Source)]
08/04 21:13:11 WARNING OrOmerShelly.Coordinator|BidBundle is null! Getting default BidBundle
08/04 21:13:11 INFO bidders.ImpressionBidder|Default bid bundle bid for Campaign ID 6267181: day 2 to 4 [YOUNG, MALE], reach: 6250 coefs: (v=2.0, m=1.5) will be 0.2410836965696946
08/04 21:13:11 INFO bidders.ImpressionBidder|Day 1: Updated 168 Bid Bundle entries for Campaign id 6267181
08/04 21:13:11 INFO bidders.ImpressionBidder|Default bid bundle bid for Campaign ID 6996495: day 1 to 5 [OLD, MALE], reach: 1250 coefs: (v=2.0, m=1.5) will be 0.32567741587062926
08/04 21:13:11 INFO bidders.ImpressionBidder|Day 1: Updated 168 Bid Bundle entries for Campaign id 6996495
08/04 21:13:11 INFO OrOmerShelly.Coordinator|Day 1 ended. Starting next day
09/04 17:10:00 INFO OrOmerShelly.Coordinator|Got publisherCatalog: yahoo ; amazon ; fox ; msn ; hfn ; ebay ; 
09/04 17:10:00 INFO OrOmerShelly.Coordinator|Available queries: [Ltau.tac.adx.props.AdxQuery;@174cb21
09/04 17:10:00 INFO OrOmerShelly.OOSAgent|UNKNOWN Message Received: edu.umich.eecs.tac.props.AdvertiserInfo@bc76a1c1
09/04 17:10:00 INFO OrOmerShelly.Coordinator|Day 0 :BankStatus[0.000000]
09/04 17:10:00 INFO OrOmerShelly.Coordinator|tau.tac.adx.report.demand.InitialCampaignMessage[27111789,1250,1,5,[LOW_INCOME, YOUNG],2.0,1.5,demand,[]]
09/04 17:10:00 INFO OrOmerShelly.Coordinator|Day 0: Allocated campaign - Campaign ID 27111789: day 1 to 5 [LOW_INCOME, YOUNG], reach: 1250 coefs: (v=2.0, m=1.5) budget: 1.25
09/04 17:10:00 INFO OrOmerShelly.Coordinator|Day 0: Campaign opportunity - Campaign ID 6996495: day 2 to 11 [MALE, YOUNG], reach: 12500 coefs: (v=2.0, m=1.5) budget: 0.0
09/04 17:10:00 INFO OrOmerShelly.Coordinator|Day 0: Campaign total budget bid: 1001.3756273510156
09/04 17:10:00 INFO OrOmerShelly.Coordinator|Day 0: Initial ucs bid is 0.1676546468511137
09/04 17:10:00 INFO OrOmerShelly.Coordinator|Day 0 : Simulation Status Received
09/04 17:10:00 INFO bidders.ImpressionBidder|getDefaultDataset: Generating default instances for publisher - yahoo
09/04 17:10:00 INFO bidders.ImpressionBidder|getDefaultDataset: Getting averaged publisher stats as there is no record for publisher yahoo
09/04 17:10:00 INFO bidders.ImpressionBidder|getDefaultDataset: PublisherStats for publisher yahoo are: Popularity = 1600; VideoOrientation = 800; TextOrientation = 800
09/04 17:10:00 INFO bidders.ImpressionBidder|getDefaultDataset: Adding instance - [1.0, 1.0, 1.0, 0.36800000000000005, 1.25, 312.5, 1.140873015873016, 0.0]
09/04 17:10:00 INFO bidders.ImpressionBidder|getDefaultDataset: Adding instance - [1.0, 2.0, 1.0, 0.36800000000000005, 1.25, 312.5, 2.281746031746032, 0.0]
09/04 17:10:00 INFO bidders.ImpressionBidder|getDefaultDataset: Adding instance - [2.0, 1.0, 1.0, 0.36800000000000005, 1.25, 312.5, 1.7113095238095242, 0.0]
09/04 17:10:00 INFO bidders.ImpressionBidder|getDefaultDataset: Adding instance - [2.0, 2.0, 1.0, 0.36800000000000005, 1.25, 312.5, 3.4226190476190483, 0.0]
09/04 17:10:00 INFO bidders.ImpressionBidder|getDefaultDataset: Generating default instances for publisher - amazon
09/04 17:10:00 INFO bidders.ImpressionBidder|getDefaultDataset: Getting averaged publisher stats as there is no record for publisher amazon
09/04 17:10:00 INFO bidders.ImpressionBidder|getDefaultDataset: PublisherStats for publisher amazon are: Popularity = 1280; VideoOrientation = 640; TextOrientation = 640
09/04 17:10:00 INFO bidders.ImpressionBidder|getDefaultDataset: Adding instance - [1.0, 1.0, 1.0, 0.3157, 1.25, 312.5, 0.8185882011284433, 0.0]
09/04 17:10:00 INFO bidders.ImpressionBidder|getDefaultDataset: Adding instance - [1.0, 2.0, 1.0, 0.3157, 1.25, 312.5, 1.6371764022568867, 0.0]
09/04 17:10:00 INFO bidders.ImpressionBidder|getDefaultDataset: Adding instance - [2.0, 1.0, 1.0, 0.3157, 1.25, 312.5, 1.227882301692665, 0.0]
09/04 17:10:00 INFO bidders.ImpressionBidder|getDefaultDataset: Adding instance - [2.0, 2.0, 1.0, 0.3157, 1.25, 312.5, 2.45576460338533, 0.0]
09/04 17:10:00 INFO bidders.ImpressionBidder|getDefaultDataset: Generating default instances for publisher - fox
09/04 17:10:00 INFO bidders.ImpressionBidder|getDefaultDataset: Getting averaged publisher stats as there is no record for publisher fox
09/04 17:10:00 INFO bidders.ImpressionBidder|getDefaultDataset: PublisherStats for publisher fox are: Popularity = 310; VideoOrientation = 155; TextOrientation = 155
09/04 17:10:00 INFO bidders.ImpressionBidder|getDefaultDataset: Adding instance - [1.0, 1.0, 1.0, 0.29519999999999996, 1.25, 312.5, 0.6409811006114506, 0.0]
09/04 17:10:00 INFO bidders.ImpressionBidder|getDefaultDataset: Adding instance - [1.0, 2.0, 1.0, 0.29519999999999996, 1.25, 312.5, 1.2819622012229013, 0.0]
09/04 17:10:00 INFO bidders.ImpressionBidder|getDefaultDataset: Adding instance - [2.0, 1.0, 1.0, 0.29519999999999996, 1.25, 312.5, 0.9614716509171759, 0.0]
09/04 17:10:00 INFO bidders.ImpressionBidder|getDefaultDataset: Adding instance - [2.0, 2.0, 1.0, 0.29519999999999996, 1.25, 312.5, 1.9229433018343518, 0.0]
09/04 17:10:00 INFO bidders.ImpressionBidder|getDefaultDataset: Generating default instances for publisher - msn
09/04 17:10:00 INFO bidders.ImpressionBidder|getDefaultDataset: Getting averaged publisher stats as there is no record for publisher msn
09/04 17:10:00 INFO bidders.ImpressionBidder|getDefaultDataset: PublisherStats for publisher msn are: Popularity = 1820; VideoOrientation = 910; TextOrientation = 910
09/04 17:10:00 INFO bidders.ImpressionBidder|getDefaultDataset: Adding instance - [1.0, 1.0, 1.0, 0.3268, 1.25, 312.5, 0.8120626590330787, 0.0]
09/04 17:10:00 INFO bidders.ImpressionBidder|getDefaultDataset: Adding instance - [1.0, 2.0, 1.0, 0.3268, 1.25, 312.5, 1.6241253180661575, 0.0]
09/04 17:10:00 INFO bidders.ImpressionBidder|getDefaultDataset: Adding instance - [2.0, 1.0, 1.0, 0.3268, 1.25, 312.5, 1.218093988549618, 0.0]
09/04 17:10:00 INFO bidders.ImpressionBidder|getDefaultDataset: Adding instance - [2.0, 2.0, 1.0, 0.3268, 1.25, 312.5, 2.436187977099236, 0.0]
09/04 17:10:00 INFO bidders.ImpressionBidder|getDefaultDataset: Generating default instances for publisher - hfn
09/04 17:10:00 INFO bidders.ImpressionBidder|getDefaultDataset: Getting averaged publisher stats as there is no record for publisher hfn
09/04 17:10:00 INFO bidders.ImpressionBidder|getDefaultDataset: PublisherStats for publisher hfn are: Popularity = 810; VideoOrientation = 405; TextOrientation = 405
09/04 17:10:00 INFO bidders.ImpressionBidder|getDefaultDataset: Adding instance - [1.0, 1.0, 1.0, 0.3182, 1.25, 312.5, 0.7162021031403053, 0.0]
09/04 17:10:00 INFO bidders.ImpressionBidder|getDefaultDataset: Adding instance - [1.0, 2.0, 1.0, 0.3182, 1.25, 312.5, 1.4324042062806106, 0.0]
09/04 17:10:00 INFO bidders.ImpressionBidder|getDefaultDataset: Adding instance - [2.0, 1.0, 1.0, 0.3182, 1.25, 312.5, 1.074303154710458, 0.0]
09/04 17:10:00 INFO bidders.ImpressionBidder|getDefaultDataset: Adding instance - [2.0, 2.0, 1.0, 0.3182, 1.25, 312.5, 2.148606309420916, 0.0]
09/04 17:10:00 INFO bidders.ImpressionBidder|getDefaultDataset: Generating default instances for publisher - ebay
09/04 17:10:00 INFO bidders.ImpressionBidder|getDefaultDataset: Getting averaged publisher stats as there is no record for publisher ebay
09/04 17:10:00 INFO bidders.ImpressionBidder|getDefaultDataset: PublisherStats for publisher ebay are: Popularity = 850; VideoOrientation = 425; TextOrientation = 425
09/04 17:10:00 INFO bidders.ImpressionBidder|getDefaultDataset: Adding instance - [1.0, 1.0, 1.0, 0.3157, 1.25, 312.5, 0.8345140416173236, 0.0]
09/04 17:10:00 INFO bidders.ImpressionBidder|getDefaultDataset: Adding instance - [1.0, 2.0, 1.0, 0.3157, 1.25, 312.5, 1.6690280832346471, 0.0]
09/04 17:10:00 INFO bidders.ImpressionBidder|getDefaultDataset: Adding instance - [2.0, 1.0, 1.0, 0.3157, 1.25, 312.5, 1.2517710624259855, 0.0]
09/04 17:10:00 INFO bidders.ImpressionBidder|getDefaultDataset: Adding instance - [2.0, 2.0, 1.0, 0.3157, 1.25, 312.5, 2.503542124851971, 0.0]
09/04 17:10:01 INFO OrOmerShelly.Coordinator|Initialized ImpressionBidder
09/04 17:10:01 INFO OrOmerShelly.Coordinator|Fetching active campaigns from: [Campaign ID 27111789: day 1 to 5 [LOW_INCOME, YOUNG], reach: 1250 coefs: (v=2.0, m=1.5) budget: 1.25]
09/04 17:10:01 INFO OrOmerShelly.Coordinator|campaign Campaign ID 27111789: day 1 to 5 [LOW_INCOME, YOUNG], reach: 1250 coefs: (v=2.0, m=1.5) budget: 1.25 is active
09/04 17:10:01 INFO bidders.ImpressionBidder|fillBidBundle: Filling bid bundle for yahoo
09/04 17:10:01 INFO bidders.ImpressionBidder|fillBidBundle: marketSegmentDistribution for publisher is: [ImpParams = MarketSegments=[FEMALE, YOUNG]; Device=pc; AdType=text ; Weight = 0.0, ImpParams = MarketSegments=[FEMALE, YOUNG]; Device=pc; AdType=video ; Weight = 0.0, ImpParams = MarketSegments=[FEMALE, YOUNG]; Device=mobile; AdType=text ; Weight = 0.0, ImpParams = MarketSegments=[FEMALE, YOUNG]; Device=mobile; AdType=video ; Weight = 0.0, ImpParams = MarketSegments=[FEMALE, OLD]; Device=pc; AdType=text ; Weight = 0.0, ImpParams = MarketSegments=[FEMALE, OLD]; Device=pc; AdType=video ; Weight = 0.0, ImpParams = MarketSegments=[FEMALE, OLD]; Device=mobile; AdType=text ; Weight = 0.0, ImpParams = MarketSegments=[FEMALE, OLD]; Device=mobile; AdType=video ; Weight = 0.0, ImpParams = MarketSegments=[MALE, YOUNG]; Device=pc; AdType=text ; Weight = 0.0, ImpParams = MarketSegments=[MALE, YOUNG]; Device=pc; AdType=video ; Weight = 0.0, ImpParams = MarketSegments=[MALE, YOUNG]; Device=mobile; AdType=text ; Weight = 0.0, ImpParams = MarketSegments=[MALE, YOUNG]; Device=mobile; AdType=video ; Weight = 0.0, ImpParams = MarketSegments=[MALE, OLD]; Device=pc; AdType=text ; Weight = 0.0, ImpParams = MarketSegments=[MALE, OLD]; Device=pc; AdType=video ; Weight = 0.0, ImpParams = MarketSegments=[MALE, OLD]; Device=mobile; AdType=text ; Weight = 0.0, ImpParams = MarketSegments=[MALE, OLD]; Device=mobile; AdType=video ; Weight = 0.0, ImpParams = MarketSegments=[LOW_INCOME, FEMALE]; Device=pc; AdType=text ; Weight = 0.0, ImpParams = MarketSegments=[LOW_INCOME, FEMALE]; Device=pc; AdType=video ; Weight = 0.0, ImpParams = MarketSegments=[LOW_INCOME, FEMALE]; Device=mobile; AdType=text ; Weight = 0.0, ImpParams = MarketSegments=[LOW_INCOME, FEMALE]; Device=mobile; AdType=video ; Weight = 0.0, ImpParams = MarketSegments=[FEMALE, HIGH_INCOME]; Device=pc; AdType=text ; Weight = 0.0, ImpParams = MarketSegments=[FEMALE, HIGH_INCOME]; Device=pc; AdType=video ; Weight = 0.0, ImpParams = MarketSegments=[FEMALE, HIGH_INCOME]; Device=mobile; AdType=text ; Weight = 0.0, ImpParams = MarketSegments=[FEMALE, HIGH_INCOME]; Device=mobile; AdType=video ; Weight = 0.0, ImpParams = MarketSegments=[MALE, LOW_INCOME]; Device=pc; AdType=text ; Weight = 0.0, ImpParams = MarketSegments=[MALE, LOW_INCOME]; Device=pc; AdType=video ; Weight = 0.0, ImpParams = MarketSegments=[MALE, LOW_INCOME]; Device=mobile; AdType=text ; Weight = 0.0, ImpParams = MarketSegments=[MALE, LOW_INCOME]; Device=mobile; AdType=video ; Weight = 0.0, ImpParams = MarketSegments=[MALE, HIGH_INCOME]; Device=pc; AdType=text ; Weight = 0.0, ImpParams = MarketSegments=[MALE, HIGH_INCOME]; Device=pc; AdType=video ; Weight = 0.0, ImpParams = MarketSegments=[MALE, HIGH_INCOME]; Device=mobile; AdType=text ; Weight = 0.0, ImpParams = MarketSegments=[MALE, HIGH_INCOME]; Device=mobile; AdType=video ; Weight = 0.0, ImpParams = MarketSegments=[LOW_INCOME, YOUNG]; Device=pc; AdType=text ; Weight = 0.0, ImpParams = MarketSegments=[LOW_INCOME, YOUNG]; Device=pc; AdType=video ; Weight = 0.0, ImpParams = MarketSegments=[LOW_INCOME, YOUNG]; Device=mobile; AdType=text ; Weight = 0.0, ImpParams = MarketSegments=[LOW_INCOME, YOUNG]; Device=mobile; AdType=video ; Weight = 0.0, ImpParams = MarketSegments=[YOUNG, HIGH_INCOME]; Device=pc; AdType=text ; Weight = 0.0, ImpParams = MarketSegments=[YOUNG, HIGH_INCOME]; Device=pc; AdType=video ; Weight = 0.0, ImpParams = MarketSegments=[YOUNG, HIGH_INCOME]; Device=mobile; AdType=text ; Weight = 0.0, ImpParams = MarketSegments=[YOUNG, HIGH_INCOME]; Device=mobile; AdType=video ; Weight = 0.0, ImpParams = MarketSegments=[LOW_INCOME, OLD]; Device=pc; AdType=text ; Weight = 0.0, ImpParams = MarketSegments=[LOW_INCOME, OLD]; Device=pc; AdType=video ; Weight = 0.0, ImpParams = MarketSegments=[LOW_INCOME, OLD]; Device=mobile; AdType=text ; Weight = 0.0, ImpParams = MarketSegments=[LOW_INCOME, OLD]; Device=mobile; AdType=video ; Weight = 0.0, ImpParams = MarketSegments=[OLD, HIGH_INCOME]; Device=pc; AdType=text ; Weight = 0.0, ImpParams = MarketSegments=[OLD, HIGH_INCOME]; Device=pc; AdType=video ; Weight = 0.0, ImpParams = MarketSegments=[OLD, HIGH_INCOME]; Device=mobile; AdType=text ; Weight = 0.0, ImpParams = MarketSegments=[OLD, HIGH_INCOME]; Device=mobile; AdType=video ; Weight = 0.0]
09/04 17:10:01 INFO bidders.ImpressionBidder|fillBidBundle: Sorted marketSegmentDistribution for publisher is: [ImpParams = MarketSegments=[FEMALE, YOUNG]; Device=pc; AdType=text ; Weight = 0.0, ImpParams = MarketSegments=[FEMALE, YOUNG]; Device=pc; AdType=video ; Weight = 0.0, ImpParams = MarketSegments=[FEMALE, YOUNG]; Device=mobile; AdType=text ; Weight = 0.0, ImpParams = MarketSegments=[FEMALE, YOUNG]; Device=mobile; AdType=video ; Weight = 0.0, ImpParams = MarketSegments=[FEMALE, OLD]; Device=pc; AdType=text ; Weight = 0.0, ImpParams = MarketSegments=[FEMALE, OLD]; Device=pc; AdType=video ; Weight = 0.0, ImpParams = MarketSegments=[FEMALE, OLD]; Device=mobile; AdType=text ; Weight = 0.0, ImpParams = MarketSegments=[FEMALE, OLD]; Device=mobile; AdType=video ; Weight = 0.0, ImpParams = MarketSegments=[MALE, YOUNG]; Device=pc; AdType=text ; Weight = 0.0, ImpParams = MarketSegments=[MALE, YOUNG]; Device=pc; AdType=video ; Weight = 0.0, ImpParams = MarketSegments=[MALE, YOUNG]; Device=mobile; AdType=text ; Weight = 0.0, ImpParams = MarketSegments=[MALE, YOUNG]; Device=mobile; AdType=video ; Weight = 0.0, ImpParams = MarketSegments=[MALE, OLD]; Device=pc; AdType=text ; Weight = 0.0, ImpParams = MarketSegments=[MALE, OLD]; Device=pc; AdType=video ; Weight = 0.0, ImpParams = MarketSegments=[MALE, OLD]; Device=mobile; AdType=text ; Weight = 0.0, ImpParams = MarketSegments=[MALE, OLD]; Device=mobile; AdType=video ; Weight = 0.0, ImpParams = MarketSegments=[LOW_INCOME, FEMALE]; Device=pc; AdType=text ; Weight = 0.0, ImpParams = MarketSegments=[LOW_INCOME, FEMALE]; Device=pc; AdType=video ; Weight = 0.0, ImpParams = MarketSegments=[LOW_INCOME, FEMALE]; Device=mobile; AdType=text ; Weight = 0.0, ImpParams = MarketSegments=[LOW_INCOME, FEMALE]; Device=mobile; AdType=video ; Weight = 0.0, ImpParams = MarketSegments=[FEMALE, HIGH_INCOME]; Device=pc; AdType=text ; Weight = 0.0, ImpParams = MarketSegments=[FEMALE, HIGH_INCOME]; Device=pc; AdType=video ; Weight = 0.0, ImpParams = MarketSegments=[FEMALE, HIGH_INCOME]; Device=mobile; AdType=text ; Weight = 0.0, ImpParams = MarketSegments=[FEMALE, HIGH_INCOME]; Device=mobile; AdType=video ; Weight = 0.0, ImpParams = MarketSegments=[MALE, LOW_INCOME]; Device=pc; AdType=text ; Weight = 0.0, ImpParams = MarketSegments=[MALE, LOW_INCOME]; Device=pc; AdType=video ; Weight = 0.0, ImpParams = MarketSegments=[MALE, LOW_INCOME]; Device=mobile; AdType=text ; Weight = 0.0, ImpParams = MarketSegments=[MALE, LOW_INCOME]; Device=mobile; AdType=video ; Weight = 0.0, ImpParams = MarketSegments=[MALE, HIGH_INCOME]; Device=pc; AdType=text ; Weight = 0.0, ImpParams = MarketSegments=[MALE, HIGH_INCOME]; Device=pc; AdType=video ; Weight = 0.0, ImpParams = MarketSegments=[MALE, HIGH_INCOME]; Device=mobile; AdType=text ; Weight = 0.0, ImpParams = MarketSegments=[MALE, HIGH_INCOME]; Device=mobile; AdType=video ; Weight = 0.0, ImpParams = MarketSegments=[LOW_INCOME, YOUNG]; Device=pc; AdType=text ; Weight = 0.0, ImpParams = MarketSegments=[LOW_INCOME, YOUNG]; Device=pc; AdType=video ; Weight = 0.0, ImpParams = MarketSegments=[LOW_INCOME, YOUNG]; Device=mobile; AdType=text ; Weight = 0.0, ImpParams = MarketSegments=[LOW_INCOME, YOUNG]; Device=mobile; AdType=video ; Weight = 0.0, ImpParams = MarketSegments=[YOUNG, HIGH_INCOME]; Device=pc; AdType=text ; Weight = 0.0, ImpParams = MarketSegments=[YOUNG, HIGH_INCOME]; Device=pc; AdType=video ; Weight = 0.0, ImpParams = MarketSegments=[YOUNG, HIGH_INCOME]; Device=mobile; AdType=text ; Weight = 0.0, ImpParams = MarketSegments=[YOUNG, HIGH_INCOME]; Device=mobile; AdType=video ; Weight = 0.0, ImpParams = MarketSegments=[LOW_INCOME, OLD]; Device=pc; AdType=text ; Weight = 0.0, ImpParams = MarketSegments=[LOW_INCOME, OLD]; Device=pc; AdType=video ; Weight = 0.0, ImpParams = MarketSegments=[LOW_INCOME, OLD]; Device=mobile; AdType=text ; Weight = 0.0, ImpParams = MarketSegments=[LOW_INCOME, OLD]; Device=mobile; AdType=video ; Weight = 0.0, ImpParams = MarketSegments=[OLD, HIGH_INCOME]; Device=pc; AdType=text ; Weight = 0.0, ImpParams = MarketSegments=[OLD, HIGH_INCOME]; Device=pc; AdType=video ; Weight = 0.0, ImpParams = MarketSegments=[OLD, HIGH_INCOME]; Device=mobile; AdType=text ; Weight = 0.0, ImpParams = MarketSegments=[OLD, HIGH_INCOME]; Device=mobile; AdType=video ; Weight = 0.0]
09/04 17:10:01 INFO bidders.ImpressionBidder|fillBidBundle: Working on impParams = MarketSegments=[FEMALE, YOUNG]; Device=pc; AdType=text
09/04 17:10:01 WARNING bidders.ImpressionBidder|Failed to get initial bid: java.lang.NullPointerException Stack: [OrOmerShelly.oos.bidders.ImpressionBidder.generateFirstInstance(ImpressionBidder.java:381), OrOmerShelly.oos.bidders.ImpressionBidder.initialBid(ImpressionBidder.java:401), OrOmerShelly.oos.bidders.ImpressionBidder.fillBidBundle(ImpressionBidder.java:289), OrOmerShelly.Coordinator.calculateAndSendBidBundle(Coordinator.java:399), OrOmerShelly.Coordinator.handleSimulationStatus(Coordinator.java:363), OrOmerShelly.OOSAgent.messageReceived(OOSAgent.java:71), se.sics.tasim.aw.AgentService.deliverToAgent(AgentService.java:130), tau.tac.adx.agentware.AgentServiceImpl.deliverToAgent(AgentServiceImpl.java:134), tau.tac.adx.agentware.SimClient.run(SimClient.java:439), java.lang.Thread.run(Unknown Source)]
09/04 17:10:01 WARNING bidders.ImpressionBidder|Failed to get last bid averaged - maybe there's no last bid: [OrOmerShelly.oos.bidders.ImpressionBidder.getLastBidAveraged(ImpressionBidder.java:414), OrOmerShelly.oos.bidders.ImpressionBidder.fillBidBundle(ImpressionBidder.java:294), OrOmerShelly.Coordinator.calculateAndSendBidBundle(Coordinator.java:399), OrOmerShelly.Coordinator.handleSimulationStatus(Coordinator.java:363), OrOmerShelly.OOSAgent.messageReceived(OOSAgent.java:71), se.sics.tasim.aw.AgentService.deliverToAgent(AgentService.java:130), tau.tac.adx.agentware.AgentServiceImpl.deliverToAgent(AgentServiceImpl.java:134), tau.tac.adx.agentware.SimClient.run(SimClient.java:439), java.lang.Thread.run(Unknown Source)]
09/04 17:10:01 SEVERE OrOmerShelly.Coordinator|Exception in running classifier: java.lang.NullPointerException - [OrOmerShelly.oos.bidders.ImpressionBidder.getLastBidAveraged(ImpressionBidder.java:414), OrOmerShelly.oos.bidders.ImpressionBidder.fillBidBundle(ImpressionBidder.java:294), OrOmerShelly.Coordinator.calculateAndSendBidBundle(Coordinator.java:399), OrOmerShelly.Coordinator.handleSimulationStatus(Coordinator.java:363), OrOmerShelly.OOSAgent.messageReceived(OOSAgent.java:71), se.sics.tasim.aw.AgentService.deliverToAgent(AgentService.java:130), tau.tac.adx.agentware.AgentServiceImpl.deliverToAgent(AgentServiceImpl.java:134), tau.tac.adx.agentware.SimClient.run(SimClient.java:439), java.lang.Thread.run(Unknown Source)]
09/04 17:10:01 WARNING OrOmerShelly.Coordinator|BidBundle is null! Getting default BidBundle
09/04 17:10:01 INFO bidders.ImpressionBidder|Default bid bundle bid for Campaign ID 27111789: day 1 to 5 [LOW_INCOME, YOUNG], reach: 1250 coefs: (v=2.0, m=1.5) budget: 1.25 will be 0.24143522817011698 where our rnd was 0.24143522817011698
09/04 17:10:01 INFO OrOmerShelly.Coordinator|Day 0 ended. Starting next day
