08/04 21:17:00 INFO OrOmerShelly.Coordinator|Got publisherCatalog: cnn ; yahoo ; fox ; wallmart ; ebay ; bestbuy ; 
08/04 21:17:00 INFO OrOmerShelly.Coordinator|Available queries: [Ltau.tac.adx.props.AdxQuery;@1a02097
08/04 21:17:00 INFO OrOmerShelly.OOSAgent|UNKNOWN Message Received: edu.umich.eecs.tac.props.AdvertiserInfo@bc76a1c1
08/04 21:17:00 INFO OrOmerShelly.Coordinator|Day 0 :BankStatus[0.000000]
08/04 21:17:00 INFO OrOmerShelly.Coordinator|tau.tac.adx.report.demand.InitialCampaignMessage[13682107,1250,1,5,[YOUNG, FEMALE],2.0,1.5,demand,[]]
08/04 21:17:00 INFO OrOmerShelly.Coordinator|Day 0: Allocated campaign - Campaign ID 13682107: day 1 to 5 [YOUNG, FEMALE], reach: 1250 coefs: (v=2.0, m=1.5) budget: 1.25
08/04 21:17:00 INFO OrOmerShelly.Coordinator|Day 0: Campaign opportunity - Campaign ID 25376529: day 2 to 4 [YOUNG, FEMALE], reach: 12500 coefs: (v=2.0, m=1.5) budget: 0.0
08/04 21:17:00 INFO OrOmerShelly.Coordinator|Day 0: Campaign total budget bid: 3361.3102987740194
08/04 21:17:00 INFO OrOmerShelly.Coordinator|Day 0: Initial ucs bid is 0.17244228763083577
08/04 21:17:00 INFO OrOmerShelly.Coordinator|Day 0 : Simulation Status Received
08/04 21:17:00 INFO OrOmerShelly.Coordinator|Initialized ImpressionBidder
08/04 21:17:00 INFO OrOmerShelly.Coordinator|Fetching active campaigns from: [Campaign ID 13682107: day 1 to 5 [YOUNG, FEMALE], reach: 1250 coefs: (v=2.0, m=1.5) budget: 1.25]
08/04 21:17:00 INFO OrOmerShelly.Coordinator|campaign Campaign ID 13682107: day 1 to 5 [YOUNG, FEMALE], reach: 1250 coefs: (v=2.0, m=1.5) budget: 1.25 is active
08/04 21:17:00 INFO bidders.ImpressionBidder|fillBidBundle: Filling bid bundle for cnn
08/04 21:17:00 SEVERE OrOmerShelly.Coordinator|Exception in running classifier: java.lang.NullPointerException - [OrOmerShelly.UserAnalyzer.calcMarketSegmentsDistribution(UserAnalyzer.java:98), OrOmerShelly.oos.bidders.ImpressionBidder.fillBidBundle(ImpressionBidder.java:203), OrOmerShelly.Coordinator.calculateAndSendBidBundle(Coordinator.java:397), OrOmerShelly.Coordinator.handleSimulationStatus(Coordinator.java:361), OrOmerShelly.OOSAgent.messageReceived(OOSAgent.java:71), se.sics.tasim.aw.AgentService.deliverToAgent(AgentService.java:130), tau.tac.adx.agentware.AgentServiceImpl.deliverToAgent(AgentServiceImpl.java:134), tau.tac.adx.agentware.SimClient.run(SimClient.java:439), java.lang.Thread.run(Unknown Source)]
08/04 21:17:00 WARNING OrOmerShelly.Coordinator|BidBundle is null! Getting default BidBundle
08/04 21:17:00 INFO bidders.ImpressionBidder|Default bid bundle bid for Campaign ID 13682107: day 1 to 5 [YOUNG, FEMALE], reach: 1250 coefs: (v=2.0, m=1.5) budget: 1.25 will be 0.8540129370004796 where our rnd was 0.8540129370004796
08/04 21:17:00 INFO bidders.ImpressionBidder|Day 0: Updated 168 Bid Bundle entries for Campaign id 13682107
08/04 21:17:00 INFO OrOmerShelly.Coordinator|Day 0 ended. Starting next day
09/04 17:17:00 INFO OrOmerShelly.Coordinator|Got publisherCatalog: target ; yahoo ; amazon ; hfn ; bestbuy ; sears ; 
09/04 17:17:00 INFO OrOmerShelly.Coordinator|Available queries: [Ltau.tac.adx.props.AdxQuery;@1be0369
09/04 17:17:00 INFO OrOmerShelly.OOSAgent|UNKNOWN Message Received: edu.umich.eecs.tac.props.AdvertiserInfo@bc76a1c1
09/04 17:17:00 INFO OrOmerShelly.Coordinator|Day 0 :BankStatus[0.000000]
09/04 17:17:00 INFO OrOmerShelly.Coordinator|tau.tac.adx.report.demand.InitialCampaignMessage[27402122,1250,1,5,[LOW_INCOME, YOUNG],2.0,1.5,demand,[]]
09/04 17:17:00 INFO OrOmerShelly.Coordinator|Day 0: Allocated campaign - Campaign ID 27402122: day 1 to 5 [LOW_INCOME, YOUNG], reach: 1250 coefs: (v=2.0, m=1.5) budget: 1.25
09/04 17:17:00 INFO OrOmerShelly.Coordinator|Day 0: Campaign opportunity - Campaign ID 12526314: day 2 to 6 [FEMALE, HIGH_INCOME], reach: 12500 coefs: (v=2.0, m=1.5) budget: 0.0
09/04 17:17:00 INFO OrOmerShelly.Coordinator|Day 0: Campaign total budget bid: 1990.3498191551432
09/04 17:17:00 INFO OrOmerShelly.Coordinator|Day 0: Initial ucs bid is 0.13412461263848768
09/04 17:17:00 INFO OrOmerShelly.Coordinator|Day 0 : Simulation Status Received
09/04 17:17:00 INFO bidders.ImpressionBidder|getDefaultDataset: Generating default instances for publisher - target
09/04 17:17:00 INFO bidders.ImpressionBidder|getDefaultDataset: Getting averaged publisher stats as there is no record for publisher target
09/04 17:17:00 INFO bidders.ImpressionBidder|getDefaultDataset: PublisherStats for publisher target are: Popularity = 200; VideoOrientation = 100; TextOrientation = 100
09/04 17:17:00 INFO bidders.ImpressionBidder|getDefaultDataset: Adding instance - [1.0, 1.0, 1.0, 0.31679999999999997, 1.25, 312.5, 0.6499474789915964, 0.0]
09/04 17:17:00 INFO bidders.ImpressionBidder|getDefaultDataset: Adding instance - [1.0, 2.0, 1.0, 0.31679999999999997, 1.25, 312.5, 1.2998949579831929, 0.0]
09/04 17:17:00 INFO bidders.ImpressionBidder|getDefaultDataset: Adding instance - [2.0, 1.0, 1.0, 0.31679999999999997, 1.25, 312.5, 0.9749212184873947, 0.0]
09/04 17:17:00 INFO bidders.ImpressionBidder|getDefaultDataset: Adding instance - [2.0, 2.0, 1.0, 0.31679999999999997, 1.25, 312.5, 1.9498424369747893, 0.0]
09/04 17:17:00 INFO bidders.ImpressionBidder|getDefaultDataset: Generating default instances for publisher - yahoo
09/04 17:17:00 INFO bidders.ImpressionBidder|getDefaultDataset: Getting averaged publisher stats as there is no record for publisher yahoo
09/04 17:17:00 INFO bidders.ImpressionBidder|getDefaultDataset: PublisherStats for publisher yahoo are: Popularity = 1600; VideoOrientation = 800; TextOrientation = 800
09/04 17:17:00 INFO bidders.ImpressionBidder|getDefaultDataset: Adding instance - [1.0, 1.0, 1.0, 0.36800000000000005, 1.25, 312.5, 1.140873015873016, 0.0]
09/04 17:17:00 INFO bidders.ImpressionBidder|getDefaultDataset: Adding instance - [1.0, 2.0, 1.0, 0.36800000000000005, 1.25, 312.5, 2.281746031746032, 0.0]
09/04 17:17:00 INFO bidders.ImpressionBidder|getDefaultDataset: Adding instance - [2.0, 1.0, 1.0, 0.36800000000000005, 1.25, 312.5, 1.7113095238095242, 0.0]
09/04 17:17:00 INFO bidders.ImpressionBidder|getDefaultDataset: Adding instance - [2.0, 2.0, 1.0, 0.36800000000000005, 1.25, 312.5, 3.4226190476190483, 0.0]
09/04 17:17:00 INFO bidders.ImpressionBidder|getDefaultDataset: Generating default instances for publisher - amazon
09/04 17:17:00 INFO bidders.ImpressionBidder|getDefaultDataset: Getting averaged publisher stats as there is no record for publisher amazon
09/04 17:17:00 INFO bidders.ImpressionBidder|getDefaultDataset: PublisherStats for publisher amazon are: Popularity = 1280; VideoOrientation = 640; TextOrientation = 640
09/04 17:17:00 INFO bidders.ImpressionBidder|getDefaultDataset: Adding instance - [1.0, 1.0, 1.0, 0.3157, 1.25, 312.5, 0.8185882011284433, 0.0]
09/04 17:17:00 INFO bidders.ImpressionBidder|getDefaultDataset: Adding instance - [1.0, 2.0, 1.0, 0.3157, 1.25, 312.5, 1.6371764022568867, 0.0]
09/04 17:17:00 INFO bidders.ImpressionBidder|getDefaultDataset: Adding instance - [2.0, 1.0, 1.0, 0.3157, 1.25, 312.5, 1.227882301692665, 0.0]
09/04 17:17:00 INFO bidders.ImpressionBidder|getDefaultDataset: Adding instance - [2.0, 2.0, 1.0, 0.3157, 1.25, 312.5, 2.45576460338533, 0.0]
09/04 17:17:00 INFO bidders.ImpressionBidder|getDefaultDataset: Generating default instances for publisher - hfn
09/04 17:17:00 INFO bidders.ImpressionBidder|getDefaultDataset: Getting averaged publisher stats as there is no record for publisher hfn
09/04 17:17:00 INFO bidders.ImpressionBidder|getDefaultDataset: PublisherStats for publisher hfn are: Popularity = 810; VideoOrientation = 405; TextOrientation = 405
09/04 17:17:00 INFO bidders.ImpressionBidder|getDefaultDataset: Adding instance - [1.0, 1.0, 1.0, 0.3182, 1.25, 312.5, 0.7162021031403053, 0.0]
09/04 17:17:00 INFO bidders.ImpressionBidder|getDefaultDataset: Adding instance - [1.0, 2.0, 1.0, 0.3182, 1.25, 312.5, 1.4324042062806106, 0.0]
09/04 17:17:00 INFO bidders.ImpressionBidder|getDefaultDataset: Adding instance - [2.0, 1.0, 1.0, 0.3182, 1.25, 312.5, 1.074303154710458, 0.0]
09/04 17:17:00 INFO bidders.ImpressionBidder|getDefaultDataset: Adding instance - [2.0, 2.0, 1.0, 0.3182, 1.25, 312.5, 2.148606309420916, 0.0]
09/04 17:17:00 INFO bidders.ImpressionBidder|getDefaultDataset: Generating default instances for publisher - bestbuy
09/04 17:17:00 INFO bidders.ImpressionBidder|getDefaultDataset: Getting averaged publisher stats as there is no record for publisher bestbuy
09/04 17:17:00 INFO bidders.ImpressionBidder|getDefaultDataset: PublisherStats for publisher bestbuy are: Popularity = 160; VideoOrientation = 80; TextOrientation = 80
09/04 17:17:00 INFO bidders.ImpressionBidder|getDefaultDataset: Adding instance - [1.0, 1.0, 1.0, 0.29724999999999996, 1.25, 312.5, 0.6446261276891047, 0.0]
09/04 17:17:00 INFO bidders.ImpressionBidder|getDefaultDataset: Adding instance - [1.0, 2.0, 1.0, 0.29724999999999996, 1.25, 312.5, 1.2892522553782093, 0.0]
09/04 17:17:00 INFO bidders.ImpressionBidder|getDefaultDataset: Adding instance - [2.0, 1.0, 1.0, 0.29724999999999996, 1.25, 312.5, 0.9669391915336569, 0.0]
09/04 17:17:00 INFO bidders.ImpressionBidder|getDefaultDataset: Adding instance - [2.0, 2.0, 1.0, 0.29724999999999996, 1.25, 312.5, 1.9338783830673139, 0.0]
09/04 17:17:00 INFO bidders.ImpressionBidder|getDefaultDataset: Generating default instances for publisher - sears
09/04 17:17:00 INFO bidders.ImpressionBidder|getDefaultDataset: Getting averaged publisher stats as there is no record for publisher sears
09/04 17:17:00 INFO bidders.ImpressionBidder|getDefaultDataset: PublisherStats for publisher sears are: Popularity = 160; VideoOrientation = 80; TextOrientation = 80
09/04 17:17:00 INFO bidders.ImpressionBidder|getDefaultDataset: Adding instance - [1.0, 1.0, 1.0, 0.26599999999999996, 1.25, 312.5, 0.5188826466916353, 0.0]
09/04 17:17:00 INFO bidders.ImpressionBidder|getDefaultDataset: Adding instance - [1.0, 2.0, 1.0, 0.26599999999999996, 1.25, 312.5, 1.0377652933832706, 0.0]
09/04 17:17:00 INFO bidders.ImpressionBidder|getDefaultDataset: Adding instance - [2.0, 1.0, 1.0, 0.26599999999999996, 1.25, 312.5, 0.7783239700374529, 0.0]
09/04 17:17:00 INFO bidders.ImpressionBidder|getDefaultDataset: Adding instance - [2.0, 2.0, 1.0, 0.26599999999999996, 1.25, 312.5, 1.5566479400749058, 0.0]
09/04 17:17:00 INFO OrOmerShelly.Coordinator|Initialized ImpressionBidder
09/04 17:17:00 INFO OrOmerShelly.Coordinator|Fetching active campaigns from: [Campaign ID 27402122: day 1 to 5 [LOW_INCOME, YOUNG], reach: 1250 coefs: (v=2.0, m=1.5) budget: 1.25]
09/04 17:17:00 INFO OrOmerShelly.Coordinator|campaign Campaign ID 27402122: day 1 to 5 [LOW_INCOME, YOUNG], reach: 1250 coefs: (v=2.0, m=1.5) budget: 1.25 is active
09/04 17:17:00 INFO bidders.ImpressionBidder|fillBidBundle: Filling bid bundle for target
09/04 17:17:00 INFO bidders.ImpressionBidder|fillBidBundle: marketSegmentDistribution for publisher is: [ImpParams = MarketSegments=[FEMALE, YOUNG]; Device=pc; AdType=text ; Weight = 0.001938816, ImpParams = MarketSegments=[FEMALE, YOUNG]; Device=pc; AdType=video ; Weight = 0.001938816, ImpParams = MarketSegments=[FEMALE, YOUNG]; Device=mobile; AdType=text ; Weight = 4.54784E-4, ImpParams = MarketSegments=[FEMALE, YOUNG]; Device=mobile; AdType=video ; Weight = 4.54784E-4, ImpParams = MarketSegments=[FEMALE, OLD]; Device=pc; AdType=text ; Weight = 0.002467584000000001, ImpParams = MarketSegments=[FEMALE, OLD]; Device=pc; AdType=video ; Weight = 0.002467584000000001, ImpParams = MarketSegments=[FEMALE, OLD]; Device=mobile; AdType=text ; Weight = 5.788160000000001E-4, ImpParams = MarketSegments=[FEMALE, OLD]; Device=mobile; AdType=video ; Weight = 5.788160000000001E-4, ImpParams = MarketSegments=[YOUNG, MALE]; Device=pc; AdType=text ; Weight = 0.001625184, ImpParams = MarketSegments=[YOUNG, MALE]; Device=pc; AdType=video ; Weight = 0.001625184, ImpParams = MarketSegments=[YOUNG, MALE]; Device=mobile; AdType=text ; Weight = 3.812160000000001E-4, ImpParams = MarketSegments=[YOUNG, MALE]; Device=mobile; AdType=video ; Weight = 3.812160000000001E-4, ImpParams = MarketSegments=[OLD, MALE]; Device=pc; AdType=text ; Weight = 0.0020684160000000004, ImpParams = MarketSegments=[OLD, MALE]; Device=pc; AdType=video ; Weight = 0.0020684160000000004, ImpParams = MarketSegments=[OLD, MALE]; Device=mobile; AdType=text ; Weight = 4.8518400000000005E-4, ImpParams = MarketSegments=[OLD, MALE]; Device=mobile; AdType=video ; Weight = 4.8518400000000005E-4, ImpParams = MarketSegments=[FEMALE, LOW_INCOME]; Device=pc; AdType=text ; Weight = 0.003172608000000001, ImpParams = MarketSegments=[FEMALE, LOW_INCOME]; Device=pc; AdType=video ; Weight = 0.003172608000000001, ImpParams = MarketSegments=[FEMALE, LOW_INCOME]; Device=mobile; AdType=text ; Weight = 7.441920000000001E-4, ImpParams = MarketSegments=[FEMALE, LOW_INCOME]; Device=mobile; AdType=video ; Weight = 7.441920000000001E-4, ImpParams = MarketSegments=[FEMALE, HIGH_INCOME]; Device=pc; AdType=text ; Weight = 0.0012337920000000005, ImpParams = MarketSegments=[FEMALE, HIGH_INCOME]; Device=pc; AdType=video ; Weight = 0.0012337920000000005, ImpParams = MarketSegments=[FEMALE, HIGH_INCOME]; Device=mobile; AdType=text ; Weight = 2.8940800000000006E-4, ImpParams = MarketSegments=[FEMALE, HIGH_INCOME]; Device=mobile; AdType=video ; Weight = 2.8940800000000006E-4, ImpParams = MarketSegments=[LOW_INCOME, MALE]; Device=pc; AdType=text ; Weight = 0.0026593920000000004, ImpParams = MarketSegments=[LOW_INCOME, MALE]; Device=pc; AdType=video ; Weight = 0.0026593920000000004, ImpParams = MarketSegments=[LOW_INCOME, MALE]; Device=mobile; AdType=text ; Weight = 6.23808E-4, ImpParams = MarketSegments=[LOW_INCOME, MALE]; Device=mobile; AdType=video ; Weight = 6.23808E-4, ImpParams = MarketSegments=[MALE, HIGH_INCOME]; Device=pc; AdType=text ; Weight = 0.0010342080000000002, ImpParams = MarketSegments=[MALE, HIGH_INCOME]; Device=pc; AdType=video ; Weight = 0.0010342080000000002, ImpParams = MarketSegments=[MALE, HIGH_INCOME]; Device=mobile; AdType=text ; Weight = 2.4259200000000002E-4, ImpParams = MarketSegments=[MALE, HIGH_INCOME]; Device=mobile; AdType=video ; Weight = 2.4259200000000002E-4, ImpParams = MarketSegments=[LOW_INCOME, YOUNG]; Device=pc; AdType=text ; Weight = 0.00256608, ImpParams = MarketSegments=[LOW_INCOME, YOUNG]; Device=pc; AdType=video ; Weight = 0.00256608, ImpParams = MarketSegments=[LOW_INCOME, YOUNG]; Device=mobile; AdType=text ; Weight = 6.019199999999999E-4, ImpParams = MarketSegments=[LOW_INCOME, YOUNG]; Device=mobile; AdType=video ; Weight = 6.019199999999999E-4, ImpParams = MarketSegments=[YOUNG, HIGH_INCOME]; Device=pc; AdType=text ; Weight = 9.979200000000002E-4, ImpParams = MarketSegments=[YOUNG, HIGH_INCOME]; Device=pc; AdType=video ; Weight = 9.979200000000002E-4, ImpParams = MarketSegments=[YOUNG, HIGH_INCOME]; Device=mobile; AdType=text ; Weight = 2.3408000000000006E-4, ImpParams = MarketSegments=[YOUNG, HIGH_INCOME]; Device=mobile; AdType=video ; Weight = 2.3408000000000006E-4, ImpParams = MarketSegments=[OLD, LOW_INCOME]; Device=pc; AdType=text ; Weight = 0.0032659200000000007, ImpParams = MarketSegments=[OLD, LOW_INCOME]; Device=pc; AdType=video ; Weight = 0.0032659200000000007, ImpParams = MarketSegments=[OLD, LOW_INCOME]; Device=mobile; AdType=text ; Weight = 7.660799999999999E-4, ImpParams = MarketSegments=[OLD, LOW_INCOME]; Device=mobile; AdType=video ; Weight = 7.660799999999999E-4, ImpParams = MarketSegments=[OLD, HIGH_INCOME]; Device=pc; AdType=text ; Weight = 0.0012700800000000005, ImpParams = MarketSegments=[OLD, HIGH_INCOME]; Device=pc; AdType=video ; Weight = 0.0012700800000000005, ImpParams = MarketSegments=[OLD, HIGH_INCOME]; Device=mobile; AdType=text ; Weight = 2.979200000000001E-4, ImpParams = MarketSegments=[OLD, HIGH_INCOME]; Device=mobile; AdType=video ; Weight = 2.979200000000001E-4]
09/04 17:17:00 INFO bidders.ImpressionBidder|fillBidBundle: Sorted marketSegmentDistribution for publisher is: [ImpParams = MarketSegments=[YOUNG, HIGH_INCOME]; Device=mobile; AdType=text ; Weight = 2.3408000000000006E-4, ImpParams = MarketSegments=[YOUNG, HIGH_INCOME]; Device=mobile; AdType=video ; Weight = 2.3408000000000006E-4, ImpParams = MarketSegments=[MALE, HIGH_INCOME]; Device=mobile; AdType=text ; Weight = 2.4259200000000002E-4, ImpParams = MarketSegments=[MALE, HIGH_INCOME]; Device=mobile; AdType=video ; Weight = 2.4259200000000002E-4, ImpParams = MarketSegments=[FEMALE, HIGH_INCOME]; Device=mobile; AdType=text ; Weight = 2.8940800000000006E-4, ImpParams = MarketSegments=[FEMALE, HIGH_INCOME]; Device=mobile; AdType=video ; Weight = 2.8940800000000006E-4, ImpParams = MarketSegments=[OLD, HIGH_INCOME]; Device=mobile; AdType=text ; Weight = 2.979200000000001E-4, ImpParams = MarketSegments=[OLD, HIGH_INCOME]; Device=mobile; AdType=video ; Weight = 2.979200000000001E-4, ImpParams = MarketSegments=[YOUNG, MALE]; Device=mobile; AdType=text ; Weight = 3.812160000000001E-4, ImpParams = MarketSegments=[YOUNG, MALE]; Device=mobile; AdType=video ; Weight = 3.812160000000001E-4, ImpParams = MarketSegments=[FEMALE, YOUNG]; Device=mobile; AdType=text ; Weight = 4.54784E-4, ImpParams = MarketSegments=[FEMALE, YOUNG]; Device=mobile; AdType=video ; Weight = 4.54784E-4, ImpParams = MarketSegments=[OLD, MALE]; Device=mobile; AdType=text ; Weight = 4.8518400000000005E-4, ImpParams = MarketSegments=[OLD, MALE]; Device=mobile; AdType=video ; Weight = 4.8518400000000005E-4, ImpParams = MarketSegments=[FEMALE, OLD]; Device=mobile; AdType=text ; Weight = 5.788160000000001E-4, ImpParams = MarketSegments=[FEMALE, OLD]; Device=mobile; AdType=video ; Weight = 5.788160000000001E-4, ImpParams = MarketSegments=[LOW_INCOME, YOUNG]; Device=mobile; AdType=text ; Weight = 6.019199999999999E-4, ImpParams = MarketSegments=[LOW_INCOME, YOUNG]; Device=mobile; AdType=video ; Weight = 6.019199999999999E-4, ImpParams = MarketSegments=[LOW_INCOME, MALE]; Device=mobile; AdType=text ; Weight = 6.23808E-4, ImpParams = MarketSegments=[LOW_INCOME, MALE]; Device=mobile; AdType=video ; Weight = 6.23808E-4, ImpParams = MarketSegments=[FEMALE, LOW_INCOME]; Device=mobile; AdType=text ; Weight = 7.441920000000001E-4, ImpParams = MarketSegments=[FEMALE, LOW_INCOME]; Device=mobile; AdType=video ; Weight = 7.441920000000001E-4, ImpParams = MarketSegments=[OLD, LOW_INCOME]; Device=mobile; AdType=text ; Weight = 7.660799999999999E-4, ImpParams = MarketSegments=[OLD, LOW_INCOME]; Device=mobile; AdType=video ; Weight = 7.660799999999999E-4, ImpParams = MarketSegments=[YOUNG, HIGH_INCOME]; Device=pc; AdType=text ; Weight = 9.979200000000002E-4, ImpParams = MarketSegments=[YOUNG, HIGH_INCOME]; Device=pc; AdType=video ; Weight = 9.979200000000002E-4, ImpParams = MarketSegments=[MALE, HIGH_INCOME]; Device=pc; AdType=text ; Weight = 0.0010342080000000002, ImpParams = MarketSegments=[MALE, HIGH_INCOME]; Device=pc; AdType=video ; Weight = 0.0010342080000000002, ImpParams = MarketSegments=[FEMALE, HIGH_INCOME]; Device=pc; AdType=text ; Weight = 0.0012337920000000005, ImpParams = MarketSegments=[FEMALE, HIGH_INCOME]; Device=pc; AdType=video ; Weight = 0.0012337920000000005, ImpParams = MarketSegments=[OLD, HIGH_INCOME]; Device=pc; AdType=text ; Weight = 0.0012700800000000005, ImpParams = MarketSegments=[OLD, HIGH_INCOME]; Device=pc; AdType=video ; Weight = 0.0012700800000000005, ImpParams = MarketSegments=[YOUNG, MALE]; Device=pc; AdType=text ; Weight = 0.001625184, ImpParams = MarketSegments=[YOUNG, MALE]; Device=pc; AdType=video ; Weight = 0.001625184, ImpParams = MarketSegments=[FEMALE, YOUNG]; Device=pc; AdType=text ; Weight = 0.001938816, ImpParams = MarketSegments=[FEMALE, YOUNG]; Device=pc; AdType=video ; Weight = 0.001938816, ImpParams = MarketSegments=[OLD, MALE]; Device=pc; AdType=text ; Weight = 0.0020684160000000004, ImpParams = MarketSegments=[OLD, MALE]; Device=pc; AdType=video ; Weight = 0.0020684160000000004, ImpParams = MarketSegments=[FEMALE, OLD]; Device=pc; AdType=text ; Weight = 0.002467584000000001, ImpParams = MarketSegments=[FEMALE, OLD]; Device=pc; AdType=video ; Weight = 0.002467584000000001, ImpParams = MarketSegments=[LOW_INCOME, YOUNG]; Device=pc; AdType=text ; Weight = 0.00256608, ImpParams = MarketSegments=[LOW_INCOME, YOUNG]; Device=pc; AdType=video ; Weight = 0.00256608, ImpParams = MarketSegments=[LOW_INCOME, MALE]; Device=pc; AdType=text ; Weight = 0.0026593920000000004, ImpParams = MarketSegments=[LOW_INCOME, MALE]; Device=pc; AdType=video ; Weight = 0.0026593920000000004, ImpParams = MarketSegments=[FEMALE, LOW_INCOME]; Device=pc; AdType=text ; Weight = 0.003172608000000001, ImpParams = MarketSegments=[FEMALE, LOW_INCOME]; Device=pc; AdType=video ; Weight = 0.003172608000000001, ImpParams = MarketSegments=[OLD, LOW_INCOME]; Device=pc; AdType=text ; Weight = 0.0032659200000000007, ImpParams = MarketSegments=[OLD, LOW_INCOME]; Device=pc; AdType=video ; Weight = 0.0032659200000000007]
09/04 17:17:00 INFO bidders.ImpressionBidder|fillBidBundle: Working on impParams = MarketSegments=[YOUNG, HIGH_INCOME]; Device=mobile; AdType=text
09/04 17:17:00 WARNING bidders.ImpressionBidder|Failed to get initial bid: java.lang.NullPointerException Stack: [OrOmerShelly.oos.bidders.ImpressionBidder.generateFirstInstance(ImpressionBidder.java:381), OrOmerShelly.oos.bidders.ImpressionBidder.initialBid(ImpressionBidder.java:401), OrOmerShelly.oos.bidders.ImpressionBidder.fillBidBundle(ImpressionBidder.java:289), OrOmerShelly.Coordinator.calculateAndSendBidBundle(Coordinator.java:399), OrOmerShelly.Coordinator.handleSimulationStatus(Coordinator.java:363), OrOmerShelly.OOSAgent.messageReceived(OOSAgent.java:71), se.sics.tasim.aw.AgentService.deliverToAgent(AgentService.java:130), tau.tac.adx.agentware.AgentServiceImpl.deliverToAgent(AgentServiceImpl.java:134), tau.tac.adx.agentware.SimClient.run(SimClient.java:439), java.lang.Thread.run(Unknown Source)]
09/04 17:17:00 WARNING bidders.ImpressionBidder|Failed to get last bid averaged - maybe there's no last bid: [OrOmerShelly.oos.bidders.ImpressionBidder.getLastBidAveraged(ImpressionBidder.java:414), OrOmerShelly.oos.bidders.ImpressionBidder.fillBidBundle(ImpressionBidder.java:294), OrOmerShelly.Coordinator.calculateAndSendBidBundle(Coordinator.java:399), OrOmerShelly.Coordinator.handleSimulationStatus(Coordinator.java:363), OrOmerShelly.OOSAgent.messageReceived(OOSAgent.java:71), se.sics.tasim.aw.AgentService.deliverToAgent(AgentService.java:130), tau.tac.adx.agentware.AgentServiceImpl.deliverToAgent(AgentServiceImpl.java:134), tau.tac.adx.agentware.SimClient.run(SimClient.java:439), java.lang.Thread.run(Unknown Source)]
09/04 17:17:00 SEVERE OrOmerShelly.Coordinator|Exception in running classifier: java.lang.NullPointerException - [OrOmerShelly.oos.bidders.ImpressionBidder.getLastBidAveraged(ImpressionBidder.java:414), OrOmerShelly.oos.bidders.ImpressionBidder.fillBidBundle(ImpressionBidder.java:294), OrOmerShelly.Coordinator.calculateAndSendBidBundle(Coordinator.java:399), OrOmerShelly.Coordinator.handleSimulationStatus(Coordinator.java:363), OrOmerShelly.OOSAgent.messageReceived(OOSAgent.java:71), se.sics.tasim.aw.AgentService.deliverToAgent(AgentService.java:130), tau.tac.adx.agentware.AgentServiceImpl.deliverToAgent(AgentServiceImpl.java:134), tau.tac.adx.agentware.SimClient.run(SimClient.java:439), java.lang.Thread.run(Unknown Source)]
09/04 17:17:00 WARNING OrOmerShelly.Coordinator|BidBundle is null! Getting default BidBundle
09/04 17:17:00 INFO bidders.ImpressionBidder|Default bid bundle bid for Campaign ID 27402122: day 1 to 5 [LOW_INCOME, YOUNG], reach: 1250 coefs: (v=2.0, m=1.5) budget: 1.25 will be 0.714084810944294 where our rnd was 0.714084810944294
09/04 17:17:00 INFO OrOmerShelly.Coordinator|Day 0 ended. Starting next day
