08/04 20:37:00 INFO OrOmerShelly.Coordinator|Got publisherCatalog: nyt ; cnn ; amazon ; msn ; wallmart ; bestbuy ; 
08/04 20:37:00 INFO OrOmerShelly.OOSAgent|UNKNOWN Message Received: edu.umich.eecs.tac.props.AdvertiserInfo@bc76a1c1
08/04 20:37:00 INFO OrOmerShelly.Coordinator|Day 0 :BankStatus[0.000000]
08/04 20:37:00 INFO OrOmerShelly.Coordinator|tau.tac.adx.report.demand.InitialCampaignMessage[16914112,1250,1,5,[LOW_INCOME, YOUNG],2.0,1.5,demand,[]]
08/04 20:37:00 INFO OrOmerShelly.Coordinator|Day 0: Allocated campaign - Campaign ID 16914112: day 1 to 5 [LOW_INCOME, YOUNG], reach: 1250 coefs: (v=2.0, m=1.5)
08/04 20:37:00 INFO OrOmerShelly.Coordinator|Day 0: Campaign opportunity - Campaign ID 27946702: day 2 to 4 [MALE, HIGH_INCOME], reach: 12500 coefs: (v=2.0, m=1.5)
08/04 20:37:00 INFO OrOmerShelly.Coordinator|Day 0: Campaign total budget bid: 3378.1017127611044
08/04 20:37:00 INFO OrOmerShelly.Coordinator|Day 0: Adjusting ucs bid: was 0.1230300684027748 level reported: 0.47829690000000014 target: 0.7 adjusted: 0.150306215960882
08/04 20:37:00 INFO OrOmerShelly.Coordinator|Day 0 : Simulation Status Received
08/04 20:37:00 INFO OrOmerShelly.Coordinator|Fetching active campaigns from: [Campaign ID 16914112: day 1 to 5 [LOW_INCOME, YOUNG], reach: 1250 coefs: (v=2.0, m=1.5)]
08/04 20:37:00 INFO OrOmerShelly.Coordinator|campaign Campaign ID 16914112: day 1 to 5 [LOW_INCOME, YOUNG], reach: 1250 coefs: (v=2.0, m=1.5) is active
08/04 20:37:00 INFO OrOmerShelly.Coordinator|Initialized ImpressionBidder
08/04 20:37:00 INFO bidders.ImpressionBidder|fillBidBundle: Filling bid bundle for nyt
08/04 20:37:00 SEVERE OrOmerShelly.Coordinator|Exception in running classifier: java.lang.NullPointerException - [OrOmerShelly.UserAnalyzer.calcMarketSegmentsDistribution(UserAnalyzer.java:52), OrOmerShelly.oos.bidders.ImpressionBidder.fillBidBundle(ImpressionBidder.java:202), OrOmerShelly.Coordinator.calculateAndSendBidBundle(Coordinator.java:396), OrOmerShelly.Coordinator.handleSimulationStatus(Coordinator.java:361), OrOmerShelly.OOSAgent.messageReceived(OOSAgent.java:71), se.sics.tasim.aw.AgentService.deliverToAgent(AgentService.java:130), tau.tac.adx.agentware.AgentServiceImpl.deliverToAgent(AgentServiceImpl.java:134), tau.tac.adx.agentware.SimClient.run(SimClient.java:439), java.lang.Thread.run(Unknown Source)]
08/04 20:37:00 WARNING OrOmerShelly.Coordinator|BidBundle is null! Getting default BidBundle
08/04 20:37:00 INFO bidders.ImpressionBidder|Default bid bundle bid for Campaign ID 16914112: day 1 to 5 [LOW_INCOME, YOUNG], reach: 1250 coefs: (v=2.0, m=1.5) will be 0.009268145868617239
08/04 20:37:00 INFO bidders.ImpressionBidder|Day 0: Updated 168 Bid Bundle entries for Campaign id 16914112
08/04 20:37:00 INFO OrOmerShelly.Coordinator|Day 0 ended. Starting next day
08/04 20:37:12 INFO OrOmerShelly.Coordinator|Day 1 :BankStatus[0.000000]
08/04 20:37:12 INFO OrOmerShelly.Coordinator|Campaign auction report for day 1: CampaignReport: CampaignAuctionReportKey [adnetName=DummyAdnetwork-6] : CampaignAuctionReportEntry [actualBid=2207.0, effectiveBid=2207.0]
CampaignAuctionReportKey [adnetName=DummyAdnetwork-2] : CampaignAuctionReportEntry [actualBid=2559.0, effectiveBid=2559.0]
CampaignAuctionReportKey [adnetName=DummyAdnetwork-7] : CampaignAuctionReportEntry [actualBid=2662.0, effectiveBid=2662.0]
CampaignAuctionReportKey [adnetName=DummyAdnetwork-4] : CampaignAuctionReportEntry [actualBid=2753.0, effectiveBid=2753.0]
CampaignAuctionReportKey [adnetName=DummyAdnetwork] : CampaignAuctionReportEntry [actualBid=2873.0, effectiveBid=2873.0]
CampaignAuctionReportKey [adnetName=DummyAdnetwork-3] : CampaignAuctionReportEntry [actualBid=2902.0, effectiveBid=2902.0]
CampaignAuctionReportKey [adnetName=DummyAdnetwork-5] : CampaignAuctionReportEntry [actualBid=3037.0, effectiveBid=3037.0]
CampaignAuctionReportKey [adnetName=adv1] : CampaignAuctionReportEntry [actualBid=3378.0, effectiveBid=3378.0]

08/04 20:37:12 INFO OrOmerShelly.Coordinator|Day 1: Daily notification for campaign 27946702
08/04 20:37:12 INFO OrOmerShelly.Coordinator|Day 1:  allocated to DummyAdnetwork-6. UCS Level set to 0.47829690000000014 at price 0.0 Quality Score is: 1.0
08/04 20:37:12 INFO OrOmerShelly.Coordinator|Day 1: Campaign opportunity - Campaign ID 28627874: day 3 to 12 [MALE, HIGH_INCOME], reach: 6250 coefs: (v=2.0, m=1.5)
08/04 20:37:12 INFO OrOmerShelly.Coordinator|Day 1: Campaign total budget bid: 506.7152569141656
08/04 20:37:12 INFO OrOmerShelly.Coordinator|Day 1: Adjusting ucs bid: was 0.150306215960882 level reported: 0.47829690000000014 target: 0.7 adjusted: 0.11889427063196589
08/04 20:37:12 INFO OrOmerShelly.Coordinator|Publishers Report: 
08/04 20:37:12 INFO OrOmerShelly.Coordinator|(publisher: cnn popularity: 6455 video: 1714 text: 4742)
08/04 20:37:12 INFO OrOmerShelly.Coordinator|Updating statistics for: cnn
08/04 20:37:12 INFO OrOmerShelly.Coordinator|(publisher: nyt popularity: 6843 video: 2210 text: 4634)
08/04 20:37:12 INFO OrOmerShelly.Coordinator|Updating statistics for: nyt
08/04 20:37:12 INFO OrOmerShelly.Coordinator|(publisher: msn popularity: 39185 video: 13890 text: 25296)
08/04 20:37:12 INFO OrOmerShelly.Coordinator|Updating statistics for: msn
08/04 20:37:12 INFO OrOmerShelly.Coordinator|(publisher: amazon popularity: 31602 video: 15200 text: 16403)
08/04 20:37:12 INFO OrOmerShelly.Coordinator|Updating statistics for: amazon
08/04 20:37:12 INFO OrOmerShelly.Coordinator|(publisher: bestbuy popularity: 3122 video: 866 text: 2257)
08/04 20:37:12 INFO OrOmerShelly.Coordinator|Updating statistics for: bestbuy
08/04 20:37:12 INFO OrOmerShelly.Coordinator|(publisher: wallmart popularity: 7683 video: 2861 text: 4823)
08/04 20:37:12 INFO OrOmerShelly.Coordinator|Updating statistics for: wallmart
08/04 20:37:13 INFO OrOmerShelly.Coordinator|Day 1 : Simulation Status Received
08/04 20:37:13 INFO OrOmerShelly.Coordinator|Adding last day's bid bundle to bidBundleHistory
08/04 20:37:13 INFO bidders.ImpressionBidder|fillBidBundle: Filling bid bundle for nyt
08/04 20:37:13 SEVERE OrOmerShelly.Coordinator|Exception in running classifier: java.lang.NullPointerException - [OrOmerShelly.UserAnalyzer.calcMarketSegmentsDistribution(UserAnalyzer.java:52), OrOmerShelly.oos.bidders.ImpressionBidder.fillBidBundle(ImpressionBidder.java:202), OrOmerShelly.Coordinator.calculateAndSendBidBundle(Coordinator.java:396), OrOmerShelly.Coordinator.handleSimulationStatus(Coordinator.java:361), OrOmerShelly.OOSAgent.messageReceived(OOSAgent.java:71), se.sics.tasim.aw.AgentService.deliverToAgent(AgentService.java:130), tau.tac.adx.agentware.AgentServiceImpl.deliverToAgent(AgentServiceImpl.java:134), tau.tac.adx.agentware.SimClient.run(SimClient.java:439), java.lang.Thread.run(Unknown Source)]
08/04 20:37:13 WARNING OrOmerShelly.Coordinator|BidBundle is null! Getting default BidBundle
08/04 20:37:13 INFO bidders.ImpressionBidder|Default bid bundle bid for Campaign ID 16914112: day 1 to 5 [LOW_INCOME, YOUNG], reach: 1250 coefs: (v=2.0, m=1.5) will be 0.12147267895572589
08/04 20:37:13 INFO bidders.ImpressionBidder|Day 1: Updated 168 Bid Bundle entries for Campaign id 16914112
08/04 20:37:13 INFO OrOmerShelly.Coordinator|Day 1 ended. Starting next day
08/04 20:37:21 INFO OrOmerShelly.Coordinator|Day 2 :BankStatus[-0.145800]
08/04 20:37:21 INFO OrOmerShelly.Coordinator|Campaign auction report for day 2: CampaignReport: CampaignAuctionReportKey [adnetName=DummyAdnetwork-7] : CampaignAuctionReportEntry [actualBid=2008.0, effectiveBid=2008.0]
CampaignAuctionReportKey [adnetName=DummyAdnetwork-4] : CampaignAuctionReportEntry [actualBid=2110.0, effectiveBid=2110.0]
CampaignAuctionReportKey [adnetName=DummyAdnetwork-2] : CampaignAuctionReportEntry [actualBid=2568.0, effectiveBid=2568.0]
CampaignAuctionReportKey [adnetName=DummyAdnetwork] : CampaignAuctionReportEntry [actualBid=2620.0, effectiveBid=2620.0]
CampaignAuctionReportKey [adnetName=DummyAdnetwork-6] : CampaignAuctionReportEntry [actualBid=3078.0, effectiveBid=3078.0]
CampaignAuctionReportKey [adnetName=DummyAdnetwork-5] : CampaignAuctionReportEntry [actualBid=3162.0, effectiveBid=3162.0]
CampaignAuctionReportKey [adnetName=DummyAdnetwork-3] : CampaignAuctionReportEntry [actualBid=3199.0, effectiveBid=3199.0]

08/04 20:37:21 INFO OrOmerShelly.Coordinator|Day 2: Updating campaign 16914112 stats: 0.0 tgtImps 0.0 nonTgtImps. Cost of imps is 0.0
08/04 20:37:21 SEVERE OrOmerShelly.OOSAgent|Exception thrown while trying to parse message: java.lang.NullPointerException : [OrOmerShelly.Coordinator.handleAdNetworkDailyNotification(Coordinator.java:312), OrOmerShelly.OOSAgent.messageReceived(OOSAgent.java:67), se.sics.tasim.aw.AgentService.deliverToAgent(AgentService.java:130), tau.tac.adx.agentware.AgentServiceImpl.deliverToAgent(AgentServiceImpl.java:134), tau.tac.adx.agentware.SimClient.run(SimClient.java:439), java.lang.Thread.run(Unknown Source)]
08/04 20:37:21 INFO OrOmerShelly.Coordinator|Day 2: Campaign opportunity - Campaign ID 3552585: day 4 to 13 [HIGH_INCOME, FEMALE], reach: 3750 coefs: (v=2.0, m=1.5)
08/04 20:37:21 INFO OrOmerShelly.Coordinator|Day 2: Campaign total budget bid: 298.5524728732715
08/04 20:37:21 INFO OrOmerShelly.Coordinator|Day 2: Adjusting ucs bid: was 0.11889427063196589 level reported: 0.47829690000000014 target: 0.7 adjusted: 0.14525349900331166
08/04 20:37:21 INFO OrOmerShelly.Coordinator|Publishers Report: 
08/04 20:37:21 INFO OrOmerShelly.Coordinator|(publisher: cnn popularity: 7464 video: 2178 text: 5287)
08/04 20:37:21 INFO OrOmerShelly.Coordinator|Updating statistics for: cnn
08/04 20:37:21 INFO OrOmerShelly.Coordinator|(publisher: nyt popularity: 7810 video: 3164 text: 4647)
08/04 20:37:21 INFO OrOmerShelly.Coordinator|Updating statistics for: nyt
08/04 20:37:21 INFO OrOmerShelly.Coordinator|(publisher: msn popularity: 45907 video: 20340 text: 25568)
08/04 20:37:21 INFO OrOmerShelly.Coordinator|Updating statistics for: msn
08/04 20:37:21 INFO OrOmerShelly.Coordinator|(publisher: amazon popularity: 36555 video: 17074 text: 19482)
08/04 20:37:21 INFO OrOmerShelly.Coordinator|Updating statistics for: amazon
08/04 20:37:21 INFO OrOmerShelly.Coordinator|(publisher: bestbuy popularity: 3632 video: 1167 text: 2466)
08/04 20:37:21 INFO OrOmerShelly.Coordinator|Updating statistics for: bestbuy
08/04 20:37:21 INFO OrOmerShelly.Coordinator|(publisher: wallmart popularity: 8846 video: 3058 text: 5789)
08/04 20:37:21 INFO OrOmerShelly.Coordinator|Updating statistics for: wallmart
08/04 20:37:21 INFO OrOmerShelly.Coordinator|Day 2 : Simulation Status Received
08/04 20:37:21 INFO OrOmerShelly.Coordinator|Adding last day's bid bundle to bidBundleHistory
08/04 20:37:21 INFO bidders.ImpressionBidder|fillBidBundle: Filling bid bundle for nyt
08/04 20:37:21 SEVERE OrOmerShelly.Coordinator|Exception in running classifier: java.lang.NullPointerException - [OrOmerShelly.UserAnalyzer.calcMarketSegmentsDistribution(UserAnalyzer.java:52), OrOmerShelly.oos.bidders.ImpressionBidder.fillBidBundle(ImpressionBidder.java:202), OrOmerShelly.Coordinator.calculateAndSendBidBundle(Coordinator.java:396), OrOmerShelly.Coordinator.handleSimulationStatus(Coordinator.java:361), OrOmerShelly.OOSAgent.messageReceived(OOSAgent.java:71), se.sics.tasim.aw.AgentService.deliverToAgent(AgentService.java:130), tau.tac.adx.agentware.AgentServiceImpl.deliverToAgent(AgentServiceImpl.java:134), tau.tac.adx.agentware.SimClient.run(SimClient.java:439), java.lang.Thread.run(Unknown Source)]
08/04 20:37:21 WARNING OrOmerShelly.Coordinator|BidBundle is null! Getting default BidBundle
08/04 20:37:21 INFO bidders.ImpressionBidder|Default bid bundle bid for Campaign ID 16914112: day 1 to 5 [LOW_INCOME, YOUNG], reach: 1250 coefs: (v=2.0, m=1.5) will be 0.6780970274931747
08/04 20:37:21 INFO bidders.ImpressionBidder|Day 2: Updated 168 Bid Bundle entries for Campaign id 16914112
08/04 20:37:21 INFO OrOmerShelly.Coordinator|Day 2 ended. Starting next day
08/04 20:37:32 INFO OrOmerShelly.Coordinator|Day 3 :BankStatus[-0.291600]
08/04 20:37:32 INFO OrOmerShelly.Coordinator|Campaign auction report for day 3: CampaignReport: CampaignAuctionReportKey [adnetName=DummyAdnetwork-4] : CampaignAuctionReportEntry [actualBid=2314.0, effectiveBid=2314.0]
CampaignAuctionReportKey [adnetName=DummyAdnetwork] : CampaignAuctionReportEntry [actualBid=3063.0, effectiveBid=3063.0]
CampaignAuctionReportKey [adnetName=DummyAdnetwork-2] : CampaignAuctionReportEntry [actualBid=3116.0, effectiveBid=3116.0]
CampaignAuctionReportKey [adnetName=DummyAdnetwork-3] : CampaignAuctionReportEntry [actualBid=3136.0, effectiveBid=3136.0]
CampaignAuctionReportKey [adnetName=DummyAdnetwork-6] : CampaignAuctionReportEntry [actualBid=3162.0, effectiveBid=3162.0]
CampaignAuctionReportKey [adnetName=DummyAdnetwork-7] : CampaignAuctionReportEntry [actualBid=3208.0, effectiveBid=3208.0]

08/04 20:37:32 INFO OrOmerShelly.Coordinator|Day 3: Updating campaign 16914112 stats: 0.0 tgtImps 0.0 nonTgtImps. Cost of imps is 0.0
08/04 20:37:32 SEVERE OrOmerShelly.OOSAgent|Exception thrown while trying to parse message: java.lang.NullPointerException : [OrOmerShelly.Coordinator.handleAdNetworkDailyNotification(Coordinator.java:312), OrOmerShelly.OOSAgent.messageReceived(OOSAgent.java:67), se.sics.tasim.aw.AgentService.deliverToAgent(AgentService.java:130), tau.tac.adx.agentware.AgentServiceImpl.deliverToAgent(AgentServiceImpl.java:134), tau.tac.adx.agentware.SimClient.run(SimClient.java:439), java.lang.Thread.run(Unknown Source)]
08/04 20:37:32 INFO OrOmerShelly.Coordinator|Day 3: Campaign opportunity - Campaign ID 31761993: day 5 to 9 [HIGH_INCOME, YOUNG], reach: 6250 coefs: (v=2.0, m=1.5)
08/04 20:37:32 INFO OrOmerShelly.Coordinator|Day 3: Campaign total budget bid: 1015.5096011066831
08/04 20:37:32 INFO OrOmerShelly.Coordinator|Day 3: Adjusting ucs bid: was 0.14525349900331166 level reported: 0.47829690000000014 target: 0.7 adjusted: 0.13288114963546455
08/04 20:37:32 INFO OrOmerShelly.Coordinator|Publishers Report: 
08/04 20:37:32 INFO OrOmerShelly.Coordinator|(publisher: cnn popularity: 7022 video: 2362 text: 4661)
08/04 20:37:32 INFO OrOmerShelly.Coordinator|Updating statistics for: cnn
08/04 20:37:32 INFO OrOmerShelly.Coordinator|(publisher: nyt popularity: 7635 video: 2361 text: 5275)
08/04 20:37:32 INFO OrOmerShelly.Coordinator|Updating statistics for: nyt
08/04 20:37:32 INFO OrOmerShelly.Coordinator|(publisher: msn popularity: 43789 video: 16755 text: 27035)
08/04 20:37:32 INFO OrOmerShelly.Coordinator|Updating statistics for: msn
08/04 20:37:32 INFO OrOmerShelly.Coordinator|(publisher: amazon popularity: 34097 video: 19033 text: 15065)
08/04 20:37:32 INFO OrOmerShelly.Coordinator|Updating statistics for: amazon
08/04 20:37:32 INFO OrOmerShelly.Coordinator|(publisher: bestbuy popularity: 3583 video: 1068 text: 2516)
08/04 20:37:32 INFO OrOmerShelly.Coordinator|Updating statistics for: bestbuy
08/04 20:37:32 INFO OrOmerShelly.Coordinator|(publisher: wallmart popularity: 8741 video: 3090 text: 5652)
08/04 20:37:32 INFO OrOmerShelly.Coordinator|Updating statistics for: wallmart
08/04 20:37:33 INFO OrOmerShelly.Coordinator|Day 3 : Simulation Status Received
08/04 20:37:33 INFO OrOmerShelly.Coordinator|Adding last day's bid bundle to bidBundleHistory
08/04 20:37:33 INFO bidders.ImpressionBidder|fillBidBundle: Filling bid bundle for nyt
08/04 20:37:33 SEVERE OrOmerShelly.Coordinator|Exception in running classifier: java.lang.NullPointerException - [OrOmerShelly.UserAnalyzer.calcMarketSegmentsDistribution(UserAnalyzer.java:52), OrOmerShelly.oos.bidders.ImpressionBidder.fillBidBundle(ImpressionBidder.java:202), OrOmerShelly.Coordinator.calculateAndSendBidBundle(Coordinator.java:396), OrOmerShelly.Coordinator.handleSimulationStatus(Coordinator.java:361), OrOmerShelly.OOSAgent.messageReceived(OOSAgent.java:71), se.sics.tasim.aw.AgentService.deliverToAgent(AgentService.java:130), tau.tac.adx.agentware.AgentServiceImpl.deliverToAgent(AgentServiceImpl.java:134), tau.tac.adx.agentware.SimClient.run(SimClient.java:439), java.lang.Thread.run(Unknown Source)]
08/04 20:37:33 WARNING OrOmerShelly.Coordinator|BidBundle is null! Getting default BidBundle
08/04 20:37:33 INFO bidders.ImpressionBidder|Default bid bundle bid for Campaign ID 16914112: day 1 to 5 [LOW_INCOME, YOUNG], reach: 1250 coefs: (v=2.0, m=1.5) will be 0.9792167969449498
08/04 20:37:33 INFO bidders.ImpressionBidder|Day 3: Updated 168 Bid Bundle entries for Campaign id 16914112
08/04 20:37:33 INFO OrOmerShelly.Coordinator|Day 3 ended. Starting next day
08/04 20:37:41 INFO OrOmerShelly.Coordinator|Day 4 :BankStatus[-0.437400]
08/04 20:37:41 INFO OrOmerShelly.Coordinator|Campaign auction report for day 4: CampaignReport: CampaignAuctionReportKey [adnetName=adv1] : CampaignAuctionReportEntry [actualBid=1015.0, effectiveBid=1015.0]
CampaignAuctionReportKey [adnetName=DummyAdnetwork-2] : CampaignAuctionReportEntry [actualBid=2026.0, effectiveBid=2026.0]
CampaignAuctionReportKey [adnetName=DummyAdnetwork-4] : CampaignAuctionReportEntry [actualBid=2029.0, effectiveBid=2029.0]
CampaignAuctionReportKey [adnetName=DummyAdnetwork] : CampaignAuctionReportEntry [actualBid=2087.0, effectiveBid=2087.0]
CampaignAuctionReportKey [adnetName=DummyAdnetwork-3] : CampaignAuctionReportEntry [actualBid=2261.0, effectiveBid=2261.0]
CampaignAuctionReportKey [adnetName=DummyAdnetwork-6] : CampaignAuctionReportEntry [actualBid=2731.0, effectiveBid=2731.0]
CampaignAuctionReportKey [adnetName=DummyAdnetwork-7] : CampaignAuctionReportEntry [actualBid=2961.0, effectiveBid=2961.0]

08/04 20:37:41 INFO OrOmerShelly.Coordinator|Day 4: Updating campaign 16914112 stats: 0.0 tgtImps 0.0 nonTgtImps. Cost of imps is 0.0
08/04 20:37:41 SEVERE OrOmerShelly.OOSAgent|Exception thrown while trying to parse message: java.lang.NullPointerException : [OrOmerShelly.Coordinator.handleAdNetworkDailyNotification(Coordinator.java:312), OrOmerShelly.OOSAgent.messageReceived(OOSAgent.java:67), se.sics.tasim.aw.AgentService.deliverToAgent(AgentService.java:130), tau.tac.adx.agentware.AgentServiceImpl.deliverToAgent(AgentServiceImpl.java:134), tau.tac.adx.agentware.SimClient.run(SimClient.java:439), java.lang.Thread.run(Unknown Source)]
08/04 20:37:41 INFO OrOmerShelly.Coordinator|Day 4: Campaign opportunity - Campaign ID 4774927: day 6 to 10 [OLD, FEMALE], reach: 12500 coefs: (v=2.0, m=1.5)
08/04 20:37:41 INFO OrOmerShelly.Coordinator|Day 4: Campaign total budget bid: 1961.0173517992612
08/04 20:37:41 INFO OrOmerShelly.Coordinator|Day 4: Adjusting ucs bid: was 0.13288114963546455 level reported: 0.47829690000000014 target: 0.7 adjusted: 0.12423945979912179
08/04 20:37:41 INFO OrOmerShelly.Coordinator|Publishers Report: 
08/04 20:37:41 INFO OrOmerShelly.Coordinator|(publisher: cnn popularity: 7105 video: 2237 text: 4869)
08/04 20:37:41 INFO OrOmerShelly.Coordinator|Updating statistics for: cnn
08/04 20:37:41 INFO OrOmerShelly.Coordinator|(publisher: nyt popularity: 7719 video: 3321 text: 4399)
08/04 20:37:41 INFO OrOmerShelly.Coordinator|Updating statistics for: nyt
08/04 20:37:41 INFO OrOmerShelly.Coordinator|(publisher: msn popularity: 44079 video: 20992 text: 23088)
08/04 20:37:41 INFO OrOmerShelly.Coordinator|Updating statistics for: msn
08/04 20:37:41 INFO OrOmerShelly.Coordinator|(publisher: amazon popularity: 35124 video: 17330 text: 17795)
08/04 20:37:41 INFO OrOmerShelly.Coordinator|Updating statistics for: amazon
08/04 20:37:41 INFO OrOmerShelly.Coordinator|(publisher: bestbuy popularity: 3560 video: 864 text: 2697)
08/04 20:37:41 INFO OrOmerShelly.Coordinator|Updating statistics for: bestbuy
08/04 20:37:41 INFO OrOmerShelly.Coordinator|(publisher: wallmart popularity: 8405 video: 3003 text: 5403)
08/04 20:37:41 INFO OrOmerShelly.Coordinator|Updating statistics for: wallmart
08/04 20:37:41 INFO OrOmerShelly.Coordinator|Day 4 : Simulation Status Received
08/04 20:37:41 INFO OrOmerShelly.Coordinator|Adding last day's bid bundle to bidBundleHistory
08/04 20:37:41 INFO bidders.ImpressionBidder|fillBidBundle: Filling bid bundle for nyt
08/04 20:37:41 SEVERE OrOmerShelly.Coordinator|Exception in running classifier: java.lang.NullPointerException - [OrOmerShelly.UserAnalyzer.calcMarketSegmentsDistribution(UserAnalyzer.java:52), OrOmerShelly.oos.bidders.ImpressionBidder.fillBidBundle(ImpressionBidder.java:202), OrOmerShelly.Coordinator.calculateAndSendBidBundle(Coordinator.java:396), OrOmerShelly.Coordinator.handleSimulationStatus(Coordinator.java:361), OrOmerShelly.OOSAgent.messageReceived(OOSAgent.java:71), se.sics.tasim.aw.AgentService.deliverToAgent(AgentService.java:130), tau.tac.adx.agentware.AgentServiceImpl.deliverToAgent(AgentServiceImpl.java:134), tau.tac.adx.agentware.SimClient.run(SimClient.java:439), java.lang.Thread.run(Unknown Source)]
08/04 20:37:41 WARNING OrOmerShelly.Coordinator|BidBundle is null! Getting default BidBundle
08/04 20:37:41 INFO bidders.ImpressionBidder|Default bid bundle bid for Campaign ID 16914112: day 1 to 5 [LOW_INCOME, YOUNG], reach: 1250 coefs: (v=2.0, m=1.5) will be 0.7356132592933783
08/04 20:37:41 INFO bidders.ImpressionBidder|Day 4: Updated 168 Bid Bundle entries for Campaign id 16914112
08/04 20:37:41 INFO OrOmerShelly.Coordinator|Day 4 ended. Starting next day
08/04 20:37:52 INFO OrOmerShelly.Coordinator|Day 5 :BankStatus[-0.583200]
08/04 20:37:52 INFO OrOmerShelly.Coordinator|Campaign auction report for day 5: CampaignReport: CampaignAuctionReportKey [adnetName=adv1] : CampaignAuctionReportEntry [actualBid=1961.0, effectiveBid=1961.0]
CampaignAuctionReportKey [adnetName=DummyAdnetwork-7] : CampaignAuctionReportEntry [actualBid=2042.0, effectiveBid=2042.0]
CampaignAuctionReportKey [adnetName=DummyAdnetwork-2] : CampaignAuctionReportEntry [actualBid=2771.0, effectiveBid=2771.0]
CampaignAuctionReportKey [adnetName=DummyAdnetwork-4] : CampaignAuctionReportEntry [actualBid=2783.0, effectiveBid=2783.0]

08/04 20:37:52 INFO OrOmerShelly.Coordinator|Day 5: Updating campaign 16914112 stats: 0.0 tgtImps 0.0 nonTgtImps. Cost of imps is 0.0
08/04 20:37:52 SEVERE OrOmerShelly.OOSAgent|Exception thrown while trying to parse message: java.lang.NullPointerException : [OrOmerShelly.Coordinator.handleAdNetworkDailyNotification(Coordinator.java:312), OrOmerShelly.OOSAgent.messageReceived(OOSAgent.java:67), se.sics.tasim.aw.AgentService.deliverToAgent(AgentService.java:130), tau.tac.adx.agentware.AgentServiceImpl.deliverToAgent(AgentServiceImpl.java:134), tau.tac.adx.agentware.SimClient.run(SimClient.java:439), java.lang.Thread.run(Unknown Source)]
08/04 20:37:52 INFO OrOmerShelly.Coordinator|Day 5: Campaign opportunity - Campaign ID 25317736: day 7 to 16 [YOUNG, FEMALE], reach: 6250 coefs: (v=2.0, m=1.5)
08/04 20:37:52 INFO OrOmerShelly.Coordinator|Day 5: Campaign total budget bid: 504.19654481610286
08/04 20:37:52 INFO OrOmerShelly.Coordinator|Day 5: Adjusting ucs bid: was 0.12423945979912179 level reported: 0.47829690000000014 target: 0.7 adjusted: 0.10582573273943871
08/04 20:37:52 INFO OrOmerShelly.Coordinator|Publishers Report: 
08/04 20:37:52 INFO OrOmerShelly.Coordinator|(publisher: cnn popularity: 9028 video: 4653 text: 4376)
08/04 20:37:52 INFO OrOmerShelly.Coordinator|Updating statistics for: cnn
08/04 20:37:52 INFO OrOmerShelly.Coordinator|(publisher: nyt popularity: 9417 video: 5057 text: 4361)
08/04 20:37:52 INFO OrOmerShelly.Coordinator|Updating statistics for: nyt
08/04 20:37:52 INFO OrOmerShelly.Coordinator|(publisher: msn popularity: 54158 video: 30893 text: 23266)
08/04 20:37:52 INFO OrOmerShelly.Coordinator|Updating statistics for: msn
08/04 20:37:52 INFO OrOmerShelly.Coordinator|(publisher: amazon popularity: 44559 video: 27659 text: 16901)
08/04 20:37:52 INFO OrOmerShelly.Coordinator|Updating statistics for: amazon
08/04 20:37:52 INFO OrOmerShelly.Coordinator|(publisher: bestbuy popularity: 4401 video: 969 text: 3433)
08/04 20:37:52 INFO OrOmerShelly.Coordinator|Updating statistics for: bestbuy
08/04 20:37:52 INFO OrOmerShelly.Coordinator|(publisher: wallmart popularity: 10489 video: 2825 text: 7665)
08/04 20:37:52 INFO OrOmerShelly.Coordinator|Updating statistics for: wallmart
08/04 20:37:53 INFO OrOmerShelly.Coordinator|Day 5 : Simulation Status Received
08/04 20:37:53 INFO OrOmerShelly.Coordinator|Adding last day's bid bundle to bidBundleHistory
08/04 20:37:53 INFO bidders.ImpressionBidder|fillBidBundle: Filling bid bundle for nyt
08/04 20:37:53 SEVERE OrOmerShelly.Coordinator|Exception in running classifier: java.lang.NullPointerException - [OrOmerShelly.UserAnalyzer.calcMarketSegmentsDistribution(UserAnalyzer.java:52), OrOmerShelly.oos.bidders.ImpressionBidder.fillBidBundle(ImpressionBidder.java:202), OrOmerShelly.Coordinator.calculateAndSendBidBundle(Coordinator.java:396), OrOmerShelly.Coordinator.handleSimulationStatus(Coordinator.java:361), OrOmerShelly.OOSAgent.messageReceived(OOSAgent.java:71), se.sics.tasim.aw.AgentService.deliverToAgent(AgentService.java:130), tau.tac.adx.agentware.AgentServiceImpl.deliverToAgent(AgentServiceImpl.java:134), tau.tac.adx.agentware.SimClient.run(SimClient.java:439), java.lang.Thread.run(Unknown Source)]
08/04 20:37:53 WARNING OrOmerShelly.Coordinator|BidBundle is null! Getting default BidBundle
08/04 20:37:53 INFO bidders.ImpressionBidder|Default bid bundle bid for Campaign ID 16914112: day 1 to 5 [LOW_INCOME, YOUNG], reach: 1250 coefs: (v=2.0, m=1.5) will be 0.5601903904038019
08/04 20:37:53 INFO OrOmerShelly.Coordinator|Day 5 ended. Starting next day
08/04 20:38:01 INFO OrOmerShelly.Coordinator|Day 6 :BankStatus[-0.729000]
08/04 20:38:01 INFO OrOmerShelly.Coordinator|Campaign auction report for day 6: CampaignReport: CampaignAuctionReportKey [adnetName=DummyAdnetwork-7] : CampaignAuctionReportEntry [actualBid=2022.0, effectiveBid=2022.0]
CampaignAuctionReportKey [adnetName=DummyAdnetwork-2] : CampaignAuctionReportEntry [actualBid=2107.0, effectiveBid=2107.0]
CampaignAuctionReportKey [adnetName=DummyAdnetwork-4] : CampaignAuctionReportEntry [actualBid=2523.0, effectiveBid=2523.0]

08/04 20:38:01 INFO OrOmerShelly.Coordinator|Day 6: Updating campaign 16914112 stats: 0.0 tgtImps 0.0 nonTgtImps. Cost of imps is 0.0
08/04 20:38:01 SEVERE OrOmerShelly.OOSAgent|Exception thrown while trying to parse message: java.lang.NullPointerException : [OrOmerShelly.Coordinator.handleCampaignReport(Coordinator.java:444), OrOmerShelly.OOSAgent.messageReceived(OOSAgent.java:65), se.sics.tasim.aw.AgentService.deliverToAgent(AgentService.java:130), tau.tac.adx.agentware.AgentServiceImpl.deliverToAgent(AgentServiceImpl.java:134), tau.tac.adx.agentware.SimClient.run(SimClient.java:439), java.lang.Thread.run(Unknown Source)]
08/04 20:38:01 SEVERE OrOmerShelly.OOSAgent|Exception thrown while trying to parse message: java.lang.NullPointerException : [OrOmerShelly.Coordinator.handleAdNetworkDailyNotification(Coordinator.java:312), OrOmerShelly.OOSAgent.messageReceived(OOSAgent.java:67), se.sics.tasim.aw.AgentService.deliverToAgent(AgentService.java:130), tau.tac.adx.agentware.AgentServiceImpl.deliverToAgent(AgentServiceImpl.java:134), tau.tac.adx.agentware.SimClient.run(SimClient.java:439), java.lang.Thread.run(Unknown Source)]
08/04 20:38:01 INFO OrOmerShelly.Coordinator|Day 6: Campaign opportunity - Campaign ID 3084482: day 8 to 12 [OLD, MALE], reach: 12500 coefs: (v=2.0, m=1.5)
08/04 20:38:01 INFO OrOmerShelly.Coordinator|Day 6: Campaign total budget bid: 2020.5731084542044
08/04 20:38:01 INFO OrOmerShelly.Coordinator|Day 6: Adjusting ucs bid: was 0.10582573273943871 level reported: 0.47829690000000014 target: 0.7 adjusted: 0.12928762574754374
08/04 20:38:01 INFO OrOmerShelly.Coordinator|Publishers Report: 
08/04 20:38:01 INFO OrOmerShelly.Coordinator|(publisher: cnn popularity: 7041 video: 2798 text: 4244)
08/04 20:38:01 INFO OrOmerShelly.Coordinator|Updating statistics for: cnn
08/04 20:38:01 INFO OrOmerShelly.Coordinator|(publisher: nyt popularity: 7591 video: 3230 text: 4362)
08/04 20:38:01 INFO OrOmerShelly.Coordinator|Updating statistics for: nyt
08/04 20:38:01 INFO OrOmerShelly.Coordinator|(publisher: msn popularity: 42928 video: 17496 text: 25433)
08/04 20:38:01 INFO OrOmerShelly.Coordinator|Updating statistics for: msn
08/04 20:38:01 INFO OrOmerShelly.Coordinator|(publisher: amazon popularity: 34434 video: 18523 text: 15912)
08/04 20:38:01 INFO OrOmerShelly.Coordinator|Updating statistics for: amazon
08/04 20:38:01 INFO OrOmerShelly.Coordinator|(publisher: bestbuy popularity: 3676 video: 945 text: 2732)
08/04 20:38:01 INFO OrOmerShelly.Coordinator|Updating statistics for: bestbuy
08/04 20:38:01 INFO OrOmerShelly.Coordinator|(publisher: wallmart popularity: 8591 video: 2630 text: 5962)
08/04 20:38:01 INFO OrOmerShelly.Coordinator|Updating statistics for: wallmart
08/04 20:38:01 INFO OrOmerShelly.Coordinator|Day 6 : Simulation Status Received
08/04 20:38:01 INFO OrOmerShelly.Coordinator|Adding last day's bid bundle to bidBundleHistory
08/04 20:38:01 INFO bidders.ImpressionBidder|fillBidBundle: Filling bid bundle for nyt
08/04 20:38:01 SEVERE OrOmerShelly.Coordinator|Exception in running classifier: java.lang.NullPointerException - [OrOmerShelly.UserAnalyzer.calcMarketSegmentsDistribution(UserAnalyzer.java:52), OrOmerShelly.oos.bidders.ImpressionBidder.fillBidBundle(ImpressionBidder.java:202), OrOmerShelly.Coordinator.calculateAndSendBidBundle(Coordinator.java:396), OrOmerShelly.Coordinator.handleSimulationStatus(Coordinator.java:361), OrOmerShelly.OOSAgent.messageReceived(OOSAgent.java:71), se.sics.tasim.aw.AgentService.deliverToAgent(AgentService.java:130), tau.tac.adx.agentware.AgentServiceImpl.deliverToAgent(AgentServiceImpl.java:134), tau.tac.adx.agentware.SimClient.run(SimClient.java:439), java.lang.Thread.run(Unknown Source)]
08/04 20:38:01 WARNING OrOmerShelly.Coordinator|BidBundle is null! Getting default BidBundle
08/04 20:38:01 INFO bidders.ImpressionBidder|Default bid bundle bid for Campaign ID 16914112: day 1 to 5 [LOW_INCOME, YOUNG], reach: 1250 coefs: (v=2.0, m=1.5) will be 0.28093359236230486
08/04 20:38:01 INFO OrOmerShelly.Coordinator|Day 6 ended. Starting next day
08/04 20:38:11 INFO OrOmerShelly.Coordinator|Day 7 :BankStatus[-0.874800]
08/04 20:38:11 INFO OrOmerShelly.Coordinator|Campaign auction report for day 7: CampaignReport: CampaignAuctionReportKey [adnetName=DummyAdnetwork-7] : CampaignAuctionReportEntry [actualBid=3299.0, effectiveBid=1434.259160007104]

08/04 20:38:11 SEVERE OrOmerShelly.OOSAgent|Exception thrown while trying to parse message: java.lang.NullPointerException : [OrOmerShelly.Coordinator.handleCampaignReport(Coordinator.java:444), OrOmerShelly.OOSAgent.messageReceived(OOSAgent.java:65), se.sics.tasim.aw.AgentService.deliverToAgent(AgentService.java:130), tau.tac.adx.agentware.AgentServiceImpl.deliverToAgent(AgentServiceImpl.java:134), tau.tac.adx.agentware.SimClient.run(SimClient.java:439), java.lang.Thread.run(Unknown Source)]
08/04 20:38:11 SEVERE OrOmerShelly.OOSAgent|Exception thrown while trying to parse message: java.lang.NullPointerException : [OrOmerShelly.Coordinator.handleAdNetworkDailyNotification(Coordinator.java:312), OrOmerShelly.OOSAgent.messageReceived(OOSAgent.java:67), se.sics.tasim.aw.AgentService.deliverToAgent(AgentService.java:130), tau.tac.adx.agentware.AgentServiceImpl.deliverToAgent(AgentServiceImpl.java:134), tau.tac.adx.agentware.SimClient.run(SimClient.java:439), java.lang.Thread.run(Unknown Source)]
08/04 20:38:11 INFO OrOmerShelly.Coordinator|Day 7: Campaign opportunity - Campaign ID 30336615: day 9 to 11 [MALE, YOUNG], reach: 3750 coefs: (v=2.0, m=1.5)
08/04 20:38:11 INFO OrOmerShelly.Coordinator|Day 7: Campaign total budget bid: 1001.3756273510156
08/04 20:38:11 INFO OrOmerShelly.Coordinator|Day 7: Adjusting ucs bid: was 0.12928762574754374 level reported: 0.47829690000000014 target: 0.7 adjusted: 0.15622231816416446
08/04 20:38:11 INFO OrOmerShelly.Coordinator|Publishers Report: 
08/04 20:38:11 INFO OrOmerShelly.Coordinator|(publisher: cnn popularity: 6968 video: 2544 text: 4425)
08/04 20:38:11 INFO OrOmerShelly.Coordinator|Updating statistics for: cnn
08/04 20:38:11 INFO OrOmerShelly.Coordinator|(publisher: msn popularity: 43818 video: 17519 text: 26300)
08/04 20:38:11 INFO OrOmerShelly.Coordinator|Updating statistics for: msn
08/04 20:38:11 INFO OrOmerShelly.Coordinator|(publisher: nyt popularity: 7764 video: 2676 text: 5089)
08/04 20:38:11 INFO OrOmerShelly.Coordinator|Updating statistics for: nyt
08/04 20:38:11 INFO OrOmerShelly.Coordinator|(publisher: amazon popularity: 34543 video: 18826 text: 15718)
08/04 20:38:11 INFO OrOmerShelly.Coordinator|Updating statistics for: amazon
08/04 20:38:11 INFO OrOmerShelly.Coordinator|(publisher: bestbuy popularity: 3649 video: 1223 text: 2427)
08/04 20:38:11 INFO OrOmerShelly.Coordinator|Updating statistics for: bestbuy
08/04 20:38:11 INFO OrOmerShelly.Coordinator|(publisher: wallmart popularity: 8405 video: 2469 text: 5937)
08/04 20:38:11 INFO OrOmerShelly.Coordinator|Updating statistics for: wallmart
08/04 20:38:12 INFO OrOmerShelly.Coordinator|Day 7 : Simulation Status Received
08/04 20:38:12 INFO OrOmerShelly.Coordinator|Adding last day's bid bundle to bidBundleHistory
08/04 20:38:12 INFO bidders.ImpressionBidder|fillBidBundle: Filling bid bundle for nyt
08/04 20:38:12 SEVERE OrOmerShelly.Coordinator|Exception in running classifier: java.lang.NullPointerException - [OrOmerShelly.UserAnalyzer.calcMarketSegmentsDistribution(UserAnalyzer.java:52), OrOmerShelly.oos.bidders.ImpressionBidder.fillBidBundle(ImpressionBidder.java:202), OrOmerShelly.Coordinator.calculateAndSendBidBundle(Coordinator.java:396), OrOmerShelly.Coordinator.handleSimulationStatus(Coordinator.java:361), OrOmerShelly.OOSAgent.messageReceived(OOSAgent.java:71), se.sics.tasim.aw.AgentService.deliverToAgent(AgentService.java:130), tau.tac.adx.agentware.AgentServiceImpl.deliverToAgent(AgentServiceImpl.java:134), tau.tac.adx.agentware.SimClient.run(SimClient.java:439), java.lang.Thread.run(Unknown Source)]
08/04 20:38:12 WARNING OrOmerShelly.Coordinator|BidBundle is null! Getting default BidBundle
08/04 20:38:12 INFO bidders.ImpressionBidder|Default bid bundle bid for Campaign ID 16914112: day 1 to 5 [LOW_INCOME, YOUNG], reach: 1250 coefs: (v=2.0, m=1.5) will be 0.23470133576511487
08/04 20:38:12 INFO OrOmerShelly.Coordinator|Day 7 ended. Starting next day
08/04 20:38:21 INFO OrOmerShelly.Coordinator|Day 8 :BankStatus[-1.020600]
08/04 20:38:21 INFO OrOmerShelly.Coordinator|Campaign auction report for day 8: CampaignReport: CampaignAuctionReportKey [adnetName=adv1] : CampaignAuctionReportEntry [actualBid=1001.0, effectiveBid=400.40000000000003]

08/04 20:38:21 SEVERE OrOmerShelly.OOSAgent|Exception thrown while trying to parse message: java.lang.NullPointerException : [OrOmerShelly.Coordinator.handleCampaignReport(Coordinator.java:444), OrOmerShelly.OOSAgent.messageReceived(OOSAgent.java:65), se.sics.tasim.aw.AgentService.deliverToAgent(AgentService.java:130), tau.tac.adx.agentware.AgentServiceImpl.deliverToAgent(AgentServiceImpl.java:134), tau.tac.adx.agentware.SimClient.run(SimClient.java:439), java.lang.Thread.run(Unknown Source)]
08/04 20:38:21 SEVERE OrOmerShelly.OOSAgent|Exception thrown while trying to parse message: java.lang.NullPointerException : [OrOmerShelly.Coordinator.handleAdNetworkDailyNotification(Coordinator.java:312), OrOmerShelly.OOSAgent.messageReceived(OOSAgent.java:67), se.sics.tasim.aw.AgentService.deliverToAgent(AgentService.java:130), tau.tac.adx.agentware.AgentServiceImpl.deliverToAgent(AgentServiceImpl.java:134), tau.tac.adx.agentware.SimClient.run(SimClient.java:439), java.lang.Thread.run(Unknown Source)]
08/04 20:38:21 INFO OrOmerShelly.Coordinator|Day 8: Campaign opportunity - Campaign ID 4488512: day 10 to 19 [YOUNG, FEMALE], reach: 3750 coefs: (v=2.0, m=1.5)
08/04 20:38:21 INFO OrOmerShelly.Coordinator|Day 8: Campaign total budget bid: 302.5179268896617
08/04 20:38:21 INFO OrOmerShelly.Coordinator|Day 8: Adjusting ucs bid: was 0.15622231816416446 level reported: 0.47829690000000014 target: 0.7 adjusted: 0.11010603212696614
08/04 20:38:21 INFO OrOmerShelly.Coordinator|Publishers Report: 
08/04 20:38:21 INFO OrOmerShelly.Coordinator|(publisher: cnn popularity: 6646 video: 2769 text: 3878)
08/04 20:38:21 INFO OrOmerShelly.Coordinator|Updating statistics for: cnn
08/04 20:38:21 INFO OrOmerShelly.Coordinator|(publisher: nyt popularity: 7381 video: 3236 text: 4146)
08/04 20:38:21 INFO OrOmerShelly.Coordinator|Updating statistics for: nyt
08/04 20:38:21 INFO OrOmerShelly.Coordinator|(publisher: msn popularity: 41470 video: 20511 text: 20960)
08/04 20:38:21 INFO OrOmerShelly.Coordinator|Updating statistics for: msn
08/04 20:38:21 INFO OrOmerShelly.Coordinator|(publisher: amazon popularity: 32604 video: 16863 text: 15742)
08/04 20:38:21 INFO OrOmerShelly.Coordinator|Updating statistics for: amazon
08/04 20:38:21 INFO OrOmerShelly.Coordinator|(publisher: bestbuy popularity: 3424 video: 934 text: 2491)
08/04 20:38:21 INFO OrOmerShelly.Coordinator|Updating statistics for: bestbuy
08/04 20:38:21 INFO OrOmerShelly.Coordinator|(publisher: wallmart popularity: 7925 video: 2422 text: 5504)
08/04 20:38:21 INFO OrOmerShelly.Coordinator|Updating statistics for: wallmart
08/04 20:38:21 INFO OrOmerShelly.Coordinator|Day 8 : Simulation Status Received
08/04 20:38:21 INFO OrOmerShelly.Coordinator|Adding last day's bid bundle to bidBundleHistory
08/04 20:38:21 INFO bidders.ImpressionBidder|fillBidBundle: Filling bid bundle for nyt
08/04 20:38:21 SEVERE OrOmerShelly.Coordinator|Exception in running classifier: java.lang.NullPointerException - [OrOmerShelly.UserAnalyzer.calcMarketSegmentsDistribution(UserAnalyzer.java:52), OrOmerShelly.oos.bidders.ImpressionBidder.fillBidBundle(ImpressionBidder.java:202), OrOmerShelly.Coordinator.calculateAndSendBidBundle(Coordinator.java:396), OrOmerShelly.Coordinator.handleSimulationStatus(Coordinator.java:361), OrOmerShelly.OOSAgent.messageReceived(OOSAgent.java:71), se.sics.tasim.aw.AgentService.deliverToAgent(AgentService.java:130), tau.tac.adx.agentware.AgentServiceImpl.deliverToAgent(AgentServiceImpl.java:134), tau.tac.adx.agentware.SimClient.run(SimClient.java:439), java.lang.Thread.run(Unknown Source)]
08/04 20:38:21 WARNING OrOmerShelly.Coordinator|BidBundle is null! Getting default BidBundle
08/04 20:38:21 INFO bidders.ImpressionBidder|Default bid bundle bid for Campaign ID 16914112: day 1 to 5 [LOW_INCOME, YOUNG], reach: 1250 coefs: (v=2.0, m=1.5) will be 0.4398973749663128
08/04 20:38:21 INFO OrOmerShelly.Coordinator|Day 8 ended. Starting next day
08/04 20:38:33 INFO OrOmerShelly.Coordinator|Day 9 :BankStatus[-1.166400]
08/04 20:38:33 SEVERE OrOmerShelly.OOSAgent|Exception thrown while trying to parse message: java.lang.NullPointerException : [OrOmerShelly.Coordinator.handleCampaignReport(Coordinator.java:444), OrOmerShelly.OOSAgent.messageReceived(OOSAgent.java:65), se.sics.tasim.aw.AgentService.deliverToAgent(AgentService.java:130), tau.tac.adx.agentware.AgentServiceImpl.deliverToAgent(AgentServiceImpl.java:134), tau.tac.adx.agentware.SimClient.run(SimClient.java:439), java.lang.Thread.run(Unknown Source)]
08/04 20:38:33 SEVERE OrOmerShelly.OOSAgent|Exception thrown while trying to parse message: java.lang.NullPointerException : [OrOmerShelly.Coordinator.handleAdNetworkDailyNotification(Coordinator.java:312), OrOmerShelly.OOSAgent.messageReceived(OOSAgent.java:67), se.sics.tasim.aw.AgentService.deliverToAgent(AgentService.java:130), tau.tac.adx.agentware.AgentServiceImpl.deliverToAgent(AgentServiceImpl.java:134), tau.tac.adx.agentware.SimClient.run(SimClient.java:439), java.lang.Thread.run(Unknown Source)]
08/04 20:38:33 INFO OrOmerShelly.Coordinator|Day 9: Campaign opportunity - Campaign ID 5395271: day 11 to 15 [HIGH_INCOME, FEMALE], reach: 6250 coefs: (v=2.0, m=1.5)
08/04 20:38:33 INFO OrOmerShelly.Coordinator|Day 9: Campaign total budget bid: 995.1749095775716
08/04 20:38:33 INFO OrOmerShelly.Coordinator|Day 9: Adjusting ucs bid: was 0.11010603212696614 level reported: 0.47829690000000014 target: 0.7 adjusted: 0.1345168807782141
08/04 20:38:33 INFO OrOmerShelly.Coordinator|Publishers Report: 
08/04 20:38:33 INFO OrOmerShelly.Coordinator|(publisher: cnn popularity: 13246 video: 8630 text: 4617)
08/04 20:38:33 INFO OrOmerShelly.Coordinator|Updating statistics for: cnn
08/04 20:38:33 INFO OrOmerShelly.Coordinator|(publisher: nyt popularity: 13917 video: 9624 text: 4294)
08/04 20:38:33 INFO OrOmerShelly.Coordinator|Updating statistics for: nyt
08/04 20:38:33 INFO OrOmerShelly.Coordinator|(publisher: msn popularity: 78206 video: 54242 text: 23965)
08/04 20:38:33 INFO OrOmerShelly.Coordinator|Updating statistics for: msn
08/04 20:38:33 INFO OrOmerShelly.Coordinator|(publisher: amazon popularity: 66445 video: 46146 text: 20300)
08/04 20:38:33 INFO OrOmerShelly.Coordinator|Updating statistics for: amazon
08/04 20:38:33 INFO OrOmerShelly.Coordinator|(publisher: bestbuy popularity: 6254 video: 1287 text: 4968)
08/04 20:38:33 INFO OrOmerShelly.Coordinator|Updating statistics for: bestbuy
08/04 20:38:33 INFO OrOmerShelly.Coordinator|(publisher: wallmart popularity: 15232 video: 2857 text: 12376)
08/04 20:38:33 INFO OrOmerShelly.Coordinator|Updating statistics for: wallmart
08/04 20:38:33 INFO OrOmerShelly.Coordinator|Day 9 : Simulation Status Received
08/04 20:38:33 INFO OrOmerShelly.Coordinator|Adding last day's bid bundle to bidBundleHistory
08/04 20:38:33 INFO bidders.ImpressionBidder|fillBidBundle: Filling bid bundle for nyt
08/04 20:38:33 SEVERE OrOmerShelly.Coordinator|Exception in running classifier: java.lang.NullPointerException - [OrOmerShelly.UserAnalyzer.calcMarketSegmentsDistribution(UserAnalyzer.java:52), OrOmerShelly.oos.bidders.ImpressionBidder.fillBidBundle(ImpressionBidder.java:202), OrOmerShelly.Coordinator.calculateAndSendBidBundle(Coordinator.java:396), OrOmerShelly.Coordinator.handleSimulationStatus(Coordinator.java:361), OrOmerShelly.OOSAgent.messageReceived(OOSAgent.java:71), se.sics.tasim.aw.AgentService.deliverToAgent(AgentService.java:130), tau.tac.adx.agentware.AgentServiceImpl.deliverToAgent(AgentServiceImpl.java:134), tau.tac.adx.agentware.SimClient.run(SimClient.java:439), java.lang.Thread.run(Unknown Source)]
08/04 20:38:33 WARNING OrOmerShelly.Coordinator|BidBundle is null! Getting default BidBundle
08/04 20:38:33 INFO bidders.ImpressionBidder|Default bid bundle bid for Campaign ID 16914112: day 1 to 5 [LOW_INCOME, YOUNG], reach: 1250 coefs: (v=2.0, m=1.5) will be 0.4528976551613189
08/04 20:38:33 INFO OrOmerShelly.Coordinator|Day 9 ended. Starting next day
08/04 20:38:42 INFO OrOmerShelly.Coordinator|Day 10 :BankStatus[-1.312200]
08/04 20:38:42 SEVERE OrOmerShelly.OOSAgent|Exception thrown while trying to parse message: java.lang.NullPointerException : [OrOmerShelly.Coordinator.handleCampaignReport(Coordinator.java:444), OrOmerShelly.OOSAgent.messageReceived(OOSAgent.java:65), se.sics.tasim.aw.AgentService.deliverToAgent(AgentService.java:130), tau.tac.adx.agentware.AgentServiceImpl.deliverToAgent(AgentServiceImpl.java:134), tau.tac.adx.agentware.SimClient.run(SimClient.java:439), java.lang.Thread.run(Unknown Source)]
08/04 20:38:42 SEVERE OrOmerShelly.OOSAgent|Exception thrown while trying to parse message: java.lang.NullPointerException : [OrOmerShelly.Coordinator.handleAdNetworkDailyNotification(Coordinator.java:312), OrOmerShelly.OOSAgent.messageReceived(OOSAgent.java:67), se.sics.tasim.aw.AgentService.deliverToAgent(AgentService.java:130), tau.tac.adx.agentware.AgentServiceImpl.deliverToAgent(AgentServiceImpl.java:134), tau.tac.adx.agentware.SimClient.run(SimClient.java:439), java.lang.Thread.run(Unknown Source)]
08/04 20:38:42 INFO OrOmerShelly.Coordinator|Day 10: Campaign opportunity - Campaign ID 5933207: day 12 to 16 [LOW_INCOME, FEMALE], reach: 12500 coefs: (v=2.0, m=1.5)
08/04 20:38:42 INFO OrOmerShelly.Coordinator|Day 10: Campaign total budget bid: 1986.6752293746483
08/04 20:38:42 INFO OrOmerShelly.Coordinator|Day 10: Adjusting ucs bid: was 0.1345168807782141 level reported: 0.47829690000000014 target: 0.7 adjusted: 0.16433969024907458
08/04 20:38:42 INFO OrOmerShelly.Coordinator|Publishers Report: 
08/04 20:38:42 INFO OrOmerShelly.Coordinator|(publisher: cnn popularity: 7986 video: 3546 text: 4441)
08/04 20:38:42 INFO OrOmerShelly.Coordinator|Updating statistics for: cnn
08/04 20:38:42 INFO OrOmerShelly.Coordinator|(publisher: nyt popularity: 8796 video: 4773 text: 4024)
08/04 20:38:42 INFO OrOmerShelly.Coordinator|Updating statistics for: nyt
08/04 20:38:42 INFO OrOmerShelly.Coordinator|(publisher: msn popularity: 49260 video: 29663 text: 19598)
08/04 20:38:42 INFO OrOmerShelly.Coordinator|Updating statistics for: msn
08/04 20:38:42 INFO OrOmerShelly.Coordinator|(publisher: amazon popularity: 40606 video: 24199 text: 16408)
08/04 20:38:42 INFO OrOmerShelly.Coordinator|Updating statistics for: amazon
08/04 20:38:42 INFO OrOmerShelly.Coordinator|(publisher: bestbuy popularity: 3915 video: 981 text: 2935)
08/04 20:38:42 INFO OrOmerShelly.Coordinator|Updating statistics for: bestbuy
08/04 20:38:42 INFO OrOmerShelly.Coordinator|(publisher: wallmart popularity: 9339 video: 2944 text: 6396)
08/04 20:38:42 INFO OrOmerShelly.Coordinator|Updating statistics for: wallmart
08/04 20:38:42 INFO OrOmerShelly.Coordinator|Day 10 : Simulation Status Received
08/04 20:38:42 INFO OrOmerShelly.Coordinator|Adding last day's bid bundle to bidBundleHistory
08/04 20:38:42 INFO bidders.ImpressionBidder|fillBidBundle: Filling bid bundle for nyt
08/04 20:38:42 SEVERE OrOmerShelly.Coordinator|Exception in running classifier: java.lang.NullPointerException - [OrOmerShelly.UserAnalyzer.calcMarketSegmentsDistribution(UserAnalyzer.java:52), OrOmerShelly.oos.bidders.ImpressionBidder.fillBidBundle(ImpressionBidder.java:202), OrOmerShelly.Coordinator.calculateAndSendBidBundle(Coordinator.java:396), OrOmerShelly.Coordinator.handleSimulationStatus(Coordinator.java:361), OrOmerShelly.OOSAgent.messageReceived(OOSAgent.java:71), se.sics.tasim.aw.AgentService.deliverToAgent(AgentService.java:130), tau.tac.adx.agentware.AgentServiceImpl.deliverToAgent(AgentServiceImpl.java:134), tau.tac.adx.agentware.SimClient.run(SimClient.java:439), java.lang.Thread.run(Unknown Source)]
08/04 20:38:42 WARNING OrOmerShelly.Coordinator|BidBundle is null! Getting default BidBundle
08/04 20:38:42 INFO bidders.ImpressionBidder|Default bid bundle bid for Campaign ID 16914112: day 1 to 5 [LOW_INCOME, YOUNG], reach: 1250 coefs: (v=2.0, m=1.5) will be 0.7168854053439276
08/04 20:38:42 INFO OrOmerShelly.Coordinator|Day 10 ended. Starting next day
08/04 20:38:52 INFO OrOmerShelly.Coordinator|Day 11 :BankStatus[-1.458000]
08/04 20:38:52 SEVERE OrOmerShelly.OOSAgent|Exception thrown while trying to parse message: java.lang.NullPointerException : [OrOmerShelly.Coordinator.handleCampaignReport(Coordinator.java:444), OrOmerShelly.OOSAgent.messageReceived(OOSAgent.java:65), se.sics.tasim.aw.AgentService.deliverToAgent(AgentService.java:130), tau.tac.adx.agentware.AgentServiceImpl.deliverToAgent(AgentServiceImpl.java:134), tau.tac.adx.agentware.SimClient.run(SimClient.java:439), java.lang.Thread.run(Unknown Source)]
08/04 20:38:52 SEVERE OrOmerShelly.OOSAgent|Exception thrown while trying to parse message: java.lang.NullPointerException : [OrOmerShelly.Coordinator.handleAdNetworkDailyNotification(Coordinator.java:312), OrOmerShelly.OOSAgent.messageReceived(OOSAgent.java:67), se.sics.tasim.aw.AgentService.deliverToAgent(AgentService.java:130), tau.tac.adx.agentware.AgentServiceImpl.deliverToAgent(AgentServiceImpl.java:134), tau.tac.adx.agentware.SimClient.run(SimClient.java:439), java.lang.Thread.run(Unknown Source)]
08/04 20:38:52 INFO OrOmerShelly.Coordinator|Day 11: Campaign opportunity - Campaign ID 20291982: day 13 to 22 [OLD, FEMALE], reach: 6250 coefs: (v=2.0, m=1.5)
08/04 20:38:52 INFO OrOmerShelly.Coordinator|Day 11: Campaign total budget bid: 490.2543379498153
08/04 20:38:52 INFO OrOmerShelly.Coordinator|Day 11: Adjusting ucs bid: was 0.16433969024907458 level reported: 0.47829690000000014 target: 0.7 adjusted: 0.10474603253397706
08/04 20:38:52 INFO OrOmerShelly.Coordinator|Publishers Report: 
08/04 20:38:52 INFO OrOmerShelly.Coordinator|(publisher: cnn popularity: 8788 video: 4937 text: 3852)
08/04 20:38:52 INFO OrOmerShelly.Coordinator|Updating statistics for: cnn
08/04 20:38:52 INFO OrOmerShelly.Coordinator|(publisher: msn popularity: 51101 video: 30603 text: 20499)
08/04 20:38:52 INFO OrOmerShelly.Coordinator|Updating statistics for: msn
08/04 20:38:52 INFO OrOmerShelly.Coordinator|(publisher: nyt popularity: 8992 video: 5454 text: 3539)
08/04 20:38:52 INFO OrOmerShelly.Coordinator|Updating statistics for: nyt
08/04 20:38:52 INFO OrOmerShelly.Coordinator|(publisher: amazon popularity: 42527 video: 27579 text: 14949)
08/04 20:38:52 INFO OrOmerShelly.Coordinator|Updating statistics for: amazon
08/04 20:38:52 INFO OrOmerShelly.Coordinator|(publisher: bestbuy popularity: 4224 video: 872 text: 3353)
08/04 20:38:52 INFO OrOmerShelly.Coordinator|Updating statistics for: bestbuy
08/04 20:38:52 INFO OrOmerShelly.Coordinator|(publisher: wallmart popularity: 9718 video: 2461 text: 7258)
08/04 20:38:52 INFO OrOmerShelly.Coordinator|Updating statistics for: wallmart
08/04 20:38:52 INFO OrOmerShelly.Coordinator|Day 11 : Simulation Status Received
08/04 20:38:52 INFO OrOmerShelly.Coordinator|Adding last day's bid bundle to bidBundleHistory
08/04 20:38:52 INFO bidders.ImpressionBidder|fillBidBundle: Filling bid bundle for nyt
08/04 20:38:52 SEVERE OrOmerShelly.Coordinator|Exception in running classifier: java.lang.NullPointerException - [OrOmerShelly.UserAnalyzer.calcMarketSegmentsDistribution(UserAnalyzer.java:52), OrOmerShelly.oos.bidders.ImpressionBidder.fillBidBundle(ImpressionBidder.java:202), OrOmerShelly.Coordinator.calculateAndSendBidBundle(Coordinator.java:396), OrOmerShelly.Coordinator.handleSimulationStatus(Coordinator.java:361), OrOmerShelly.OOSAgent.messageReceived(OOSAgent.java:71), se.sics.tasim.aw.AgentService.deliverToAgent(AgentService.java:130), tau.tac.adx.agentware.AgentServiceImpl.deliverToAgent(AgentServiceImpl.java:134), tau.tac.adx.agentware.SimClient.run(SimClient.java:439), java.lang.Thread.run(Unknown Source)]
08/04 20:38:52 WARNING OrOmerShelly.Coordinator|BidBundle is null! Getting default BidBundle
08/04 20:38:52 INFO bidders.ImpressionBidder|Default bid bundle bid for Campaign ID 16914112: day 1 to 5 [LOW_INCOME, YOUNG], reach: 1250 coefs: (v=2.0, m=1.5) will be 0.6367735868159924
08/04 20:38:52 INFO OrOmerShelly.Coordinator|Day 11 ended. Starting next day
08/04 20:39:02 INFO OrOmerShelly.Coordinator|Day 12 :BankStatus[-1.603800]
08/04 20:39:02 SEVERE OrOmerShelly.OOSAgent|Exception thrown while trying to parse message: java.lang.NullPointerException : [OrOmerShelly.Coordinator.handleCampaignReport(Coordinator.java:444), OrOmerShelly.OOSAgent.messageReceived(OOSAgent.java:65), se.sics.tasim.aw.AgentService.deliverToAgent(AgentService.java:130), tau.tac.adx.agentware.AgentServiceImpl.deliverToAgent(AgentServiceImpl.java:134), tau.tac.adx.agentware.SimClient.run(SimClient.java:439), java.lang.Thread.run(Unknown Source)]
08/04 20:39:02 SEVERE OrOmerShelly.OOSAgent|Exception thrown while trying to parse message: java.lang.NullPointerException : [OrOmerShelly.Coordinator.handleAdNetworkDailyNotification(Coordinator.java:312), OrOmerShelly.OOSAgent.messageReceived(OOSAgent.java:67), se.sics.tasim.aw.AgentService.deliverToAgent(AgentService.java:130), tau.tac.adx.agentware.AgentServiceImpl.deliverToAgent(AgentServiceImpl.java:134), tau.tac.adx.agentware.SimClient.run(SimClient.java:439), java.lang.Thread.run(Unknown Source)]
08/04 20:39:02 INFO OrOmerShelly.Coordinator|Day 12: Campaign opportunity - Campaign ID 11909427: day 14 to 18 [LOW_INCOME, YOUNG], reach: 6250 coefs: (v=2.0, m=1.5)
08/04 20:39:02 INFO OrOmerShelly.Coordinator|Day 12: Campaign total budget bid: 994.4551590888511
08/04 20:39:02 INFO OrOmerShelly.Coordinator|Day 12: Adjusting ucs bid: was 0.10474603253397706 level reported: 0.47829690000000014 target: 0.7 adjusted: 0.1279685526594606
08/04 20:39:02 INFO OrOmerShelly.Coordinator|Publishers Report: 
08/04 20:39:02 INFO OrOmerShelly.Coordinator|(publisher: cnn popularity: 8011 video: 3465 text: 4547)
08/04 20:39:02 INFO OrOmerShelly.Coordinator|Updating statistics for: cnn
08/04 20:39:02 INFO OrOmerShelly.Coordinator|(publisher: msn popularity: 49529 video: 30184 text: 19346)
08/04 20:39:02 INFO OrOmerShelly.Coordinator|Updating statistics for: msn
08/04 20:39:02 INFO OrOmerShelly.Coordinator|(publisher: nyt popularity: 8709 video: 4845 text: 3865)
08/04 20:39:02 INFO OrOmerShelly.Coordinator|Updating statistics for: nyt
08/04 20:39:02 INFO OrOmerShelly.Coordinator|(publisher: amazon popularity: 39611 video: 19460 text: 20152)
08/04 20:39:02 INFO OrOmerShelly.Coordinator|Updating statistics for: amazon
08/04 20:39:02 INFO OrOmerShelly.Coordinator|(publisher: bestbuy popularity: 4063 video: 1536 text: 2528)
08/04 20:39:02 INFO OrOmerShelly.Coordinator|Updating statistics for: bestbuy
08/04 20:39:02 INFO OrOmerShelly.Coordinator|(publisher: wallmart popularity: 9470 video: 2629 text: 6842)
08/04 20:39:02 INFO OrOmerShelly.Coordinator|Updating statistics for: wallmart
08/04 20:39:02 INFO OrOmerShelly.Coordinator|Day 12 : Simulation Status Received
08/04 20:39:02 INFO OrOmerShelly.Coordinator|Adding last day's bid bundle to bidBundleHistory
08/04 20:39:02 INFO bidders.ImpressionBidder|fillBidBundle: Filling bid bundle for nyt
08/04 20:39:02 SEVERE OrOmerShelly.Coordinator|Exception in running classifier: java.lang.NullPointerException - [OrOmerShelly.UserAnalyzer.calcMarketSegmentsDistribution(UserAnalyzer.java:52), OrOmerShelly.oos.bidders.ImpressionBidder.fillBidBundle(ImpressionBidder.java:202), OrOmerShelly.Coordinator.calculateAndSendBidBundle(Coordinator.java:396), OrOmerShelly.Coordinator.handleSimulationStatus(Coordinator.java:361), OrOmerShelly.OOSAgent.messageReceived(OOSAgent.java:71), se.sics.tasim.aw.AgentService.deliverToAgent(AgentService.java:130), tau.tac.adx.agentware.AgentServiceImpl.deliverToAgent(AgentServiceImpl.java:134), tau.tac.adx.agentware.SimClient.run(SimClient.java:439), java.lang.Thread.run(Unknown Source)]
08/04 20:39:02 WARNING OrOmerShelly.Coordinator|BidBundle is null! Getting default BidBundle
08/04 20:39:02 INFO bidders.ImpressionBidder|Default bid bundle bid for Campaign ID 16914112: day 1 to 5 [LOW_INCOME, YOUNG], reach: 1250 coefs: (v=2.0, m=1.5) will be 0.2506390974966842
08/04 20:39:02 INFO OrOmerShelly.Coordinator|Day 12 ended. Starting next day
08/04 20:39:12 INFO OrOmerShelly.Coordinator|Day 13 :BankStatus[-1.749600]
08/04 20:39:12 INFO OrOmerShelly.Coordinator|Campaign auction report for day 13: CampaignReport: CampaignAuctionReportKey [adnetName=DummyAdnetwork-7] : CampaignAuctionReportEntry [actualBid=2652.0, effectiveBid=1152.9722013758228]

08/04 20:39:12 SEVERE OrOmerShelly.OOSAgent|Exception thrown while trying to parse message: java.lang.NullPointerException : [OrOmerShelly.Coordinator.handleAdNetworkDailyNotification(Coordinator.java:312), OrOmerShelly.OOSAgent.messageReceived(OOSAgent.java:67), se.sics.tasim.aw.AgentService.deliverToAgent(AgentService.java:130), tau.tac.adx.agentware.AgentServiceImpl.deliverToAgent(AgentServiceImpl.java:134), tau.tac.adx.agentware.SimClient.run(SimClient.java:439), java.lang.Thread.run(Unknown Source)]
08/04 20:39:12 INFO OrOmerShelly.Coordinator|Day 13: Campaign opportunity - Campaign ID 13343631: day 15 to 24 [OLD, LOW_INCOME], reach: 12500 coefs: (v=2.0, m=1.5)
08/04 20:39:12 INFO OrOmerShelly.Coordinator|Day 13: Campaign total budget bid: 997.1796934257029
08/04 20:39:12 INFO OrOmerShelly.Coordinator|Day 13: Adjusting ucs bid: was 0.1279685526594606 level reported: 0.47829690000000014 target: 0.7 adjusted: 0.15633957748657626
08/04 20:39:12 INFO OrOmerShelly.Coordinator|Publishers Report: 
08/04 20:39:12 INFO OrOmerShelly.Coordinator|(publisher: cnn popularity: 12555 video: 7534 text: 5022)
08/04 20:39:12 INFO OrOmerShelly.Coordinator|Updating statistics for: cnn
08/04 20:39:12 INFO OrOmerShelly.Coordinator|(publisher: nyt popularity: 13304 video: 8489 text: 4816)
08/04 20:39:12 INFO OrOmerShelly.Coordinator|Updating statistics for: nyt
08/04 20:39:12 INFO OrOmerShelly.Coordinator|(publisher: msn popularity: 73809 video: 47268 text: 26542)
08/04 20:39:12 INFO OrOmerShelly.Coordinator|Updating statistics for: msn
08/04 20:39:12 INFO OrOmerShelly.Coordinator|(publisher: amazon popularity: 62435 video: 43670 text: 18766)
08/04 20:39:12 INFO OrOmerShelly.Coordinator|Updating statistics for: amazon
08/04 20:39:12 INFO OrOmerShelly.Coordinator|(publisher: bestbuy popularity: 5841 video: 1126 text: 4716)
08/04 20:39:12 INFO OrOmerShelly.Coordinator|Updating statistics for: bestbuy
08/04 20:39:12 INFO OrOmerShelly.Coordinator|(publisher: wallmart popularity: 14142 video: 3152 text: 10991)
08/04 20:39:12 INFO OrOmerShelly.Coordinator|Updating statistics for: wallmart
08/04 20:39:13 INFO OrOmerShelly.Coordinator|Day 13 : Simulation Status Received
08/04 20:39:13 INFO OrOmerShelly.Coordinator|Adding last day's bid bundle to bidBundleHistory
08/04 20:39:13 INFO bidders.ImpressionBidder|fillBidBundle: Filling bid bundle for nyt
08/04 20:39:13 SEVERE OrOmerShelly.Coordinator|Exception in running classifier: java.lang.NullPointerException - [OrOmerShelly.UserAnalyzer.calcMarketSegmentsDistribution(UserAnalyzer.java:52), OrOmerShelly.oos.bidders.ImpressionBidder.fillBidBundle(ImpressionBidder.java:202), OrOmerShelly.Coordinator.calculateAndSendBidBundle(Coordinator.java:396), OrOmerShelly.Coordinator.handleSimulationStatus(Coordinator.java:361), OrOmerShelly.OOSAgent.messageReceived(OOSAgent.java:71), se.sics.tasim.aw.AgentService.deliverToAgent(AgentService.java:130), tau.tac.adx.agentware.AgentServiceImpl.deliverToAgent(AgentServiceImpl.java:134), tau.tac.adx.agentware.SimClient.run(SimClient.java:439), java.lang.Thread.run(Unknown Source)]
08/04 20:39:13 WARNING OrOmerShelly.Coordinator|BidBundle is null! Getting default BidBundle
08/04 20:39:13 INFO bidders.ImpressionBidder|Default bid bundle bid for Campaign ID 16914112: day 1 to 5 [LOW_INCOME, YOUNG], reach: 1250 coefs: (v=2.0, m=1.5) will be 0.605636065776394
08/04 20:39:13 INFO OrOmerShelly.Coordinator|Day 13 ended. Starting next day
08/04 20:39:21 INFO OrOmerShelly.Coordinator|Day 14 :BankStatus[-1.895400]
08/04 20:39:21 INFO OrOmerShelly.Coordinator|Campaign auction report for day 14: CampaignReport: CampaignAuctionReportKey [adnetName=DummyAdnetwork-7] : CampaignAuctionReportEntry [actualBid=2780.0, effectiveBid=2531.464968631873]

08/04 20:39:21 SEVERE OrOmerShelly.OOSAgent|Exception thrown while trying to parse message: java.lang.NullPointerException : [OrOmerShelly.Coordinator.handleAdNetworkDailyNotification(Coordinator.java:312), OrOmerShelly.OOSAgent.messageReceived(OOSAgent.java:67), se.sics.tasim.aw.AgentService.deliverToAgent(AgentService.java:130), tau.tac.adx.agentware.AgentServiceImpl.deliverToAgent(AgentServiceImpl.java:134), tau.tac.adx.agentware.SimClient.run(SimClient.java:439), java.lang.Thread.run(Unknown Source)]
08/04 20:39:21 INFO OrOmerShelly.Coordinator|Day 14: Campaign opportunity - Campaign ID 32135604: day 16 to 20 [MALE, HIGH_INCOME], reach: 12500 coefs: (v=2.0, m=1.5)
08/04 20:39:21 INFO OrOmerShelly.Coordinator|Day 14: Campaign total budget bid: 2026.8610276566624
08/04 20:39:21 INFO OrOmerShelly.Coordinator|Day 14: Adjusting ucs bid: was 0.15633957748657626 level reported: 0.47829690000000014 target: 0.7 adjusted: 0.1910005464680404
08/04 20:39:21 INFO OrOmerShelly.Coordinator|Publishers Report: 
08/04 20:39:21 INFO OrOmerShelly.Coordinator|(publisher: cnn popularity: 7493 video: 2440 text: 5054)
08/04 20:39:21 INFO OrOmerShelly.Coordinator|Updating statistics for: cnn
08/04 20:39:21 INFO OrOmerShelly.Coordinator|(publisher: nyt popularity: 8297 video: 3630 text: 4668)
08/04 20:39:21 INFO OrOmerShelly.Coordinator|Updating statistics for: nyt
08/04 20:39:21 INFO OrOmerShelly.Coordinator|(publisher: msn popularity: 46483 video: 21872 text: 24612)
08/04 20:39:21 INFO OrOmerShelly.Coordinator|Updating statistics for: msn
08/04 20:39:21 INFO OrOmerShelly.Coordinator|(publisher: amazon popularity: 36364 video: 15490 text: 20875)
08/04 20:39:21 INFO OrOmerShelly.Coordinator|Updating statistics for: amazon
08/04 20:39:21 INFO OrOmerShelly.Coordinator|(publisher: bestbuy popularity: 3860 video: 1357 text: 2504)
08/04 20:39:21 INFO OrOmerShelly.Coordinator|Updating statistics for: bestbuy
08/04 20:39:21 INFO OrOmerShelly.Coordinator|(publisher: wallmart popularity: 9155 video: 2697 text: 6459)
08/04 20:39:21 INFO OrOmerShelly.Coordinator|Updating statistics for: wallmart
08/04 20:39:22 INFO OrOmerShelly.Coordinator|Day 14 : Simulation Status Received
08/04 20:39:22 INFO OrOmerShelly.Coordinator|Adding last day's bid bundle to bidBundleHistory
08/04 20:39:22 INFO bidders.ImpressionBidder|fillBidBundle: Filling bid bundle for nyt
08/04 20:39:22 SEVERE OrOmerShelly.Coordinator|Exception in running classifier: java.lang.NullPointerException - [OrOmerShelly.UserAnalyzer.calcMarketSegmentsDistribution(UserAnalyzer.java:52), OrOmerShelly.oos.bidders.ImpressionBidder.fillBidBundle(ImpressionBidder.java:202), OrOmerShelly.Coordinator.calculateAndSendBidBundle(Coordinator.java:396), OrOmerShelly.Coordinator.handleSimulationStatus(Coordinator.java:361), OrOmerShelly.OOSAgent.messageReceived(OOSAgent.java:71), se.sics.tasim.aw.AgentService.deliverToAgent(AgentService.java:130), tau.tac.adx.agentware.AgentServiceImpl.deliverToAgent(AgentServiceImpl.java:134), tau.tac.adx.agentware.SimClient.run(SimClient.java:439), java.lang.Thread.run(Unknown Source)]
08/04 20:39:22 WARNING OrOmerShelly.Coordinator|BidBundle is null! Getting default BidBundle
08/04 20:39:22 INFO bidders.ImpressionBidder|Default bid bundle bid for Campaign ID 16914112: day 1 to 5 [LOW_INCOME, YOUNG], reach: 1250 coefs: (v=2.0, m=1.5) will be 0.38541418967624885
08/04 20:39:22 INFO OrOmerShelly.Coordinator|Day 14 ended. Starting next day
09/04 17:06:00 INFO OrOmerShelly.Coordinator|Got publisherCatalog: target ; yahoo ; fox ; msn ; hfn ; wallmart ; 
09/04 17:06:00 INFO OrOmerShelly.Coordinator|Available queries: [Ltau.tac.adx.props.AdxQuery;@e920f
09/04 17:06:00 INFO OrOmerShelly.OOSAgent|UNKNOWN Message Received: edu.umich.eecs.tac.props.AdvertiserInfo@bc76a1c1
09/04 17:06:00 INFO OrOmerShelly.Coordinator|Day 0 :BankStatus[0.000000]
09/04 17:06:00 INFO OrOmerShelly.Coordinator|tau.tac.adx.report.demand.InitialCampaignMessage[15585386,1250,1,5,[OLD, HIGH_INCOME],2.0,1.5,demand,[]]
09/04 17:06:00 INFO OrOmerShelly.Coordinator|Day 0: Allocated campaign - Campaign ID 15585386: day 1 to 5 [OLD, HIGH_INCOME], reach: 1250 coefs: (v=2.0, m=1.5) budget: 1.25
09/04 17:06:00 INFO OrOmerShelly.Coordinator|Day 0: Campaign opportunity - Campaign ID 9501578: day 2 to 11 [LOW_INCOME, FEMALE], reach: 3750 coefs: (v=2.0, m=1.5) budget: 0.0
09/04 17:06:00 INFO OrOmerShelly.Coordinator|Day 0: Campaign total budget bid: 298.00128440619727
09/04 17:06:00 INFO OrOmerShelly.Coordinator|Day 0: Initial ucs bid is 0.17706147571263608
09/04 17:06:00 INFO OrOmerShelly.Coordinator|Day 0 : Simulation Status Received
09/04 17:06:00 INFO bidders.ImpressionBidder|getDefaultDataset: Generating default instances for publisher - target
09/04 17:06:00 INFO bidders.ImpressionBidder|getDefaultDataset: Getting averaged publisher stats as there is no record for publisher target
09/04 17:06:00 INFO bidders.ImpressionBidder|getDefaultDataset: PublisherStats for publisher target are: Popularity = 200; VideoOrientation = 100; TextOrientation = 100
09/04 17:06:00 INFO bidders.ImpressionBidder|getDefaultDataset: Adding instance - [1.0, 1.0, 1.0, 0.15680000000000002, 1.25, 312.5, 0.3216911764705882, 0.0]
09/04 17:06:00 INFO bidders.ImpressionBidder|getDefaultDataset: Adding instance - [1.0, 2.0, 1.0, 0.15680000000000002, 1.25, 312.5, 0.6433823529411764, 0.0]
09/04 17:06:00 INFO bidders.ImpressionBidder|getDefaultDataset: Adding instance - [2.0, 1.0, 1.0, 0.15680000000000002, 1.25, 312.5, 0.4825367647058823, 0.0]
09/04 17:06:00 INFO bidders.ImpressionBidder|getDefaultDataset: Adding instance - [2.0, 2.0, 1.0, 0.15680000000000002, 1.25, 312.5, 0.9650735294117646, 0.0]
09/04 17:06:00 INFO bidders.ImpressionBidder|getDefaultDataset: Generating default instances for publisher - yahoo
09/04 17:06:00 INFO bidders.ImpressionBidder|getDefaultDataset: Getting averaged publisher stats as there is no record for publisher yahoo
09/04 17:06:00 INFO bidders.ImpressionBidder|getDefaultDataset: PublisherStats for publisher yahoo are: Popularity = 1600; VideoOrientation = 800; TextOrientation = 800
09/04 17:06:00 INFO bidders.ImpressionBidder|getDefaultDataset: Adding instance - [1.0, 1.0, 1.0, 0.10800000000000001, 1.25, 312.5, 0.3348214285714286, 0.0]
09/04 17:06:00 INFO bidders.ImpressionBidder|getDefaultDataset: Adding instance - [1.0, 2.0, 1.0, 0.10800000000000001, 1.25, 312.5, 0.6696428571428572, 0.0]
09/04 17:06:00 INFO bidders.ImpressionBidder|getDefaultDataset: Adding instance - [2.0, 1.0, 1.0, 0.10800000000000001, 1.25, 312.5, 0.5022321428571429, 0.0]
09/04 17:06:00 INFO bidders.ImpressionBidder|getDefaultDataset: Adding instance - [2.0, 2.0, 1.0, 0.10800000000000001, 1.25, 312.5, 1.0044642857142858, 0.0]
09/04 17:06:00 INFO bidders.ImpressionBidder|getDefaultDataset: Generating default instances for publisher - fox
09/04 17:06:00 INFO bidders.ImpressionBidder|getDefaultDataset: Getting averaged publisher stats as there is no record for publisher fox
09/04 17:06:00 INFO bidders.ImpressionBidder|getDefaultDataset: PublisherStats for publisher fox are: Popularity = 310; VideoOrientation = 155; TextOrientation = 155
09/04 17:06:00 INFO bidders.ImpressionBidder|getDefaultDataset: Adding instance - [1.0, 1.0, 1.0, 0.1652, 1.25, 312.5, 0.3587062256809338, 0.0]
09/04 17:06:00 INFO bidders.ImpressionBidder|getDefaultDataset: Adding instance - [1.0, 2.0, 1.0, 0.1652, 1.25, 312.5, 0.7174124513618676, 0.0]
09/04 17:06:00 INFO bidders.ImpressionBidder|getDefaultDataset: Adding instance - [2.0, 1.0, 1.0, 0.1652, 1.25, 312.5, 0.5380593385214008, 0.0]
09/04 17:06:00 INFO bidders.ImpressionBidder|getDefaultDataset: Adding instance - [2.0, 2.0, 1.0, 0.1652, 1.25, 312.5, 1.0761186770428015, 0.0]
09/04 17:06:00 INFO bidders.ImpressionBidder|getDefaultDataset: Generating default instances for publisher - msn
09/04 17:06:00 INFO bidders.ImpressionBidder|getDefaultDataset: Getting averaged publisher stats as there is no record for publisher msn
09/04 17:06:00 INFO bidders.ImpressionBidder|getDefaultDataset: PublisherStats for publisher msn are: Popularity = 1820; VideoOrientation = 910; TextOrientation = 910
09/04 17:06:00 INFO bidders.ImpressionBidder|getDefaultDataset: Adding instance - [1.0, 1.0, 1.0, 0.13679999999999998, 1.25, 312.5, 0.33993320610687017, 0.0]
09/04 17:06:00 INFO bidders.ImpressionBidder|getDefaultDataset: Adding instance - [1.0, 2.0, 1.0, 0.13679999999999998, 1.25, 312.5, 0.6798664122137403, 0.0]
09/04 17:06:00 INFO bidders.ImpressionBidder|getDefaultDataset: Adding instance - [2.0, 1.0, 1.0, 0.13679999999999998, 1.25, 312.5, 0.5098998091603053, 0.0]
09/04 17:06:00 INFO bidders.ImpressionBidder|getDefaultDataset: Adding instance - [2.0, 2.0, 1.0, 0.13679999999999998, 1.25, 312.5, 1.0197996183206106, 0.0]
09/04 17:06:00 INFO bidders.ImpressionBidder|getDefaultDataset: Generating default instances for publisher - hfn
09/04 17:06:00 INFO bidders.ImpressionBidder|getDefaultDataset: Getting averaged publisher stats as there is no record for publisher hfn
09/04 17:06:00 INFO bidders.ImpressionBidder|getDefaultDataset: PublisherStats for publisher hfn are: Popularity = 810; VideoOrientation = 405; TextOrientation = 405
09/04 17:06:00 INFO bidders.ImpressionBidder|getDefaultDataset: Adding instance - [1.0, 1.0, 1.0, 0.1482, 1.25, 312.5, 0.33356741573033705, 0.0]
09/04 17:06:00 INFO bidders.ImpressionBidder|getDefaultDataset: Adding instance - [1.0, 2.0, 1.0, 0.1482, 1.25, 312.5, 0.6671348314606741, 0.0]
09/04 17:06:00 INFO bidders.ImpressionBidder|getDefaultDataset: Adding instance - [2.0, 1.0, 1.0, 0.1482, 1.25, 312.5, 0.5003511235955056, 0.0]
09/04 17:06:00 INFO bidders.ImpressionBidder|getDefaultDataset: Adding instance - [2.0, 2.0, 1.0, 0.1482, 1.25, 312.5, 1.0007022471910112, 0.0]
09/04 17:06:00 INFO bidders.ImpressionBidder|getDefaultDataset: Generating default instances for publisher - wallmart
09/04 17:06:00 INFO bidders.ImpressionBidder|getDefaultDataset: Getting averaged publisher stats as there is no record for publisher wallmart
09/04 17:06:00 INFO bidders.ImpressionBidder|getDefaultDataset: PublisherStats for publisher wallmart are: Popularity = 380; VideoOrientation = 190; TextOrientation = 190
09/04 17:06:00 INFO bidders.ImpressionBidder|getDefaultDataset: Adding instance - [1.0, 1.0, 1.0, 0.1403, 1.25, 312.5, 0.35041360294117646, 0.0]
09/04 17:06:00 INFO bidders.ImpressionBidder|getDefaultDataset: Adding instance - [1.0, 2.0, 1.0, 0.1403, 1.25, 312.5, 0.7008272058823529, 0.0]
09/04 17:06:00 INFO bidders.ImpressionBidder|getDefaultDataset: Adding instance - [2.0, 1.0, 1.0, 0.1403, 1.25, 312.5, 0.5256204044117647, 0.0]
09/04 17:06:00 INFO bidders.ImpressionBidder|getDefaultDataset: Adding instance - [2.0, 2.0, 1.0, 0.1403, 1.25, 312.5, 1.0512408088235294, 0.0]
09/04 17:06:00 INFO OrOmerShelly.Coordinator|Initialized ImpressionBidder
09/04 17:06:00 INFO OrOmerShelly.Coordinator|Fetching active campaigns from: [Campaign ID 15585386: day 1 to 5 [OLD, HIGH_INCOME], reach: 1250 coefs: (v=2.0, m=1.5) budget: 1.25]
09/04 17:06:00 INFO OrOmerShelly.Coordinator|campaign Campaign ID 15585386: day 1 to 5 [OLD, HIGH_INCOME], reach: 1250 coefs: (v=2.0, m=1.5) budget: 1.25 is active
09/04 17:06:00 INFO bidders.ImpressionBidder|fillBidBundle: Filling bid bundle for target
09/04 17:06:00 INFO bidders.ImpressionBidder|fillBidBundle: marketSegmentDistribution for publisher is: [ImpParams = MarketSegments=[YOUNG, FEMALE]; Device=pc; AdType=text ; Weight = 0.0, ImpParams = MarketSegments=[YOUNG, FEMALE]; Device=pc; AdType=video ; Weight = 0.0, ImpParams = MarketSegments=[YOUNG, FEMALE]; Device=mobile; AdType=text ; Weight = 0.0, ImpParams = MarketSegments=[YOUNG, FEMALE]; Device=mobile; AdType=video ; Weight = 0.0, ImpParams = MarketSegments=[OLD, FEMALE]; Device=pc; AdType=text ; Weight = 0.0, ImpParams = MarketSegments=[OLD, FEMALE]; Device=pc; AdType=video ; Weight = 0.0, ImpParams = MarketSegments=[OLD, FEMALE]; Device=mobile; AdType=text ; Weight = 0.0, ImpParams = MarketSegments=[OLD, FEMALE]; Device=mobile; AdType=video ; Weight = 0.0, ImpParams = MarketSegments=[YOUNG, MALE]; Device=pc; AdType=text ; Weight = 0.0, ImpParams = MarketSegments=[YOUNG, MALE]; Device=pc; AdType=video ; Weight = 0.0, ImpParams = MarketSegments=[YOUNG, MALE]; Device=mobile; AdType=text ; Weight = 0.0, ImpParams = MarketSegments=[YOUNG, MALE]; Device=mobile; AdType=video ; Weight = 0.0, ImpParams = MarketSegments=[OLD, MALE]; Device=pc; AdType=text ; Weight = 0.0, ImpParams = MarketSegments=[OLD, MALE]; Device=pc; AdType=video ; Weight = 0.0, ImpParams = MarketSegments=[OLD, MALE]; Device=mobile; AdType=text ; Weight = 0.0, ImpParams = MarketSegments=[OLD, MALE]; Device=mobile; AdType=video ; Weight = 0.0, ImpParams = MarketSegments=[LOW_INCOME, FEMALE]; Device=pc; AdType=text ; Weight = 0.0, ImpParams = MarketSegments=[LOW_INCOME, FEMALE]; Device=pc; AdType=video ; Weight = 0.0, ImpParams = MarketSegments=[LOW_INCOME, FEMALE]; Device=mobile; AdType=text ; Weight = 0.0, ImpParams = MarketSegments=[LOW_INCOME, FEMALE]; Device=mobile; AdType=video ; Weight = 0.0, ImpParams = MarketSegments=[HIGH_INCOME, FEMALE]; Device=pc; AdType=text ; Weight = 0.0, ImpParams = MarketSegments=[HIGH_INCOME, FEMALE]; Device=pc; AdType=video ; Weight = 0.0, ImpParams = MarketSegments=[HIGH_INCOME, FEMALE]; Device=mobile; AdType=text ; Weight = 0.0, ImpParams = MarketSegments=[HIGH_INCOME, FEMALE]; Device=mobile; AdType=video ; Weight = 0.0, ImpParams = MarketSegments=[LOW_INCOME, MALE]; Device=pc; AdType=text ; Weight = 0.0, ImpParams = MarketSegments=[LOW_INCOME, MALE]; Device=pc; AdType=video ; Weight = 0.0, ImpParams = MarketSegments=[LOW_INCOME, MALE]; Device=mobile; AdType=text ; Weight = 0.0, ImpParams = MarketSegments=[LOW_INCOME, MALE]; Device=mobile; AdType=video ; Weight = 0.0, ImpParams = MarketSegments=[MALE, HIGH_INCOME]; Device=pc; AdType=text ; Weight = 0.0, ImpParams = MarketSegments=[MALE, HIGH_INCOME]; Device=pc; AdType=video ; Weight = 0.0, ImpParams = MarketSegments=[MALE, HIGH_INCOME]; Device=mobile; AdType=text ; Weight = 0.0, ImpParams = MarketSegments=[MALE, HIGH_INCOME]; Device=mobile; AdType=video ; Weight = 0.0, ImpParams = MarketSegments=[YOUNG, LOW_INCOME]; Device=pc; AdType=text ; Weight = 0.0, ImpParams = MarketSegments=[YOUNG, LOW_INCOME]; Device=pc; AdType=video ; Weight = 0.0, ImpParams = MarketSegments=[YOUNG, LOW_INCOME]; Device=mobile; AdType=text ; Weight = 0.0, ImpParams = MarketSegments=[YOUNG, LOW_INCOME]; Device=mobile; AdType=video ; Weight = 0.0, ImpParams = MarketSegments=[YOUNG, HIGH_INCOME]; Device=pc; AdType=text ; Weight = 0.0, ImpParams = MarketSegments=[YOUNG, HIGH_INCOME]; Device=pc; AdType=video ; Weight = 0.0, ImpParams = MarketSegments=[YOUNG, HIGH_INCOME]; Device=mobile; AdType=text ; Weight = 0.0, ImpParams = MarketSegments=[YOUNG, HIGH_INCOME]; Device=mobile; AdType=video ; Weight = 0.0, ImpParams = MarketSegments=[OLD, LOW_INCOME]; Device=pc; AdType=text ; Weight = 0.0, ImpParams = MarketSegments=[OLD, LOW_INCOME]; Device=pc; AdType=video ; Weight = 0.0, ImpParams = MarketSegments=[OLD, LOW_INCOME]; Device=mobile; AdType=text ; Weight = 0.0, ImpParams = MarketSegments=[OLD, LOW_INCOME]; Device=mobile; AdType=video ; Weight = 0.0, ImpParams = MarketSegments=[OLD, HIGH_INCOME]; Device=pc; AdType=text ; Weight = 0.0, ImpParams = MarketSegments=[OLD, HIGH_INCOME]; Device=pc; AdType=video ; Weight = 0.0, ImpParams = MarketSegments=[OLD, HIGH_INCOME]; Device=mobile; AdType=text ; Weight = 0.0, ImpParams = MarketSegments=[OLD, HIGH_INCOME]; Device=mobile; AdType=video ; Weight = 0.0]
09/04 17:06:00 INFO bidders.ImpressionBidder|fillBidBundle: Sorted marketSegmentDistribution for publisher is: [ImpParams = MarketSegments=[YOUNG, FEMALE]; Device=pc; AdType=text ; Weight = 0.0, ImpParams = MarketSegments=[YOUNG, FEMALE]; Device=pc; AdType=video ; Weight = 0.0, ImpParams = MarketSegments=[YOUNG, FEMALE]; Device=mobile; AdType=text ; Weight = 0.0, ImpParams = MarketSegments=[YOUNG, FEMALE]; Device=mobile; AdType=video ; Weight = 0.0, ImpParams = MarketSegments=[OLD, FEMALE]; Device=pc; AdType=text ; Weight = 0.0, ImpParams = MarketSegments=[OLD, FEMALE]; Device=pc; AdType=video ; Weight = 0.0, ImpParams = MarketSegments=[OLD, FEMALE]; Device=mobile; AdType=text ; Weight = 0.0, ImpParams = MarketSegments=[OLD, FEMALE]; Device=mobile; AdType=video ; Weight = 0.0, ImpParams = MarketSegments=[YOUNG, MALE]; Device=pc; AdType=text ; Weight = 0.0, ImpParams = MarketSegments=[YOUNG, MALE]; Device=pc; AdType=video ; Weight = 0.0, ImpParams = MarketSegments=[YOUNG, MALE]; Device=mobile; AdType=text ; Weight = 0.0, ImpParams = MarketSegments=[YOUNG, MALE]; Device=mobile; AdType=video ; Weight = 0.0, ImpParams = MarketSegments=[OLD, MALE]; Device=pc; AdType=text ; Weight = 0.0, ImpParams = MarketSegments=[OLD, MALE]; Device=pc; AdType=video ; Weight = 0.0, ImpParams = MarketSegments=[OLD, MALE]; Device=mobile; AdType=text ; Weight = 0.0, ImpParams = MarketSegments=[OLD, MALE]; Device=mobile; AdType=video ; Weight = 0.0, ImpParams = MarketSegments=[LOW_INCOME, FEMALE]; Device=pc; AdType=text ; Weight = 0.0, ImpParams = MarketSegments=[LOW_INCOME, FEMALE]; Device=pc; AdType=video ; Weight = 0.0, ImpParams = MarketSegments=[LOW_INCOME, FEMALE]; Device=mobile; AdType=text ; Weight = 0.0, ImpParams = MarketSegments=[LOW_INCOME, FEMALE]; Device=mobile; AdType=video ; Weight = 0.0, ImpParams = MarketSegments=[HIGH_INCOME, FEMALE]; Device=pc; AdType=text ; Weight = 0.0, ImpParams = MarketSegments=[HIGH_INCOME, FEMALE]; Device=pc; AdType=video ; Weight = 0.0, ImpParams = MarketSegments=[HIGH_INCOME, FEMALE]; Device=mobile; AdType=text ; Weight = 0.0, ImpParams = MarketSegments=[HIGH_INCOME, FEMALE]; Device=mobile; AdType=video ; Weight = 0.0, ImpParams = MarketSegments=[LOW_INCOME, MALE]; Device=pc; AdType=text ; Weight = 0.0, ImpParams = MarketSegments=[LOW_INCOME, MALE]; Device=pc; AdType=video ; Weight = 0.0, ImpParams = MarketSegments=[LOW_INCOME, MALE]; Device=mobile; AdType=text ; Weight = 0.0, ImpParams = MarketSegments=[LOW_INCOME, MALE]; Device=mobile; AdType=video ; Weight = 0.0, ImpParams = MarketSegments=[MALE, HIGH_INCOME]; Device=pc; AdType=text ; Weight = 0.0, ImpParams = MarketSegments=[MALE, HIGH_INCOME]; Device=pc; AdType=video ; Weight = 0.0, ImpParams = MarketSegments=[MALE, HIGH_INCOME]; Device=mobile; AdType=text ; Weight = 0.0, ImpParams = MarketSegments=[MALE, HIGH_INCOME]; Device=mobile; AdType=video ; Weight = 0.0, ImpParams = MarketSegments=[YOUNG, LOW_INCOME]; Device=pc; AdType=text ; Weight = 0.0, ImpParams = MarketSegments=[YOUNG, LOW_INCOME]; Device=pc; AdType=video ; Weight = 0.0, ImpParams = MarketSegments=[YOUNG, LOW_INCOME]; Device=mobile; AdType=text ; Weight = 0.0, ImpParams = MarketSegments=[YOUNG, LOW_INCOME]; Device=mobile; AdType=video ; Weight = 0.0, ImpParams = MarketSegments=[YOUNG, HIGH_INCOME]; Device=pc; AdType=text ; Weight = 0.0, ImpParams = MarketSegments=[YOUNG, HIGH_INCOME]; Device=pc; AdType=video ; Weight = 0.0, ImpParams = MarketSegments=[YOUNG, HIGH_INCOME]; Device=mobile; AdType=text ; Weight = 0.0, ImpParams = MarketSegments=[YOUNG, HIGH_INCOME]; Device=mobile; AdType=video ; Weight = 0.0, ImpParams = MarketSegments=[OLD, LOW_INCOME]; Device=pc; AdType=text ; Weight = 0.0, ImpParams = MarketSegments=[OLD, LOW_INCOME]; Device=pc; AdType=video ; Weight = 0.0, ImpParams = MarketSegments=[OLD, LOW_INCOME]; Device=mobile; AdType=text ; Weight = 0.0, ImpParams = MarketSegments=[OLD, LOW_INCOME]; Device=mobile; AdType=video ; Weight = 0.0, ImpParams = MarketSegments=[OLD, HIGH_INCOME]; Device=pc; AdType=text ; Weight = 0.0, ImpParams = MarketSegments=[OLD, HIGH_INCOME]; Device=pc; AdType=video ; Weight = 0.0, ImpParams = MarketSegments=[OLD, HIGH_INCOME]; Device=mobile; AdType=text ; Weight = 0.0, ImpParams = MarketSegments=[OLD, HIGH_INCOME]; Device=mobile; AdType=video ; Weight = 0.0]
09/04 17:06:00 INFO bidders.ImpressionBidder|fillBidBundle: Working on impParams = MarketSegments=[YOUNG, FEMALE]; Device=pc; AdType=text
09/04 17:06:00 WARNING bidders.ImpressionBidder|Failed to get initial bid: java.lang.NullPointerException Stack: [OrOmerShelly.oos.bidders.ImpressionBidder.generateFirstInstance(ImpressionBidder.java:381), OrOmerShelly.oos.bidders.ImpressionBidder.initialBid(ImpressionBidder.java:401), OrOmerShelly.oos.bidders.ImpressionBidder.fillBidBundle(ImpressionBidder.java:289), OrOmerShelly.Coordinator.calculateAndSendBidBundle(Coordinator.java:399), OrOmerShelly.Coordinator.handleSimulationStatus(Coordinator.java:363), OrOmerShelly.OOSAgent.messageReceived(OOSAgent.java:71), se.sics.tasim.aw.AgentService.deliverToAgent(AgentService.java:130), tau.tac.adx.agentware.AgentServiceImpl.deliverToAgent(AgentServiceImpl.java:134), tau.tac.adx.agentware.SimClient.run(SimClient.java:439), java.lang.Thread.run(Unknown Source)]
09/04 17:06:00 WARNING bidders.ImpressionBidder|Failed to get last bid averaged - maybe there's no last bid: [OrOmerShelly.oos.bidders.ImpressionBidder.getLastBidAveraged(ImpressionBidder.java:414), OrOmerShelly.oos.bidders.ImpressionBidder.fillBidBundle(ImpressionBidder.java:294), OrOmerShelly.Coordinator.calculateAndSendBidBundle(Coordinator.java:399), OrOmerShelly.Coordinator.handleSimulationStatus(Coordinator.java:363), OrOmerShelly.OOSAgent.messageReceived(OOSAgent.java:71), se.sics.tasim.aw.AgentService.deliverToAgent(AgentService.java:130), tau.tac.adx.agentware.AgentServiceImpl.deliverToAgent(AgentServiceImpl.java:134), tau.tac.adx.agentware.SimClient.run(SimClient.java:439), java.lang.Thread.run(Unknown Source)]
09/04 17:06:00 SEVERE OrOmerShelly.Coordinator|Exception in running classifier: java.lang.NullPointerException - [OrOmerShelly.oos.bidders.ImpressionBidder.getLastBidAveraged(ImpressionBidder.java:414), OrOmerShelly.oos.bidders.ImpressionBidder.fillBidBundle(ImpressionBidder.java:294), OrOmerShelly.Coordinator.calculateAndSendBidBundle(Coordinator.java:399), OrOmerShelly.Coordinator.handleSimulationStatus(Coordinator.java:363), OrOmerShelly.OOSAgent.messageReceived(OOSAgent.java:71), se.sics.tasim.aw.AgentService.deliverToAgent(AgentService.java:130), tau.tac.adx.agentware.AgentServiceImpl.deliverToAgent(AgentServiceImpl.java:134), tau.tac.adx.agentware.SimClient.run(SimClient.java:439), java.lang.Thread.run(Unknown Source)]
09/04 17:06:00 WARNING OrOmerShelly.Coordinator|BidBundle is null! Getting default BidBundle
09/04 17:06:00 INFO bidders.ImpressionBidder|Default bid bundle bid for Campaign ID 15585386: day 1 to 5 [OLD, HIGH_INCOME], reach: 1250 coefs: (v=2.0, m=1.5) budget: 1.25 will be 0.1304973729686969 where our rnd was 0.1304973729686969
09/04 17:06:00 INFO OrOmerShelly.Coordinator|Day 0 ended. Starting next day
