04/04 11:12:01 INFO OrOmerShelly.OOSAgent|UNKNOWN Message Received: edu.umich.eecs.tac.props.AdvertiserInfo@bc76a1c1
04/04 11:12:01 INFO OrOmerShelly.Coordinator|Day 0 :BankStatus[0.000000]
04/04 11:12:01 INFO OrOmerShelly.Coordinator|tau.tac.adx.report.demand.InitialCampaignMessage[18777818,1250,1,5,[YOUNG, MALE],2.0,1.5,demand,[]]
04/04 11:12:01 INFO OrOmerShelly.Coordinator|Day 0: Allocated campaign - Campaign ID 18777818: day 1 to 5 [YOUNG, MALE], reach: 1250 coefs: (v=2.0, m=1.5)
04/04 11:12:01 INFO OrOmerShelly.Coordinator|Day 0: Campaign opportunity - Campaign ID 32687629: day 2 to 4 [YOUNG, MALE], reach: 3750 coefs: (v=2.0, m=1.5)
04/04 11:12:01 INFO OrOmerShelly.Coordinator|Day 0: Campaign total budget bid: 1001.3756273510156
04/04 11:12:01 INFO OrOmerShelly.Coordinator|Day 0: Initial ucs bid is 0.14996782434944225
04/04 11:12:01 INFO OrOmerShelly.Coordinator|Day 0 : Simulation Status Received
04/04 11:12:01 WARNING OrOmerShelly.Coordinator|BidBundle is null!
04/04 11:12:01 INFO OrOmerShelly.Coordinator|Day 0 ended. Starting next day
04/04 11:12:10 INFO OrOmerShelly.Coordinator|Day 1 :BankStatus[0.000000]
04/04 11:12:10 INFO OrOmerShelly.OOSAgent|UNKNOWN Message Received: (CampaignAuctionReport CampaignAuctionReportEntry [actualBid=1001.0, effectiveBid=1001.0] CampaignAuctionReportEntry [actualBid=2289.0, effectiveBid=2289.0] CampaignAuctionReportEntry [actualBid=2679.0, effectiveBid=2679.0] CampaignAuctionReportEntry [actualBid=2724.0, effectiveBid=2724.0] CampaignAuctionReportEntry [actualBid=2742.0, effectiveBid=2742.0] CampaignAuctionReportEntry [actualBid=3031.0, effectiveBid=3031.0] CampaignAuctionReportEntry [actualBid=3113.0, effectiveBid=3113.0] CampaignAuctionReportEntry [actualBid=3242.0, effectiveBid=3242.0])
04/04 11:12:10 INFO OrOmerShelly.Coordinator|Day 1: Daily notification for campaign 32687629
04/04 11:12:10 SEVERE OrOmerShelly.OOSAgent|Exception thrown while trying to parse message.java.lang.NullPointerException
04/04 11:12:10 INFO OrOmerShelly.Coordinator|Day 1: Campaign opportunity - Campaign ID 11412883: day 3 to 12 [YOUNG, MALE], reach: 3750 coefs: (v=2.0, m=1.5)
04/04 11:12:10 INFO OrOmerShelly.Coordinator|Day 1: Campaign total budget bid: 300.4126882053047
04/04 11:12:10 INFO OrOmerShelly.Coordinator|Day 1: Adjusting ucs bid: was 0.14996782434944225 level reported: 0.47829690000000014 target: 0.9 adjusted: 0.11926372398089403
04/04 11:12:10 INFO OrOmerShelly.Coordinator|Publishers Report: 
04/04 11:12:10 INFO OrOmerShelly.Coordinator|(publisher: cnn popularity: 8218 video: 2869 text: 5350)
04/04 11:12:10 INFO OrOmerShelly.Coordinator|(publisher: hfn popularity: 21913 video: 6998 text: 14916)
04/04 11:12:10 INFO OrOmerShelly.Coordinator|(publisher: sears popularity: 4083 video: 1914 text: 2170)
04/04 11:12:10 INFO OrOmerShelly.Coordinator|(publisher: ebay popularity: 38137 video: 14850 text: 23288)
04/04 11:12:10 INFO OrOmerShelly.Coordinator|(publisher: bestbuy popularity: 4401 video: 1212 text: 3190)
04/04 11:12:10 INFO OrOmerShelly.Coordinator|(publisher: wallmart popularity: 10070 video: 3519 text: 6552)
04/04 11:12:10 INFO OrOmerShelly.Coordinator|Day 1 : Simulation Status Received
04/04 11:12:10 WARNING OrOmerShelly.Coordinator|BidBundle is null!
04/04 11:12:10 INFO OrOmerShelly.Coordinator|Day 1 ended. Starting next day
04/04 11:12:20 INFO OrOmerShelly.Coordinator|Day 2 :BankStatus[-0.145800]
04/04 11:12:20 INFO OrOmerShelly.OOSAgent|UNKNOWN Message Received: (CampaignAuctionReport CampaignAuctionReportEntry [actualBid=2130.0, effectiveBid=2130.0] CampaignAuctionReportEntry [actualBid=2431.0, effectiveBid=2431.0] CampaignAuctionReportEntry [actualBid=2651.0, effectiveBid=2651.0] CampaignAuctionReportEntry [actualBid=2875.0, effectiveBid=2875.0] CampaignAuctionReportEntry [actualBid=3084.0, effectiveBid=3084.0] CampaignAuctionReportEntry [actualBid=3136.0, effectiveBid=3136.0] CampaignAuctionReportEntry [actualBid=3139.0, effectiveBid=3139.0])
04/04 11:12:20 INFO OrOmerShelly.Coordinator|Day 2: Updating campaign 18777818 stats: 0.0 tgtImps 0.0 nonTgtImps. Cost of imps is 0.0
04/04 11:12:20 SEVERE OrOmerShelly.OOSAgent|Exception thrown while trying to parse message.java.lang.NullPointerException
04/04 11:12:20 INFO OrOmerShelly.Coordinator|Day 2: Campaign opportunity - Campaign ID 24209357: day 4 to 8 [HIGH_INCOME, OLD], reach: 3750 coefs: (v=2.0, m=1.5)
04/04 11:12:20 INFO OrOmerShelly.Coordinator|Day 2: Campaign total budget bid: 595.9069018905924
04/04 11:12:20 INFO OrOmerShelly.Coordinator|Day 2: Adjusting ucs bid: was 0.11926372398089403 level reported: 0.47829690000000014 target: 0.9 adjusted: 0.11675735220034285
04/04 11:12:20 SEVERE OrOmerShelly.OOSAgent|Exception thrown while trying to parse message.java.lang.NullPointerException
04/04 11:12:20 INFO OrOmerShelly.Coordinator|Day 2 : Simulation Status Received
04/04 11:12:20 WARNING OrOmerShelly.Coordinator|BidBundle is null!
04/04 11:12:20 INFO OrOmerShelly.Coordinator|Day 2 ended. Starting next day
04/04 11:12:30 INFO OrOmerShelly.Coordinator|Day 3 :BankStatus[-0.291600]
04/04 11:12:30 INFO OrOmerShelly.OOSAgent|UNKNOWN Message Received: (CampaignAuctionReport CampaignAuctionReportEntry [actualBid=595.0, effectiveBid=595.0] CampaignAuctionReportEntry [actualBid=2077.0, effectiveBid=2077.0] CampaignAuctionReportEntry [actualBid=2290.0, effectiveBid=2290.0] CampaignAuctionReportEntry [actualBid=2864.0, effectiveBid=2864.0] CampaignAuctionReportEntry [actualBid=3050.0, effectiveBid=3050.0])
04/04 11:12:30 INFO OrOmerShelly.Coordinator|Day 3: Updating campaign 32687629 stats: 0.0 tgtImps 0.0 nonTgtImps. Cost of imps is 0.0
04/04 11:12:30 INFO OrOmerShelly.Coordinator|Day 3: Updating campaign 18777818 stats: 0.0 tgtImps 0.0 nonTgtImps. Cost of imps is 0.0
04/04 11:12:30 SEVERE OrOmerShelly.OOSAgent|Exception thrown while trying to parse message.java.lang.NullPointerException
04/04 11:12:30 INFO OrOmerShelly.Coordinator|Day 3: Campaign opportunity - Campaign ID 7330635: day 5 to 7 [LOW_INCOME, MALE], reach: 3750 coefs: (v=2.0, m=1.5)
04/04 11:12:30 INFO OrOmerShelly.Coordinator|Day 3: Campaign total budget bid: 998.3059052273287
04/04 11:12:30 INFO OrOmerShelly.Coordinator|Day 3: Adjusting ucs bid: was 0.11675735220034285 level reported: 0.47829690000000014 target: 0.9 adjusted: 0.1278409012166036
04/04 11:12:30 SEVERE OrOmerShelly.OOSAgent|Exception thrown while trying to parse message.java.lang.NullPointerException
04/04 11:12:30 INFO OrOmerShelly.Coordinator|Day 3 : Simulation Status Received
04/04 11:12:30 WARNING OrOmerShelly.Coordinator|BidBundle is null!
04/04 11:12:30 INFO OrOmerShelly.Coordinator|Day 3 ended. Starting next day
04/04 11:12:40 INFO OrOmerShelly.Coordinator|Day 4 :BankStatus[-0.437400]
04/04 11:12:40 INFO OrOmerShelly.OOSAgent|UNKNOWN Message Received: (CampaignAuctionReport CampaignAuctionReportEntry [actualBid=998.0, effectiveBid=998.0] CampaignAuctionReportEntry [actualBid=2148.0, effectiveBid=2148.0] CampaignAuctionReportEntry [actualBid=2221.0, effectiveBid=2221.0] CampaignAuctionReportEntry [actualBid=2274.0, effectiveBid=2274.0] CampaignAuctionReportEntry [actualBid=3283.0, effectiveBid=3283.0])
04/04 11:12:40 INFO OrOmerShelly.Coordinator|Day 4: Updating campaign 32687629 stats: 0.0 tgtImps 0.0 nonTgtImps. Cost of imps is 0.0
04/04 11:12:40 INFO OrOmerShelly.Coordinator|Day 4: Updating campaign 18777818 stats: 0.0 tgtImps 0.0 nonTgtImps. Cost of imps is 0.0
04/04 11:12:40 SEVERE OrOmerShelly.OOSAgent|Exception thrown while trying to parse message.java.lang.NullPointerException
04/04 11:12:40 INFO OrOmerShelly.Coordinator|Day 4: Campaign opportunity - Campaign ID 23782047: day 6 to 8 [HIGH_INCOME, OLD], reach: 3750 coefs: (v=2.0, m=1.5)
04/04 11:12:40 INFO OrOmerShelly.Coordinator|Day 4: Campaign total budget bid: 993.178169817654
04/04 11:12:40 INFO OrOmerShelly.Coordinator|Day 4: Adjusting ucs bid: was 0.1278409012166036 level reported: 0.47829690000000014 target: 0.9 adjusted: 0.18175180556643908
04/04 11:12:40 SEVERE OrOmerShelly.OOSAgent|Exception thrown while trying to parse message.java.lang.NullPointerException
04/04 11:12:41 INFO OrOmerShelly.Coordinator|Day 4 : Simulation Status Received
04/04 11:12:41 WARNING OrOmerShelly.Coordinator|BidBundle is null!
04/04 11:12:41 INFO OrOmerShelly.Coordinator|Day 4 ended. Starting next day
04/04 11:12:50 INFO OrOmerShelly.Coordinator|Day 5 :BankStatus[-0.583200]
04/04 11:12:50 INFO OrOmerShelly.OOSAgent|UNKNOWN Message Received: (CampaignAuctionReport CampaignAuctionReportEntry [actualBid=993.0, effectiveBid=993.0] CampaignAuctionReportEntry [actualBid=2891.0, effectiveBid=2891.0] CampaignAuctionReportEntry [actualBid=3038.0, effectiveBid=3038.0])
04/04 11:12:50 SEVERE OrOmerShelly.OOSAgent|Exception thrown while trying to parse message.java.lang.NullPointerException
04/04 11:12:50 SEVERE OrOmerShelly.OOSAgent|Exception thrown while trying to parse message.java.lang.NullPointerException
04/04 11:12:50 INFO OrOmerShelly.Coordinator|Day 5: Campaign opportunity - Campaign ID 33114218: day 7 to 11 [LOW_INCOME, OLD], reach: 6250 coefs: (v=2.0, m=1.5)
04/04 11:12:50 INFO OrOmerShelly.Coordinator|Day 5: Campaign total budget bid: 997.1796934257029
04/04 11:12:50 INFO OrOmerShelly.Coordinator|Day 5: Adjusting ucs bid: was 0.18175180556643908 level reported: 0.47829690000000014 target: 0.9 adjusted: 0.13322707997825803
04/04 11:12:50 SEVERE OrOmerShelly.OOSAgent|Exception thrown while trying to parse message.java.lang.NullPointerException
04/04 11:12:50 INFO OrOmerShelly.Coordinator|Day 5 : Simulation Status Received
04/04 11:12:50 WARNING OrOmerShelly.Coordinator|BidBundle is null!
04/04 11:12:50 INFO OrOmerShelly.Coordinator|Day 5 ended. Starting next day
04/04 11:13:00 INFO OrOmerShelly.Coordinator|Day 6 :BankStatus[-0.729000]
04/04 11:13:00 INFO OrOmerShelly.OOSAgent|UNKNOWN Message Received: (CampaignAuctionReport CampaignAuctionReportEntry [actualBid=2314.0, effectiveBid=2314.0] CampaignAuctionReportEntry [actualBid=2516.0, effectiveBid=2516.0])
04/04 11:13:00 SEVERE OrOmerShelly.OOSAgent|Exception thrown while trying to parse message.java.lang.NullPointerException
04/04 11:13:00 SEVERE OrOmerShelly.OOSAgent|Exception thrown while trying to parse message.java.lang.NullPointerException
04/04 11:13:00 INFO OrOmerShelly.Coordinator|Day 6: Campaign opportunity - Campaign ID 9203930: day 8 to 17 [LOW_INCOME, YOUNG], reach: 12500 coefs: (v=2.0, m=1.5)
04/04 11:13:00 INFO OrOmerShelly.Coordinator|Day 6: Campaign total budget bid: 994.4551590888511
04/04 11:13:00 INFO OrOmerShelly.Coordinator|Day 6: Adjusting ucs bid: was 0.13322707997825803 level reported: 0.47829690000000014 target: 0.9 adjusted: 0.12034560534991598
04/04 11:13:00 SEVERE OrOmerShelly.OOSAgent|Exception thrown while trying to parse message.java.lang.NullPointerException
04/04 11:13:00 INFO OrOmerShelly.Coordinator|Day 6 : Simulation Status Received
04/04 11:13:00 WARNING OrOmerShelly.Coordinator|BidBundle is null!
04/04 11:13:00 INFO OrOmerShelly.Coordinator|Day 6 ended. Starting next day
04/04 11:13:10 INFO OrOmerShelly.Coordinator|Day 7 :BankStatus[-0.874800]
04/04 11:13:10 SEVERE OrOmerShelly.OOSAgent|Exception thrown while trying to parse message.java.lang.NullPointerException
04/04 11:13:10 SEVERE OrOmerShelly.OOSAgent|Exception thrown while trying to parse message.java.lang.NullPointerException
04/04 11:13:10 INFO OrOmerShelly.Coordinator|Day 7: Campaign opportunity - Campaign ID 5709694: day 9 to 18 [LOW_INCOME, OLD], reach: 12500 coefs: (v=2.0, m=1.5)
04/04 11:13:10 INFO OrOmerShelly.Coordinator|Day 7: Campaign total budget bid: 997.1796934257029
04/04 11:13:10 INFO OrOmerShelly.Coordinator|Day 7: Adjusting ucs bid: was 0.12034560534991598 level reported: 0.47829690000000014 target: 0.9 adjusted: 0.16778826672698158
04/04 11:13:10 SEVERE OrOmerShelly.OOSAgent|Exception thrown while trying to parse message.java.lang.NullPointerException
04/04 11:13:10 INFO OrOmerShelly.Coordinator|Day 7 : Simulation Status Received
04/04 11:13:10 WARNING OrOmerShelly.Coordinator|BidBundle is null!
04/04 11:13:10 INFO OrOmerShelly.Coordinator|Day 7 ended. Starting next day
04/04 11:13:20 INFO OrOmerShelly.Coordinator|Day 8 :BankStatus[-1.020600]
04/04 11:13:20 SEVERE OrOmerShelly.OOSAgent|Exception thrown while trying to parse message.java.lang.NullPointerException
04/04 11:13:20 SEVERE OrOmerShelly.OOSAgent|Exception thrown while trying to parse message.java.lang.NullPointerException
04/04 11:13:20 INFO OrOmerShelly.Coordinator|Day 8: Campaign opportunity - Campaign ID 20913543: day 10 to 19 [HIGH_INCOME, MALE], reach: 3750 coefs: (v=2.0, m=1.5)
04/04 11:13:20 INFO OrOmerShelly.Coordinator|Day 8: Campaign total budget bid: 304.02915414849934
04/04 11:13:20 INFO OrOmerShelly.Coordinator|Day 8: Adjusting ucs bid: was 0.16778826672698158 level reported: 0.47829690000000014 target: 0.9 adjusted: 0.13655126452528243
04/04 11:13:20 SEVERE OrOmerShelly.OOSAgent|Exception thrown while trying to parse message.java.lang.NullPointerException
04/04 11:13:20 INFO OrOmerShelly.Coordinator|Day 8 : Simulation Status Received
04/04 11:13:20 WARNING OrOmerShelly.Coordinator|BidBundle is null!
04/04 11:13:20 INFO OrOmerShelly.Coordinator|Day 8 ended. Starting next day
04/04 11:13:30 INFO OrOmerShelly.Coordinator|Day 9 :BankStatus[-1.166400]
04/04 11:13:30 SEVERE OrOmerShelly.OOSAgent|Exception thrown while trying to parse message.java.lang.NullPointerException
04/04 11:13:30 SEVERE OrOmerShelly.OOSAgent|Exception thrown while trying to parse message.java.lang.NullPointerException
04/04 11:13:30 INFO OrOmerShelly.Coordinator|Day 9: Campaign opportunity - Campaign ID 2870201: day 11 to 15 [HIGH_INCOME, OLD], reach: 3750 coefs: (v=2.0, m=1.5)
04/04 11:13:30 INFO OrOmerShelly.Coordinator|Day 9: Campaign total budget bid: 595.9069018905924
04/04 11:13:30 INFO OrOmerShelly.Coordinator|Day 9: Adjusting ucs bid: was 0.13655126452528243 level reported: 0.47829690000000014 target: 0.9 adjusted: 0.17740588933493093
04/04 11:13:30 SEVERE OrOmerShelly.OOSAgent|Exception thrown while trying to parse message.java.lang.NullPointerException
04/04 11:13:30 INFO OrOmerShelly.Coordinator|Day 9 : Simulation Status Received
04/04 11:13:30 WARNING OrOmerShelly.Coordinator|BidBundle is null!
04/04 11:13:30 INFO OrOmerShelly.Coordinator|Day 9 ended. Starting next day
04/04 11:13:40 INFO OrOmerShelly.Coordinator|Day 10 :BankStatus[-1.312200]
04/04 11:13:40 SEVERE OrOmerShelly.OOSAgent|Exception thrown while trying to parse message.java.lang.NullPointerException
04/04 11:13:40 INFO OrOmerShelly.Coordinator|Day 10: Campaign opportunity - Campaign ID 3826789: day 12 to 16 [HIGH_INCOME, OLD], reach: 3750 coefs: (v=2.0, m=1.5)
04/04 11:13:40 INFO OrOmerShelly.Coordinator|Day 10: Campaign total budget bid: 595.9069018905924
04/04 11:13:40 INFO OrOmerShelly.Coordinator|Day 10: Adjusting ucs bid: was 0.17740588933493093 level reported: 0.47829690000000014 target: 0.9 adjusted: 0.16492441238876931
04/04 11:13:40 SEVERE OrOmerShelly.OOSAgent|Exception thrown while trying to parse message.java.lang.NullPointerException
04/04 11:13:40 INFO OrOmerShelly.Coordinator|Day 10 : Simulation Status Received
04/04 11:13:40 WARNING OrOmerShelly.Coordinator|BidBundle is null!
04/04 11:13:40 INFO OrOmerShelly.Coordinator|Day 10 ended. Starting next day
04/04 11:13:50 INFO OrOmerShelly.Coordinator|Day 11 :BankStatus[-1.458000]
04/04 11:13:50 SEVERE OrOmerShelly.OOSAgent|Exception thrown while trying to parse message.java.lang.NullPointerException
04/04 11:13:50 INFO OrOmerShelly.Coordinator|Day 11: Campaign opportunity - Campaign ID 27135611: day 13 to 15 [LOW_INCOME, YOUNG], reach: 6250 coefs: (v=2.0, m=1.5)
04/04 11:13:50 INFO OrOmerShelly.Coordinator|Day 11: Campaign total budget bid: 1657.4252651480854
04/04 11:13:50 INFO OrOmerShelly.Coordinator|Day 11: Adjusting ucs bid: was 0.16492441238876931 level reported: 0.47829690000000014 target: 0.9 adjusted: 0.137157729677206
04/04 11:13:50 SEVERE OrOmerShelly.OOSAgent|Exception thrown while trying to parse message.java.lang.NullPointerException
04/04 11:13:50 INFO OrOmerShelly.Coordinator|Day 11 : Simulation Status Received
04/04 11:13:50 WARNING OrOmerShelly.Coordinator|BidBundle is null!
04/04 11:13:50 INFO OrOmerShelly.Coordinator|Day 11 ended. Starting next day
04/04 11:14:00 INFO OrOmerShelly.Coordinator|Day 12 :BankStatus[-1.603800]
04/04 11:14:00 SEVERE OrOmerShelly.OOSAgent|Exception thrown while trying to parse message.java.lang.NullPointerException
04/04 11:14:00 INFO OrOmerShelly.Coordinator|Day 12: Campaign opportunity - Campaign ID 28166029: day 14 to 23 [FEMALE, LOW_INCOME], reach: 12500 coefs: (v=2.0, m=1.5)
04/04 11:14:00 INFO OrOmerShelly.Coordinator|Day 12: Campaign total budget bid: 993.3376146873242
04/04 11:14:00 INFO OrOmerShelly.Coordinator|Day 12: Adjusting ucs bid: was 0.137157729677206 level reported: 0.47829690000000014 target: 0.9 adjusted: 0.1681088199714637
04/04 11:14:00 SEVERE OrOmerShelly.OOSAgent|Exception thrown while trying to parse message.java.lang.NullPointerException
04/04 11:14:00 INFO OrOmerShelly.Coordinator|Day 12 : Simulation Status Received
04/04 11:14:00 WARNING OrOmerShelly.Coordinator|BidBundle is null!
04/04 11:14:00 INFO OrOmerShelly.Coordinator|Day 12 ended. Starting next day
04/04 11:14:10 INFO OrOmerShelly.Coordinator|Day 13 :BankStatus[-1.749600]
04/04 11:14:10 INFO OrOmerShelly.OOSAgent|UNKNOWN Message Received: (CampaignAuctionReport CampaignAuctionReportEntry [actualBid=2907.0, effectiveBid=2235.0284078370632])
04/04 11:14:10 SEVERE OrOmerShelly.OOSAgent|Exception thrown while trying to parse message.java.lang.NullPointerException
04/04 11:14:10 INFO OrOmerShelly.Coordinator|Day 13: Campaign opportunity - Campaign ID 2846421: day 15 to 17 [FEMALE, YOUNG], reach: 6250 coefs: (v=2.0, m=1.5)
04/04 11:14:10 INFO OrOmerShelly.Coordinator|Day 13: Campaign total budget bid: 1680.6551493870097
04/04 11:14:10 INFO OrOmerShelly.Coordinator|Day 13: Adjusting ucs bid: was 0.1681088199714637 level reported: 0.47829690000000014 target: 0.9 adjusted: 0.15522692616996953
04/04 11:14:10 SEVERE OrOmerShelly.OOSAgent|Exception thrown while trying to parse message.java.lang.NullPointerException
04/04 11:14:10 INFO OrOmerShelly.Coordinator|Day 13 : Simulation Status Received
04/04 11:14:10 WARNING OrOmerShelly.Coordinator|BidBundle is null!
04/04 11:14:10 INFO OrOmerShelly.Coordinator|Day 13 ended. Starting next day
04/04 11:14:20 INFO OrOmerShelly.Coordinator|Day 14 :BankStatus[-1.895400]
04/04 11:14:20 INFO OrOmerShelly.OOSAgent|UNKNOWN Message Received: (CampaignAuctionReport CampaignAuctionReportEntry [actualBid=3156.0, effectiveBid=2864.87139509542])
04/04 11:14:20 SEVERE OrOmerShelly.OOSAgent|Exception thrown while trying to parse message.java.lang.NullPointerException
04/04 11:14:20 INFO OrOmerShelly.Coordinator|Day 14: Campaign opportunity - Campaign ID 11612164: day 16 to 18 [OLD, MALE], reach: 6250 coefs: (v=2.0, m=1.5)
04/04 11:14:20 INFO OrOmerShelly.Coordinator|Day 14: Campaign total budget bid: 1683.8109237118372
04/04 11:14:20 INFO OrOmerShelly.Coordinator|Day 14: Adjusting ucs bid: was 0.15522692616996953 level reported: 0.47829690000000014 target: 0.9 adjusted: 0.10409997395900038
04/04 11:14:20 SEVERE OrOmerShelly.OOSAgent|Exception thrown while trying to parse message.java.lang.NullPointerException
04/04 11:14:20 INFO OrOmerShelly.Coordinator|Day 14 : Simulation Status Received
04/04 11:14:20 WARNING OrOmerShelly.Coordinator|BidBundle is null!
04/04 11:14:20 INFO OrOmerShelly.Coordinator|Day 14 ended. Starting next day
04/04 11:14:30 INFO OrOmerShelly.Coordinator|Day 15 :BankStatus[-2.041200]
04/04 11:14:30 INFO OrOmerShelly.OOSAgent|UNKNOWN Message Received: (CampaignAuctionReport CampaignAuctionReportEntry [actualBid=2930.0, effectiveBid=2659.7190074871933])
04/04 11:14:30 SEVERE OrOmerShelly.OOSAgent|Exception thrown while trying to parse message.java.lang.NullPointerException
04/04 11:14:30 INFO OrOmerShelly.Coordinator|Day 15: Campaign opportunity - Campaign ID 15608466: day 17 to 19 [YOUNG, MALE], reach: 6250 coefs: (v=2.0, m=1.5)
04/04 11:14:30 INFO OrOmerShelly.Coordinator|Day 15: Campaign total budget bid: 1668.9593789183596
04/04 11:14:30 INFO OrOmerShelly.Coordinator|Day 15: Adjusting ucs bid: was 0.10409997395900038 level reported: 0.47829690000000014 target: 0.9 adjusted: 0.14799925568743008
04/04 11:14:30 SEVERE OrOmerShelly.OOSAgent|Exception thrown while trying to parse message.java.lang.NullPointerException
04/04 11:14:31 INFO OrOmerShelly.Coordinator|Day 15 : Simulation Status Received
04/04 11:14:31 WARNING OrOmerShelly.Coordinator|BidBundle is null!
04/04 11:14:31 INFO OrOmerShelly.Coordinator|Day 15 ended. Starting next day
04/04 11:14:40 INFO OrOmerShelly.Coordinator|Day 16 :BankStatus[-2.187000]
04/04 11:14:40 INFO OrOmerShelly.OOSAgent|UNKNOWN Message Received: (CampaignAuctionReport CampaignAuctionReportEntry [actualBid=2179.0, effectiveBid=1977.9958079571993])
04/04 11:14:40 SEVERE OrOmerShelly.OOSAgent|Exception thrown while trying to parse message.java.lang.NullPointerException
04/04 11:14:40 INFO OrOmerShelly.Coordinator|Day 16: Campaign opportunity - Campaign ID 10761176: day 18 to 27 [OLD, MALE], reach: 6250 coefs: (v=2.0, m=1.5)
04/04 11:14:40 INFO OrOmerShelly.Coordinator|Day 16: Campaign total budget bid: 505.1432771135511
04/04 11:14:40 INFO OrOmerShelly.Coordinator|Day 16: Adjusting ucs bid: was 0.14799925568743008 level reported: 0.47829690000000014 target: 0.9 adjusted: 0.10669240388598993
04/04 11:14:40 SEVERE OrOmerShelly.OOSAgent|Exception thrown while trying to parse message.java.lang.NullPointerException
04/04 11:14:40 INFO OrOmerShelly.Coordinator|Day 16 : Simulation Status Received
04/04 11:14:40 WARNING OrOmerShelly.Coordinator|BidBundle is null!
04/04 11:14:40 INFO OrOmerShelly.Coordinator|Day 16 ended. Starting next day
04/04 11:14:50 INFO OrOmerShelly.Coordinator|Day 17 :BankStatus[-2.332800]
04/04 11:14:50 INFO OrOmerShelly.OOSAgent|UNKNOWN Message Received: (CampaignAuctionReport CampaignAuctionReportEntry [actualBid=3020.0, effectiveBid=2741.4168609594963])
04/04 11:14:50 SEVERE OrOmerShelly.OOSAgent|Exception thrown while trying to parse message.java.lang.NullPointerException
04/04 11:14:50 INFO OrOmerShelly.Coordinator|Day 17: Campaign opportunity - Campaign ID 20071894: day 19 to 23 [HIGH_INCOME, MALE], reach: 3750 coefs: (v=2.0, m=1.5)
04/04 11:14:50 INFO OrOmerShelly.Coordinator|Day 17: Campaign total budget bid: 608.0583082969987
04/04 11:14:50 INFO OrOmerShelly.Coordinator|Day 17: Adjusting ucs bid: was 0.10669240388598993 level reported: 0.47829690000000014 target: 0.9 adjusted: 0.13431753646275996
04/04 11:14:50 SEVERE OrOmerShelly.OOSAgent|Exception thrown while trying to parse message.java.lang.NullPointerException
04/04 11:14:50 INFO OrOmerShelly.Coordinator|Day 17 : Simulation Status Received
04/04 11:14:50 WARNING OrOmerShelly.Coordinator|BidBundle is null!
04/04 11:14:50 INFO OrOmerShelly.Coordinator|Day 17 ended. Starting next day
04/04 11:15:00 INFO OrOmerShelly.Coordinator|Day 18 :BankStatus[-2.478600]
04/04 11:15:00 INFO OrOmerShelly.OOSAgent|UNKNOWN Message Received: (CampaignAuctionReport CampaignAuctionReportEntry [actualBid=2554.0, effectiveBid=2318.4035307584613])
04/04 11:15:00 SEVERE OrOmerShelly.OOSAgent|Exception thrown while trying to parse message.java.lang.NullPointerException
04/04 11:15:00 INFO OrOmerShelly.Coordinator|Day 18: Campaign opportunity - Campaign ID 24230971: day 20 to 29 [LOW_INCOME, YOUNG], reach: 6250 coefs: (v=2.0, m=1.5)
04/04 11:15:00 INFO OrOmerShelly.Coordinator|Day 18: Campaign total budget bid: 497.22757954442557
04/04 11:15:00 INFO OrOmerShelly.Coordinator|Day 18: Adjusting ucs bid: was 0.13431753646275996 level reported: 0.47829690000000014 target: 0.9 adjusted: 0.1741027485664015
04/04 11:15:00 SEVERE OrOmerShelly.OOSAgent|Exception thrown while trying to parse message.java.lang.NullPointerException
04/04 11:15:00 INFO OrOmerShelly.Coordinator|Day 18 : Simulation Status Received
04/04 11:15:00 WARNING OrOmerShelly.Coordinator|BidBundle is null!
04/04 11:15:00 INFO OrOmerShelly.Coordinator|Day 18 ended. Starting next day
04/04 11:15:10 INFO OrOmerShelly.Coordinator|Day 19 :BankStatus[-2.624400]
04/04 11:15:10 INFO OrOmerShelly.OOSAgent|UNKNOWN Message Received: (CampaignAuctionReport CampaignAuctionReportEntry [actualBid=2536.0, effectiveBid=2442.974574392347])
04/04 11:15:10 SEVERE OrOmerShelly.OOSAgent|Exception thrown while trying to parse message.java.lang.NullPointerException
04/04 11:15:10 INFO OrOmerShelly.Coordinator|Day 19: Campaign opportunity - Campaign ID 1088736: day 21 to 23 [FEMALE, LOW_INCOME], reach: 6250 coefs: (v=2.0, m=1.5)
04/04 11:15:10 INFO OrOmerShelly.Coordinator|Day 19: Campaign total budget bid: 1655.5626911455404
04/04 11:15:10 INFO OrOmerShelly.Coordinator|Day 19: Adjusting ucs bid: was 0.1741027485664015 level reported: 0.47829690000000014 target: 0.9 adjusted: 0.1650181943637229
04/04 11:15:10 SEVERE OrOmerShelly.OOSAgent|Exception thrown while trying to parse message.java.lang.NullPointerException
04/04 11:15:10 INFO OrOmerShelly.Coordinator|Day 19 : Simulation Status Received
04/04 11:15:10 WARNING OrOmerShelly.Coordinator|BidBundle is null!
04/04 11:15:10 INFO OrOmerShelly.Coordinator|Day 19 ended. Starting next day
04/04 11:15:20 INFO OrOmerShelly.Coordinator|Day 20 :BankStatus[-2.770200]
04/04 11:15:20 SEVERE OrOmerShelly.OOSAgent|Exception thrown while trying to parse message.java.lang.NullPointerException
04/04 11:15:20 INFO OrOmerShelly.Coordinator|Day 20: Campaign opportunity - Campaign ID 3248119: day 22 to 24 [FEMALE, YOUNG], reach: 12500 coefs: (v=2.0, m=1.5)
04/04 11:15:20 INFO OrOmerShelly.Coordinator|Day 20: Campaign total budget bid: 3361.3102987740194
04/04 11:15:20 INFO OrOmerShelly.Coordinator|Day 20: Adjusting ucs bid: was 0.1650181943637229 level reported: 0.47829690000000014 target: 0.9 adjusted: 0.18126898918792803
04/04 11:15:20 SEVERE OrOmerShelly.OOSAgent|Exception thrown while trying to parse message.java.lang.NullPointerException
04/04 11:15:20 INFO OrOmerShelly.Coordinator|Day 20 : Simulation Status Received
04/04 11:15:20 WARNING OrOmerShelly.Coordinator|BidBundle is null!
04/04 11:15:20 INFO OrOmerShelly.Coordinator|Day 20 ended. Starting next day
04/04 11:15:30 INFO OrOmerShelly.Coordinator|Day 21 :BankStatus[-2.916000]
04/04 11:15:30 INFO OrOmerShelly.OOSAgent|UNKNOWN Message Received: (CampaignAuctionReport CampaignAuctionReportEntry [actualBid=2448.0, effectiveBid=1846.1727986199737])
04/04 11:15:30 SEVERE OrOmerShelly.OOSAgent|Exception thrown while trying to parse message.java.lang.NullPointerException
04/04 11:15:30 INFO OrOmerShelly.Coordinator|Day 21: Campaign opportunity - Campaign ID 14896385: day 23 to 25 [YOUNG, MALE], reach: 12500 coefs: (v=2.0, m=1.5)
04/04 11:15:30 INFO OrOmerShelly.Coordinator|Day 21: Campaign total budget bid: 3337.918757836719
04/04 11:15:30 INFO OrOmerShelly.Coordinator|Day 21: Adjusting ucs bid: was 0.18126898918792803 level reported: 0.47829690000000014 target: 0.9 adjusted: 0.1337503286918458
04/04 11:15:30 SEVERE OrOmerShelly.OOSAgent|Exception thrown while trying to parse message.java.lang.NullPointerException
04/04 11:15:30 INFO OrOmerShelly.Coordinator|Day 21 : Simulation Status Received
04/04 11:15:30 WARNING OrOmerShelly.Coordinator|BidBundle is null!
04/04 11:15:30 INFO OrOmerShelly.Coordinator|Day 21 ended. Starting next day
04/04 11:15:40 INFO OrOmerShelly.Coordinator|Day 22 :BankStatus[-3.061800]
04/04 11:15:40 INFO OrOmerShelly.OOSAgent|UNKNOWN Message Received: (CampaignAuctionReport CampaignAuctionReportEntry [actualBid=2442.0, effectiveBid=1841.6478652900228])
04/04 11:15:40 SEVERE OrOmerShelly.OOSAgent|Exception thrown while trying to parse message.java.lang.NullPointerException
04/04 11:15:40 INFO OrOmerShelly.Coordinator|Day 22: Campaign opportunity - Campaign ID 31936059: day 24 to 26 [YOUNG, MALE], reach: 12500 coefs: (v=2.0, m=1.5)
04/04 11:15:40 INFO OrOmerShelly.Coordinator|Day 22: Campaign total budget bid: 3337.918757836719
04/04 11:15:40 INFO OrOmerShelly.Coordinator|Day 22: Adjusting ucs bid: was 0.1337503286918458 level reported: 0.47829690000000014 target: 0.9 adjusted: 0.16961106068393306
04/04 11:15:40 SEVERE OrOmerShelly.OOSAgent|Exception thrown while trying to parse message.java.lang.NullPointerException
04/04 11:15:40 INFO OrOmerShelly.Coordinator|Day 22 : Simulation Status Received
04/04 11:15:40 WARNING OrOmerShelly.Coordinator|BidBundle is null!
04/04 11:15:40 INFO OrOmerShelly.Coordinator|Day 22 ended. Starting next day
04/04 11:15:50 INFO OrOmerShelly.Coordinator|Day 23 :BankStatus[-3.207600]
04/04 11:15:50 INFO OrOmerShelly.OOSAgent|UNKNOWN Message Received: (CampaignAuctionReport CampaignAuctionReportEntry [actualBid=3065.0, effectiveBid=2311.486776049926])
04/04 11:15:50 SEVERE OrOmerShelly.OOSAgent|Exception thrown while trying to parse message.java.lang.NullPointerException
04/04 11:15:50 INFO OrOmerShelly.Coordinator|Day 23: Campaign opportunity - Campaign ID 19039521: day 25 to 27 [FEMALE, HIGH_INCOME], reach: 6250 coefs: (v=2.0, m=1.5)
04/04 11:15:50 INFO OrOmerShelly.Coordinator|Day 23: Campaign total budget bid: 1658.6248492959528
04/04 11:15:50 INFO OrOmerShelly.Coordinator|Day 23: Adjusting ucs bid: was 0.16961106068393306 level reported: 0.47829690000000014 target: 0.9 adjusted: 0.16928403775088896
04/04 11:15:50 SEVERE OrOmerShelly.OOSAgent|Exception thrown while trying to parse message.java.lang.NullPointerException
04/04 11:15:50 INFO OrOmerShelly.Coordinator|Day 23 : Simulation Status Received
04/04 11:15:50 WARNING OrOmerShelly.Coordinator|BidBundle is null!
04/04 11:15:50 INFO OrOmerShelly.Coordinator|Day 23 ended. Starting next day
04/04 11:16:00 INFO OrOmerShelly.Coordinator|Day 24 :BankStatus[-3.353400]
04/04 11:16:00 INFO OrOmerShelly.OOSAgent|UNKNOWN Message Received: (CampaignAuctionReport CampaignAuctionReportEntry [actualBid=2212.0, effectiveBid=1668.1920876419042])
04/04 11:16:00 SEVERE OrOmerShelly.OOSAgent|Exception thrown while trying to parse message.java.lang.NullPointerException
04/04 11:16:00 INFO OrOmerShelly.Coordinator|Day 24: Campaign opportunity - Campaign ID 21599775: day 26 to 35 [HIGH_INCOME, YOUNG], reach: 12500 coefs: (v=2.0, m=1.5)
04/04 11:16:00 INFO OrOmerShelly.Coordinator|Day 24: Campaign total budget bid: 1015.5096011066831
04/04 11:16:00 INFO OrOmerShelly.Coordinator|Day 24: Adjusting ucs bid: was 0.16928403775088896 level reported: 0.47829690000000014 target: 0.9 adjusted: 0.10237366072070546
04/04 11:16:00 SEVERE OrOmerShelly.OOSAgent|Exception thrown while trying to parse message.java.lang.NullPointerException
04/04 11:16:00 INFO OrOmerShelly.Coordinator|Day 24 : Simulation Status Received
04/04 11:16:00 WARNING OrOmerShelly.Coordinator|BidBundle is null!
04/04 11:16:00 INFO OrOmerShelly.Coordinator|Day 24 ended. Starting next day
04/04 11:16:11 INFO OrOmerShelly.Coordinator|Day 25 :BankStatus[-3.499200]
04/04 11:16:11 INFO OrOmerShelly.OOSAgent|UNKNOWN Message Received: (CampaignAuctionReport CampaignAuctionReportEntry [actualBid=2285.0, effectiveBid=1647.0313738678874])
04/04 11:16:11 SEVERE OrOmerShelly.OOSAgent|Exception thrown while trying to parse message.java.lang.NullPointerException
04/04 11:16:11 INFO OrOmerShelly.Coordinator|Day 25: Campaign opportunity - Campaign ID 11462144: day 27 to 31 [FEMALE, HIGH_INCOME], reach: 6250 coefs: (v=2.0, m=1.5)
04/04 11:16:11 INFO OrOmerShelly.Coordinator|Day 25: Campaign total budget bid: 995.1749095775716
04/04 11:16:11 INFO OrOmerShelly.Coordinator|Day 25: Adjusting ucs bid: was 0.10237366072070546 level reported: 0.47829690000000014 target: 0.9 adjusted: 0.14554495080497515
04/04 11:16:11 SEVERE OrOmerShelly.OOSAgent|Exception thrown while trying to parse message.java.lang.NullPointerException
04/04 11:16:11 INFO OrOmerShelly.Coordinator|Day 25 : Simulation Status Received
04/04 11:16:11 WARNING OrOmerShelly.Coordinator|BidBundle is null!
04/04 11:16:11 INFO OrOmerShelly.Coordinator|Day 25 ended. Starting next day
04/04 11:16:20 INFO OrOmerShelly.Coordinator|Day 26 :BankStatus[-3.645000]
04/04 11:16:20 SEVERE OrOmerShelly.OOSAgent|Exception thrown while trying to parse message.java.lang.NullPointerException
04/04 11:16:20 INFO OrOmerShelly.Coordinator|Day 26: Campaign opportunity - Campaign ID 28048032: day 28 to 30 [LOW_INCOME, MALE], reach: 6250 coefs: (v=2.0, m=1.5)
04/04 11:16:20 INFO OrOmerShelly.Coordinator|Day 26: Campaign total budget bid: 1663.8431753788814
04/04 11:16:20 INFO OrOmerShelly.Coordinator|Day 26: Adjusting ucs bid: was 0.14554495080497515 level reported: 0.47829690000000014 target: 0.9 adjusted: 0.10181279171704387
04/04 11:16:20 SEVERE OrOmerShelly.OOSAgent|Exception thrown while trying to parse message.java.lang.NullPointerException
04/04 11:16:20 INFO OrOmerShelly.Coordinator|Day 26 : Simulation Status Received
04/04 11:16:20 WARNING OrOmerShelly.Coordinator|BidBundle is null!
04/04 11:16:20 INFO OrOmerShelly.Coordinator|Day 26 ended. Starting next day
04/04 11:16:30 INFO OrOmerShelly.Coordinator|Day 27 :BankStatus[-3.790800]
04/04 11:16:30 INFO OrOmerShelly.OOSAgent|UNKNOWN Message Received: (CampaignAuctionReport CampaignAuctionReportEntry [actualBid=3239.0, effectiveBid=2317.0280536659975])
04/04 11:16:30 SEVERE OrOmerShelly.OOSAgent|Exception thrown while trying to parse message.java.lang.NullPointerException
04/04 11:16:30 INFO OrOmerShelly.Coordinator|Day 27: Campaign opportunity - Campaign ID 17414844: day 29 to 31 [HIGH_INCOME, MALE], reach: 3750 coefs: (v=2.0, m=1.5)
04/04 11:16:30 INFO OrOmerShelly.Coordinator|Day 27: Campaign total budget bid: 1013.4305138283312
04/04 11:16:30 INFO OrOmerShelly.Coordinator|Day 27: Adjusting ucs bid: was 0.10181279171704387 level reported: 0.47829690000000014 target: 0.9 adjusted: 0.136330704097473
04/04 11:16:30 SEVERE OrOmerShelly.OOSAgent|Exception thrown while trying to parse message.java.lang.NullPointerException
04/04 11:16:30 INFO OrOmerShelly.Coordinator|Day 27 : Simulation Status Received
04/04 11:16:30 WARNING OrOmerShelly.Coordinator|BidBundle is null!
04/04 11:16:30 INFO OrOmerShelly.Coordinator|Day 27 ended. Starting next day
04/04 11:16:40 INFO OrOmerShelly.Coordinator|Day 28 :BankStatus[-3.936600]
04/04 11:16:40 SEVERE OrOmerShelly.OOSAgent|Exception thrown while trying to parse message.java.lang.NullPointerException
04/04 11:16:40 INFO OrOmerShelly.Coordinator|Day 28: Campaign opportunity - Campaign ID 3412110: day 30 to 39 [YOUNG, MALE], reach: 3750 coefs: (v=2.0, m=1.5)
04/04 11:16:40 INFO OrOmerShelly.Coordinator|Day 28: Campaign total budget bid: 300.4126882053047
04/04 11:16:40 INFO OrOmerShelly.Coordinator|Day 28: Adjusting ucs bid: was 0.136330704097473 level reported: 0.47829690000000014 target: 0.9 adjusted: 0.14324950938338882
04/04 11:16:40 SEVERE OrOmerShelly.OOSAgent|Exception thrown while trying to parse message.java.lang.NullPointerException
04/04 11:16:40 INFO OrOmerShelly.Coordinator|Day 28 : Simulation Status Received
04/04 11:16:40 WARNING OrOmerShelly.Coordinator|BidBundle is null!
04/04 11:16:40 INFO OrOmerShelly.Coordinator|Day 28 ended. Starting next day
04/04 11:16:50 INFO OrOmerShelly.Coordinator|Day 29 :BankStatus[-4.082400]
04/04 11:16:50 SEVERE OrOmerShelly.OOSAgent|Exception thrown while trying to parse message.java.lang.NullPointerException
04/04 11:16:50 INFO OrOmerShelly.Coordinator|Day 29: Campaign opportunity - Campaign ID 10245409: day 31 to 35 [LOW_INCOME, OLD], reach: 3750 coefs: (v=2.0, m=1.5)
04/04 11:16:50 INFO OrOmerShelly.Coordinator|Day 29: Campaign total budget bid: 598.3078160554218
04/04 11:16:50 INFO OrOmerShelly.Coordinator|Day 29: Adjusting ucs bid: was 0.14324950938338882 level reported: 0.47829690000000014 target: 0.9 adjusted: 0.13231890836069138
04/04 11:16:50 SEVERE OrOmerShelly.OOSAgent|Exception thrown while trying to parse message.java.lang.NullPointerException
04/04 11:16:50 INFO OrOmerShelly.Coordinator|Day 29 : Simulation Status Received
04/04 11:16:50 WARNING OrOmerShelly.Coordinator|BidBundle is null!
04/04 11:16:50 INFO OrOmerShelly.Coordinator|Day 29 ended. Starting next day
04/04 11:17:00 INFO OrOmerShelly.Coordinator|Day 30 :BankStatus[-4.228200]
04/04 11:17:00 SEVERE OrOmerShelly.OOSAgent|Exception thrown while trying to parse message.java.lang.NullPointerException
04/04 11:17:00 INFO OrOmerShelly.Coordinator|Day 30: Campaign opportunity - Campaign ID 20604529: day 32 to 41 [FEMALE, YOUNG], reach: 3750 coefs: (v=2.0, m=1.5)
04/04 11:17:00 INFO OrOmerShelly.Coordinator|Day 30: Campaign total budget bid: 302.5179268896617
04/04 11:17:00 INFO OrOmerShelly.Coordinator|Day 30: Adjusting ucs bid: was 0.13231890836069138 level reported: 0.47829690000000014 target: 0.9 adjusted: 0.17127658664441453
04/04 11:17:00 SEVERE OrOmerShelly.OOSAgent|Exception thrown while trying to parse message.java.lang.NullPointerException
04/04 11:17:00 INFO OrOmerShelly.Coordinator|Day 30 : Simulation Status Received
04/04 11:17:00 WARNING OrOmerShelly.Coordinator|BidBundle is null!
04/04 11:17:00 INFO OrOmerShelly.Coordinator|Day 30 ended. Starting next day
04/04 11:17:10 INFO OrOmerShelly.Coordinator|Day 31 :BankStatus[-4.374000]
04/04 11:17:10 INFO OrOmerShelly.OOSAgent|UNKNOWN Message Received: (CampaignAuctionReport CampaignAuctionReportEntry [actualBid=2921.0, effectiveBid=2507.373385835055])
04/04 11:17:10 SEVERE OrOmerShelly.OOSAgent|Exception thrown while trying to parse message.java.lang.NullPointerException
04/04 11:17:10 INFO OrOmerShelly.Coordinator|Day 31: Campaign opportunity - Campaign ID 2331547: day 33 to 42 [FEMALE, OLD], reach: 6250 coefs: (v=2.0, m=1.5)
04/04 11:17:10 INFO OrOmerShelly.Coordinator|Day 31: Campaign total budget bid: 490.2543379498153
04/04 11:17:10 INFO OrOmerShelly.Coordinator|Day 31: Adjusting ucs bid: was 0.17127658664441453 level reported: 0.47829690000000014 target: 0.9 adjusted: 0.14422185215540528
04/04 11:17:10 SEVERE OrOmerShelly.OOSAgent|Exception thrown while trying to parse message.java.lang.NullPointerException
04/04 11:17:10 INFO OrOmerShelly.Coordinator|Day 31 : Simulation Status Received
04/04 11:17:10 WARNING OrOmerShelly.Coordinator|BidBundle is null!
04/04 11:17:10 INFO OrOmerShelly.Coordinator|Day 31 ended. Starting next day
04/04 11:17:20 INFO OrOmerShelly.Coordinator|Day 32 :BankStatus[-4.519800]
04/04 11:17:20 INFO OrOmerShelly.OOSAgent|UNKNOWN Message Received: (CampaignAuctionReport CampaignAuctionReportEntry [actualBid=2895.0, effectiveBid=2731.0934516857483])
04/04 11:17:20 SEVERE OrOmerShelly.OOSAgent|Exception thrown while trying to parse message.java.lang.NullPointerException
04/04 11:17:20 INFO OrOmerShelly.Coordinator|Day 32: Campaign opportunity - Campaign ID 4145503: day 34 to 36 [HIGH_INCOME, OLD], reach: 3750 coefs: (v=2.0, m=1.5)
04/04 11:17:20 INFO OrOmerShelly.Coordinator|Day 32: Campaign total budget bid: 993.178169817654
04/04 11:17:20 INFO OrOmerShelly.Coordinator|Day 32: Adjusting ucs bid: was 0.14422185215540528 level reported: 0.47829690000000014 target: 0.9 adjusted: 0.11510766256493737
04/04 11:17:20 SEVERE OrOmerShelly.OOSAgent|Exception thrown while trying to parse message.java.lang.NullPointerException
04/04 11:17:20 INFO OrOmerShelly.Coordinator|Day 32 : Simulation Status Received
04/04 11:17:20 WARNING OrOmerShelly.Coordinator|BidBundle is null!
04/04 11:17:20 INFO OrOmerShelly.Coordinator|Day 32 ended. Starting next day
04/04 11:17:31 INFO OrOmerShelly.Coordinator|Day 33 :BankStatus[-4.665600]
04/04 11:17:31 INFO OrOmerShelly.OOSAgent|UNKNOWN Message Received: (CampaignAuctionReport CampaignAuctionReportEntry [actualBid=2142.0, effectiveBid=2020.726139381994])
04/04 11:17:31 SEVERE OrOmerShelly.OOSAgent|Exception thrown while trying to parse message.java.lang.NullPointerException
04/04 11:17:31 INFO OrOmerShelly.Coordinator|Day 33: Campaign opportunity - Campaign ID 16746288: day 35 to 39 [LOW_INCOME, YOUNG], reach: 3750 coefs: (v=2.0, m=1.5)
04/04 11:17:31 INFO OrOmerShelly.Coordinator|Day 33: Campaign total budget bid: 596.6730954533107
04/04 11:17:31 INFO OrOmerShelly.Coordinator|Day 33: Adjusting ucs bid: was 0.11510766256493737 level reported: 0.47829690000000014 target: 0.9 adjusted: 0.13186913506815812
04/04 11:17:31 SEVERE OrOmerShelly.OOSAgent|Exception thrown while trying to parse message.java.lang.NullPointerException
04/04 11:17:31 INFO OrOmerShelly.Coordinator|Day 33 : Simulation Status Received
04/04 11:17:31 WARNING OrOmerShelly.Coordinator|BidBundle is null!
04/04 11:17:31 INFO OrOmerShelly.Coordinator|Day 33 ended. Starting next day
04/04 11:17:40 INFO OrOmerShelly.Coordinator|Day 34 :BankStatus[-4.811400]
04/04 11:17:40 INFO OrOmerShelly.OOSAgent|UNKNOWN Message Received: (CampaignAuctionReport CampaignAuctionReportEntry [actualBid=2944.0, effectiveBid=2777.31921304416])
04/04 11:17:40 SEVERE OrOmerShelly.OOSAgent|Exception thrown while trying to parse message.java.lang.NullPointerException
04/04 11:17:40 INFO OrOmerShelly.Coordinator|Day 34: Campaign opportunity - Campaign ID 16755253: day 36 to 38 [FEMALE, HIGH_INCOME], reach: 3750 coefs: (v=2.0, m=1.5)
04/04 11:17:40 INFO OrOmerShelly.Coordinator|Day 34: Campaign total budget bid: 995.1749095775716
04/04 11:17:40 INFO OrOmerShelly.Coordinator|Day 34: Adjusting ucs bid: was 0.13186913506815812 level reported: 0.47829690000000014 target: 0.9 adjusted: 0.11720790513714195
04/04 11:17:40 SEVERE OrOmerShelly.OOSAgent|Exception thrown while trying to parse message.java.lang.NullPointerException
04/04 11:17:40 INFO OrOmerShelly.Coordinator|Day 34 : Simulation Status Received
04/04 11:17:40 WARNING OrOmerShelly.Coordinator|BidBundle is null!
04/04 11:17:40 INFO OrOmerShelly.Coordinator|Day 34 ended. Starting next day
04/04 11:17:50 INFO OrOmerShelly.Coordinator|Day 35 :BankStatus[-4.957200]
04/04 11:17:50 INFO OrOmerShelly.OOSAgent|UNKNOWN Message Received: (CampaignAuctionReport CampaignAuctionReportEntry [actualBid=2826.0, effectiveBid=2666.000032630026])
04/04 11:17:50 SEVERE OrOmerShelly.OOSAgent|Exception thrown while trying to parse message.java.lang.NullPointerException
04/04 11:17:50 INFO OrOmerShelly.Coordinator|Day 35: Campaign opportunity - Campaign ID 4701883: day 37 to 39 [OLD, MALE], reach: 3750 coefs: (v=2.0, m=1.5)
04/04 11:17:50 INFO OrOmerShelly.Coordinator|Day 35: Campaign total budget bid: 1010.2865542271022
04/04 11:17:50 INFO OrOmerShelly.Coordinator|Day 35: Adjusting ucs bid: was 0.11720790513714195 level reported: 0.47829690000000014 target: 0.9 adjusted: 0.1621443701170023
04/04 11:17:50 SEVERE OrOmerShelly.OOSAgent|Exception thrown while trying to parse message.java.lang.NullPointerException
04/04 11:17:50 INFO OrOmerShelly.Coordinator|Day 35 : Simulation Status Received
04/04 11:17:50 WARNING OrOmerShelly.Coordinator|BidBundle is null!
04/04 11:17:50 INFO OrOmerShelly.Coordinator|Day 35 ended. Starting next day
04/04 11:18:00 INFO OrOmerShelly.Coordinator|Day 36 :BankStatus[-5.103000]
04/04 11:18:00 INFO OrOmerShelly.OOSAgent|UNKNOWN Message Received: (CampaignAuctionReport CampaignAuctionReportEntry [actualBid=2100.0, effectiveBid=1981.1040582176413])
04/04 11:18:00 SEVERE OrOmerShelly.OOSAgent|Exception thrown while trying to parse message.java.lang.NullPointerException
04/04 11:18:00 INFO OrOmerShelly.Coordinator|Day 36: Campaign opportunity - Campaign ID 8744362: day 38 to 42 [FEMALE, YOUNG], reach: 3750 coefs: (v=2.0, m=1.5)
04/04 11:18:00 INFO OrOmerShelly.Coordinator|Day 36: Campaign total budget bid: 605.0358537793234
04/04 11:18:00 INFO OrOmerShelly.Coordinator|Day 36: Adjusting ucs bid: was 0.1621443701170023 level reported: 0.47829690000000014 target: 0.9 adjusted: 0.19500656667773453
04/04 11:18:00 SEVERE OrOmerShelly.OOSAgent|Exception thrown while trying to parse message.java.lang.NullPointerException
04/04 11:18:00 INFO OrOmerShelly.Coordinator|Day 36 : Simulation Status Received
04/04 11:18:00 WARNING OrOmerShelly.Coordinator|BidBundle is null!
04/04 11:18:00 INFO OrOmerShelly.Coordinator|Day 36 ended. Starting next day
04/04 11:18:10 INFO OrOmerShelly.Coordinator|Day 37 :BankStatus[-5.248800]
04/04 11:18:10 INFO OrOmerShelly.OOSAgent|UNKNOWN Message Received: (CampaignAuctionReport CampaignAuctionReportEntry [actualBid=3067.0, effectiveBid=2997.6177768958396])
04/04 11:18:10 SEVERE OrOmerShelly.OOSAgent|Exception thrown while trying to parse message.java.lang.NullPointerException
04/04 11:18:10 INFO OrOmerShelly.Coordinator|Day 37: Campaign opportunity - Campaign ID 21984146: day 39 to 41 [FEMALE, LOW_INCOME], reach: 6250 coefs: (v=2.0, m=1.5)
04/04 11:18:10 INFO OrOmerShelly.Coordinator|Day 37: Campaign total budget bid: 1655.5626911455404
04/04 11:18:10 INFO OrOmerShelly.Coordinator|Day 37: Adjusting ucs bid: was 0.19500656667773453 level reported: 0.47829690000000014 target: 0.9 adjusted: 0.1563544401450903
04/04 11:18:10 SEVERE OrOmerShelly.OOSAgent|Exception thrown while trying to parse message.java.lang.NullPointerException
04/04 11:18:10 INFO OrOmerShelly.Coordinator|Day 37 : Simulation Status Received
04/04 11:18:10 WARNING OrOmerShelly.Coordinator|BidBundle is null!
04/04 11:18:10 INFO OrOmerShelly.Coordinator|Day 37 ended. Starting next day
04/04 11:18:20 INFO OrOmerShelly.Coordinator|Day 38 :BankStatus[-5.394600]
04/04 11:18:20 INFO OrOmerShelly.OOSAgent|UNKNOWN Message Received: (CampaignAuctionReport CampaignAuctionReportEntry [actualBid=2028.0, effectiveBid=792.848888365799])
04/04 11:18:20 SEVERE OrOmerShelly.OOSAgent|Exception thrown while trying to parse message.java.lang.NullPointerException
04/04 11:18:20 INFO OrOmerShelly.Coordinator|Day 38: Campaign opportunity - Campaign ID 32231973: day 40 to 42 [YOUNG, MALE], reach: 6250 coefs: (v=2.0, m=1.5)
04/04 11:18:20 INFO OrOmerShelly.Coordinator|Day 38: Campaign total budget bid: 1668.9593789183596
04/04 11:18:20 INFO OrOmerShelly.Coordinator|Day 38: Adjusting ucs bid: was 0.1563544401450903 level reported: 0.47829690000000014 target: 0.9 adjusted: 0.13679411126175028
04/04 11:18:20 SEVERE OrOmerShelly.OOSAgent|Exception thrown while trying to parse message.java.lang.NullPointerException
04/04 11:18:20 INFO OrOmerShelly.Coordinator|Day 38 : Simulation Status Received
04/04 11:18:20 WARNING OrOmerShelly.Coordinator|BidBundle is null!
04/04 11:18:20 INFO OrOmerShelly.Coordinator|Day 38 ended. Starting next day
04/04 11:18:30 INFO OrOmerShelly.Coordinator|Day 39 :BankStatus[-5.540400]
04/04 11:18:30 SEVERE OrOmerShelly.OOSAgent|Exception thrown while trying to parse message.java.lang.NullPointerException
04/04 11:18:30 INFO OrOmerShelly.Coordinator|Day 39: Campaign opportunity - Campaign ID 26534117: day 41 to 45 [LOW_INCOME, YOUNG], reach: 12500 coefs: (v=2.0, m=1.5)
04/04 11:18:30 INFO OrOmerShelly.Coordinator|Day 39: Campaign total budget bid: 1988.9103181777023
04/04 11:18:30 INFO OrOmerShelly.Coordinator|Day 39: Adjusting ucs bid: was 0.13679411126175028 level reported: 0.47829690000000014 target: 0.9 adjusted: 0.12383854443648026
04/04 11:18:30 SEVERE OrOmerShelly.OOSAgent|Exception thrown while trying to parse message.java.lang.NullPointerException
04/04 11:18:31 INFO OrOmerShelly.Coordinator|Day 39 : Simulation Status Received
04/04 11:18:31 WARNING OrOmerShelly.Coordinator|BidBundle is null!
04/04 11:18:31 INFO OrOmerShelly.Coordinator|Day 39 ended. Starting next day
04/04 11:18:40 INFO OrOmerShelly.Coordinator|Day 40 :BankStatus[-5.686200]
04/04 11:18:40 SEVERE OrOmerShelly.OOSAgent|Exception thrown while trying to parse message.java.lang.NullPointerException
04/04 11:18:40 INFO OrOmerShelly.Coordinator|Day 40: Campaign opportunity - Campaign ID 14407462: day 42 to 46 [FEMALE, LOW_INCOME], reach: 12500 coefs: (v=2.0, m=1.5)
04/04 11:18:40 INFO OrOmerShelly.Coordinator|Day 40: Campaign total budget bid: 1986.6752293746483
04/04 11:18:40 INFO OrOmerShelly.Coordinator|Day 40: Adjusting ucs bid: was 0.12383854443648026 level reported: 0.47829690000000014 target: 0.9 adjusted: 0.17606164252483172
04/04 11:18:40 SEVERE OrOmerShelly.OOSAgent|Exception thrown while trying to parse message.java.lang.NullPointerException
04/04 11:18:40 INFO OrOmerShelly.Coordinator|Day 40 : Simulation Status Received
04/04 11:18:40 WARNING OrOmerShelly.Coordinator|BidBundle is null!
04/04 11:18:40 INFO OrOmerShelly.Coordinator|Day 40 ended. Starting next day
04/04 11:18:50 INFO OrOmerShelly.Coordinator|Day 41 :BankStatus[-5.832000]
04/04 11:18:50 INFO OrOmerShelly.OOSAgent|UNKNOWN Message Received: (CampaignAuctionReport CampaignAuctionReportEntry [actualBid=2249.0, effectiveBid=1946.0416768735765])
04/04 11:18:50 SEVERE OrOmerShelly.OOSAgent|Exception thrown while trying to parse message.java.lang.NullPointerException
04/04 11:18:50 INFO OrOmerShelly.Coordinator|Day 41: Campaign opportunity - Campaign ID 31254537: day 43 to 45 [HIGH_INCOME, OLD], reach: 3750 coefs: (v=2.0, m=1.5)
04/04 11:18:50 INFO OrOmerShelly.Coordinator|Day 41: Campaign total budget bid: 993.178169817654
04/04 11:18:50 INFO OrOmerShelly.Coordinator|Day 41: Adjusting ucs bid: was 0.17606164252483172 level reported: 0.47829690000000014 target: 0.9 adjusted: 0.17395191528102066
04/04 11:18:50 SEVERE OrOmerShelly.OOSAgent|Exception thrown while trying to parse message.java.lang.NullPointerException
04/04 11:18:50 INFO OrOmerShelly.Coordinator|Day 41 : Simulation Status Received
04/04 11:18:50 WARNING OrOmerShelly.Coordinator|BidBundle is null!
04/04 11:18:50 INFO OrOmerShelly.Coordinator|Day 41 ended. Starting next day
04/04 11:19:00 INFO OrOmerShelly.Coordinator|Day 42 :BankStatus[-5.977800]
04/04 11:19:00 INFO OrOmerShelly.OOSAgent|UNKNOWN Message Received: (CampaignAuctionReport CampaignAuctionReportEntry [actualBid=2905.0, effectiveBid=2513.67321979446])
04/04 11:19:00 SEVERE OrOmerShelly.OOSAgent|Exception thrown while trying to parse message.java.lang.NullPointerException
04/04 11:19:00 INFO OrOmerShelly.Coordinator|Day 42: Campaign opportunity - Campaign ID 15604802: day 44 to 53 [HIGH_INCOME, MALE], reach: 12500 coefs: (v=2.0, m=1.5)
04/04 11:19:00 INFO OrOmerShelly.Coordinator|Day 42: Campaign total budget bid: 1013.4305138283312
04/04 11:19:00 INFO OrOmerShelly.Coordinator|Day 42: Adjusting ucs bid: was 0.17395191528102066 level reported: 0.47829690000000014 target: 0.9 adjusted: 0.10359676012780247
04/04 11:19:00 SEVERE OrOmerShelly.OOSAgent|Exception thrown while trying to parse message.java.lang.NullPointerException
04/04 11:19:00 INFO OrOmerShelly.Coordinator|Day 42 : Simulation Status Received
04/04 11:19:00 WARNING OrOmerShelly.Coordinator|BidBundle is null!
04/04 11:19:00 INFO OrOmerShelly.Coordinator|Day 42 ended. Starting next day
04/04 11:19:10 INFO OrOmerShelly.Coordinator|Day 43 :BankStatus[-6.123600]
04/04 11:19:10 INFO OrOmerShelly.OOSAgent|UNKNOWN Message Received: (CampaignAuctionReport CampaignAuctionReportEntry [actualBid=3164.0, effectiveBid=2336.675259074314])
04/04 11:19:10 SEVERE OrOmerShelly.OOSAgent|Exception thrown while trying to parse message.java.lang.NullPointerException
04/04 11:19:10 INFO OrOmerShelly.Coordinator|Day 43: Campaign opportunity - Campaign ID 9294717: day 45 to 49 [HIGH_INCOME, YOUNG], reach: 12500 coefs: (v=2.0, m=1.5)
04/04 11:19:10 INFO OrOmerShelly.Coordinator|Day 43: Campaign total budget bid: 2031.0192022133663
04/04 11:19:10 INFO OrOmerShelly.Coordinator|Day 43: Adjusting ucs bid: was 0.10359676012780247 level reported: 0.47829690000000014 target: 0.9 adjusted: 0.14728383502365314
04/04 11:19:10 SEVERE OrOmerShelly.OOSAgent|Exception thrown while trying to parse message.java.lang.NullPointerException
04/04 11:19:10 INFO OrOmerShelly.Coordinator|Day 43 : Simulation Status Received
04/04 11:19:10 WARNING OrOmerShelly.Coordinator|BidBundle is null!
04/04 11:19:10 INFO OrOmerShelly.Coordinator|Day 43 ended. Starting next day
04/04 11:19:20 INFO OrOmerShelly.Coordinator|Day 44 :BankStatus[-6.269400]
04/04 11:19:20 SEVERE OrOmerShelly.OOSAgent|Exception thrown while trying to parse message.java.lang.NullPointerException
04/04 11:19:20 INFO OrOmerShelly.Coordinator|Day 44: Campaign opportunity - Campaign ID 20354511: day 46 to 55 [LOW_INCOME, YOUNG], reach: 12500 coefs: (v=2.0, m=1.5)
04/04 11:19:20 INFO OrOmerShelly.Coordinator|Day 44: Campaign total budget bid: 994.4551590888511
04/04 11:19:20 INFO OrOmerShelly.Coordinator|Day 44: Adjusting ucs bid: was 0.14728383502365314 level reported: 0.47829690000000014 target: 0.9 adjusted: 0.1638484522595373
04/04 11:19:20 SEVERE OrOmerShelly.OOSAgent|Exception thrown while trying to parse message.java.lang.NullPointerException
04/04 11:19:20 INFO OrOmerShelly.Coordinator|Day 44 : Simulation Status Received
04/04 11:19:20 WARNING OrOmerShelly.Coordinator|BidBundle is null!
04/04 11:19:20 INFO OrOmerShelly.Coordinator|Day 44 ended. Starting next day
04/04 11:19:31 INFO OrOmerShelly.Coordinator|Day 45 :BankStatus[-6.415200]
04/04 11:19:31 SEVERE OrOmerShelly.OOSAgent|Exception thrown while trying to parse message.java.lang.NullPointerException
04/04 11:19:31 INFO OrOmerShelly.Coordinator|Day 45: Campaign opportunity - Campaign ID 18977901: day 47 to 56 [FEMALE, YOUNG], reach: 3750 coefs: (v=2.0, m=1.5)
04/04 11:19:31 INFO OrOmerShelly.Coordinator|Day 45: Campaign total budget bid: 302.5179268896617
04/04 11:19:31 INFO OrOmerShelly.Coordinator|Day 45: Adjusting ucs bid: was 0.1638484522595373 level reported: 0.47829690000000014 target: 0.9 adjusted: 0.1739988110630199
04/04 11:19:31 SEVERE OrOmerShelly.OOSAgent|Exception thrown while trying to parse message.java.lang.NullPointerException
04/04 11:19:31 INFO OrOmerShelly.Coordinator|Day 45 : Simulation Status Received
04/04 11:19:31 WARNING OrOmerShelly.Coordinator|BidBundle is null!
04/04 11:19:31 INFO OrOmerShelly.Coordinator|Day 45 ended. Starting next day
04/04 11:19:40 INFO OrOmerShelly.Coordinator|Day 46 :BankStatus[-6.561000]
04/04 11:19:40 SEVERE OrOmerShelly.OOSAgent|Exception thrown while trying to parse message.java.lang.NullPointerException
04/04 11:19:40 INFO OrOmerShelly.Coordinator|Day 46: Campaign opportunity - Campaign ID 30023718: day 48 to 50 [FEMALE, LOW_INCOME], reach: 3750 coefs: (v=2.0, m=1.5)
04/04 11:19:40 INFO OrOmerShelly.Coordinator|Day 46: Campaign total budget bid: 993.3376146873242
04/04 11:19:40 INFO OrOmerShelly.Coordinator|Day 46: Adjusting ucs bid: was 0.1739988110630199 level reported: 0.47829690000000014 target: 0.9 adjusted: 0.15232808251211366
04/04 11:19:40 SEVERE OrOmerShelly.OOSAgent|Exception thrown while trying to parse message.java.lang.NullPointerException
04/04 11:19:40 INFO OrOmerShelly.Coordinator|Day 46 : Simulation Status Received
04/04 11:19:40 WARNING OrOmerShelly.Coordinator|BidBundle is null!
04/04 11:19:40 INFO OrOmerShelly.Coordinator|Day 46 ended. Starting next day
04/04 11:19:50 INFO OrOmerShelly.Coordinator|Day 47 :BankStatus[-6.706800]
04/04 11:19:50 INFO OrOmerShelly.OOSAgent|UNKNOWN Message Received: (CampaignAuctionReport CampaignAuctionReportEntry [actualBid=2432.0, effectiveBid=1807.787108855667])
04/04 11:19:50 SEVERE OrOmerShelly.OOSAgent|Exception thrown while trying to parse message.java.lang.NullPointerException
04/04 11:19:50 INFO OrOmerShelly.Coordinator|Day 47: Campaign opportunity - Campaign ID 10898139: day 49 to 51 [YOUNG, MALE], reach: 12500 coefs: (v=2.0, m=1.5)
04/04 11:19:50 INFO OrOmerShelly.Coordinator|Day 47: Campaign total budget bid: 3337.918757836719
04/04 11:19:50 INFO OrOmerShelly.Coordinator|Day 47: Adjusting ucs bid: was 0.15232808251211366 level reported: 0.47829690000000014 target: 0.9 adjusted: 0.1552697895204084
04/04 11:19:50 SEVERE OrOmerShelly.OOSAgent|Exception thrown while trying to parse message.java.lang.NullPointerException
04/04 11:19:50 INFO OrOmerShelly.Coordinator|Day 47 : Simulation Status Received
04/04 11:19:50 WARNING OrOmerShelly.Coordinator|BidBundle is null!
04/04 11:19:50 INFO OrOmerShelly.Coordinator|Day 47 ended. Starting next day
04/04 11:20:00 INFO OrOmerShelly.Coordinator|Day 48 :BankStatus[-6.852600]
04/04 11:20:00 SEVERE OrOmerShelly.OOSAgent|Exception thrown while trying to parse message.java.lang.NullPointerException
04/04 11:20:00 INFO OrOmerShelly.Coordinator|Day 48: Campaign opportunity - Campaign ID 6953798: day 50 to 59 [LOW_INCOME, OLD], reach: 12500 coefs: (v=2.0, m=1.5)
04/04 11:20:00 INFO OrOmerShelly.Coordinator|Day 48: Campaign total budget bid: 997.1796934257029
04/04 11:20:00 INFO OrOmerShelly.Coordinator|Day 48: Adjusting ucs bid: was 0.1552697895204084 level reported: 0.47829690000000014 target: 0.9 adjusted: 0.19087914491117933
04/04 11:20:00 SEVERE OrOmerShelly.OOSAgent|Exception thrown while trying to parse message.java.lang.NullPointerException
04/04 11:20:00 INFO OrOmerShelly.Coordinator|Day 48 : Simulation Status Received
04/04 11:20:00 WARNING OrOmerShelly.Coordinator|BidBundle is null!
04/04 11:20:00 INFO OrOmerShelly.Coordinator|Day 48 ended. Starting next day
04/04 11:20:10 INFO OrOmerShelly.Coordinator|Day 49 :BankStatus[-6.998400]
04/04 11:20:10 SEVERE OrOmerShelly.OOSAgent|Exception thrown while trying to parse message.java.lang.NullPointerException
04/04 11:20:10 INFO OrOmerShelly.Coordinator|Day 49: Campaign opportunity - Campaign ID 13840602: day 51 to 55 [HIGH_INCOME, OLD], reach: 3750 coefs: (v=2.0, m=1.5)
04/04 11:20:10 INFO OrOmerShelly.Coordinator|Day 49: Campaign total budget bid: 595.9069018905924
04/04 11:20:10 INFO OrOmerShelly.Coordinator|Day 49: Adjusting ucs bid: was 0.19087914491117933 level reported: 0.47829690000000014 target: 0.9 adjusted: 0.11802113960786348
04/04 11:20:10 SEVERE OrOmerShelly.OOSAgent|Exception thrown while trying to parse message.java.lang.NullPointerException
04/04 11:20:11 INFO OrOmerShelly.Coordinator|Day 49 : Simulation Status Received
04/04 11:20:11 WARNING OrOmerShelly.Coordinator|BidBundle is null!
04/04 11:20:11 INFO OrOmerShelly.Coordinator|Day 49 ended. Starting next day
04/04 11:20:20 INFO OrOmerShelly.Coordinator|Day 50 :BankStatus[-7.144200]
04/04 11:20:20 SEVERE OrOmerShelly.OOSAgent|Exception thrown while trying to parse message.java.lang.NullPointerException
04/04 11:20:20 INFO OrOmerShelly.Coordinator|Day 50: Campaign opportunity - Campaign ID 18203470: day 52 to 56 [HIGH_INCOME, YOUNG], reach: 3750 coefs: (v=2.0, m=1.5)
04/04 11:20:20 INFO OrOmerShelly.Coordinator|Day 50: Campaign total budget bid: 609.3057606640099
04/04 11:20:20 INFO OrOmerShelly.Coordinator|Day 50: Adjusting ucs bid: was 0.11802113960786348 level reported: 0.47829690000000014 target: 0.9 adjusted: 0.13885266525011505
04/04 11:20:20 SEVERE OrOmerShelly.OOSAgent|Exception thrown while trying to parse message.java.lang.NullPointerException
04/04 11:20:20 INFO OrOmerShelly.Coordinator|Day 50 : Simulation Status Received
04/04 11:20:20 WARNING OrOmerShelly.Coordinator|BidBundle is null!
04/04 11:20:20 INFO OrOmerShelly.Coordinator|Day 50 ended. Starting next day
04/04 11:20:31 INFO OrOmerShelly.Coordinator|Day 51 :BankStatus[-7.290000]
04/04 11:20:31 SEVERE OrOmerShelly.OOSAgent|Exception thrown while trying to parse message.java.lang.NullPointerException
04/04 11:20:31 SEVERE OrOmerShelly.OOSAgent|Exception thrown while trying to parse message.java.lang.NullPointerException
04/04 11:20:31 INFO OrOmerShelly.Coordinator|Day 51 : Simulation Status Received
04/04 11:20:31 WARNING OrOmerShelly.Coordinator|BidBundle is null!
04/04 11:20:31 INFO OrOmerShelly.Coordinator|Day 51 ended. Starting next day
04/04 11:20:40 INFO OrOmerShelly.Coordinator|Day 52 :BankStatus[-7.435800]
04/04 11:20:40 SEVERE OrOmerShelly.OOSAgent|Exception thrown while trying to parse message.java.lang.NullPointerException
04/04 11:20:40 SEVERE OrOmerShelly.OOSAgent|Exception thrown while trying to parse message.java.lang.NullPointerException
04/04 11:20:40 INFO OrOmerShelly.Coordinator|Day 52 : Simulation Status Received
04/04 11:20:40 WARNING OrOmerShelly.Coordinator|BidBundle is null!
04/04 11:20:40 INFO OrOmerShelly.Coordinator|Day 52 ended. Starting next day
04/04 11:20:50 INFO OrOmerShelly.Coordinator|Day 53 :BankStatus[-7.581600]
04/04 11:20:50 SEVERE OrOmerShelly.OOSAgent|Exception thrown while trying to parse message.java.lang.NullPointerException
04/04 11:20:50 SEVERE OrOmerShelly.OOSAgent|Exception thrown while trying to parse message.java.lang.NullPointerException
04/04 11:20:50 INFO OrOmerShelly.Coordinator|Day 53 : Simulation Status Received
04/04 11:20:50 WARNING OrOmerShelly.Coordinator|BidBundle is null!
04/04 11:20:50 INFO OrOmerShelly.Coordinator|Day 53 ended. Starting next day
04/04 11:21:00 INFO OrOmerShelly.Coordinator|Day 54 :BankStatus[-7.727400]
04/04 11:21:00 SEVERE OrOmerShelly.OOSAgent|Exception thrown while trying to parse message.java.lang.NullPointerException
04/04 11:21:00 SEVERE OrOmerShelly.OOSAgent|Exception thrown while trying to parse message.java.lang.NullPointerException
04/04 11:21:00 INFO OrOmerShelly.Coordinator|Day 54 : Simulation Status Received
04/04 11:21:00 WARNING OrOmerShelly.Coordinator|BidBundle is null!
04/04 11:21:00 INFO OrOmerShelly.Coordinator|Day 54 ended. Starting next day
04/04 11:21:10 INFO OrOmerShelly.Coordinator|Day 55 :BankStatus[-7.873200]
04/04 11:21:10 SEVERE OrOmerShelly.OOSAgent|Exception thrown while trying to parse message.java.lang.NullPointerException
04/04 11:21:10 SEVERE OrOmerShelly.OOSAgent|Exception thrown while trying to parse message.java.lang.NullPointerException
04/04 11:21:11 INFO OrOmerShelly.Coordinator|Day 55 : Simulation Status Received
04/04 11:21:11 WARNING OrOmerShelly.Coordinator|BidBundle is null!
04/04 11:21:11 INFO OrOmerShelly.Coordinator|Day 55 ended. Starting next day
04/04 11:21:20 INFO OrOmerShelly.Coordinator|Day 56 :BankStatus[-8.019000]
04/04 11:21:20 SEVERE OrOmerShelly.OOSAgent|Exception thrown while trying to parse message.java.lang.NullPointerException
04/04 11:21:20 SEVERE OrOmerShelly.OOSAgent|Exception thrown while trying to parse message.java.lang.NullPointerException
04/04 11:21:20 INFO OrOmerShelly.Coordinator|Day 56 : Simulation Status Received
04/04 11:21:20 WARNING OrOmerShelly.Coordinator|BidBundle is null!
04/04 11:21:20 INFO OrOmerShelly.Coordinator|Day 56 ended. Starting next day
04/04 11:21:30 INFO OrOmerShelly.Coordinator|Day 57 :BankStatus[-8.164800]
04/04 11:21:30 SEVERE OrOmerShelly.OOSAgent|Exception thrown while trying to parse message.java.lang.NullPointerException
04/04 11:21:30 SEVERE OrOmerShelly.OOSAgent|Exception thrown while trying to parse message.java.lang.NullPointerException
04/04 11:21:30 INFO OrOmerShelly.Coordinator|Day 57 : Simulation Status Received
04/04 11:21:30 WARNING OrOmerShelly.Coordinator|BidBundle is null!
04/04 11:21:30 INFO OrOmerShelly.Coordinator|Day 57 ended. Starting next day
04/04 11:21:40 INFO OrOmerShelly.Coordinator|Day 58 :BankStatus[-8.310600]
04/04 11:21:40 SEVERE OrOmerShelly.OOSAgent|Exception thrown while trying to parse message.java.lang.NullPointerException
04/04 11:21:40 SEVERE OrOmerShelly.OOSAgent|Exception thrown while trying to parse message.java.lang.NullPointerException
04/04 11:21:40 INFO OrOmerShelly.Coordinator|Day 58 : Simulation Status Received
04/04 11:21:40 WARNING OrOmerShelly.Coordinator|BidBundle is null!
04/04 11:21:40 INFO OrOmerShelly.Coordinator|Day 58 ended. Starting next day
04/04 11:21:50 INFO OrOmerShelly.Coordinator|Day 59 :BankStatus[-8.456400]
04/04 11:21:50 SEVERE OrOmerShelly.OOSAgent|Exception thrown while trying to parse message.java.lang.NullPointerException
04/04 11:21:50 SEVERE OrOmerShelly.OOSAgent|Exception thrown while trying to parse message.java.lang.NullPointerException
04/04 11:21:50 INFO OrOmerShelly.Coordinator|Day 59 : Simulation Status Received
04/04 11:21:50 WARNING OrOmerShelly.Coordinator|BidBundle is null!
04/04 11:21:50 INFO OrOmerShelly.Coordinator|Day 59 ended. Starting next day
04/04 11:22:00 SEVERE OrOmerShelly.OOSAgent|Exception thrown while trying to parse message.java.lang.NullPointerException
04/04 11:22:00 INFO OrOmerShelly.Coordinator|Day 60 :BankStatus[-8.748000]
04/04 11:22:00 SEVERE OrOmerShelly.OOSAgent|Exception thrown while trying to parse message.java.lang.NullPointerException
04/04 11:22:00 INFO OrOmerShelly.Coordinator|Day 60 : Simulation Status Received
04/04 11:22:00 WARNING OrOmerShelly.Coordinator|BidBundle is null!
04/04 11:22:00 INFO OrOmerShelly.Coordinator|Day 60 ended. Starting next day
