04/04 12:40:00 INFO OrOmerShelly.OOSAgent|UNKNOWN Message Received: edu.umich.eecs.tac.props.AdvertiserInfo@bc76a1c1
04/04 12:40:00 INFO OrOmerShelly.Coordinator|Day 0 :BankStatus[0.000000]
04/04 12:40:00 INFO OrOmerShelly.Coordinator|tau.tac.adx.report.demand.InitialCampaignMessage[29303802,1250,1,5,[FEMALE, HIGH_INCOME],2.0,1.5,demand,[]]
04/04 12:40:00 INFO OrOmerShelly.Coordinator|Day 0: Allocated campaign - Campaign ID 29303802: day 1 to 5 [FEMALE, HIGH_INCOME], reach: 1250 coefs: (v=2.0, m=1.5)
04/04 12:40:00 INFO OrOmerShelly.Coordinator|Day 0: Campaign opportunity - Campaign ID 17582272: day 2 to 11 [LOW_INCOME, MALE], reach: 6250 coefs: (v=2.0, m=1.5)
04/04 12:40:00 INFO OrOmerShelly.Coordinator|Day 0: Campaign total budget bid: 499.15295261366435
04/04 12:40:00 INFO OrOmerShelly.Coordinator|Day 0: Adjusting ucs bid: was 0.10209270144400143 level reported: 0.47829690000000014 target: 0.9 adjusted: 0.1451455101303113
04/04 12:40:00 INFO OrOmerShelly.Coordinator|Day 0 : Simulation Status Received
04/04 12:40:00 WARNING OrOmerShelly.Coordinator|BidBundle is null!
04/04 12:40:00 INFO OrOmerShelly.Coordinator|Day 0 ended. Starting next day
04/04 12:40:19 INFO OrOmerShelly.Coordinator|Day 1 :BankStatus[0.000000]
04/04 12:40:19 INFO OrOmerShelly.OOSAgent|UNKNOWN Message Received: (CampaignAuctionReport CampaignAuctionReportEntry [actualBid=2053.0, effectiveBid=2053.0] CampaignAuctionReportEntry [actualBid=2169.0, effectiveBid=2169.0] CampaignAuctionReportEntry [actualBid=2359.0, effectiveBid=2359.0] CampaignAuctionReportEntry [actualBid=2426.0, effectiveBid=2426.0] CampaignAuctionReportEntry [actualBid=2490.0, effectiveBid=2490.0] CampaignAuctionReportEntry [actualBid=2711.0, effectiveBid=2711.0] CampaignAuctionReportEntry [actualBid=2737.0, effectiveBid=2737.0])
04/04 12:40:19 INFO OrOmerShelly.Coordinator|Day 1: Daily notification for campaign 17582272
04/04 12:40:19 INFO OrOmerShelly.Coordinator|Day 1:  allocated to DummyAdnetwork-2. UCS Level set to 0.47829690000000014 at price 0.0 Quality Score is: 1.0
04/04 12:40:19 INFO OrOmerShelly.Coordinator|Day 1: Campaign opportunity - Campaign ID 20902735: day 3 to 12 [HIGH_INCOME, OLD], reach: 3750 coefs: (v=2.0, m=1.5)
04/04 12:40:19 INFO OrOmerShelly.Coordinator|Day 1: Campaign total budget bid: 297.9534509452962
04/04 12:40:19 INFO OrOmerShelly.Coordinator|Day 1: Adjusting ucs bid: was 0.1451455101303113 level reported: 0.47829690000000014 target: 0.9 adjusted: 0.13887147670763664
04/04 12:40:19 INFO OrOmerShelly.Coordinator|Publishers Report: 
04/04 12:40:19 INFO OrOmerShelly.Coordinator|(publisher: yahoo popularity: 51660 video: 29513 text: 22148)
04/04 12:40:19 INFO OrOmerShelly.Coordinator|(publisher: nyt popularity: 20208 video: 3642 text: 16567)
04/04 12:40:19 INFO OrOmerShelly.Coordinator|(publisher: amazon popularity: 72839 video: 13383 text: 59457)
04/04 12:40:19 INFO OrOmerShelly.Coordinator|(publisher: target popularity: 9791 video: 4895 text: 4897)
04/04 12:40:19 INFO OrOmerShelly.Coordinator|(publisher: bestbuy popularity: 7040 video: 3894 text: 3147)
04/04 12:40:19 INFO OrOmerShelly.Coordinator|(publisher: wallmart popularity: 14337 video: 7427 text: 6911)
04/04 12:40:19 INFO OrOmerShelly.Coordinator|Day 1 : Simulation Status Received
04/04 12:40:19 WARNING OrOmerShelly.Coordinator|BidBundle is null!
04/04 12:40:19 INFO OrOmerShelly.Coordinator|Day 1 ended. Starting next day
04/04 12:40:29 INFO OrOmerShelly.Coordinator|Day 2 :BankStatus[-0.145800]
04/04 12:40:29 INFO OrOmerShelly.OOSAgent|UNKNOWN Message Received: (CampaignAuctionReport CampaignAuctionReportEntry [actualBid=2215.0, effectiveBid=2215.0] CampaignAuctionReportEntry [actualBid=2501.0, effectiveBid=2501.0] CampaignAuctionReportEntry [actualBid=2710.0, effectiveBid=2710.0] CampaignAuctionReportEntry [actualBid=2853.0, effectiveBid=2853.0] CampaignAuctionReportEntry [actualBid=3132.0, effectiveBid=3132.0] CampaignAuctionReportEntry [actualBid=3170.0, effectiveBid=3170.0] CampaignAuctionReportEntry [actualBid=3188.0, effectiveBid=3188.0])
04/04 12:40:29 INFO OrOmerShelly.Coordinator|Day 2: Updating campaign 29303802 stats: 0.0 tgtImps 0.0 nonTgtImps. Cost of imps is 0.0
04/04 12:40:29 SEVERE OrOmerShelly.OOSAgent|Exception thrown while trying to parse message.java.lang.NullPointerException
04/04 12:40:29 INFO OrOmerShelly.Coordinator|Day 2: Campaign opportunity - Campaign ID 4424329: day 4 to 6 [FEMALE, HIGH_INCOME], reach: 6250 coefs: (v=2.0, m=1.5)
04/04 12:40:29 INFO OrOmerShelly.Coordinator|Day 2: Campaign total budget bid: 1658.6248492959528
04/04 12:40:29 INFO OrOmerShelly.Coordinator|Day 2: Adjusting ucs bid: was 0.13887147670763664 level reported: 0.47829690000000014 target: 0.9 adjusted: 0.1882978310395723
04/04 12:40:29 SEVERE OrOmerShelly.OOSAgent|Exception thrown while trying to parse message.java.lang.NullPointerException
04/04 12:40:29 INFO OrOmerShelly.Coordinator|Day 2 : Simulation Status Received
04/04 12:40:29 WARNING OrOmerShelly.Coordinator|BidBundle is null!
04/04 12:40:29 INFO OrOmerShelly.Coordinator|Day 2 ended. Starting next day
04/04 12:40:35 INFO OrOmerShelly.Coordinator|Day 3 :BankStatus[-0.291600]
04/04 12:40:35 INFO OrOmerShelly.OOSAgent|UNKNOWN Message Received: (CampaignAuctionReport CampaignAuctionReportEntry [actualBid=1658.0, effectiveBid=1658.0] CampaignAuctionReportEntry [actualBid=2521.0, effectiveBid=2521.0] CampaignAuctionReportEntry [actualBid=2648.0, effectiveBid=2648.0] CampaignAuctionReportEntry [actualBid=2683.0, effectiveBid=2683.0] CampaignAuctionReportEntry [actualBid=2685.0, effectiveBid=2685.0] CampaignAuctionReportEntry [actualBid=2818.0, effectiveBid=2818.0])
04/04 12:40:35 INFO OrOmerShelly.Coordinator|Day 3: Updating campaign 29303802 stats: 0.0 tgtImps 0.0 nonTgtImps. Cost of imps is 0.0
04/04 12:40:35 SEVERE OrOmerShelly.OOSAgent|Exception thrown while trying to parse message.java.lang.NullPointerException
04/04 12:40:35 INFO OrOmerShelly.Coordinator|Day 3: Campaign opportunity - Campaign ID 31132189: day 5 to 7 [FEMALE, HIGH_INCOME], reach: 6250 coefs: (v=2.0, m=1.5)
04/04 12:40:35 INFO OrOmerShelly.Coordinator|Day 3: Campaign total budget bid: 1658.6248492959528
04/04 12:40:35 INFO OrOmerShelly.Coordinator|Day 3: Adjusting ucs bid: was 0.1882978310395723 level reported: 0.47829690000000014 target: 0.9 adjusted: 0.10285963419135458
04/04 12:40:35 SEVERE OrOmerShelly.OOSAgent|Exception thrown while trying to parse message.java.lang.NullPointerException
04/04 12:40:36 INFO OrOmerShelly.Coordinator|Day 3 : Simulation Status Received
04/04 12:40:36 WARNING OrOmerShelly.Coordinator|BidBundle is null!
04/04 12:40:36 INFO OrOmerShelly.Coordinator|Day 3 ended. Starting next day
04/04 12:40:45 INFO OrOmerShelly.Coordinator|Day 4 :BankStatus[-0.437400]
04/04 12:40:45 INFO OrOmerShelly.OOSAgent|UNKNOWN Message Received: (CampaignAuctionReport CampaignAuctionReportEntry [actualBid=1658.0, effectiveBid=1658.0] CampaignAuctionReportEntry [actualBid=2003.0, effectiveBid=2003.0] CampaignAuctionReportEntry [actualBid=2154.0, effectiveBid=2154.0] CampaignAuctionReportEntry [actualBid=2515.0, effectiveBid=2515.0] CampaignAuctionReportEntry [actualBid=2537.0, effectiveBid=2537.0] CampaignAuctionReportEntry [actualBid=3228.0, effectiveBid=3228.0])
04/04 12:40:45 INFO OrOmerShelly.Coordinator|Day 4: Updating campaign 29303802 stats: 0.0 tgtImps 0.0 nonTgtImps. Cost of imps is 0.0
04/04 12:40:45 SEVERE OrOmerShelly.OOSAgent|Exception thrown while trying to parse message.java.lang.NullPointerException
04/04 12:40:45 INFO OrOmerShelly.Coordinator|Day 4: Campaign opportunity - Campaign ID 17820789: day 6 to 10 [HIGH_INCOME, YOUNG], reach: 12500 coefs: (v=2.0, m=1.5)
04/04 12:40:45 INFO OrOmerShelly.Coordinator|Day 4: Campaign total budget bid: 2031.0192022133663
04/04 12:40:45 INFO OrOmerShelly.Coordinator|Day 4: Adjusting ucs bid: was 0.10285963419135458 level reported: 0.47829690000000014 target: 0.9 adjusted: 0.14623586079471476
04/04 12:40:45 SEVERE OrOmerShelly.OOSAgent|Exception thrown while trying to parse message.java.lang.NullPointerException
04/04 12:40:45 INFO OrOmerShelly.Coordinator|Day 4 : Simulation Status Received
04/04 12:40:45 WARNING OrOmerShelly.Coordinator|BidBundle is null!
04/04 12:40:45 INFO OrOmerShelly.Coordinator|Day 4 ended. Starting next day
04/04 12:40:56 INFO OrOmerShelly.Coordinator|Day 5 :BankStatus[-0.583200]
04/04 12:40:56 INFO OrOmerShelly.OOSAgent|UNKNOWN Message Received: (CampaignAuctionReport CampaignAuctionReportEntry [actualBid=2031.0, effectiveBid=2031.0] CampaignAuctionReportEntry [actualBid=2430.0, effectiveBid=2430.0] CampaignAuctionReportEntry [actualBid=2435.0, effectiveBid=2435.0])
04/04 12:40:56 SEVERE OrOmerShelly.OOSAgent|Exception thrown while trying to parse message.java.lang.NullPointerException
04/04 12:40:56 SEVERE OrOmerShelly.OOSAgent|Exception thrown while trying to parse message.java.lang.NullPointerException
04/04 12:40:56 INFO OrOmerShelly.Coordinator|Day 5: Campaign opportunity - Campaign ID 20347994: day 7 to 16 [LOW_INCOME, MALE], reach: 3750 coefs: (v=2.0, m=1.5)
04/04 12:40:56 INFO OrOmerShelly.Coordinator|Day 5: Campaign total budget bid: 299.4917715681986
04/04 12:40:56 INFO OrOmerShelly.Coordinator|Day 5: Adjusting ucs bid: was 0.14623586079471476 level reported: 0.47829690000000014 target: 0.9 adjusted: 0.14736542839054328
04/04 12:40:56 SEVERE OrOmerShelly.OOSAgent|Exception thrown while trying to parse message.java.lang.NullPointerException
04/04 12:40:57 INFO OrOmerShelly.Coordinator|Day 5 : Simulation Status Received
04/04 12:40:57 WARNING OrOmerShelly.Coordinator|BidBundle is null!
04/04 12:40:57 INFO OrOmerShelly.Coordinator|Day 5 ended. Starting next day
04/04 12:41:05 INFO OrOmerShelly.Coordinator|Day 6 :BankStatus[-0.729000]
04/04 12:41:05 INFO OrOmerShelly.OOSAgent|UNKNOWN Message Received: (CampaignAuctionReport CampaignAuctionReportEntry [actualBid=2186.0, effectiveBid=2186.0] CampaignAuctionReportEntry [actualBid=2628.0, effectiveBid=2628.0])
04/04 12:41:05 SEVERE OrOmerShelly.OOSAgent|Exception thrown while trying to parse message.java.lang.NullPointerException
04/04 12:41:05 SEVERE OrOmerShelly.OOSAgent|Exception thrown while trying to parse message.java.lang.NullPointerException
04/04 12:41:05 INFO OrOmerShelly.Coordinator|Day 6: Campaign opportunity - Campaign ID 22494080: day 8 to 17 [FEMALE, OLD], reach: 6250 coefs: (v=2.0, m=1.5)
04/04 12:41:05 INFO OrOmerShelly.Coordinator|Day 6: Campaign total budget bid: 490.2543379498153
04/04 12:41:05 INFO OrOmerShelly.Coordinator|Day 6: Adjusting ucs bid: was 0.14736542839054328 level reported: 0.47829690000000014 target: 0.9 adjusted: 0.14032566092026671
04/04 12:41:05 SEVERE OrOmerShelly.OOSAgent|Exception thrown while trying to parse message.java.lang.NullPointerException
04/04 12:41:05 INFO OrOmerShelly.Coordinator|Day 6 : Simulation Status Received
04/04 12:41:05 WARNING OrOmerShelly.Coordinator|BidBundle is null!
04/04 12:41:05 INFO OrOmerShelly.Coordinator|Day 6 ended. Starting next day
04/04 12:41:16 INFO OrOmerShelly.Coordinator|Day 7 :BankStatus[-0.874800]
04/04 12:41:16 INFO OrOmerShelly.OOSAgent|UNKNOWN Message Received: (CampaignAuctionReport CampaignAuctionReportEntry [actualBid=2392.0, effectiveBid=2398.202663859229] CampaignAuctionReportEntry [actualBid=2400.0, effectiveBid=2401.0941389957466])
04/04 12:41:16 SEVERE OrOmerShelly.OOSAgent|Exception thrown while trying to parse message.java.lang.NullPointerException
04/04 12:41:16 SEVERE OrOmerShelly.OOSAgent|Exception thrown while trying to parse message.java.lang.NullPointerException
04/04 12:41:16 INFO OrOmerShelly.Coordinator|Day 7: Campaign opportunity - Campaign ID 27674808: day 9 to 11 [HIGH_INCOME, YOUNG], reach: 3750 coefs: (v=2.0, m=1.5)
04/04 12:41:16 INFO OrOmerShelly.Coordinator|Day 7: Campaign total budget bid: 1015.5096011066831
04/04 12:41:16 INFO OrOmerShelly.Coordinator|Day 7: Adjusting ucs bid: was 0.14032566092026671 level reported: 0.47829690000000014 target: 0.9 adjusted: 0.17144889095858235
04/04 12:41:16 SEVERE OrOmerShelly.OOSAgent|Exception thrown while trying to parse message.java.lang.NullPointerException
04/04 12:41:17 INFO OrOmerShelly.Coordinator|Day 7 : Simulation Status Received
04/04 12:41:17 WARNING OrOmerShelly.Coordinator|BidBundle is null!
04/04 12:41:17 INFO OrOmerShelly.Coordinator|Day 7 ended. Starting next day
04/04 12:41:26 INFO OrOmerShelly.Coordinator|Day 8 :BankStatus[-1.020600]
04/04 12:41:26 INFO OrOmerShelly.OOSAgent|UNKNOWN Message Received: (CampaignAuctionReport CampaignAuctionReportEntry [actualBid=2140.0, effectiveBid=2145.5492059610156] CampaignAuctionReportEntry [actualBid=3245.0, effectiveBid=3246.479367100499])
04/04 12:41:26 SEVERE OrOmerShelly.OOSAgent|Exception thrown while trying to parse message.java.lang.NullPointerException
04/04 12:41:26 SEVERE OrOmerShelly.OOSAgent|Exception thrown while trying to parse message.java.lang.NullPointerException
04/04 12:41:26 INFO OrOmerShelly.Coordinator|Day 8: Campaign opportunity - Campaign ID 18804033: day 10 to 14 [LOW_INCOME, MALE], reach: 6250 coefs: (v=2.0, m=1.5)
04/04 12:41:26 INFO OrOmerShelly.Coordinator|Day 8: Campaign total budget bid: 998.3059052273287
04/04 12:41:26 INFO OrOmerShelly.Coordinator|Day 8: Adjusting ucs bid: was 0.17144889095858235 level reported: 0.47829690000000014 target: 0.9 adjusted: 0.1085261764359492
04/04 12:41:26 SEVERE OrOmerShelly.OOSAgent|Exception thrown while trying to parse message.java.lang.NullPointerException
04/04 12:41:26 INFO OrOmerShelly.Coordinator|Day 8 : Simulation Status Received
04/04 12:41:26 WARNING OrOmerShelly.Coordinator|BidBundle is null!
04/04 12:41:26 INFO OrOmerShelly.Coordinator|Day 8 ended. Starting next day
04/04 12:41:37 INFO OrOmerShelly.Coordinator|Day 9 :BankStatus[-1.166400]
04/04 12:41:37 INFO OrOmerShelly.OOSAgent|UNKNOWN Message Received: (CampaignAuctionReport CampaignAuctionReportEntry [actualBid=2375.0, effectiveBid=2381.1585813819684] CampaignAuctionReportEntry [actualBid=2583.0, effectiveBid=2584.1775670941724])
04/04 12:41:37 SEVERE OrOmerShelly.OOSAgent|Exception thrown while trying to parse message.java.lang.NullPointerException
04/04 12:41:37 SEVERE OrOmerShelly.OOSAgent|Exception thrown while trying to parse message.java.lang.NullPointerException
04/04 12:41:37 INFO OrOmerShelly.Coordinator|Day 9: Campaign opportunity - Campaign ID 6704787: day 11 to 20 [HIGH_INCOME, MALE], reach: 3750 coefs: (v=2.0, m=1.5)
04/04 12:41:37 INFO OrOmerShelly.Coordinator|Day 9: Campaign total budget bid: 304.02915414849934
04/04 12:41:37 INFO OrOmerShelly.Coordinator|Day 9: Adjusting ucs bid: was 0.1085261764359492 level reported: 0.47829690000000014 target: 0.9 adjusted: 0.10638305000222131
04/04 12:41:37 SEVERE OrOmerShelly.OOSAgent|Exception thrown while trying to parse message.java.lang.NullPointerException
04/04 12:41:37 INFO OrOmerShelly.Coordinator|Day 9 : Simulation Status Received
04/04 12:41:37 WARNING OrOmerShelly.Coordinator|BidBundle is null!
04/04 12:41:37 INFO OrOmerShelly.Coordinator|Day 9 ended. Starting next day
04/04 12:41:46 INFO OrOmerShelly.Coordinator|Day 10 :BankStatus[-1.312200]
04/04 12:41:46 INFO OrOmerShelly.OOSAgent|UNKNOWN Message Received: (CampaignAuctionReport CampaignAuctionReportEntry [actualBid=2518.0, effectiveBid=2524.529392808335] CampaignAuctionReportEntry [actualBid=3203.0, effectiveBid=3204.4602196680735])
04/04 12:41:46 SEVERE OrOmerShelly.OOSAgent|Exception thrown while trying to parse message.java.lang.NullPointerException
04/04 12:41:46 SEVERE OrOmerShelly.OOSAgent|Exception thrown while trying to parse message.java.lang.NullPointerException
04/04 12:41:46 INFO OrOmerShelly.Coordinator|Day 10: Campaign opportunity - Campaign ID 22554380: day 12 to 14 [HIGH_INCOME, OLD], reach: 3750 coefs: (v=2.0, m=1.5)
04/04 12:41:46 INFO OrOmerShelly.Coordinator|Day 10: Campaign total budget bid: 993.178169817654
04/04 12:41:46 INFO OrOmerShelly.Coordinator|Day 10: Adjusting ucs bid: was 0.10638305000222131 level reported: 0.47829690000000014 target: 0.9 adjusted: 0.14953417355525528
04/04 12:41:46 SEVERE OrOmerShelly.OOSAgent|Exception thrown while trying to parse message.java.lang.NullPointerException
04/04 12:41:47 INFO OrOmerShelly.Coordinator|Day 10 : Simulation Status Received
04/04 12:41:47 WARNING OrOmerShelly.Coordinator|BidBundle is null!
04/04 12:41:47 INFO OrOmerShelly.Coordinator|Day 10 ended. Starting next day
04/04 12:41:57 INFO OrOmerShelly.Coordinator|Day 11 :BankStatus[-1.458000]
04/04 12:41:57 INFO OrOmerShelly.OOSAgent|UNKNOWN Message Received: (CampaignAuctionReport CampaignAuctionReportEntry [actualBid=2414.0, effectiveBid=2415.1005214732218] CampaignAuctionReportEntry [actualBid=2540.0, effectiveBid=2546.5864407200843])
04/04 12:41:57 SEVERE OrOmerShelly.OOSAgent|Exception thrown while trying to parse message.java.lang.NullPointerException
04/04 12:41:57 SEVERE OrOmerShelly.OOSAgent|Exception thrown while trying to parse message.java.lang.NullPointerException
04/04 12:41:57 INFO OrOmerShelly.Coordinator|Day 11: Campaign opportunity - Campaign ID 14205366: day 13 to 17 [FEMALE, HIGH_INCOME], reach: 12500 coefs: (v=2.0, m=1.5)
04/04 12:41:57 INFO OrOmerShelly.Coordinator|Day 11: Campaign total budget bid: 1990.3498191551432
04/04 12:41:57 INFO OrOmerShelly.Coordinator|Day 11: Adjusting ucs bid: was 0.14953417355525528 level reported: 0.47829690000000014 target: 0.9 adjusted: 0.12917185675692455
04/04 12:41:57 SEVERE OrOmerShelly.OOSAgent|Exception thrown while trying to parse message.java.lang.NullPointerException
04/04 12:41:57 INFO OrOmerShelly.Coordinator|Day 11 : Simulation Status Received
04/04 12:41:57 WARNING OrOmerShelly.Coordinator|BidBundle is null!
04/04 12:41:57 INFO OrOmerShelly.Coordinator|Day 11 ended. Starting next day
04/04 12:42:08 INFO OrOmerShelly.Coordinator|Day 12 :BankStatus[-1.603800]
04/04 12:42:08 INFO OrOmerShelly.OOSAgent|UNKNOWN Message Received: (CampaignAuctionReport CampaignAuctionReportEntry [actualBid=2291.0, effectiveBid=2296.940762082564] CampaignAuctionReportEntry [actualBid=2856.0, effectiveBid=2857.3020254049384])
04/04 12:42:08 SEVERE OrOmerShelly.OOSAgent|Exception thrown while trying to parse message.java.lang.NullPointerException
04/04 12:42:08 INFO OrOmerShelly.Coordinator|Day 12: Campaign opportunity - Campaign ID 13979122: day 14 to 23 [FEMALE, HIGH_INCOME], reach: 3750 coefs: (v=2.0, m=1.5)
04/04 12:42:08 INFO OrOmerShelly.Coordinator|Day 12: Campaign total budget bid: 298.5524728732715
04/04 12:42:08 INFO OrOmerShelly.Coordinator|Day 12: Adjusting ucs bid: was 0.12917185675692455 level reported: 0.47829690000000014 target: 0.9 adjusted: 0.14738707210395308
04/04 12:42:08 SEVERE OrOmerShelly.OOSAgent|Exception thrown while trying to parse message.java.lang.NullPointerException
04/04 12:42:08 INFO OrOmerShelly.Coordinator|Day 12 : Simulation Status Received
04/04 12:42:08 WARNING OrOmerShelly.Coordinator|BidBundle is null!
04/04 12:42:08 INFO OrOmerShelly.Coordinator|Day 12 ended. Starting next day
04/04 12:42:18 INFO OrOmerShelly.Coordinator|Day 13 :BankStatus[-1.749600]
04/04 12:42:18 INFO OrOmerShelly.OOSAgent|UNKNOWN Message Received: (CampaignAuctionReport CampaignAuctionReportEntry [actualBid=2034.0, effectiveBid=2042.8189436016564])
04/04 12:42:18 SEVERE OrOmerShelly.OOSAgent|Exception thrown while trying to parse message.java.lang.NullPointerException
04/04 12:42:18 INFO OrOmerShelly.Coordinator|Day 13: Campaign opportunity - Campaign ID 31624345: day 15 to 24 [LOW_INCOME, OLD], reach: 3750 coefs: (v=2.0, m=1.5)
04/04 12:42:18 INFO OrOmerShelly.Coordinator|Day 13: Campaign total budget bid: 299.1539080277109
04/04 12:42:18 INFO OrOmerShelly.Coordinator|Day 13: Adjusting ucs bid: was 0.14738707210395308 level reported: 0.47829690000000014 target: 0.9 adjusted: 0.15748950733400044
04/04 12:42:18 SEVERE OrOmerShelly.OOSAgent|Exception thrown while trying to parse message.java.lang.NullPointerException
04/04 12:42:19 INFO OrOmerShelly.Coordinator|Day 13 : Simulation Status Received
04/04 12:42:19 WARNING OrOmerShelly.Coordinator|BidBundle is null!
04/04 12:42:19 INFO OrOmerShelly.Coordinator|Day 13 ended. Starting next day
04/04 12:42:31 INFO OrOmerShelly.Coordinator|Day 14 :BankStatus[-1.895400]
04/04 12:42:31 INFO OrOmerShelly.OOSAgent|UNKNOWN Message Received: (CampaignAuctionReport CampaignAuctionReportEntry [actualBid=2187.0, effectiveBid=2196.482315465498] CampaignAuctionReportEntry [actualBid=2228.0, effectiveBid=1700.7916388509157])
04/04 12:42:31 SEVERE OrOmerShelly.OOSAgent|Exception thrown while trying to parse message.java.lang.NullPointerException
04/04 12:42:31 INFO OrOmerShelly.Coordinator|Day 14: Campaign opportunity - Campaign ID 29573024: day 16 to 18 [YOUNG, MALE], reach: 3750 coefs: (v=2.0, m=1.5)
04/04 12:42:31 INFO OrOmerShelly.Coordinator|Day 14: Campaign total budget bid: 1001.3756273510156
04/04 12:42:31 INFO OrOmerShelly.Coordinator|Day 14: Adjusting ucs bid: was 0.15748950733400044 level reported: 0.47829690000000014 target: 0.9 adjusted: 0.1380768167163197
04/04 12:42:37 SEVERE OrOmerShelly.OOSAgent|Exception thrown while trying to parse message.java.lang.NullPointerException
04/04 12:42:37 INFO OrOmerShelly.Coordinator|Day 14 : Simulation Status Received
04/04 12:42:37 WARNING OrOmerShelly.Coordinator|BidBundle is null!
04/04 12:42:37 INFO OrOmerShelly.Coordinator|Day 14 ended. Starting next day
04/04 12:42:38 INFO OrOmerShelly.Coordinator|Day 15 :BankStatus[-2.041200]
04/04 12:42:38 SEVERE OrOmerShelly.OOSAgent|Exception thrown while trying to parse message.java.lang.NullPointerException
04/04 12:42:38 INFO OrOmerShelly.Coordinator|Day 15: Campaign opportunity - Campaign ID 30950508: day 17 to 19 [YOUNG, MALE], reach: 6250 coefs: (v=2.0, m=1.5)
04/04 12:42:38 INFO OrOmerShelly.Coordinator|Day 15: Campaign total budget bid: 1668.9593789183596
04/04 12:42:38 INFO OrOmerShelly.Coordinator|Day 15: Adjusting ucs bid: was 0.1380768167163197 level reported: 0.47829690000000014 target: 0.9 adjusted: 0.11629782924115951
04/04 12:42:38 SEVERE OrOmerShelly.OOSAgent|Exception thrown while trying to parse message.java.lang.NullPointerException
04/04 12:42:38 INFO OrOmerShelly.Coordinator|Day 15 : Simulation Status Received
04/04 12:42:38 WARNING OrOmerShelly.Coordinator|BidBundle is null!
04/04 12:42:38 INFO OrOmerShelly.Coordinator|Day 15 ended. Starting next day
04/04 12:42:47 INFO OrOmerShelly.Coordinator|Day 16 :BankStatus[-2.187000]
04/04 12:42:47 INFO OrOmerShelly.OOSAgent|UNKNOWN Message Received: (CampaignAuctionReport CampaignAuctionReportEntry [actualBid=2251.0, effectiveBid=904.3039217398876])
04/04 12:42:47 SEVERE OrOmerShelly.OOSAgent|Exception thrown while trying to parse message.java.lang.NullPointerException
04/04 12:42:47 INFO OrOmerShelly.Coordinator|Day 16: Campaign opportunity - Campaign ID 26699788: day 18 to 22 [HIGH_INCOME, YOUNG], reach: 3750 coefs: (v=2.0, m=1.5)
04/04 12:42:47 INFO OrOmerShelly.Coordinator|Day 16: Campaign total budget bid: 609.3057606640099
04/04 12:42:47 INFO OrOmerShelly.Coordinator|Day 16: Adjusting ucs bid: was 0.11629782924115951 level reported: 0.47829690000000014 target: 0.9 adjusted: 0.1626712742318394
04/04 12:42:47 SEVERE OrOmerShelly.OOSAgent|Exception thrown while trying to parse message.java.lang.NullPointerException
04/04 12:42:47 INFO OrOmerShelly.Coordinator|Day 16 : Simulation Status Received
04/04 12:42:47 WARNING OrOmerShelly.Coordinator|BidBundle is null!
04/04 12:42:47 INFO OrOmerShelly.Coordinator|Day 16 ended. Starting next day
04/04 12:42:58 INFO OrOmerShelly.Coordinator|Day 17 :BankStatus[-2.332800]
04/04 12:42:58 SEVERE OrOmerShelly.OOSAgent|Exception thrown while trying to parse message.java.lang.NullPointerException
04/04 12:42:58 INFO OrOmerShelly.Coordinator|Day 17: Campaign opportunity - Campaign ID 24911584: day 19 to 21 [FEMALE, HIGH_INCOME], reach: 3750 coefs: (v=2.0, m=1.5)
04/04 12:42:58 INFO OrOmerShelly.Coordinator|Day 17: Campaign total budget bid: 995.1749095775716
04/04 12:42:58 INFO OrOmerShelly.Coordinator|Day 17: Adjusting ucs bid: was 0.1626712742318394 level reported: 0.47829690000000014 target: 0.9 adjusted: 0.17256035265595668
04/04 12:42:58 SEVERE OrOmerShelly.OOSAgent|Exception thrown while trying to parse message.java.lang.NullPointerException
04/04 12:42:59 INFO OrOmerShelly.Coordinator|Day 17 : Simulation Status Received
04/04 12:42:59 WARNING OrOmerShelly.Coordinator|BidBundle is null!
04/04 12:42:59 INFO OrOmerShelly.Coordinator|Day 17 ended. Starting next day
04/04 12:43:05 INFO OrOmerShelly.Coordinator|Day 18 :BankStatus[-2.478600]
04/04 12:43:05 INFO OrOmerShelly.OOSAgent|UNKNOWN Message Received: (CampaignAuctionReport CampaignAuctionReportEntry [actualBid=2793.0, effectiveBid=2125.8908703903744])
04/04 12:43:05 SEVERE OrOmerShelly.OOSAgent|Exception thrown while trying to parse message.java.lang.NullPointerException
04/04 12:43:05 INFO OrOmerShelly.Coordinator|Day 18: Campaign opportunity - Campaign ID 20905726: day 20 to 22 [YOUNG, MALE], reach: 3750 coefs: (v=2.0, m=1.5)
04/04 12:43:05 INFO OrOmerShelly.Coordinator|Day 18: Campaign total budget bid: 1001.3756273510156
04/04 12:43:05 INFO OrOmerShelly.Coordinator|Day 18: Adjusting ucs bid: was 0.17256035265595668 level reported: 0.47829690000000014 target: 0.9 adjusted: 0.13244943013603389
04/04 12:43:05 SEVERE OrOmerShelly.OOSAgent|Exception thrown while trying to parse message.java.lang.NullPointerException
04/04 12:43:05 INFO OrOmerShelly.Coordinator|Day 18 : Simulation Status Received
04/04 12:43:05 WARNING OrOmerShelly.Coordinator|BidBundle is null!
04/04 12:43:05 INFO OrOmerShelly.Coordinator|Day 18 ended. Starting next day
04/04 12:43:17 INFO OrOmerShelly.Coordinator|Day 19 :BankStatus[-2.624400]
04/04 12:43:17 INFO OrOmerShelly.OOSAgent|UNKNOWN Message Received: (CampaignAuctionReport CampaignAuctionReportEntry [actualBid=2167.0, effectiveBid=1565.0937103133379])
04/04 12:43:17 SEVERE OrOmerShelly.OOSAgent|Exception thrown while trying to parse message.java.lang.NullPointerException
04/04 12:43:17 INFO OrOmerShelly.Coordinator|Day 19: Campaign opportunity - Campaign ID 16567573: day 21 to 23 [YOUNG, MALE], reach: 3750 coefs: (v=2.0, m=1.5)
04/04 12:43:17 INFO OrOmerShelly.Coordinator|Day 19: Campaign total budget bid: 1001.3756273510156
04/04 12:43:17 INFO OrOmerShelly.Coordinator|Day 19: Adjusting ucs bid: was 0.13244943013603389 level reported: 0.47829690000000014 target: 0.9 adjusted: 0.18830376541763277
04/04 12:43:17 SEVERE OrOmerShelly.OOSAgent|Exception thrown while trying to parse message.java.lang.NullPointerException
04/04 12:43:18 INFO OrOmerShelly.Coordinator|Day 19 : Simulation Status Received
04/04 12:43:18 WARNING OrOmerShelly.Coordinator|BidBundle is null!
04/04 12:43:18 INFO OrOmerShelly.Coordinator|Day 19 ended. Starting next day
04/04 12:43:28 INFO OrOmerShelly.Coordinator|Day 20 :BankStatus[-2.770200]
04/04 12:43:28 SEVERE OrOmerShelly.OOSAgent|Exception thrown while trying to parse message.java.lang.NullPointerException
04/04 12:43:28 INFO OrOmerShelly.Coordinator|Day 20: Campaign opportunity - Campaign ID 8243857: day 22 to 24 [FEMALE, OLD], reach: 3750 coefs: (v=2.0, m=1.5)
04/04 12:43:28 INFO OrOmerShelly.Coordinator|Day 20: Campaign total budget bid: 980.5086758996306
04/04 12:43:28 INFO OrOmerShelly.Coordinator|Day 20: Adjusting ucs bid: was 0.18830376541763277 level reported: 0.47829690000000014 target: 0.9 adjusted: 0.103630019601192
04/04 12:43:28 SEVERE OrOmerShelly.OOSAgent|Exception thrown while trying to parse message.java.lang.NullPointerException
04/04 12:43:29 INFO OrOmerShelly.Coordinator|Day 20 : Simulation Status Received
04/04 12:43:29 WARNING OrOmerShelly.Coordinator|BidBundle is null!
04/04 12:43:29 INFO OrOmerShelly.Coordinator|Day 20 ended. Starting next day
04/04 12:43:39 INFO OrOmerShelly.Coordinator|Day 21 :BankStatus[-2.916000]
04/04 12:43:39 INFO OrOmerShelly.OOSAgent|UNKNOWN Message Received: (CampaignAuctionReport CampaignAuctionReportEntry [actualBid=2043.0, effectiveBid=1816.0647833038454])
04/04 12:43:39 SEVERE OrOmerShelly.OOSAgent|Exception thrown while trying to parse message.java.lang.NullPointerException
04/04 12:43:39 INFO OrOmerShelly.Coordinator|Day 21: Campaign opportunity - Campaign ID 5060817: day 23 to 32 [FEMALE, YOUNG], reach: 6250 coefs: (v=2.0, m=1.5)
04/04 12:43:39 INFO OrOmerShelly.Coordinator|Day 21: Campaign total budget bid: 504.19654481610286
04/04 12:43:39 INFO OrOmerShelly.Coordinator|Day 21: Adjusting ucs bid: was 0.103630019601192 level reported: 0.47829690000000014 target: 0.9 adjusted: 0.1466306487165555
04/04 12:43:39 SEVERE OrOmerShelly.OOSAgent|Exception thrown while trying to parse message.java.lang.NullPointerException
04/04 12:43:40 INFO OrOmerShelly.Coordinator|Day 21 : Simulation Status Received
04/04 12:43:40 WARNING OrOmerShelly.Coordinator|BidBundle is null!
04/04 12:43:40 INFO OrOmerShelly.Coordinator|Day 21 ended. Starting next day
04/04 12:43:45 INFO OrOmerShelly.Coordinator|Day 22 :BankStatus[-3.061800]
04/04 12:43:45 INFO OrOmerShelly.OOSAgent|UNKNOWN Message Received: (CampaignAuctionReport CampaignAuctionReportEntry [actualBid=2323.0, effectiveBid=2222.507077617802])
04/04 12:43:45 SEVERE OrOmerShelly.OOSAgent|Exception thrown while trying to parse message.java.lang.NullPointerException
04/04 12:43:45 INFO OrOmerShelly.Coordinator|Day 22: Campaign opportunity - Campaign ID 5960829: day 24 to 33 [LOW_INCOME, MALE], reach: 3750 coefs: (v=2.0, m=1.5)
04/04 12:43:45 INFO OrOmerShelly.Coordinator|Day 22: Campaign total budget bid: 299.4917715681986
04/04 12:43:45 INFO OrOmerShelly.Coordinator|Day 22: Adjusting ucs bid: was 0.1466306487165555 level reported: 0.47829690000000014 target: 0.9 adjusted: 0.12513048201309165
04/04 12:43:45 SEVERE OrOmerShelly.OOSAgent|Exception thrown while trying to parse message.java.lang.NullPointerException
04/04 12:43:45 INFO OrOmerShelly.Coordinator|Day 22 : Simulation Status Received
04/04 12:43:45 WARNING OrOmerShelly.Coordinator|BidBundle is null!
04/04 12:43:45 INFO OrOmerShelly.Coordinator|Day 22 ended. Starting next day
04/04 12:43:56 INFO OrOmerShelly.Coordinator|Day 23 :BankStatus[-3.207600]
04/04 12:43:56 INFO OrOmerShelly.OOSAgent|UNKNOWN Message Received: (CampaignAuctionReport CampaignAuctionReportEntry [actualBid=3292.0, effectiveBid=3238.8927818418033])
04/04 12:43:56 SEVERE OrOmerShelly.OOSAgent|Exception thrown while trying to parse message.java.lang.NullPointerException
04/04 12:43:56 INFO OrOmerShelly.Coordinator|Day 23: Campaign opportunity - Campaign ID 13687068: day 25 to 29 [OLD, MALE], reach: 6250 coefs: (v=2.0, m=1.5)
04/04 12:43:56 INFO OrOmerShelly.Coordinator|Day 23: Campaign total budget bid: 1010.2865542271022
04/04 12:43:56 INFO OrOmerShelly.Coordinator|Day 23: Adjusting ucs bid: was 0.12513048201309165 level reported: 0.47829690000000014 target: 0.9 adjusted: 0.1778983941825066
04/04 12:43:56 SEVERE OrOmerShelly.OOSAgent|Exception thrown while trying to parse message.java.lang.NullPointerException
04/04 12:43:56 INFO OrOmerShelly.Coordinator|Day 23 : Simulation Status Received
04/04 12:43:56 WARNING OrOmerShelly.Coordinator|BidBundle is null!
04/04 12:43:56 INFO OrOmerShelly.Coordinator|Day 23 ended. Starting next day
04/04 12:44:07 INFO OrOmerShelly.Coordinator|Day 24 :BankStatus[-3.353400]
04/04 12:44:07 INFO OrOmerShelly.OOSAgent|UNKNOWN Message Received: (CampaignAuctionReport CampaignAuctionReportEntry [actualBid=2211.0, effectiveBid=2199.323495366953])
04/04 12:44:07 SEVERE OrOmerShelly.OOSAgent|Exception thrown while trying to parse message.java.lang.NullPointerException
04/04 12:44:07 INFO OrOmerShelly.Coordinator|Day 24: Campaign opportunity - Campaign ID 29694798: day 26 to 28 [LOW_INCOME, MALE], reach: 3750 coefs: (v=2.0, m=1.5)
04/04 12:44:07 INFO OrOmerShelly.Coordinator|Day 24: Campaign total budget bid: 998.3059052273287
04/04 12:44:07 INFO OrOmerShelly.Coordinator|Day 24: Adjusting ucs bid: was 0.1778983941825066 level reported: 0.47829690000000014 target: 0.9 adjusted: 0.19226985841088956
04/04 12:44:07 SEVERE OrOmerShelly.OOSAgent|Exception thrown while trying to parse message.java.lang.NullPointerException
04/04 12:44:07 INFO OrOmerShelly.Coordinator|Day 24 : Simulation Status Received
04/04 12:44:07 WARNING OrOmerShelly.Coordinator|BidBundle is null!
04/04 12:44:07 INFO OrOmerShelly.Coordinator|Day 24 ended. Starting next day
04/04 12:44:17 INFO OrOmerShelly.Coordinator|Day 25 :BankStatus[-3.499200]
04/04 12:44:17 SEVERE OrOmerShelly.OOSAgent|Exception thrown while trying to parse message.java.lang.NullPointerException
04/04 12:44:17 INFO OrOmerShelly.Coordinator|Day 25: Campaign opportunity - Campaign ID 25216494: day 27 to 31 [YOUNG, MALE], reach: 12500 coefs: (v=2.0, m=1.5)
04/04 12:44:17 INFO OrOmerShelly.Coordinator|Day 25: Campaign total budget bid: 2002.7512547020312
04/04 12:44:17 INFO OrOmerShelly.Coordinator|Day 25: Adjusting ucs bid: was 0.19226985841088956 level reported: 0.47829690000000014 target: 0.9 adjusted: 0.14637542652246327
04/04 12:44:17 SEVERE OrOmerShelly.OOSAgent|Exception thrown while trying to parse message.java.lang.NullPointerException
04/04 12:44:18 INFO OrOmerShelly.Coordinator|Day 25 : Simulation Status Received
04/04 12:44:18 WARNING OrOmerShelly.Coordinator|BidBundle is null!
04/04 12:44:18 INFO OrOmerShelly.Coordinator|Day 25 ended. Starting next day
04/04 12:44:25 INFO OrOmerShelly.Coordinator|Day 26 :BankStatus[-3.645000]
04/04 12:44:25 SEVERE OrOmerShelly.OOSAgent|Exception thrown while trying to parse message.java.lang.NullPointerException
04/04 12:44:25 INFO OrOmerShelly.Coordinator|Day 26: Campaign opportunity - Campaign ID 20028276: day 28 to 32 [LOW_INCOME, OLD], reach: 12500 coefs: (v=2.0, m=1.5)
04/04 12:44:25 INFO OrOmerShelly.Coordinator|Day 26: Campaign total budget bid: 1994.3593868514058
04/04 12:44:25 INFO OrOmerShelly.Coordinator|Day 26: Adjusting ucs bid: was 0.14637542652246327 level reported: 0.47829690000000014 target: 0.9 adjusted: 0.1937729888610751
04/04 12:44:25 SEVERE OrOmerShelly.OOSAgent|Exception thrown while trying to parse message.java.lang.NullPointerException
04/04 12:44:26 INFO OrOmerShelly.Coordinator|Day 26 : Simulation Status Received
04/04 12:44:26 WARNING OrOmerShelly.Coordinator|BidBundle is null!
04/04 12:44:26 INFO OrOmerShelly.Coordinator|Day 26 ended. Starting next day
04/04 12:44:37 INFO OrOmerShelly.Coordinator|Day 27 :BankStatus[-3.790800]
04/04 12:44:37 SEVERE OrOmerShelly.OOSAgent|Exception thrown while trying to parse message.java.lang.NullPointerException
04/04 12:44:37 INFO OrOmerShelly.Coordinator|Day 27: Campaign opportunity - Campaign ID 3379044: day 29 to 31 [LOW_INCOME, YOUNG], reach: 3750 coefs: (v=2.0, m=1.5)
04/04 12:44:37 INFO OrOmerShelly.Coordinator|Day 27: Campaign total budget bid: 994.4551590888511
04/04 12:44:37 INFO OrOmerShelly.Coordinator|Day 27: Adjusting ucs bid: was 0.1937729888610751 level reported: 0.47829690000000014 target: 0.9 adjusted: 0.11786943300641595
04/04 12:44:37 SEVERE OrOmerShelly.OOSAgent|Exception thrown while trying to parse message.java.lang.NullPointerException
04/04 12:44:38 INFO OrOmerShelly.Coordinator|Day 27 : Simulation Status Received
04/04 12:44:38 WARNING OrOmerShelly.Coordinator|BidBundle is null!
04/04 12:44:38 INFO OrOmerShelly.Coordinator|Day 27 ended. Starting next day
04/04 12:44:48 INFO OrOmerShelly.Coordinator|Day 28 :BankStatus[-3.936600]
04/04 12:44:48 SEVERE OrOmerShelly.OOSAgent|Exception thrown while trying to parse message.java.lang.NullPointerException
04/04 12:44:48 INFO OrOmerShelly.Coordinator|Day 28: Campaign opportunity - Campaign ID 16153089: day 30 to 39 [FEMALE, OLD], reach: 3750 coefs: (v=2.0, m=1.5)
04/04 12:44:48 INFO OrOmerShelly.Coordinator|Day 28: Campaign total budget bid: 294.1526027698892
04/04 12:44:48 INFO OrOmerShelly.Coordinator|Day 28: Adjusting ucs bid: was 0.11786943300641595 level reported: 0.47829690000000014 target: 0.9 adjusted: 0.1367542984120226
04/04 12:44:48 SEVERE OrOmerShelly.OOSAgent|Exception thrown while trying to parse message.java.lang.NullPointerException
04/04 12:44:49 INFO OrOmerShelly.Coordinator|Day 28 : Simulation Status Received
04/04 12:44:49 WARNING OrOmerShelly.Coordinator|BidBundle is null!
04/04 12:44:49 INFO OrOmerShelly.Coordinator|Day 28 ended. Starting next day
04/04 12:44:58 INFO OrOmerShelly.Coordinator|Day 29 :BankStatus[-4.082400]
04/04 12:44:58 SEVERE OrOmerShelly.OOSAgent|Exception thrown while trying to parse message.java.lang.NullPointerException
04/04 12:44:58 INFO OrOmerShelly.Coordinator|Day 29: Campaign opportunity - Campaign ID 10068585: day 31 to 40 [LOW_INCOME, OLD], reach: 6250 coefs: (v=2.0, m=1.5)
04/04 12:44:58 INFO OrOmerShelly.Coordinator|Day 29: Campaign total budget bid: 498.58984671285145
04/04 12:44:58 INFO OrOmerShelly.Coordinator|Day 29: Adjusting ucs bid: was 0.1367542984120226 level reported: 0.47829690000000014 target: 0.9 adjusted: 0.19420502941241297
04/04 12:44:58 SEVERE OrOmerShelly.OOSAgent|Exception thrown while trying to parse message.java.lang.NullPointerException
04/04 12:44:58 INFO OrOmerShelly.Coordinator|Day 29 : Simulation Status Received
04/04 12:44:58 WARNING OrOmerShelly.Coordinator|BidBundle is null!
04/04 12:44:58 INFO OrOmerShelly.Coordinator|Day 29 ended. Starting next day
04/04 12:45:05 INFO OrOmerShelly.Coordinator|Day 30 :BankStatus[-4.228200]
04/04 12:45:05 SEVERE OrOmerShelly.OOSAgent|Exception thrown while trying to parse message.java.lang.NullPointerException
04/04 12:45:05 INFO OrOmerShelly.Coordinator|Day 30: Campaign opportunity - Campaign ID 22082284: day 32 to 36 [YOUNG, MALE], reach: 12500 coefs: (v=2.0, m=1.5)
04/04 12:45:05 INFO OrOmerShelly.Coordinator|Day 30: Campaign total budget bid: 2002.7512547020312
04/04 12:45:05 INFO OrOmerShelly.Coordinator|Day 30: Adjusting ucs bid: was 0.19420502941241297 level reported: 0.47829690000000014 target: 0.9 adjusted: 0.13403025309862054
04/04 12:45:05 SEVERE OrOmerShelly.OOSAgent|Exception thrown while trying to parse message.java.lang.NullPointerException
04/04 12:45:06 INFO OrOmerShelly.Coordinator|Day 30 : Simulation Status Received
04/04 12:45:06 WARNING OrOmerShelly.Coordinator|BidBundle is null!
04/04 12:45:06 INFO OrOmerShelly.Coordinator|Day 30 ended. Starting next day
04/04 12:45:15 INFO OrOmerShelly.Coordinator|Day 31 :BankStatus[-4.374000]
04/04 12:45:15 INFO OrOmerShelly.OOSAgent|UNKNOWN Message Received: (CampaignAuctionReport CampaignAuctionReportEntry [actualBid=2327.0, effectiveBid=1455.5139988866754])
04/04 12:45:15 SEVERE OrOmerShelly.OOSAgent|Exception thrown while trying to parse message.java.lang.NullPointerException
04/04 12:45:15 INFO OrOmerShelly.Coordinator|Day 31: Campaign opportunity - Campaign ID 26498172: day 33 to 37 [OLD, MALE], reach: 3750 coefs: (v=2.0, m=1.5)
04/04 12:45:15 INFO OrOmerShelly.Coordinator|Day 31: Campaign total budget bid: 606.1719325362614
04/04 12:45:15 INFO OrOmerShelly.Coordinator|Day 31: Adjusting ucs bid: was 0.13403025309862054 level reported: 0.47829690000000014 target: 0.9 adjusted: 0.1905512263240934
04/04 12:45:15 SEVERE OrOmerShelly.OOSAgent|Exception thrown while trying to parse message.java.lang.NullPointerException
04/04 12:45:16 INFO OrOmerShelly.Coordinator|Day 31 : Simulation Status Received
04/04 12:45:16 WARNING OrOmerShelly.Coordinator|BidBundle is null!
04/04 12:45:16 INFO OrOmerShelly.Coordinator|Day 31 ended. Starting next day
04/04 12:45:30 INFO OrOmerShelly.Coordinator|Day 32 :BankStatus[-4.519800]
04/04 12:45:30 SEVERE OrOmerShelly.OOSAgent|Exception thrown while trying to parse message.java.lang.NullPointerException
04/04 12:45:30 INFO OrOmerShelly.Coordinator|Day 32: Campaign opportunity - Campaign ID 15665743: day 34 to 38 [LOW_INCOME, OLD], reach: 3750 coefs: (v=2.0, m=1.5)
04/04 12:45:30 INFO OrOmerShelly.Coordinator|Day 32: Campaign total budget bid: 598.3078160554218
04/04 12:45:30 INFO OrOmerShelly.Coordinator|Day 32: Adjusting ucs bid: was 0.1905512263240934 level reported: 0.47829690000000014 target: 0.9 adjusted: 0.12616538411190556
04/04 12:45:37 SEVERE OrOmerShelly.OOSAgent|Exception thrown while trying to parse message.java.lang.NullPointerException
04/04 12:45:37 INFO OrOmerShelly.Coordinator|Day 32 : Simulation Status Received
04/04 12:45:37 WARNING OrOmerShelly.Coordinator|BidBundle is null!
04/04 12:45:37 INFO OrOmerShelly.Coordinator|Day 32 ended. Starting next day
04/04 12:45:38 INFO OrOmerShelly.Coordinator|Day 33 :BankStatus[-4.665600]
04/04 12:45:38 SEVERE OrOmerShelly.OOSAgent|Exception thrown while trying to parse message.java.lang.NullPointerException
04/04 12:45:38 INFO OrOmerShelly.Coordinator|Day 33: Campaign opportunity - Campaign ID 15709027: day 35 to 39 [LOW_INCOME, YOUNG], reach: 12500 coefs: (v=2.0, m=1.5)
04/04 12:45:38 INFO OrOmerShelly.Coordinator|Day 33: Campaign total budget bid: 1988.9103181777023
04/04 12:45:38 INFO OrOmerShelly.Coordinator|Day 33: Adjusting ucs bid: was 0.12616538411190556 level reported: 0.47829690000000014 target: 0.9 adjusted: 0.1766502485055398
04/04 12:45:38 SEVERE OrOmerShelly.OOSAgent|Exception thrown while trying to parse message.java.lang.NullPointerException
04/04 12:45:38 INFO OrOmerShelly.Coordinator|Day 33 : Simulation Status Received
04/04 12:45:38 WARNING OrOmerShelly.Coordinator|BidBundle is null!
04/04 12:45:38 INFO OrOmerShelly.Coordinator|Day 33 ended. Starting next day
04/04 12:45:47 INFO OrOmerShelly.Coordinator|Day 34 :BankStatus[-4.811400]
04/04 12:45:47 INFO OrOmerShelly.OOSAgent|UNKNOWN Message Received: (CampaignAuctionReport CampaignAuctionReportEntry [actualBid=2728.0, effectiveBid=2322.920185077229])
04/04 12:45:47 SEVERE OrOmerShelly.OOSAgent|Exception thrown while trying to parse message.java.lang.NullPointerException
04/04 12:45:47 INFO OrOmerShelly.Coordinator|Day 34: Campaign opportunity - Campaign ID 29044676: day 36 to 45 [LOW_INCOME, OLD], reach: 12500 coefs: (v=2.0, m=1.5)
04/04 12:45:47 INFO OrOmerShelly.Coordinator|Day 34: Campaign total budget bid: 997.1796934257029
04/04 12:45:47 INFO OrOmerShelly.Coordinator|Day 34: Adjusting ucs bid: was 0.1766502485055398 level reported: 0.47829690000000014 target: 0.9 adjusted: 0.12469522054969029
04/04 12:45:47 SEVERE OrOmerShelly.OOSAgent|Exception thrown while trying to parse message.java.lang.NullPointerException
04/04 12:45:47 INFO OrOmerShelly.Coordinator|Day 34 : Simulation Status Received
04/04 12:45:47 WARNING OrOmerShelly.Coordinator|BidBundle is null!
04/04 12:45:47 INFO OrOmerShelly.Coordinator|Day 34 ended. Starting next day
04/04 12:45:57 INFO OrOmerShelly.Coordinator|Day 35 :BankStatus[-4.957200]
04/04 12:45:57 SEVERE OrOmerShelly.OOSAgent|Exception thrown while trying to parse message.java.lang.NullPointerException
04/04 12:45:57 INFO OrOmerShelly.Coordinator|Day 35: Campaign opportunity - Campaign ID 30959154: day 37 to 46 [LOW_INCOME, MALE], reach: 6250 coefs: (v=2.0, m=1.5)
04/04 12:45:57 INFO OrOmerShelly.Coordinator|Day 35: Campaign total budget bid: 499.15295261366435
04/04 12:45:57 INFO OrOmerShelly.Coordinator|Day 35: Adjusting ucs bid: was 0.12469522054969029 level reported: 0.47829690000000014 target: 0.9 adjusted: 0.1562362830370394
04/04 12:45:57 SEVERE OrOmerShelly.OOSAgent|Exception thrown while trying to parse message.java.lang.NullPointerException
04/04 12:45:58 INFO OrOmerShelly.Coordinator|Day 35 : Simulation Status Received
04/04 12:45:58 WARNING OrOmerShelly.Coordinator|BidBundle is null!
04/04 12:45:58 INFO OrOmerShelly.Coordinator|Day 35 ended. Starting next day
04/04 12:46:06 INFO OrOmerShelly.Coordinator|Day 36 :BankStatus[-5.103000]
04/04 12:46:06 SEVERE OrOmerShelly.OOSAgent|Exception thrown while trying to parse message.java.lang.NullPointerException
04/04 12:46:06 INFO OrOmerShelly.Coordinator|Day 36: Campaign opportunity - Campaign ID 354682: day 38 to 42 [FEMALE, LOW_INCOME], reach: 6250 coefs: (v=2.0, m=1.5)
04/04 12:46:06 INFO OrOmerShelly.Coordinator|Day 36: Campaign total budget bid: 993.3376146873242
04/04 12:46:06 INFO OrOmerShelly.Coordinator|Day 36: Adjusting ucs bid: was 0.1562362830370394 level reported: 0.47829690000000014 target: 0.9 adjusted: 0.1171507638186981
04/04 12:46:06 SEVERE OrOmerShelly.OOSAgent|Exception thrown while trying to parse message.java.lang.NullPointerException
04/04 12:46:07 INFO OrOmerShelly.Coordinator|Day 36 : Simulation Status Received
04/04 12:46:07 WARNING OrOmerShelly.Coordinator|BidBundle is null!
04/04 12:46:07 INFO OrOmerShelly.Coordinator|Day 36 ended. Starting next day
04/04 12:46:15 INFO OrOmerShelly.Coordinator|Day 37 :BankStatus[-5.248800]
04/04 12:46:15 SEVERE OrOmerShelly.OOSAgent|Exception thrown while trying to parse message.java.lang.NullPointerException
04/04 12:46:15 INFO OrOmerShelly.Coordinator|Day 37: Campaign opportunity - Campaign ID 20220745: day 39 to 48 [HIGH_INCOME, MALE], reach: 3750 coefs: (v=2.0, m=1.5)
04/04 12:46:15 INFO OrOmerShelly.Coordinator|Day 37: Campaign total budget bid: 304.02915414849934
04/04 12:46:15 INFO OrOmerShelly.Coordinator|Day 37: Adjusting ucs bid: was 0.1171507638186981 level reported: 0.47829690000000014 target: 0.9 adjusted: 0.12752858898781994
04/04 12:46:15 SEVERE OrOmerShelly.OOSAgent|Exception thrown while trying to parse message.java.lang.NullPointerException
04/04 12:46:16 INFO OrOmerShelly.Coordinator|Day 37 : Simulation Status Received
04/04 12:46:16 WARNING OrOmerShelly.Coordinator|BidBundle is null!
04/04 12:46:16 INFO OrOmerShelly.Coordinator|Day 37 ended. Starting next day
04/04 12:46:26 INFO OrOmerShelly.Coordinator|Day 38 :BankStatus[-5.394600]
04/04 12:46:26 SEVERE OrOmerShelly.OOSAgent|Exception thrown while trying to parse message.java.lang.NullPointerException
04/04 12:46:26 INFO OrOmerShelly.Coordinator|Day 38: Campaign opportunity - Campaign ID 7003951: day 40 to 42 [FEMALE, LOW_INCOME], reach: 3750 coefs: (v=2.0, m=1.5)
04/04 12:46:26 INFO OrOmerShelly.Coordinator|Day 38: Campaign total budget bid: 993.3376146873242
04/04 12:46:26 INFO OrOmerShelly.Coordinator|Day 38: Adjusting ucs bid: was 0.12752858898781994 level reported: 0.47829690000000014 target: 0.9 adjusted: 0.18130779030260943
04/04 12:46:26 SEVERE OrOmerShelly.OOSAgent|Exception thrown while trying to parse message.java.lang.NullPointerException
04/04 12:46:26 INFO OrOmerShelly.Coordinator|Day 38 : Simulation Status Received
04/04 12:46:26 WARNING OrOmerShelly.Coordinator|BidBundle is null!
04/04 12:46:26 INFO OrOmerShelly.Coordinator|Day 38 ended. Starting next day
04/04 12:46:35 INFO OrOmerShelly.Coordinator|Day 39 :BankStatus[-5.540400]
04/04 12:46:35 SEVERE OrOmerShelly.OOSAgent|Exception thrown while trying to parse message.java.lang.NullPointerException
04/04 12:46:35 INFO OrOmerShelly.Coordinator|Day 39: Campaign opportunity - Campaign ID 18825725: day 41 to 50 [HIGH_INCOME, YOUNG], reach: 6250 coefs: (v=2.0, m=1.5)
04/04 12:46:35 INFO OrOmerShelly.Coordinator|Day 39: Campaign total budget bid: 507.75480055334157
04/04 12:46:35 INFO OrOmerShelly.Coordinator|Day 39: Adjusting ucs bid: was 0.18130779030260943 level reported: 0.47829690000000014 target: 0.9 adjusted: 0.1031329246839782
04/04 12:46:35 SEVERE OrOmerShelly.OOSAgent|Exception thrown while trying to parse message.java.lang.NullPointerException
04/04 12:46:36 INFO OrOmerShelly.Coordinator|Day 39 : Simulation Status Received
04/04 12:46:36 WARNING OrOmerShelly.Coordinator|BidBundle is null!
04/04 12:46:36 INFO OrOmerShelly.Coordinator|Day 39 ended. Starting next day
04/04 12:46:48 INFO OrOmerShelly.Coordinator|Day 40 :BankStatus[-5.686200]
04/04 12:46:48 SEVERE OrOmerShelly.OOSAgent|Exception thrown while trying to parse message.java.lang.NullPointerException
04/04 12:46:48 INFO OrOmerShelly.Coordinator|Day 40: Campaign opportunity - Campaign ID 21182311: day 42 to 51 [FEMALE, LOW_INCOME], reach: 12500 coefs: (v=2.0, m=1.5)
04/04 12:46:48 INFO OrOmerShelly.Coordinator|Day 40: Campaign total budget bid: 993.3376146873242
04/04 12:46:48 INFO OrOmerShelly.Coordinator|Day 40: Adjusting ucs bid: was 0.1031329246839782 level reported: 0.47829690000000014 target: 0.9 adjusted: 0.1466243987352783
04/04 12:46:48 SEVERE OrOmerShelly.OOSAgent|Exception thrown while trying to parse message.java.lang.NullPointerException
04/04 12:46:49 INFO OrOmerShelly.Coordinator|Day 40 : Simulation Status Received
04/04 12:46:49 WARNING OrOmerShelly.Coordinator|BidBundle is null!
04/04 12:46:49 INFO OrOmerShelly.Coordinator|Day 40 ended. Starting next day
04/04 12:47:00 INFO OrOmerShelly.Coordinator|Day 41 :BankStatus[-5.832000]
04/04 12:47:00 INFO OrOmerShelly.OOSAgent|UNKNOWN Message Received: (CampaignAuctionReport CampaignAuctionReportEntry [actualBid=3074.0, effectiveBid=2012.6618421278072])
04/04 12:47:00 SEVERE OrOmerShelly.OOSAgent|Exception thrown while trying to parse message.java.lang.NullPointerException
04/04 12:47:00 INFO OrOmerShelly.Coordinator|Day 41: Campaign opportunity - Campaign ID 16440766: day 43 to 45 [FEMALE, LOW_INCOME], reach: 12500 coefs: (v=2.0, m=1.5)
04/04 12:47:00 INFO OrOmerShelly.Coordinator|Day 41: Campaign total budget bid: 3311.1253822910808
04/04 12:47:00 INFO OrOmerShelly.Coordinator|Day 41: Adjusting ucs bid: was 0.1466243987352783 level reported: 0.47829690000000014 target: 0.9 adjusted: 0.15132441263155874
04/04 12:47:07 SEVERE OrOmerShelly.OOSAgent|Exception thrown while trying to parse message.java.lang.NullPointerException
04/04 12:47:08 INFO OrOmerShelly.Coordinator|Day 41 : Simulation Status Received
04/04 12:47:08 WARNING OrOmerShelly.Coordinator|BidBundle is null!
04/04 12:47:08 INFO OrOmerShelly.Coordinator|Day 41 ended. Starting next day
04/04 12:47:08 INFO OrOmerShelly.Coordinator|Day 42 :BankStatus[-5.977800]
04/04 12:47:08 SEVERE OrOmerShelly.OOSAgent|Exception thrown while trying to parse message.java.lang.NullPointerException
04/04 12:47:08 INFO OrOmerShelly.Coordinator|Day 42: Campaign opportunity - Campaign ID 19872890: day 44 to 53 [FEMALE, YOUNG], reach: 3750 coefs: (v=2.0, m=1.5)
04/04 12:47:08 INFO OrOmerShelly.Coordinator|Day 42: Campaign total budget bid: 302.5179268896617
04/04 12:47:08 INFO OrOmerShelly.Coordinator|Day 42: Adjusting ucs bid: was 0.15132441263155874 level reported: 0.47829690000000014 target: 0.9 adjusted: 0.19921732245313226
04/04 12:47:08 SEVERE OrOmerShelly.OOSAgent|Exception thrown while trying to parse message.java.lang.NullPointerException
04/04 12:47:08 INFO OrOmerShelly.Coordinator|Day 42 : Simulation Status Received
04/04 12:47:08 WARNING OrOmerShelly.Coordinator|BidBundle is null!
04/04 12:47:08 INFO OrOmerShelly.Coordinator|Day 42 ended. Starting next day
04/04 12:47:17 INFO OrOmerShelly.Coordinator|Day 43 :BankStatus[-6.123600]
04/04 12:47:17 INFO OrOmerShelly.OOSAgent|UNKNOWN Message Received: (CampaignAuctionReport CampaignAuctionReportEntry [actualBid=2241.0, effectiveBid=1467.265838714514])
04/04 12:47:17 SEVERE OrOmerShelly.OOSAgent|Exception thrown while trying to parse message.java.lang.NullPointerException
04/04 12:47:17 INFO OrOmerShelly.Coordinator|Day 43: Campaign opportunity - Campaign ID 14043405: day 45 to 49 [YOUNG, MALE], reach: 3750 coefs: (v=2.0, m=1.5)
04/04 12:47:17 INFO OrOmerShelly.Coordinator|Day 43: Campaign total budget bid: 600.8253764106094
04/04 12:47:17 INFO OrOmerShelly.Coordinator|Day 43: Adjusting ucs bid: was 0.19921732245313226 level reported: 0.47829690000000014 target: 0.9 adjusted: 0.17342927156278365
04/04 12:47:17 SEVERE OrOmerShelly.OOSAgent|Exception thrown while trying to parse message.java.lang.NullPointerException
04/04 12:47:18 INFO OrOmerShelly.Coordinator|Day 43 : Simulation Status Received
04/04 12:47:18 WARNING OrOmerShelly.Coordinator|BidBundle is null!
04/04 12:47:18 INFO OrOmerShelly.Coordinator|Day 43 ended. Starting next day
04/04 12:47:25 INFO OrOmerShelly.Coordinator|Day 44 :BankStatus[-6.269400]
04/04 12:47:25 SEVERE OrOmerShelly.OOSAgent|Exception thrown while trying to parse message.java.lang.NullPointerException
04/04 12:47:25 INFO OrOmerShelly.Coordinator|Day 44: Campaign opportunity - Campaign ID 27677080: day 46 to 50 [OLD, MALE], reach: 3750 coefs: (v=2.0, m=1.5)
04/04 12:47:25 INFO OrOmerShelly.Coordinator|Day 44: Campaign total budget bid: 606.1719325362614
04/04 12:47:25 INFO OrOmerShelly.Coordinator|Day 44: Adjusting ucs bid: was 0.17342927156278365 level reported: 0.47829690000000014 target: 0.9 adjusted: 0.14923915824786133
04/04 12:47:25 SEVERE OrOmerShelly.OOSAgent|Exception thrown while trying to parse message.java.lang.NullPointerException
04/04 12:47:25 INFO OrOmerShelly.Coordinator|Day 44 : Simulation Status Received
04/04 12:47:25 WARNING OrOmerShelly.Coordinator|BidBundle is null!
04/04 12:47:25 INFO OrOmerShelly.Coordinator|Day 44 ended. Starting next day
04/04 12:47:39 INFO OrOmerShelly.Coordinator|Day 45 :BankStatus[-6.415200]
04/04 12:47:39 INFO OrOmerShelly.OOSAgent|UNKNOWN Message Received: (CampaignAuctionReport CampaignAuctionReportEntry [actualBid=2278.0, effectiveBid=1491.4911113751284])
04/04 12:47:39 SEVERE OrOmerShelly.OOSAgent|Exception thrown while trying to parse message.java.lang.NullPointerException
04/04 12:47:39 INFO OrOmerShelly.Coordinator|Day 45: Campaign opportunity - Campaign ID 18889558: day 47 to 56 [FEMALE, HIGH_INCOME], reach: 6250 coefs: (v=2.0, m=1.5)
04/04 12:47:39 INFO OrOmerShelly.Coordinator|Day 45: Campaign total budget bid: 497.5874547887858
04/04 12:47:39 INFO OrOmerShelly.Coordinator|Day 45: Adjusting ucs bid: was 0.14923915824786133 level reported: 0.47829690000000014 target: 0.9 adjusted: 0.12028208836297993
04/04 12:47:39 SEVERE OrOmerShelly.OOSAgent|Exception thrown while trying to parse message.java.lang.NullPointerException
04/04 12:47:40 INFO OrOmerShelly.Coordinator|Day 45 : Simulation Status Received
04/04 12:47:40 WARNING OrOmerShelly.Coordinator|BidBundle is null!
04/04 12:47:40 INFO OrOmerShelly.Coordinator|Day 45 ended. Starting next day
04/04 12:47:52 INFO OrOmerShelly.Coordinator|Day 46 :BankStatus[-6.561000]
04/04 12:47:52 INFO OrOmerShelly.OOSAgent|UNKNOWN Message Received: (CampaignAuctionReport CampaignAuctionReportEntry [actualBid=2042.0, effectiveBid=1336.9731560263444])
04/04 12:47:52 SEVERE OrOmerShelly.OOSAgent|Exception thrown while trying to parse message.java.lang.NullPointerException
04/04 12:47:52 INFO OrOmerShelly.Coordinator|Day 46: Campaign opportunity - Campaign ID 21926263: day 48 to 52 [FEMALE, LOW_INCOME], reach: 3750 coefs: (v=2.0, m=1.5)
04/04 12:47:52 INFO OrOmerShelly.Coordinator|Day 46: Campaign total budget bid: 596.0025688123945
04/04 12:47:52 INFO OrOmerShelly.Coordinator|Day 46: Adjusting ucs bid: was 0.12028208836297993 level reported: 0.47829690000000014 target: 0.9 adjusted: 0.17100541790012247
04/04 12:48:00 SEVERE OrOmerShelly.OOSAgent|Exception thrown while trying to parse message.java.lang.NullPointerException
04/04 12:48:00 INFO OrOmerShelly.Coordinator|Day 46 : Simulation Status Received
04/04 12:48:00 WARNING OrOmerShelly.Coordinator|BidBundle is null!
04/04 12:48:00 INFO OrOmerShelly.Coordinator|Day 46 ended. Starting next day
04/04 12:48:01 INFO OrOmerShelly.Coordinator|Day 47 :BankStatus[-6.706800]
04/04 12:48:01 SEVERE OrOmerShelly.OOSAgent|Exception thrown while trying to parse message.java.lang.NullPointerException
04/04 12:48:01 INFO OrOmerShelly.Coordinator|Day 47: Campaign opportunity - Campaign ID 30927594: day 49 to 53 [FEMALE, YOUNG], reach: 12500 coefs: (v=2.0, m=1.5)
04/04 12:48:01 INFO OrOmerShelly.Coordinator|Day 47: Campaign total budget bid: 2016.7861792644114
04/04 12:48:01 INFO OrOmerShelly.Coordinator|Day 47: Adjusting ucs bid: was 0.17100541790012247 level reported: 0.47829690000000014 target: 0.9 adjusted: 0.1103847647765464
04/04 12:48:07 SEVERE OrOmerShelly.OOSAgent|Exception thrown while trying to parse message.java.lang.NullPointerException
04/04 12:48:07 INFO OrOmerShelly.Coordinator|Day 47 : Simulation Status Received
04/04 12:48:07 WARNING OrOmerShelly.Coordinator|BidBundle is null!
04/04 12:48:07 INFO OrOmerShelly.Coordinator|Day 47 ended. Starting next day
04/04 12:48:08 INFO OrOmerShelly.Coordinator|Day 48 :BankStatus[-6.852600]
04/04 12:48:08 SEVERE OrOmerShelly.OOSAgent|Exception thrown while trying to parse message.java.lang.NullPointerException
04/04 12:48:08 INFO OrOmerShelly.Coordinator|Day 48: Campaign opportunity - Campaign ID 12936604: day 50 to 54 [FEMALE, YOUNG], reach: 6250 coefs: (v=2.0, m=1.5)
04/04 12:48:08 INFO OrOmerShelly.Coordinator|Day 48: Campaign total budget bid: 1008.3930896322057
04/04 12:48:08 INFO OrOmerShelly.Coordinator|Day 48: Adjusting ucs bid: was 0.1103847647765464 level reported: 0.47829690000000014 target: 0.9 adjusted: 0.1569343622755868
04/04 12:48:08 SEVERE OrOmerShelly.OOSAgent|Exception thrown while trying to parse message.java.lang.NullPointerException
04/04 12:48:09 INFO OrOmerShelly.Coordinator|Day 48 : Simulation Status Received
04/04 12:48:09 WARNING OrOmerShelly.Coordinator|BidBundle is null!
04/04 12:48:09 INFO OrOmerShelly.Coordinator|Day 48 ended. Starting next day
04/04 12:48:16 INFO OrOmerShelly.Coordinator|Day 49 :BankStatus[-6.998400]
04/04 12:48:16 INFO OrOmerShelly.OOSAgent|UNKNOWN Message Received: (CampaignAuctionReport CampaignAuctionReportEntry [actualBid=3283.0, effectiveBid=2149.5018958053324] CampaignAuctionReportEntry [actualBid=2041.0, effectiveBid=669.0613569620259])
04/04 12:48:16 SEVERE OrOmerShelly.OOSAgent|Exception thrown while trying to parse message.java.lang.NullPointerException
04/04 12:48:16 INFO OrOmerShelly.Coordinator|Day 49: Campaign opportunity - Campaign ID 30998216: day 51 to 55 [FEMALE, HIGH_INCOME], reach: 6250 coefs: (v=2.0, m=1.5)
04/04 12:48:16 INFO OrOmerShelly.Coordinator|Day 49: Campaign total budget bid: 995.1749095775716
04/04 12:48:16 INFO OrOmerShelly.Coordinator|Day 49: Adjusting ucs bid: was 0.1569343622755868 level reported: 0.47829690000000014 target: 0.9 adjusted: 0.1999027255977862
04/04 12:48:16 SEVERE OrOmerShelly.OOSAgent|Exception thrown while trying to parse message.java.lang.NullPointerException
04/04 12:48:17 INFO OrOmerShelly.Coordinator|Day 49 : Simulation Status Received
04/04 12:48:17 WARNING OrOmerShelly.Coordinator|BidBundle is null!
04/04 12:48:17 INFO OrOmerShelly.Coordinator|Day 49 ended. Starting next day
04/04 12:48:25 INFO OrOmerShelly.Coordinator|Day 50 :BankStatus[-7.144200]
04/04 12:48:25 INFO OrOmerShelly.OOSAgent|UNKNOWN Message Received: (CampaignAuctionReport CampaignAuctionReportEntry [actualBid=2013.0, effectiveBid=1317.985780157214])
04/04 12:48:25 SEVERE OrOmerShelly.OOSAgent|Exception thrown while trying to parse message.java.lang.NullPointerException
04/04 12:48:25 SEVERE OrOmerShelly.OOSAgent|Exception thrown while trying to parse message.java.lang.NullPointerException
04/04 12:48:25 INFO OrOmerShelly.Coordinator|Day 50 : Simulation Status Received
04/04 12:48:25 WARNING OrOmerShelly.Coordinator|BidBundle is null!
04/04 12:48:25 INFO OrOmerShelly.Coordinator|Day 50 ended. Starting next day
04/04 12:48:39 INFO OrOmerShelly.Coordinator|Day 51 :BankStatus[-7.290000]
04/04 12:48:39 SEVERE OrOmerShelly.OOSAgent|Exception thrown while trying to parse message.java.lang.NullPointerException
04/04 12:48:39 INFO OrOmerShelly.Coordinator|Day 51: Campaign opportunity - Campaign ID 28567728: day 53 to 57 [OLD, MALE], reach: 6250 coefs: (v=2.0, m=1.5)
04/04 12:48:39 INFO OrOmerShelly.Coordinator|Day 51: Campaign total budget bid: 1010.2865542271022
04/04 12:48:39 INFO OrOmerShelly.Coordinator|Day 51: Adjusting ucs bid: was 0.1999027255977862 level reported: 0.47829690000000014 target: 0.9 adjusted: 0.19701900554776236
04/04 12:48:39 SEVERE OrOmerShelly.OOSAgent|Exception thrown while trying to parse message.java.lang.NullPointerException
04/04 12:48:40 INFO OrOmerShelly.Coordinator|Day 51 : Simulation Status Received
04/04 12:48:40 WARNING OrOmerShelly.Coordinator|BidBundle is null!
04/04 12:48:40 INFO OrOmerShelly.Coordinator|Day 51 ended. Starting next day
04/04 12:48:46 INFO OrOmerShelly.Coordinator|Day 52 :BankStatus[-7.435800]
04/04 12:48:46 SEVERE OrOmerShelly.OOSAgent|Exception thrown while trying to parse message.java.lang.NullPointerException
04/04 12:48:46 INFO OrOmerShelly.Coordinator|Day 52: Campaign opportunity - Campaign ID 931920: day 54 to 56 [OLD, MALE], reach: 12500 coefs: (v=2.0, m=1.5)
04/04 12:48:46 INFO OrOmerShelly.Coordinator|Day 52: Campaign total budget bid: 3367.6218474236744
04/04 12:48:46 INFO OrOmerShelly.Coordinator|Day 52: Adjusting ucs bid: was 0.19701900554776236 level reported: 0.47829690000000014 target: 0.9 adjusted: 0.1742298041791414
04/04 12:48:46 SEVERE OrOmerShelly.OOSAgent|Exception thrown while trying to parse message.java.lang.NullPointerException
04/04 12:48:46 INFO OrOmerShelly.Coordinator|Day 52 : Simulation Status Received
04/04 12:48:46 WARNING OrOmerShelly.Coordinator|BidBundle is null!
04/04 12:48:46 INFO OrOmerShelly.Coordinator|Day 52 ended. Starting next day
04/04 12:48:56 INFO OrOmerShelly.Coordinator|Day 53 :BankStatus[-7.581600]
04/04 12:48:56 INFO OrOmerShelly.OOSAgent|UNKNOWN Message Received: (CampaignAuctionReport CampaignAuctionReportEntry [actualBid=2659.0, effectiveBid=1874.0169409707655])
04/04 12:48:56 SEVERE OrOmerShelly.OOSAgent|Exception thrown while trying to parse message.java.lang.NullPointerException
04/04 12:48:56 SEVERE OrOmerShelly.OOSAgent|Exception thrown while trying to parse message.java.lang.NullPointerException
04/04 12:48:57 INFO OrOmerShelly.Coordinator|Day 53 : Simulation Status Received
04/04 12:48:57 WARNING OrOmerShelly.Coordinator|BidBundle is null!
04/04 12:48:57 INFO OrOmerShelly.Coordinator|Day 53 ended. Starting next day
04/04 12:49:07 INFO OrOmerShelly.Coordinator|Day 54 :BankStatus[-7.727400]
04/04 12:49:07 SEVERE OrOmerShelly.OOSAgent|Exception thrown while trying to parse message.java.lang.NullPointerException
04/04 12:49:07 INFO OrOmerShelly.Coordinator|Day 54: Campaign opportunity - Campaign ID 18482955: day 56 to 58 [OLD, MALE], reach: 6250 coefs: (v=2.0, m=1.5)
04/04 12:49:07 INFO OrOmerShelly.Coordinator|Day 54: Campaign total budget bid: 1683.8109237118372
04/04 12:49:07 INFO OrOmerShelly.Coordinator|Day 54: Adjusting ucs bid: was 0.1742298041791414 level reported: 0.47829690000000014 target: 0.9 adjusted: 0.1771864377402931
04/04 12:49:07 SEVERE OrOmerShelly.OOSAgent|Exception thrown while trying to parse message.java.lang.NullPointerException
04/04 12:49:07 INFO OrOmerShelly.Coordinator|Day 54 : Simulation Status Received
04/04 12:49:07 WARNING OrOmerShelly.Coordinator|BidBundle is null!
04/04 12:49:07 INFO OrOmerShelly.Coordinator|Day 54 ended. Starting next day
04/04 12:49:18 INFO OrOmerShelly.Coordinator|Day 55 :BankStatus[-7.873200]
04/04 12:49:18 INFO OrOmerShelly.OOSAgent|UNKNOWN Message Received: (CampaignAuctionReport CampaignAuctionReportEntry [actualBid=3106.0, effectiveBid=2740.6379039943845])
04/04 12:49:18 SEVERE OrOmerShelly.OOSAgent|Exception thrown while trying to parse message.java.lang.NullPointerException
04/04 12:49:18 INFO OrOmerShelly.Coordinator|Day 55: Campaign opportunity - Campaign ID 26859329: day 57 to 59 [FEMALE, OLD], reach: 3750 coefs: (v=2.0, m=1.5)
04/04 12:49:18 INFO OrOmerShelly.Coordinator|Day 55: Campaign total budget bid: 980.5086758996306
04/04 12:49:18 INFO OrOmerShelly.Coordinator|Day 55: Adjusting ucs bid: was 0.1771864377402931 level reported: 0.47829690000000014 target: 0.9 adjusted: 0.1318514139523677
04/04 12:49:18 SEVERE OrOmerShelly.OOSAgent|Exception thrown while trying to parse message.java.lang.NullPointerException
04/04 12:49:18 INFO OrOmerShelly.Coordinator|Day 55 : Simulation Status Received
04/04 12:49:18 WARNING OrOmerShelly.Coordinator|BidBundle is null!
04/04 12:49:18 INFO OrOmerShelly.Coordinator|Day 55 ended. Starting next day
04/04 12:49:28 INFO OrOmerShelly.Coordinator|Day 56 :BankStatus[-8.019000]
04/04 12:49:28 INFO OrOmerShelly.OOSAgent|UNKNOWN Message Received: (CampaignAuctionReport CampaignAuctionReportEntry [actualBid=2516.0, effectiveBid=2220.040233885986])
04/04 12:49:28 SEVERE OrOmerShelly.OOSAgent|Exception thrown while trying to parse message.java.lang.NullPointerException
04/04 12:49:28 SEVERE OrOmerShelly.OOSAgent|Exception thrown while trying to parse message.java.lang.NullPointerException
04/04 12:49:28 INFO OrOmerShelly.Coordinator|Day 56 : Simulation Status Received
04/04 12:49:28 WARNING OrOmerShelly.Coordinator|BidBundle is null!
04/04 12:49:28 INFO OrOmerShelly.Coordinator|Day 56 ended. Starting next day
04/04 12:49:39 INFO OrOmerShelly.Coordinator|Day 57 :BankStatus[-8.164800]
04/04 12:49:39 SEVERE OrOmerShelly.OOSAgent|Exception thrown while trying to parse message.java.lang.NullPointerException
04/04 12:49:39 SEVERE OrOmerShelly.OOSAgent|Exception thrown while trying to parse message.java.lang.NullPointerException
04/04 12:49:40 INFO OrOmerShelly.Coordinator|Day 57 : Simulation Status Received
04/04 12:49:40 WARNING OrOmerShelly.Coordinator|BidBundle is null!
04/04 12:49:40 INFO OrOmerShelly.Coordinator|Day 57 ended. Starting next day
04/04 12:49:47 INFO OrOmerShelly.Coordinator|Day 58 :BankStatus[-8.310600]
04/04 12:49:47 SEVERE OrOmerShelly.OOSAgent|Exception thrown while trying to parse message.java.lang.NullPointerException
04/04 12:49:47 SEVERE OrOmerShelly.OOSAgent|Exception thrown while trying to parse message.java.lang.NullPointerException
04/04 12:49:48 INFO OrOmerShelly.Coordinator|Day 58 : Simulation Status Received
04/04 12:49:48 WARNING OrOmerShelly.Coordinator|BidBundle is null!
04/04 12:49:48 INFO OrOmerShelly.Coordinator|Day 58 ended. Starting next day
04/04 12:49:58 INFO OrOmerShelly.Coordinator|Day 59 :BankStatus[-8.456400]
04/04 12:49:58 SEVERE OrOmerShelly.OOSAgent|Exception thrown while trying to parse message.java.lang.NullPointerException
04/04 12:49:58 SEVERE OrOmerShelly.OOSAgent|Exception thrown while trying to parse message.java.lang.NullPointerException
04/04 12:49:58 INFO OrOmerShelly.Coordinator|Day 59 : Simulation Status Received
04/04 12:49:58 WARNING OrOmerShelly.Coordinator|BidBundle is null!
04/04 12:49:58 INFO OrOmerShelly.Coordinator|Day 59 ended. Starting next day
04/04 12:50:00 SEVERE OrOmerShelly.OOSAgent|Exception thrown while trying to parse message.java.lang.NullPointerException
04/04 12:50:00 INFO OrOmerShelly.Coordinator|Day 60 :BankStatus[-8.748000]
04/04 12:50:00 SEVERE OrOmerShelly.OOSAgent|Exception thrown while trying to parse message.java.lang.NullPointerException
04/04 12:50:00 INFO OrOmerShelly.Coordinator|Day 60 : Simulation Status Received
04/04 12:50:00 WARNING OrOmerShelly.Coordinator|BidBundle is null!
04/04 12:50:00 INFO OrOmerShelly.Coordinator|Day 60 ended. Starting next day
08/04 18:40:00 INFO OrOmerShelly.Coordinator|Got publisherCatalog: (PublisherCatalog tau.tac.adx.props.PublisherCatalogEntry@1ac28 tau.tac.adx.props.PublisherCatalogEntry@18cee tau.tac.adx.props.PublisherCatalogEntry@1a7a7 tau.tac.adx.props.PublisherCatalogEntry@1934f tau.tac.adx.props.PublisherCatalogEntry@1358a3bf tau.tac.adx.props.PublisherCatalogEntry@683f2ef)
08/04 18:40:00 INFO OrOmerShelly.Coordinator|Available queries: [Ltau.tac.adx.props.AdxQuery;@a51027
08/04 18:40:00 INFO OrOmerShelly.OOSAgent|UNKNOWN Message Received: edu.umich.eecs.tac.props.AdvertiserInfo@bc76a1c1
08/04 18:40:00 INFO OrOmerShelly.Coordinator|Day 0 :BankStatus[0.000000]
08/04 18:40:00 INFO OrOmerShelly.Coordinator|tau.tac.adx.report.demand.InitialCampaignMessage[13682107,1250,1,5,[YOUNG, LOW_INCOME],2.0,1.5,demand,[]]
08/04 18:40:00 INFO OrOmerShelly.Coordinator|Day 0: Allocated campaign - Campaign ID 13682107: day 1 to 5 [YOUNG, LOW_INCOME], reach: 1250 coefs: (v=2.0, m=1.5)
08/04 18:40:01 INFO OrOmerShelly.Coordinator|Day 0: Campaign opportunity - Campaign ID 25376529: day 2 to 11 [MALE, LOW_INCOME], reach: 6250 coefs: (v=2.0, m=1.5)
08/04 18:40:01 INFO OrOmerShelly.Coordinator|Day 0: Campaign total budget bid: 499.15295261366435
08/04 18:40:01 INFO OrOmerShelly.Coordinator|Day 0: Initial ucs bid is 0.10576131090933862
08/04 18:40:01 INFO OrOmerShelly.Coordinator|Day 0 : Simulation Status Received
08/04 18:40:01 SEVERE agentware.AgentServiceImpl|agent could not handle message Message[coordinator,adv1,simulationStatus[0,919,false,[]]]
java.lang.OutOfMemoryError: Requested array size exceeds VM limit
	at weka.core.FastVector.<init>(FastVector.java:174)
	at weka.core.Instances.<init>(Instances.java:269)
	at OrOmerShelly.oos.bidders.ImpressionBidder.getDefaultDataset(ImpressionBidder.java:89)
	at OrOmerShelly.oos.bidders.ImpressionBidder.init(ImpressionBidder.java:70)
	at OrOmerShelly.Coordinator.calculateAndSendBidBundle(Coordinator.java:361)
	at OrOmerShelly.Coordinator.handleSimulationStatus(Coordinator.java:347)
	at OrOmerShelly.OOSAgent.messageReceived(OOSAgent.java:71)
	at se.sics.tasim.aw.AgentService.deliverToAgent(AgentService.java:130)
	at tau.tac.adx.agentware.AgentServiceImpl.deliverToAgent(AgentServiceImpl.java:134)
	at tau.tac.adx.agentware.SimClient.run(SimClient.java:439)
	at java.lang.Thread.run(Unknown Source)
08/04 18:40:10 INFO OrOmerShelly.Coordinator|Day 0 :BankStatus[0.000000]
08/04 18:40:10 INFO OrOmerShelly.Coordinator|Campaign auction report for day 0: CampaignReport: CampaignAuctionReportKey [adnetName=DummyAdnetwork-4] : CampaignAuctionReportEntry [actualBid=2252.0, effectiveBid=2252.0]
CampaignAuctionReportKey [adnetName=DummyAdnetwork-2] : CampaignAuctionReportEntry [actualBid=2475.0, effectiveBid=2475.0]
CampaignAuctionReportKey [adnetName=DummyAdnetwork-7] : CampaignAuctionReportEntry [actualBid=2686.0, effectiveBid=2686.0]
CampaignAuctionReportKey [adnetName=DummyAdnetwork-3] : CampaignAuctionReportEntry [actualBid=2762.0, effectiveBid=2762.0]
CampaignAuctionReportKey [adnetName=DummyAdnetwork] : CampaignAuctionReportEntry [actualBid=2830.0, effectiveBid=2830.0]
CampaignAuctionReportKey [adnetName=DummyAdnetwork-5] : CampaignAuctionReportEntry [actualBid=2913.0, effectiveBid=2913.0]
CampaignAuctionReportKey [adnetName=DummyAdnetwork-6] : CampaignAuctionReportEntry [actualBid=3184.0, effectiveBid=3184.0]

08/04 18:40:10 INFO OrOmerShelly.Coordinator|Day 0: Daily notification for campaign 25376529
08/04 18:40:10 INFO OrOmerShelly.Coordinator|Day 0:  allocated to DummyAdnetwork-4. UCS Level set to 0.47829690000000014 at price 0.0 Quality Score is: 1.0
08/04 18:40:10 INFO OrOmerShelly.Coordinator|Day 1: Campaign opportunity - Campaign ID 25032913: day 3 to 12 [FEMALE, LOW_INCOME], reach: 6250 coefs: (v=2.0, m=1.5)
08/04 18:40:10 INFO OrOmerShelly.Coordinator|Day 1: Campaign total budget bid: 496.6688073436621
08/04 18:40:10 INFO OrOmerShelly.Coordinator|Day 1: Adjusting ucs bid: was 0.10576131090933862 level reported: 0.47829690000000014 target: 0.6 adjusted: 0.11863279030706894
08/04 18:40:10 INFO OrOmerShelly.Coordinator|Publishers Report: 
08/04 18:40:10 INFO OrOmerShelly.Coordinator|(publisher: fox popularity: 6416 video: 3458 text: 2959)
08/04 18:40:10 INFO OrOmerShelly.Coordinator|(publisher: hfn popularity: 20228 video: 9535 text: 10694)
08/04 18:40:10 INFO OrOmerShelly.Coordinator|(publisher: sears popularity: 3530 video: 1018 text: 2513)
08/04 18:40:10 INFO OrOmerShelly.Coordinator|(publisher: nyt popularity: 6723 video: 3215 text: 3509)
08/04 18:40:10 INFO OrOmerShelly.Coordinator|(publisher: msn popularity: 39784 video: 12629 text: 27156)
08/04 18:40:10 INFO OrOmerShelly.Coordinator|(publisher: wallmart popularity: 7842 video: 4069 text: 3774)
08/04 18:40:10 INFO OrOmerShelly.Coordinator|Day 1 : Simulation Status Received
08/04 18:40:10 INFO OrOmerShelly.Coordinator|Adding last day's bid bundle to bidBundleHistory
08/04 18:40:10 SEVERE OrOmerShelly.Coordinator|Exception in running classifier: java.lang.NullPointerException - [OrOmerShelly.oos.bidders.ImpressionBidder.fillBidBundle(ImpressionBidder.java:197), OrOmerShelly.Coordinator.calculateAndSendBidBundle(Coordinator.java:381), OrOmerShelly.Coordinator.handleSimulationStatus(Coordinator.java:347), OrOmerShelly.OOSAgent.messageReceived(OOSAgent.java:71), se.sics.tasim.aw.AgentService.deliverToAgent(AgentService.java:130), tau.tac.adx.agentware.AgentServiceImpl.deliverToAgent(AgentServiceImpl.java:134), tau.tac.adx.agentware.SimClient.run(SimClient.java:439), java.lang.Thread.run(Unknown Source)]
08/04 18:40:10 WARNING OrOmerShelly.Coordinator|BidBundle is null! Getting default BidBundle
08/04 18:40:10 SEVERE OrOmerShelly.OOSAgent|Exception thrown while trying to parse message: java.lang.NullPointerException : [OrOmerShelly.oos.bidders.ImpressionBidder.getDefaultBidBundle(ImpressionBidder.java:121), OrOmerShelly.Coordinator.calculateAndSendBidBundle(Coordinator.java:394), OrOmerShelly.Coordinator.handleSimulationStatus(Coordinator.java:347), OrOmerShelly.OOSAgent.messageReceived(OOSAgent.java:71), se.sics.tasim.aw.AgentService.deliverToAgent(AgentService.java:130), tau.tac.adx.agentware.AgentServiceImpl.deliverToAgent(AgentServiceImpl.java:134), tau.tac.adx.agentware.SimClient.run(SimClient.java:439), java.lang.Thread.run(Unknown Source)]
09/04 15:26:00 INFO OrOmerShelly.Coordinator|Got publisherCatalog: nyt ; target ; fox ; msn ; hfn ; ebay ; 
09/04 15:26:00 INFO OrOmerShelly.Coordinator|Available queries: [Ltau.tac.adx.props.AdxQuery;@8fa0d1
09/04 15:26:00 INFO OrOmerShelly.OOSAgent|UNKNOWN Message Received: edu.umich.eecs.tac.props.AdvertiserInfo@bc76a1c1
09/04 15:26:00 INFO OrOmerShelly.Coordinator|Day 0 :BankStatus[0.000000]
09/04 15:26:00 INFO OrOmerShelly.Coordinator|tau.tac.adx.report.demand.InitialCampaignMessage[27402122,1250,1,5,[OLD, MALE],2.0,1.5,demand,[]]
09/04 15:26:00 INFO OrOmerShelly.Coordinator|Day 0: Allocated campaign - Campaign ID 27402122: day 1 to 5 [OLD, MALE], reach: 1250 coefs: (v=2.0, m=1.5) budget: 1.25
09/04 15:26:00 INFO OrOmerShelly.Coordinator|Day 0: Campaign opportunity - Campaign ID 10695123: day 2 to 11 [YOUNG, FEMALE], reach: 12500 coefs: (v=2.0, m=1.5) budget: 0.0
09/04 15:26:00 INFO OrOmerShelly.Coordinator|Day 0: Campaign total budget bid: 1008.3930896322057
09/04 15:26:00 INFO OrOmerShelly.Coordinator|Day 0: Initial ucs bid is 0.18787455653901702
09/04 15:26:00 INFO OrOmerShelly.Coordinator|Day 0 : Simulation Status Received
09/04 15:26:00 INFO bidders.ImpressionBidder|getDefaultDataset: Generating default instances for publisher - nyt
09/04 15:26:00 SEVERE OrOmerShelly.Coordinator|Exception in initializing classifier: java.lang.NullPointerException - [OrOmerShelly.UserAnalyzer.calcMedianOfMarketSegmentsWeights(UserAnalyzer.java:357), OrOmerShelly.oos.bidders.ImpressionBidder.getDefaultDataset(ImpressionBidder.java:119), OrOmerShelly.oos.bidders.ImpressionBidder.init(ImpressionBidder.java:77), OrOmerShelly.Coordinator.calculateAndSendBidBundle(Coordinator.java:378), OrOmerShelly.Coordinator.handleSimulationStatus(Coordinator.java:363), OrOmerShelly.OOSAgent.messageReceived(OOSAgent.java:71), se.sics.tasim.aw.AgentService.deliverToAgent(AgentService.java:130), tau.tac.adx.agentware.AgentServiceImpl.deliverToAgent(AgentServiceImpl.java:134), tau.tac.adx.agentware.SimClient.run(SimClient.java:439), java.lang.Thread.run(Unknown Source)]
09/04 15:26:00 INFO OrOmerShelly.Coordinator|Fetching active campaigns from: [Campaign ID 27402122: day 1 to 5 [OLD, MALE], reach: 1250 coefs: (v=2.0, m=1.5) budget: 1.25]
09/04 15:26:00 INFO OrOmerShelly.Coordinator|campaign Campaign ID 27402122: day 1 to 5 [OLD, MALE], reach: 1250 coefs: (v=2.0, m=1.5) budget: 1.25 is active
09/04 15:26:00 WARNING OrOmerShelly.Coordinator|BidBundle is null! Getting default BidBundle
09/04 15:26:00 INFO bidders.ImpressionBidder|Default bid bundle bid for Campaign ID 27402122: day 1 to 5 [OLD, MALE], reach: 1250 coefs: (v=2.0, m=1.5) budget: 1.25 will be 0.8759766959648968 where our rnd was 0.8759766959648968
09/04 15:26:00 INFO OrOmerShelly.Coordinator|Day 0 ended. Starting next day
