04/04 12:18:00 INFO OrOmerShelly.OOSAgent|UNKNOWN Message Received: edu.umich.eecs.tac.props.AdvertiserInfo@bc76a1c1
04/04 12:18:00 INFO OrOmerShelly.Coordinator|Day 0 :BankStatus[0.000000]
04/04 12:18:00 INFO OrOmerShelly.Coordinator|tau.tac.adx.report.demand.InitialCampaignMessage[17612857,1250,1,5,[LOW_INCOME, MALE],2.0,1.5,demand,[]]
04/04 12:18:00 INFO OrOmerShelly.Coordinator|Day 0: Allocated campaign - Campaign ID 17612857: day 1 to 5 [LOW_INCOME, MALE], reach: 1250 coefs: (v=2.0, m=1.5)
04/04 12:18:00 INFO OrOmerShelly.Coordinator|Day 0: Campaign opportunity - Campaign ID 4715288: day 2 to 6 [FEMALE, YOUNG], reach: 12500 coefs: (v=2.0, m=1.5)
04/04 12:18:00 INFO OrOmerShelly.Coordinator|Day 0: Campaign total budget bid: 2016.7861792644114
04/04 12:18:00 INFO OrOmerShelly.Coordinator|Day 0: Adjusting ucs bid: was 0.11934703657674062 level reported: 0.47829690000000014 target: 0.8 adjusted: 0.15774134821929145
04/04 12:18:00 INFO OrOmerShelly.Coordinator|Day 0 : Simulation Status Received
04/04 12:18:00 WARNING OrOmerShelly.Coordinator|BidBundle is null!
04/04 12:18:00 INFO OrOmerShelly.Coordinator|Day 0 ended. Starting next day
04/04 12:18:12 INFO OrOmerShelly.Coordinator|Day 1 :BankStatus[0.000000]
04/04 12:18:12 INFO OrOmerShelly.OOSAgent|UNKNOWN Message Received: (CampaignAuctionReport CampaignAuctionReportEntry [actualBid=2016.0, effectiveBid=2016.0] CampaignAuctionReportEntry [actualBid=2035.0, effectiveBid=2035.0] CampaignAuctionReportEntry [actualBid=2272.0, effectiveBid=2272.0] CampaignAuctionReportEntry [actualBid=2831.0, effectiveBid=2831.0] CampaignAuctionReportEntry [actualBid=2889.0, effectiveBid=2889.0] CampaignAuctionReportEntry [actualBid=3079.0, effectiveBid=3079.0] CampaignAuctionReportEntry [actualBid=3135.0, effectiveBid=3135.0] CampaignAuctionReportEntry [actualBid=3236.0, effectiveBid=3236.0])
04/04 12:18:12 INFO OrOmerShelly.Coordinator|Day 1: Daily notification for campaign 4715288
04/04 12:18:12 SEVERE OrOmerShelly.OOSAgent|Exception thrown while trying to parse message.java.lang.NullPointerException
04/04 12:18:12 INFO OrOmerShelly.Coordinator|Day 1: Campaign opportunity - Campaign ID 22622091: day 3 to 5 [FEMALE, HIGH_INCOME], reach: 12500 coefs: (v=2.0, m=1.5)
04/04 12:18:12 INFO OrOmerShelly.Coordinator|Day 1: Campaign total budget bid: 3317.2496985919056
04/04 12:18:12 INFO OrOmerShelly.Coordinator|Day 1: Adjusting ucs bid: was 0.15774134821929145 level reported: 0.47829690000000014 target: 0.8 adjusted: 0.15641299398283212
04/04 12:18:12 INFO OrOmerShelly.Coordinator|Publishers Report: 
04/04 12:18:12 INFO OrOmerShelly.Coordinator|(publisher: fox popularity: 14846 video: 1946 text: 12901)
04/04 12:18:12 INFO OrOmerShelly.Coordinator|(publisher: sears popularity: 7657 video: 1154 text: 6504)
04/04 12:18:12 INFO OrOmerShelly.Coordinator|(publisher: msn popularity: 81974 video: 53337 text: 28638)
04/04 12:18:12 INFO OrOmerShelly.Coordinator|(publisher: ebay popularity: 68353 video: 13225 text: 55129)
04/04 12:18:12 INFO OrOmerShelly.Coordinator|(publisher: bestbuy popularity: 7865 video: 777 text: 7089)
04/04 12:18:12 INFO OrOmerShelly.Coordinator|(publisher: wallmart popularity: 15579 video: 2459 text: 13121)
04/04 12:18:13 INFO OrOmerShelly.Coordinator|Day 1 : Simulation Status Received
04/04 12:18:13 WARNING OrOmerShelly.Coordinator|BidBundle is null!
04/04 12:18:13 INFO OrOmerShelly.Coordinator|Day 1 ended. Starting next day
04/04 12:18:21 INFO OrOmerShelly.Coordinator|Day 2 :BankStatus[-0.145800]
04/04 12:18:21 INFO OrOmerShelly.OOSAgent|UNKNOWN Message Received: (CampaignAuctionReport CampaignAuctionReportEntry [actualBid=2124.0, effectiveBid=2124.0] CampaignAuctionReportEntry [actualBid=2442.0, effectiveBid=2442.0] CampaignAuctionReportEntry [actualBid=2557.0, effectiveBid=2557.0] CampaignAuctionReportEntry [actualBid=2910.0, effectiveBid=2910.0] CampaignAuctionReportEntry [actualBid=2957.0, effectiveBid=2957.0] CampaignAuctionReportEntry [actualBid=2996.0, effectiveBid=2996.0] CampaignAuctionReportEntry [actualBid=3263.0, effectiveBid=3263.0] CampaignAuctionReportEntry [actualBid=3317.0, effectiveBid=3317.0])
04/04 12:18:21 INFO OrOmerShelly.Coordinator|Day 2: Updating campaign 17612857 stats: 0.0 tgtImps 0.0 nonTgtImps. Cost of imps is 0.0
04/04 12:18:21 SEVERE OrOmerShelly.OOSAgent|Exception thrown while trying to parse message.java.lang.NullPointerException
04/04 12:18:21 INFO OrOmerShelly.Coordinator|Day 2: Campaign opportunity - Campaign ID 7199170: day 4 to 6 [HIGH_INCOME, OLD], reach: 12500 coefs: (v=2.0, m=1.5)
04/04 12:18:21 INFO OrOmerShelly.Coordinator|Day 2: Campaign total budget bid: 3310.59389939218
04/04 12:18:21 INFO OrOmerShelly.Coordinator|Day 2: Adjusting ucs bid: was 0.15641299398283212 level reported: 0.47829690000000014 target: 0.8 adjusted: 0.11160671670833462
04/04 12:18:21 SEVERE OrOmerShelly.OOSAgent|Exception thrown while trying to parse message.java.lang.NullPointerException
04/04 12:18:21 INFO OrOmerShelly.Coordinator|Day 2 : Simulation Status Received
04/04 12:18:21 WARNING OrOmerShelly.Coordinator|BidBundle is null!
04/04 12:18:21 INFO OrOmerShelly.Coordinator|Day 2 ended. Starting next day
04/04 12:18:34 INFO OrOmerShelly.Coordinator|Day 3 :BankStatus[-0.291600]
04/04 12:18:34 INFO OrOmerShelly.OOSAgent|UNKNOWN Message Received: (CampaignAuctionReport CampaignAuctionReportEntry [actualBid=2725.0, effectiveBid=2725.0] CampaignAuctionReportEntry [actualBid=2909.0, effectiveBid=2909.0] CampaignAuctionReportEntry [actualBid=2961.0, effectiveBid=2961.0] CampaignAuctionReportEntry [actualBid=3241.0, effectiveBid=3241.0] CampaignAuctionReportEntry [actualBid=3269.0, effectiveBid=3269.0] CampaignAuctionReportEntry [actualBid=3310.0, effectiveBid=3310.0])
04/04 12:18:34 INFO OrOmerShelly.Coordinator|Day 3: Updating campaign 4715288 stats: 0.0 tgtImps 0.0 nonTgtImps. Cost of imps is 0.0
04/04 12:18:34 INFO OrOmerShelly.Coordinator|Day 3: Updating campaign 17612857 stats: 0.0 tgtImps 0.0 nonTgtImps. Cost of imps is 0.0
04/04 12:18:34 SEVERE OrOmerShelly.OOSAgent|Exception thrown while trying to parse message.java.lang.NullPointerException
04/04 12:18:34 INFO OrOmerShelly.Coordinator|Day 3: Campaign opportunity - Campaign ID 11587234: day 5 to 7 [FEMALE, LOW_INCOME], reach: 3750 coefs: (v=2.0, m=1.5)
04/04 12:18:34 INFO OrOmerShelly.Coordinator|Day 3: Campaign total budget bid: 993.3376146873242
04/04 12:18:34 INFO OrOmerShelly.Coordinator|Day 3: Adjusting ucs bid: was 0.11160671670833462 level reported: 0.47829690000000014 target: 0.8 adjusted: 0.14751094345422766
04/04 12:18:34 SEVERE OrOmerShelly.OOSAgent|Exception thrown while trying to parse message.java.lang.NullPointerException
04/04 12:18:34 INFO OrOmerShelly.Coordinator|Day 3 : Simulation Status Received
04/04 12:18:34 WARNING OrOmerShelly.Coordinator|BidBundle is null!
04/04 12:18:34 INFO OrOmerShelly.Coordinator|Day 3 ended. Starting next day
04/04 12:18:41 INFO OrOmerShelly.Coordinator|Day 4 :BankStatus[-0.437400]
04/04 12:18:41 INFO OrOmerShelly.OOSAgent|UNKNOWN Message Received: (CampaignAuctionReport CampaignAuctionReportEntry [actualBid=993.0, effectiveBid=993.0] CampaignAuctionReportEntry [actualBid=2074.0, effectiveBid=2074.0] CampaignAuctionReportEntry [actualBid=2130.0, effectiveBid=2130.0] CampaignAuctionReportEntry [actualBid=2183.0, effectiveBid=2183.0] CampaignAuctionReportEntry [actualBid=2907.0, effectiveBid=2907.0] CampaignAuctionReportEntry [actualBid=3204.0, effectiveBid=3204.0])
04/04 12:18:41 INFO OrOmerShelly.Coordinator|Day 4: Updating campaign 4715288 stats: 0.0 tgtImps 0.0 nonTgtImps. Cost of imps is 0.0
04/04 12:18:41 INFO OrOmerShelly.Coordinator|Day 4: Updating campaign 17612857 stats: 0.0 tgtImps 0.0 nonTgtImps. Cost of imps is 0.0
04/04 12:18:41 SEVERE OrOmerShelly.OOSAgent|Exception thrown while trying to parse message.java.lang.NullPointerException
04/04 12:18:41 INFO OrOmerShelly.Coordinator|Day 4: Campaign opportunity - Campaign ID 14816181: day 6 to 8 [FEMALE, HIGH_INCOME], reach: 6250 coefs: (v=2.0, m=1.5)
04/04 12:18:41 INFO OrOmerShelly.Coordinator|Day 4: Campaign total budget bid: 1658.6248492959528
04/04 12:18:41 INFO OrOmerShelly.Coordinator|Day 4: Adjusting ucs bid: was 0.14751094345422766 level reported: 0.47829690000000014 target: 0.8 adjusted: 0.19035046146706097
04/04 12:18:41 SEVERE OrOmerShelly.OOSAgent|Exception thrown while trying to parse message.java.lang.NullPointerException
04/04 12:18:41 INFO OrOmerShelly.Coordinator|Day 4 : Simulation Status Received
04/04 12:18:41 WARNING OrOmerShelly.Coordinator|BidBundle is null!
04/04 12:18:41 INFO OrOmerShelly.Coordinator|Day 4 ended. Starting next day
04/04 12:18:52 INFO OrOmerShelly.Coordinator|Day 5 :BankStatus[-0.583200]
04/04 12:18:52 INFO OrOmerShelly.OOSAgent|UNKNOWN Message Received: (CampaignAuctionReport CampaignAuctionReportEntry [actualBid=1658.0, effectiveBid=1658.0] CampaignAuctionReportEntry [actualBid=3046.0, effectiveBid=3046.0] CampaignAuctionReportEntry [actualBid=3216.0, effectiveBid=3216.0])
04/04 12:18:52 INFO OrOmerShelly.Coordinator|Day 5: Updating campaign 4715288 stats: 0.0 tgtImps 0.0 nonTgtImps. Cost of imps is 0.0
04/04 12:18:52 INFO OrOmerShelly.Coordinator|Day 5: Updating campaign 17612857 stats: 0.0 tgtImps 0.0 nonTgtImps. Cost of imps is 0.0
04/04 12:18:52 SEVERE OrOmerShelly.OOSAgent|Exception thrown while trying to parse message.java.lang.NullPointerException
04/04 12:18:52 INFO OrOmerShelly.Coordinator|Day 5: Campaign opportunity - Campaign ID 30339789: day 7 to 9 [FEMALE, OLD], reach: 12500 coefs: (v=2.0, m=1.5)
04/04 12:18:52 INFO OrOmerShelly.Coordinator|Day 5: Campaign total budget bid: 3268.362252998769
04/04 12:18:52 INFO OrOmerShelly.Coordinator|Day 5: Adjusting ucs bid: was 0.19035046146706097 level reported: 0.47829690000000014 target: 0.8 adjusted: 0.13579133095761456
04/04 12:18:52 SEVERE OrOmerShelly.OOSAgent|Exception thrown while trying to parse message.java.lang.NullPointerException
04/04 12:18:52 INFO OrOmerShelly.Coordinator|Day 5 : Simulation Status Received
04/04 12:18:52 WARNING OrOmerShelly.Coordinator|BidBundle is null!
04/04 12:18:52 INFO OrOmerShelly.Coordinator|Day 5 ended. Starting next day
04/04 12:19:01 INFO OrOmerShelly.Coordinator|Day 6 :BankStatus[-0.729000]
04/04 12:19:01 INFO OrOmerShelly.OOSAgent|UNKNOWN Message Received: (CampaignAuctionReport CampaignAuctionReportEntry [actualBid=2004.0, effectiveBid=2004.0] CampaignAuctionReportEntry [actualBid=3268.0, effectiveBid=3268.0] CampaignAuctionReportEntry [actualBid=3289.0, effectiveBid=3289.0])
04/04 12:19:01 SEVERE OrOmerShelly.OOSAgent|Exception thrown while trying to parse message.java.lang.NullPointerException
04/04 12:19:01 SEVERE OrOmerShelly.OOSAgent|Exception thrown while trying to parse message.java.lang.NullPointerException
04/04 12:19:01 INFO OrOmerShelly.Coordinator|Day 6: Campaign opportunity - Campaign ID 30045310: day 8 to 10 [HIGH_INCOME, YOUNG], reach: 6250 coefs: (v=2.0, m=1.5)
04/04 12:19:01 INFO OrOmerShelly.Coordinator|Day 6: Campaign total budget bid: 1692.5160018444722
04/04 12:19:01 INFO OrOmerShelly.Coordinator|Day 6: Adjusting ucs bid: was 0.13579133095761456 level reported: 0.47829690000000014 target: 0.8 adjusted: 0.1794758230798051
04/04 12:19:01 SEVERE OrOmerShelly.OOSAgent|Exception thrown while trying to parse message.java.lang.NullPointerException
04/04 12:19:01 INFO OrOmerShelly.Coordinator|Day 6 : Simulation Status Received
04/04 12:19:01 WARNING OrOmerShelly.Coordinator|BidBundle is null!
04/04 12:19:01 INFO OrOmerShelly.Coordinator|Day 6 ended. Starting next day
04/04 12:19:12 INFO OrOmerShelly.Coordinator|Day 7 :BankStatus[-0.874800]
04/04 12:19:12 INFO OrOmerShelly.OOSAgent|UNKNOWN Message Received: (CampaignAuctionReport CampaignAuctionReportEntry [actualBid=2307.0, effectiveBid=1846.3608357742585] CampaignAuctionReportEntry [actualBid=1692.0, effectiveBid=676.8000000000001])
04/04 12:19:12 SEVERE OrOmerShelly.OOSAgent|Exception thrown while trying to parse message.java.lang.NullPointerException
04/04 12:19:12 SEVERE OrOmerShelly.OOSAgent|Exception thrown while trying to parse message.java.lang.NullPointerException
04/04 12:19:12 INFO OrOmerShelly.Coordinator|Day 7: Campaign opportunity - Campaign ID 10356348: day 9 to 18 [HIGH_INCOME, OLD], reach: 6250 coefs: (v=2.0, m=1.5)
04/04 12:19:12 INFO OrOmerShelly.Coordinator|Day 7: Campaign total budget bid: 496.589084908827
04/04 12:19:12 INFO OrOmerShelly.Coordinator|Day 7: Adjusting ucs bid: was 0.1794758230798051 level reported: 0.47829690000000014 target: 0.8 adjusted: 0.13227062005718515
04/04 12:19:12 SEVERE OrOmerShelly.OOSAgent|Exception thrown while trying to parse message.java.lang.NullPointerException
04/04 12:19:12 INFO OrOmerShelly.Coordinator|Day 7 : Simulation Status Received
04/04 12:19:12 WARNING OrOmerShelly.Coordinator|BidBundle is null!
04/04 12:19:12 INFO OrOmerShelly.Coordinator|Day 7 ended. Starting next day
04/04 12:19:21 INFO OrOmerShelly.Coordinator|Day 8 :BankStatus[-1.020600]
04/04 12:19:21 INFO OrOmerShelly.OOSAgent|UNKNOWN Message Received: (CampaignAuctionReport CampaignAuctionReportEntry [actualBid=3276.0, effectiveBid=3016.785149962863])
04/04 12:19:21 SEVERE OrOmerShelly.OOSAgent|Exception thrown while trying to parse message.java.lang.NullPointerException
04/04 12:19:21 SEVERE OrOmerShelly.OOSAgent|Exception thrown while trying to parse message.java.lang.NullPointerException
04/04 12:19:21 INFO OrOmerShelly.Coordinator|Day 8: Campaign opportunity - Campaign ID 25224513: day 10 to 12 [OLD, MALE], reach: 6250 coefs: (v=2.0, m=1.5)
04/04 12:19:21 INFO OrOmerShelly.Coordinator|Day 8: Campaign total budget bid: 1683.8109237118372
04/04 12:19:21 INFO OrOmerShelly.Coordinator|Day 8: Adjusting ucs bid: was 0.13227062005718515 level reported: 0.47829690000000014 target: 0.8 adjusted: 0.17482248856850377
04/04 12:19:21 SEVERE OrOmerShelly.OOSAgent|Exception thrown while trying to parse message.java.lang.NullPointerException
04/04 12:19:21 INFO OrOmerShelly.Coordinator|Day 8 : Simulation Status Received
04/04 12:19:21 WARNING OrOmerShelly.Coordinator|BidBundle is null!
04/04 12:19:21 INFO OrOmerShelly.Coordinator|Day 8 ended. Starting next day
04/04 12:19:31 INFO OrOmerShelly.Coordinator|Day 9 :BankStatus[-1.166400]
04/04 12:19:31 INFO OrOmerShelly.OOSAgent|UNKNOWN Message Received: (CampaignAuctionReport CampaignAuctionReportEntry [actualBid=2097.0, effectiveBid=1931.0740108278767])
04/04 12:19:31 SEVERE OrOmerShelly.OOSAgent|Exception thrown while trying to parse message.java.lang.NullPointerException
04/04 12:19:31 SEVERE OrOmerShelly.OOSAgent|Exception thrown while trying to parse message.java.lang.NullPointerException
04/04 12:19:31 INFO OrOmerShelly.Coordinator|Day 9: Campaign opportunity - Campaign ID 28627237: day 11 to 20 [FEMALE, HIGH_INCOME], reach: 3750 coefs: (v=2.0, m=1.5)
04/04 12:19:31 INFO OrOmerShelly.Coordinator|Day 9: Campaign total budget bid: 298.5524728732715
04/04 12:19:31 INFO OrOmerShelly.Coordinator|Day 9: Adjusting ucs bid: was 0.17482248856850377 level reported: 0.47829690000000014 target: 0.8 adjusted: 0.10733990563395748
04/04 12:19:31 SEVERE OrOmerShelly.OOSAgent|Exception thrown while trying to parse message.java.lang.NullPointerException
04/04 12:19:32 INFO OrOmerShelly.Coordinator|Day 9 : Simulation Status Received
04/04 12:19:32 WARNING OrOmerShelly.Coordinator|BidBundle is null!
04/04 12:19:32 INFO OrOmerShelly.Coordinator|Day 9 ended. Starting next day
04/04 12:19:41 INFO OrOmerShelly.Coordinator|Day 10 :BankStatus[-1.312200]
04/04 12:19:41 INFO OrOmerShelly.OOSAgent|UNKNOWN Message Received: (CampaignAuctionReport CampaignAuctionReportEntry [actualBid=2736.0, effectiveBid=2519.512872496457])
04/04 12:19:41 SEVERE OrOmerShelly.OOSAgent|Exception thrown while trying to parse message.java.lang.NullPointerException
04/04 12:19:41 INFO OrOmerShelly.Coordinator|Day 10: Campaign opportunity - Campaign ID 23582994: day 12 to 14 [LOW_INCOME, YOUNG], reach: 12500 coefs: (v=2.0, m=1.5)
04/04 12:19:41 INFO OrOmerShelly.Coordinator|Day 10: Campaign total budget bid: 3314.8505302961707
04/04 12:19:41 INFO OrOmerShelly.Coordinator|Day 10: Adjusting ucs bid: was 0.10733990563395748 level reported: 0.47829690000000014 target: 0.8 adjusted: 0.14187148603010907
04/04 12:19:41 SEVERE OrOmerShelly.OOSAgent|Exception thrown while trying to parse message.java.lang.NullPointerException
04/04 12:19:41 INFO OrOmerShelly.Coordinator|Day 10 : Simulation Status Received
04/04 12:19:41 WARNING OrOmerShelly.Coordinator|BidBundle is null!
04/04 12:19:41 INFO OrOmerShelly.Coordinator|Day 10 ended. Starting next day
04/04 12:19:51 INFO OrOmerShelly.Coordinator|Day 11 :BankStatus[-1.458000]
04/04 12:19:51 INFO OrOmerShelly.OOSAgent|UNKNOWN Message Received: (CampaignAuctionReport CampaignAuctionReportEntry [actualBid=3016.0, effectiveBid=2923.2867527952567])
04/04 12:19:51 SEVERE OrOmerShelly.OOSAgent|Exception thrown while trying to parse message.java.lang.NullPointerException
04/04 12:19:51 INFO OrOmerShelly.Coordinator|Day 11: Campaign opportunity - Campaign ID 17656188: day 13 to 22 [FEMALE, YOUNG], reach: 12500 coefs: (v=2.0, m=1.5)
04/04 12:19:51 INFO OrOmerShelly.Coordinator|Day 11: Campaign total budget bid: 1008.3930896322057
04/04 12:19:51 INFO OrOmerShelly.Coordinator|Day 11: Adjusting ucs bid: was 0.14187148603010907 level reported: 0.47829690000000014 target: 0.8 adjusted: 0.1169043759753312
04/04 12:19:51 SEVERE OrOmerShelly.OOSAgent|Exception thrown while trying to parse message.java.lang.NullPointerException
04/04 12:19:52 INFO OrOmerShelly.Coordinator|Day 11 : Simulation Status Received
04/04 12:19:52 WARNING OrOmerShelly.Coordinator|BidBundle is null!
04/04 12:19:52 INFO OrOmerShelly.Coordinator|Day 11 ended. Starting next day
04/04 12:20:02 INFO OrOmerShelly.Coordinator|Day 12 :BankStatus[-1.603800]
04/04 12:20:02 SEVERE OrOmerShelly.OOSAgent|Exception thrown while trying to parse message.java.lang.NullPointerException
04/04 12:20:02 INFO OrOmerShelly.Coordinator|Day 12: Campaign opportunity - Campaign ID 8514363: day 14 to 23 [FEMALE, LOW_INCOME], reach: 6250 coefs: (v=2.0, m=1.5)
04/04 12:20:02 INFO OrOmerShelly.Coordinator|Day 12: Campaign total budget bid: 496.6688073436621
04/04 12:20:02 INFO OrOmerShelly.Coordinator|Day 12: Adjusting ucs bid: was 0.1169043759753312 level reported: 0.47829690000000014 target: 0.8 adjusted: 0.15235785642464927
04/04 12:20:02 SEVERE OrOmerShelly.OOSAgent|Exception thrown while trying to parse message.java.lang.NullPointerException
04/04 12:20:03 INFO OrOmerShelly.Coordinator|Day 12 : Simulation Status Received
04/04 12:20:03 WARNING OrOmerShelly.Coordinator|BidBundle is null!
04/04 12:20:03 INFO OrOmerShelly.Coordinator|Day 12 ended. Starting next day
04/04 12:20:13 INFO OrOmerShelly.Coordinator|Day 13 :BankStatus[-1.749600]
04/04 12:20:13 SEVERE OrOmerShelly.OOSAgent|Exception thrown while trying to parse message.java.lang.NullPointerException
04/04 12:20:13 INFO OrOmerShelly.Coordinator|Day 13: Campaign opportunity - Campaign ID 16891369: day 15 to 24 [FEMALE, LOW_INCOME], reach: 12500 coefs: (v=2.0, m=1.5)
04/04 12:20:13 INFO OrOmerShelly.Coordinator|Day 13: Campaign total budget bid: 993.3376146873242
04/04 12:20:13 INFO OrOmerShelly.Coordinator|Day 13: Adjusting ucs bid: was 0.15235785642464927 level reported: 0.47829690000000014 target: 0.8 adjusted: 0.13609706818769757
04/04 12:20:13 SEVERE OrOmerShelly.OOSAgent|Exception thrown while trying to parse message.java.lang.NullPointerException
04/04 12:20:13 INFO OrOmerShelly.Coordinator|Day 13 : Simulation Status Received
04/04 12:20:13 WARNING OrOmerShelly.Coordinator|BidBundle is null!
04/04 12:20:13 INFO OrOmerShelly.Coordinator|Day 13 ended. Starting next day
04/04 12:20:21 INFO OrOmerShelly.Coordinator|Day 14 :BankStatus[-1.895400]
04/04 12:20:21 SEVERE OrOmerShelly.OOSAgent|Exception thrown while trying to parse message.java.lang.NullPointerException
04/04 12:20:21 INFO OrOmerShelly.Coordinator|Day 14: Campaign opportunity - Campaign ID 6701376: day 16 to 20 [FEMALE, OLD], reach: 12500 coefs: (v=2.0, m=1.5)
04/04 12:20:21 INFO OrOmerShelly.Coordinator|Day 14: Campaign total budget bid: 1961.0173517992612
04/04 12:20:21 INFO OrOmerShelly.Coordinator|Day 14: Adjusting ucs bid: was 0.13609706818769757 level reported: 0.47829690000000014 target: 0.8 adjusted: 0.16988715303051544
04/04 12:20:21 SEVERE OrOmerShelly.OOSAgent|Exception thrown while trying to parse message.java.lang.NullPointerException
04/04 12:20:22 INFO OrOmerShelly.Coordinator|Day 14 : Simulation Status Received
04/04 12:20:22 WARNING OrOmerShelly.Coordinator|BidBundle is null!
04/04 12:20:22 INFO OrOmerShelly.Coordinator|Day 14 ended. Starting next day
04/04 12:20:32 INFO OrOmerShelly.Coordinator|Day 15 :BankStatus[-2.041200]
04/04 12:20:32 SEVERE OrOmerShelly.OOSAgent|Exception thrown while trying to parse message.java.lang.NullPointerException
04/04 12:20:32 INFO OrOmerShelly.Coordinator|Day 15: Campaign opportunity - Campaign ID 27223489: day 17 to 21 [OLD, MALE], reach: 3750 coefs: (v=2.0, m=1.5)
04/04 12:20:32 INFO OrOmerShelly.Coordinator|Day 15: Campaign total budget bid: 606.1719325362614
04/04 12:20:32 INFO OrOmerShelly.Coordinator|Day 15: Adjusting ucs bid: was 0.16988715303051544 level reported: 0.47829690000000014 target: 0.8 adjusted: 0.1709162298183895
04/04 12:20:32 SEVERE OrOmerShelly.OOSAgent|Exception thrown while trying to parse message.java.lang.NullPointerException
04/04 12:20:32 INFO OrOmerShelly.Coordinator|Day 15 : Simulation Status Received
04/04 12:20:32 WARNING OrOmerShelly.Coordinator|BidBundle is null!
04/04 12:20:32 INFO OrOmerShelly.Coordinator|Day 15 ended. Starting next day
04/04 12:20:42 INFO OrOmerShelly.Coordinator|Day 16 :BankStatus[-2.187000]
04/04 12:20:42 SEVERE OrOmerShelly.OOSAgent|Exception thrown while trying to parse message.java.lang.NullPointerException
04/04 12:20:42 INFO OrOmerShelly.Coordinator|Day 16: Campaign opportunity - Campaign ID 11328911: day 18 to 22 [HIGH_INCOME, YOUNG], reach: 6250 coefs: (v=2.0, m=1.5)
04/04 12:20:42 INFO OrOmerShelly.Coordinator|Day 16: Campaign total budget bid: 1015.5096011066831
04/04 12:20:42 INFO OrOmerShelly.Coordinator|Day 16: Adjusting ucs bid: was 0.1709162298183895 level reported: 0.47829690000000014 target: 0.8 adjusted: 0.1284466672626965
04/04 12:20:42 SEVERE OrOmerShelly.OOSAgent|Exception thrown while trying to parse message.java.lang.NullPointerException
04/04 12:20:43 INFO OrOmerShelly.Coordinator|Day 16 : Simulation Status Received
04/04 12:20:43 WARNING OrOmerShelly.Coordinator|BidBundle is null!
04/04 12:20:43 INFO OrOmerShelly.Coordinator|Day 16 ended. Starting next day
04/04 12:20:51 INFO OrOmerShelly.Coordinator|Day 17 :BankStatus[-2.332800]
04/04 12:20:51 INFO OrOmerShelly.OOSAgent|UNKNOWN Message Received: (CampaignAuctionReport CampaignAuctionReportEntry [actualBid=2288.0, effectiveBid=1517.9558631177529])
04/04 12:20:51 SEVERE OrOmerShelly.OOSAgent|Exception thrown while trying to parse message.java.lang.NullPointerException
04/04 12:20:51 INFO OrOmerShelly.Coordinator|Day 17: Campaign opportunity - Campaign ID 1608276: day 19 to 23 [FEMALE, OLD], reach: 12500 coefs: (v=2.0, m=1.5)
04/04 12:20:51 INFO OrOmerShelly.Coordinator|Day 17: Campaign total budget bid: 1961.0173517992612
04/04 12:20:51 INFO OrOmerShelly.Coordinator|Day 17: Adjusting ucs bid: was 0.1284466672626965 level reported: 0.47829690000000014 target: 0.8 adjusted: 0.10538213950904965
04/04 12:20:51 SEVERE OrOmerShelly.OOSAgent|Exception thrown while trying to parse message.java.lang.NullPointerException
04/04 12:20:52 INFO OrOmerShelly.Coordinator|Day 17 : Simulation Status Received
04/04 12:20:52 WARNING OrOmerShelly.Coordinator|BidBundle is null!
04/04 12:20:52 INFO OrOmerShelly.Coordinator|Day 17 ended. Starting next day
04/04 12:21:02 INFO OrOmerShelly.Coordinator|Day 18 :BankStatus[-2.478600]
04/04 12:21:02 INFO OrOmerShelly.OOSAgent|UNKNOWN Message Received: (CampaignAuctionReport CampaignAuctionReportEntry [actualBid=3023.0, effectiveBid=2005.5859152993735])
04/04 12:21:02 SEVERE OrOmerShelly.OOSAgent|Exception thrown while trying to parse message.java.lang.NullPointerException
04/04 12:21:02 INFO OrOmerShelly.Coordinator|Day 18: Campaign opportunity - Campaign ID 6461899: day 20 to 24 [LOW_INCOME, OLD], reach: 6250 coefs: (v=2.0, m=1.5)
04/04 12:21:02 INFO OrOmerShelly.Coordinator|Day 18: Campaign total budget bid: 997.1796934257029
04/04 12:21:02 INFO OrOmerShelly.Coordinator|Day 18: Adjusting ucs bid: was 0.10538213950904965 level reported: 0.47829690000000014 target: 0.8 adjusted: 0.1392839004737434
04/04 12:21:02 SEVERE OrOmerShelly.OOSAgent|Exception thrown while trying to parse message.java.lang.NullPointerException
04/04 12:21:02 INFO OrOmerShelly.Coordinator|Day 18 : Simulation Status Received
04/04 12:21:02 WARNING OrOmerShelly.Coordinator|BidBundle is null!
04/04 12:21:02 INFO OrOmerShelly.Coordinator|Day 18 ended. Starting next day
04/04 12:21:12 INFO OrOmerShelly.Coordinator|Day 19 :BankStatus[-2.624400]
04/04 12:21:12 INFO OrOmerShelly.OOSAgent|UNKNOWN Message Received: (CampaignAuctionReport CampaignAuctionReportEntry [actualBid=3027.0, effectiveBid=2008.239684290838])
04/04 12:21:12 SEVERE OrOmerShelly.OOSAgent|Exception thrown while trying to parse message.java.lang.NullPointerException
04/04 12:21:12 INFO OrOmerShelly.Coordinator|Day 19: Campaign opportunity - Campaign ID 6775483: day 21 to 30 [YOUNG, MALE], reach: 3750 coefs: (v=2.0, m=1.5)
04/04 12:21:12 INFO OrOmerShelly.Coordinator|Day 19: Campaign total budget bid: 300.4126882053047
04/04 12:21:12 INFO OrOmerShelly.Coordinator|Day 19: Adjusting ucs bid: was 0.1392839004737434 level reported: 0.47829690000000014 target: 0.8 adjusted: 0.1545464453465445
04/04 12:21:12 SEVERE OrOmerShelly.OOSAgent|Exception thrown while trying to parse message.java.lang.NullPointerException
04/04 12:21:13 INFO OrOmerShelly.Coordinator|Day 19 : Simulation Status Received
04/04 12:21:13 WARNING OrOmerShelly.Coordinator|BidBundle is null!
04/04 12:21:13 INFO OrOmerShelly.Coordinator|Day 19 ended. Starting next day
04/04 12:21:21 INFO OrOmerShelly.Coordinator|Day 20 :BankStatus[-2.770200]
04/04 12:21:21 INFO OrOmerShelly.OOSAgent|UNKNOWN Message Received: (CampaignAuctionReport CampaignAuctionReportEntry [actualBid=2996.0, effectiveBid=2595.894489977732])
04/04 12:21:21 SEVERE OrOmerShelly.OOSAgent|Exception thrown while trying to parse message.java.lang.NullPointerException
04/04 12:21:21 INFO OrOmerShelly.Coordinator|Day 20: Campaign opportunity - Campaign ID 32679913: day 22 to 26 [LOW_INCOME, MALE], reach: 6250 coefs: (v=2.0, m=1.5)
04/04 12:21:21 INFO OrOmerShelly.Coordinator|Day 20: Campaign total budget bid: 998.3059052273287
04/04 12:21:21 INFO OrOmerShelly.Coordinator|Day 20: Adjusting ucs bid: was 0.1545464453465445 level reported: 0.47829690000000014 target: 0.8 adjusted: 0.1629946344765839
04/04 12:21:21 SEVERE OrOmerShelly.OOSAgent|Exception thrown while trying to parse message.java.lang.NullPointerException
04/04 12:21:21 INFO OrOmerShelly.Coordinator|Day 20 : Simulation Status Received
04/04 12:21:21 WARNING OrOmerShelly.Coordinator|BidBundle is null!
04/04 12:21:21 INFO OrOmerShelly.Coordinator|Day 20 ended. Starting next day
04/04 12:21:31 INFO OrOmerShelly.Coordinator|Day 21 :BankStatus[-2.916000]
04/04 12:21:31 INFO OrOmerShelly.OOSAgent|UNKNOWN Message Received: (CampaignAuctionReport CampaignAuctionReportEntry [actualBid=2424.0, effectiveBid=2100.2831254025446])
04/04 12:21:31 SEVERE OrOmerShelly.OOSAgent|Exception thrown while trying to parse message.java.lang.NullPointerException
04/04 12:21:31 INFO OrOmerShelly.Coordinator|Day 21: Campaign opportunity - Campaign ID 25368306: day 23 to 27 [LOW_INCOME, MALE], reach: 6250 coefs: (v=2.0, m=1.5)
04/04 12:21:31 INFO OrOmerShelly.Coordinator|Day 21: Campaign total budget bid: 998.3059052273287
04/04 12:21:31 INFO OrOmerShelly.Coordinator|Day 21: Adjusting ucs bid: was 0.1629946344765839 level reported: 0.47829690000000014 target: 0.8 adjusted: 0.11200253509446315
04/04 12:21:31 SEVERE OrOmerShelly.OOSAgent|Exception thrown while trying to parse message.java.lang.NullPointerException
04/04 12:21:32 INFO OrOmerShelly.Coordinator|Day 21 : Simulation Status Received
04/04 12:21:32 WARNING OrOmerShelly.Coordinator|BidBundle is null!
04/04 12:21:32 INFO OrOmerShelly.Coordinator|Day 21 ended. Starting next day
04/04 12:21:41 INFO OrOmerShelly.Coordinator|Day 22 :BankStatus[-3.061800]
04/04 12:21:41 INFO OrOmerShelly.OOSAgent|UNKNOWN Message Received: (CampaignAuctionReport CampaignAuctionReportEntry [actualBid=2041.0, effectiveBid=1934.8496545859225])
04/04 12:21:41 SEVERE OrOmerShelly.OOSAgent|Exception thrown while trying to parse message.java.lang.NullPointerException
04/04 12:21:41 INFO OrOmerShelly.Coordinator|Day 22: Campaign opportunity - Campaign ID 4587034: day 24 to 28 [LOW_INCOME, MALE], reach: 12500 coefs: (v=2.0, m=1.5)
04/04 12:21:41 INFO OrOmerShelly.Coordinator|Day 22: Campaign total budget bid: 1996.6118104546574
04/04 12:21:41 INFO OrOmerShelly.Coordinator|Day 22: Adjusting ucs bid: was 0.11200253509446315 level reported: 0.47829690000000014 target: 0.8 adjusted: 0.14803409784221072
04/04 12:21:41 SEVERE OrOmerShelly.OOSAgent|Exception thrown while trying to parse message.java.lang.NullPointerException
04/04 12:21:41 INFO OrOmerShelly.Coordinator|Day 22 : Simulation Status Received
04/04 12:21:41 WARNING OrOmerShelly.Coordinator|BidBundle is null!
04/04 12:21:41 INFO OrOmerShelly.Coordinator|Day 22 ended. Starting next day
04/04 12:21:52 INFO OrOmerShelly.Coordinator|Day 23 :BankStatus[-3.207600]
04/04 12:21:52 INFO OrOmerShelly.OOSAgent|UNKNOWN Message Received: (CampaignAuctionReport CampaignAuctionReportEntry [actualBid=3005.0, effectiveBid=2848.7129897259665])
04/04 12:21:52 SEVERE OrOmerShelly.OOSAgent|Exception thrown while trying to parse message.java.lang.NullPointerException
04/04 12:21:52 INFO OrOmerShelly.Coordinator|Day 23: Campaign opportunity - Campaign ID 30302572: day 25 to 27 [FEMALE, LOW_INCOME], reach: 3750 coefs: (v=2.0, m=1.5)
04/04 12:21:52 INFO OrOmerShelly.Coordinator|Day 23: Campaign total budget bid: 993.3376146873242
04/04 12:21:52 INFO OrOmerShelly.Coordinator|Day 23: Adjusting ucs bid: was 0.14803409784221072 level reported: 0.47829690000000014 target: 0.8 adjusted: 0.12501455400656958
04/04 12:21:52 SEVERE OrOmerShelly.OOSAgent|Exception thrown while trying to parse message.java.lang.NullPointerException
04/04 12:21:53 INFO OrOmerShelly.Coordinator|Day 23 : Simulation Status Received
04/04 12:21:53 WARNING OrOmerShelly.Coordinator|BidBundle is null!
04/04 12:21:53 INFO OrOmerShelly.Coordinator|Day 23 ended. Starting next day
04/04 12:22:01 INFO OrOmerShelly.Coordinator|Day 24 :BankStatus[-3.353400]
04/04 12:22:01 SEVERE OrOmerShelly.OOSAgent|Exception thrown while trying to parse message.java.lang.NullPointerException
04/04 12:22:01 INFO OrOmerShelly.Coordinator|Day 24: Campaign opportunity - Campaign ID 1645591: day 26 to 35 [OLD, MALE], reach: 12500 coefs: (v=2.0, m=1.5)
04/04 12:22:01 INFO OrOmerShelly.Coordinator|Day 24: Campaign total budget bid: 1010.2865542271022
04/04 12:22:01 INFO OrOmerShelly.Coordinator|Day 24: Adjusting ucs bid: was 0.12501455400656958 level reported: 0.47829690000000014 target: 0.8 adjusted: 0.1652321235756004
04/04 12:22:01 SEVERE OrOmerShelly.OOSAgent|Exception thrown while trying to parse message.java.lang.NullPointerException
04/04 12:22:01 INFO OrOmerShelly.Coordinator|Day 24 : Simulation Status Received
04/04 12:22:01 WARNING OrOmerShelly.Coordinator|BidBundle is null!
04/04 12:22:01 INFO OrOmerShelly.Coordinator|Day 24 ended. Starting next day
04/04 12:22:12 INFO OrOmerShelly.Coordinator|Day 25 :BankStatus[-3.499200]
04/04 12:22:12 INFO OrOmerShelly.OOSAgent|UNKNOWN Message Received: (CampaignAuctionReport CampaignAuctionReportEntry [actualBid=2991.0, effectiveBid=2249.991751832188])
04/04 12:22:12 SEVERE OrOmerShelly.OOSAgent|Exception thrown while trying to parse message.java.lang.NullPointerException
04/04 12:22:12 INFO OrOmerShelly.Coordinator|Day 25: Campaign opportunity - Campaign ID 26655601: day 27 to 31 [FEMALE, YOUNG], reach: 6250 coefs: (v=2.0, m=1.5)
04/04 12:22:12 INFO OrOmerShelly.Coordinator|Day 25: Campaign total budget bid: 1008.3930896322057
04/04 12:22:12 INFO OrOmerShelly.Coordinator|Day 25: Adjusting ucs bid: was 0.1652321235756004 level reported: 0.47829690000000014 target: 0.8 adjusted: 0.17414983092193814
04/04 12:22:12 SEVERE OrOmerShelly.OOSAgent|Exception thrown while trying to parse message.java.lang.NullPointerException
04/04 12:22:13 INFO OrOmerShelly.Coordinator|Day 25 : Simulation Status Received
04/04 12:22:13 WARNING OrOmerShelly.Coordinator|BidBundle is null!
04/04 12:22:13 INFO OrOmerShelly.Coordinator|Day 25 ended. Starting next day
04/04 12:22:22 INFO OrOmerShelly.Coordinator|Day 26 :BankStatus[-3.645000]
04/04 12:22:22 SEVERE OrOmerShelly.OOSAgent|Exception thrown while trying to parse message.java.lang.NullPointerException
04/04 12:22:22 INFO OrOmerShelly.Coordinator|Day 26: Campaign opportunity - Campaign ID 24479125: day 28 to 32 [FEMALE, YOUNG], reach: 3750 coefs: (v=2.0, m=1.5)
04/04 12:22:22 INFO OrOmerShelly.Coordinator|Day 26: Campaign total budget bid: 605.0358537793234
04/04 12:22:22 INFO OrOmerShelly.Coordinator|Day 26: Adjusting ucs bid: was 0.17414983092193814 level reported: 0.47829690000000014 target: 0.8 adjusted: 0.1771129036038809
04/04 12:22:22 SEVERE OrOmerShelly.OOSAgent|Exception thrown while trying to parse message.java.lang.NullPointerException
04/04 12:22:22 INFO OrOmerShelly.Coordinator|Day 26 : Simulation Status Received
04/04 12:22:22 WARNING OrOmerShelly.Coordinator|BidBundle is null!
04/04 12:22:22 INFO OrOmerShelly.Coordinator|Day 26 ended. Starting next day
04/04 12:22:32 INFO OrOmerShelly.Coordinator|Day 27 :BankStatus[-3.790800]
04/04 12:22:32 SEVERE OrOmerShelly.OOSAgent|Exception thrown while trying to parse message.java.lang.NullPointerException
04/04 12:22:32 INFO OrOmerShelly.Coordinator|Day 27: Campaign opportunity - Campaign ID 29067188: day 29 to 33 [FEMALE, YOUNG], reach: 3750 coefs: (v=2.0, m=1.5)
04/04 12:22:32 INFO OrOmerShelly.Coordinator|Day 27: Campaign total budget bid: 605.0358537793234
04/04 12:22:32 INFO OrOmerShelly.Coordinator|Day 27: Adjusting ucs bid: was 0.1771129036038809 level reported: 0.47829690000000014 target: 0.8 adjusted: 0.19582177147706872
04/04 12:22:32 SEVERE OrOmerShelly.OOSAgent|Exception thrown while trying to parse message.java.lang.NullPointerException
04/04 12:22:33 INFO OrOmerShelly.Coordinator|Day 27 : Simulation Status Received
04/04 12:22:33 WARNING OrOmerShelly.Coordinator|BidBundle is null!
04/04 12:22:33 INFO OrOmerShelly.Coordinator|Day 27 ended. Starting next day
04/04 12:22:41 INFO OrOmerShelly.Coordinator|Day 28 :BankStatus[-3.936600]
04/04 12:22:41 SEVERE OrOmerShelly.OOSAgent|Exception thrown while trying to parse message.java.lang.NullPointerException
04/04 12:22:41 INFO OrOmerShelly.Coordinator|Day 28: Campaign opportunity - Campaign ID 11813245: day 30 to 39 [OLD, MALE], reach: 12500 coefs: (v=2.0, m=1.5)
04/04 12:22:41 INFO OrOmerShelly.Coordinator|Day 28: Campaign total budget bid: 1010.2865542271022
04/04 12:22:41 INFO OrOmerShelly.Coordinator|Day 28: Adjusting ucs bid: was 0.19582177147706872 level reported: 0.47829690000000014 target: 0.8 adjusted: 0.16090720751988938
04/04 12:22:41 SEVERE OrOmerShelly.OOSAgent|Exception thrown while trying to parse message.java.lang.NullPointerException
04/04 12:22:41 INFO OrOmerShelly.Coordinator|Day 28 : Simulation Status Received
04/04 12:22:41 WARNING OrOmerShelly.Coordinator|BidBundle is null!
04/04 12:22:41 INFO OrOmerShelly.Coordinator|Day 28 ended. Starting next day
04/04 12:22:51 INFO OrOmerShelly.Coordinator|Day 29 :BankStatus[-4.082400]
04/04 12:22:51 INFO OrOmerShelly.OOSAgent|UNKNOWN Message Received: (CampaignAuctionReport CampaignAuctionReportEntry [actualBid=3130.0, effectiveBid=2034.143917421095])
04/04 12:22:51 SEVERE OrOmerShelly.OOSAgent|Exception thrown while trying to parse message.java.lang.NullPointerException
04/04 12:22:51 INFO OrOmerShelly.Coordinator|Day 29: Campaign opportunity - Campaign ID 6036822: day 31 to 35 [LOW_INCOME, OLD], reach: 12500 coefs: (v=2.0, m=1.5)
04/04 12:22:51 INFO OrOmerShelly.Coordinator|Day 29: Campaign total budget bid: 1994.3593868514058
04/04 12:22:51 INFO OrOmerShelly.Coordinator|Day 29: Adjusting ucs bid: was 0.16090720751988938 level reported: 0.47829690000000014 target: 0.8 adjusted: 0.15419726315890567
04/04 12:22:51 SEVERE OrOmerShelly.OOSAgent|Exception thrown while trying to parse message.java.lang.NullPointerException
04/04 12:22:51 INFO OrOmerShelly.Coordinator|Day 29 : Simulation Status Received
04/04 12:22:51 WARNING OrOmerShelly.Coordinator|BidBundle is null!
04/04 12:22:51 INFO OrOmerShelly.Coordinator|Day 29 ended. Starting next day
04/04 12:23:01 INFO OrOmerShelly.Coordinator|Day 30 :BankStatus[-4.228200]
04/04 12:23:01 INFO OrOmerShelly.OOSAgent|UNKNOWN Message Received: (CampaignAuctionReport CampaignAuctionReportEntry [actualBid=2336.0, effectiveBid=2010.9787536776519])
04/04 12:23:01 SEVERE OrOmerShelly.OOSAgent|Exception thrown while trying to parse message.java.lang.NullPointerException
04/04 12:23:01 INFO OrOmerShelly.Coordinator|Day 30: Campaign opportunity - Campaign ID 33182803: day 32 to 34 [FEMALE, OLD], reach: 6250 coefs: (v=2.0, m=1.5)
04/04 12:23:01 INFO OrOmerShelly.Coordinator|Day 30: Campaign total budget bid: 1634.1811264993844
04/04 12:23:01 INFO OrOmerShelly.Coordinator|Day 30: Adjusting ucs bid: was 0.15419726315890567 level reported: 0.47829690000000014 target: 0.8 adjusted: 0.17376271024034204
04/04 12:23:01 SEVERE OrOmerShelly.OOSAgent|Exception thrown while trying to parse message.java.lang.NullPointerException
04/04 12:23:01 INFO OrOmerShelly.Coordinator|Day 30 : Simulation Status Received
04/04 12:23:01 WARNING OrOmerShelly.Coordinator|BidBundle is null!
04/04 12:23:01 INFO OrOmerShelly.Coordinator|Day 30 ended. Starting next day
04/04 12:23:13 INFO OrOmerShelly.Coordinator|Day 31 :BankStatus[-4.374000]
04/04 12:23:13 INFO OrOmerShelly.OOSAgent|UNKNOWN Message Received: (CampaignAuctionReport CampaignAuctionReportEntry [actualBid=2102.0, effectiveBid=1809.5365326328872])
04/04 12:23:13 SEVERE OrOmerShelly.OOSAgent|Exception thrown while trying to parse message.java.lang.NullPointerException
04/04 12:23:13 INFO OrOmerShelly.Coordinator|Day 31: Campaign opportunity - Campaign ID 28492541: day 33 to 37 [HIGH_INCOME, YOUNG], reach: 6250 coefs: (v=2.0, m=1.5)
04/04 12:23:13 INFO OrOmerShelly.Coordinator|Day 31: Campaign total budget bid: 1015.5096011066831
04/04 12:23:13 INFO OrOmerShelly.Coordinator|Day 31: Adjusting ucs bid: was 0.17376271024034204 level reported: 0.47829690000000014 target: 0.8 adjusted: 0.12757621090680094
04/04 12:23:13 SEVERE OrOmerShelly.OOSAgent|Exception thrown while trying to parse message.java.lang.NullPointerException
04/04 12:23:14 INFO OrOmerShelly.Coordinator|Day 31 : Simulation Status Received
04/04 12:23:14 WARNING OrOmerShelly.Coordinator|BidBundle is null!
04/04 12:23:14 INFO OrOmerShelly.Coordinator|Day 31 ended. Starting next day
04/04 12:23:21 INFO OrOmerShelly.Coordinator|Day 32 :BankStatus[-4.519800]
04/04 12:23:21 INFO OrOmerShelly.OOSAgent|UNKNOWN Message Received: (CampaignAuctionReport CampaignAuctionReportEntry [actualBid=2031.0, effectiveBid=1921.9531615321425])
04/04 12:23:21 SEVERE OrOmerShelly.OOSAgent|Exception thrown while trying to parse message.java.lang.NullPointerException
04/04 12:23:21 INFO OrOmerShelly.Coordinator|Day 32: Campaign opportunity - Campaign ID 5748649: day 34 to 36 [LOW_INCOME, OLD], reach: 6250 coefs: (v=2.0, m=1.5)
04/04 12:23:21 INFO OrOmerShelly.Coordinator|Day 32: Campaign total budget bid: 1661.9661557095048
04/04 12:23:21 INFO OrOmerShelly.Coordinator|Day 32: Adjusting ucs bid: was 0.12757621090680094 level reported: 0.47829690000000014 target: 0.8 adjusted: 0.1686178734417726
04/04 12:23:21 SEVERE OrOmerShelly.OOSAgent|Exception thrown while trying to parse message.java.lang.NullPointerException
04/04 12:23:21 INFO OrOmerShelly.Coordinator|Day 32 : Simulation Status Received
04/04 12:23:21 WARNING OrOmerShelly.Coordinator|BidBundle is null!
04/04 12:23:21 INFO OrOmerShelly.Coordinator|Day 32 ended. Starting next day
04/04 12:23:31 INFO OrOmerShelly.Coordinator|Day 33 :BankStatus[-4.665600]
04/04 12:23:31 INFO OrOmerShelly.OOSAgent|UNKNOWN Message Received: (CampaignAuctionReport CampaignAuctionReportEntry [actualBid=2657.0, effectiveBid=2514.3424668591347])
04/04 12:23:31 SEVERE OrOmerShelly.OOSAgent|Exception thrown while trying to parse message.java.lang.NullPointerException
04/04 12:23:31 INFO OrOmerShelly.Coordinator|Day 33: Campaign opportunity - Campaign ID 32199024: day 35 to 37 [YOUNG, MALE], reach: 12500 coefs: (v=2.0, m=1.5)
04/04 12:23:31 INFO OrOmerShelly.Coordinator|Day 33: Campaign total budget bid: 3337.918757836719
04/04 12:23:31 INFO OrOmerShelly.Coordinator|Day 33: Adjusting ucs bid: was 0.1686178734417726 level reported: 0.47829690000000014 target: 0.8 adjusted: 0.12800573627044592
04/04 12:23:31 SEVERE OrOmerShelly.OOSAgent|Exception thrown while trying to parse message.java.lang.NullPointerException
04/04 12:23:32 INFO OrOmerShelly.Coordinator|Day 33 : Simulation Status Received
04/04 12:23:32 WARNING OrOmerShelly.Coordinator|BidBundle is null!
04/04 12:23:32 INFO OrOmerShelly.Coordinator|Day 33 ended. Starting next day
04/04 12:23:42 INFO OrOmerShelly.Coordinator|Day 34 :BankStatus[-4.811400]
04/04 12:23:42 INFO OrOmerShelly.OOSAgent|UNKNOWN Message Received: (CampaignAuctionReport CampaignAuctionReportEntry [actualBid=3095.0, effectiveBid=2928.825718829139])
04/04 12:23:42 SEVERE OrOmerShelly.OOSAgent|Exception thrown while trying to parse message.java.lang.NullPointerException
04/04 12:23:42 INFO OrOmerShelly.Coordinator|Day 34: Campaign opportunity - Campaign ID 12633801: day 36 to 40 [LOW_INCOME, OLD], reach: 12500 coefs: (v=2.0, m=1.5)
04/04 12:23:42 INFO OrOmerShelly.Coordinator|Day 34: Campaign total budget bid: 1994.3593868514058
04/04 12:23:42 INFO OrOmerShelly.Coordinator|Day 34: Adjusting ucs bid: was 0.12800573627044592 level reported: 0.47829690000000014 target: 0.8 adjusted: 0.16555674640641166
04/04 12:23:42 SEVERE OrOmerShelly.OOSAgent|Exception thrown while trying to parse message.java.lang.NullPointerException
04/04 12:23:42 INFO OrOmerShelly.Coordinator|Day 34 : Simulation Status Received
04/04 12:23:42 WARNING OrOmerShelly.Coordinator|BidBundle is null!
04/04 12:23:42 INFO OrOmerShelly.Coordinator|Day 34 ended. Starting next day
04/04 12:23:53 INFO OrOmerShelly.Coordinator|Day 35 :BankStatus[-4.957200]
04/04 12:23:53 INFO OrOmerShelly.OOSAgent|UNKNOWN Message Received: (CampaignAuctionReport CampaignAuctionReportEntry [actualBid=2286.0, effectiveBid=2163.261904117419])
04/04 12:23:53 SEVERE OrOmerShelly.OOSAgent|Exception thrown while trying to parse message.java.lang.NullPointerException
04/04 12:23:53 INFO OrOmerShelly.Coordinator|Day 35: Campaign opportunity - Campaign ID 16680464: day 37 to 41 [HIGH_INCOME, OLD], reach: 3750 coefs: (v=2.0, m=1.5)
04/04 12:23:53 INFO OrOmerShelly.Coordinator|Day 35: Campaign total budget bid: 595.9069018905924
04/04 12:23:53 INFO OrOmerShelly.Coordinator|Day 35: Adjusting ucs bid: was 0.16555674640641166 level reported: 0.47829690000000014 target: 0.8 adjusted: 0.17125467970486163
04/04 12:23:53 SEVERE OrOmerShelly.OOSAgent|Exception thrown while trying to parse message.java.lang.NullPointerException
04/04 12:23:53 INFO OrOmerShelly.Coordinator|Day 35 : Simulation Status Received
04/04 12:23:53 WARNING OrOmerShelly.Coordinator|BidBundle is null!
04/04 12:23:53 INFO OrOmerShelly.Coordinator|Day 35 ended. Starting next day
04/04 12:24:01 INFO OrOmerShelly.Coordinator|Day 36 :BankStatus[-5.103000]
04/04 12:24:01 SEVERE OrOmerShelly.OOSAgent|Exception thrown while trying to parse message.java.lang.NullPointerException
04/04 12:24:01 INFO OrOmerShelly.Coordinator|Day 36: Campaign opportunity - Campaign ID 24417304: day 38 to 40 [FEMALE, OLD], reach: 3750 coefs: (v=2.0, m=1.5)
04/04 12:24:01 INFO OrOmerShelly.Coordinator|Day 36: Campaign total budget bid: 980.5086758996306
04/04 12:24:01 INFO OrOmerShelly.Coordinator|Day 36: Adjusting ucs bid: was 0.17125467970486163 level reported: 0.47829690000000014 target: 0.8 adjusted: 0.16837317994133613
04/04 12:24:01 SEVERE OrOmerShelly.OOSAgent|Exception thrown while trying to parse message.java.lang.NullPointerException
04/04 12:24:01 INFO OrOmerShelly.Coordinator|Day 36 : Simulation Status Received
04/04 12:24:01 WARNING OrOmerShelly.Coordinator|BidBundle is null!
04/04 12:24:01 INFO OrOmerShelly.Coordinator|Day 36 ended. Starting next day
04/04 12:24:13 INFO OrOmerShelly.Coordinator|Day 37 :BankStatus[-5.248800]
04/04 12:24:13 INFO OrOmerShelly.OOSAgent|UNKNOWN Message Received: (CampaignAuctionReport CampaignAuctionReportEntry [actualBid=2775.0, effectiveBid=2504.6325278827353])
04/04 12:24:13 SEVERE OrOmerShelly.OOSAgent|Exception thrown while trying to parse message.java.lang.NullPointerException
04/04 12:24:13 INFO OrOmerShelly.Coordinator|Day 37: Campaign opportunity - Campaign ID 27723440: day 39 to 43 [FEMALE, HIGH_INCOME], reach: 6250 coefs: (v=2.0, m=1.5)
04/04 12:24:13 INFO OrOmerShelly.Coordinator|Day 37: Campaign total budget bid: 995.1749095775716
04/04 12:24:13 INFO OrOmerShelly.Coordinator|Day 37: Adjusting ucs bid: was 0.16837317994133613 level reported: 0.47829690000000014 target: 0.8 adjusted: 0.17736491788469813
04/04 12:24:13 SEVERE OrOmerShelly.OOSAgent|Exception thrown while trying to parse message.java.lang.NullPointerException
04/04 12:24:13 INFO OrOmerShelly.Coordinator|Day 37 : Simulation Status Received
04/04 12:24:13 WARNING OrOmerShelly.Coordinator|BidBundle is null!
04/04 12:24:13 INFO OrOmerShelly.Coordinator|Day 37 ended. Starting next day
04/04 12:24:21 INFO OrOmerShelly.Coordinator|Day 38 :BankStatus[-5.394600]
04/04 12:24:21 SEVERE OrOmerShelly.OOSAgent|Exception thrown while trying to parse message.java.lang.NullPointerException
04/04 12:24:21 INFO OrOmerShelly.Coordinator|Day 38: Campaign opportunity - Campaign ID 3203803: day 40 to 49 [FEMALE, OLD], reach: 3750 coefs: (v=2.0, m=1.5)
04/04 12:24:21 INFO OrOmerShelly.Coordinator|Day 38: Campaign total budget bid: 294.1526027698892
04/04 12:24:21 INFO OrOmerShelly.Coordinator|Day 38: Adjusting ucs bid: was 0.17736491788469813 level reported: 0.47829690000000014 target: 0.8 adjusted: 0.16766038754077045
04/04 12:24:21 SEVERE OrOmerShelly.OOSAgent|Exception thrown while trying to parse message.java.lang.NullPointerException
04/04 12:24:21 INFO OrOmerShelly.Coordinator|Day 38 : Simulation Status Received
04/04 12:24:21 WARNING OrOmerShelly.Coordinator|BidBundle is null!
04/04 12:24:21 INFO OrOmerShelly.Coordinator|Day 38 ended. Starting next day
04/04 12:24:31 INFO OrOmerShelly.Coordinator|Day 39 :BankStatus[-5.540400]
04/04 12:24:31 INFO OrOmerShelly.OOSAgent|UNKNOWN Message Received: (CampaignAuctionReport CampaignAuctionReportEntry [actualBid=2124.0, effectiveBid=1912.241777075293])
04/04 12:24:31 SEVERE OrOmerShelly.OOSAgent|Exception thrown while trying to parse message.java.lang.NullPointerException
04/04 12:24:31 INFO OrOmerShelly.Coordinator|Day 39: Campaign opportunity - Campaign ID 29608557: day 41 to 50 [LOW_INCOME, OLD], reach: 6250 coefs: (v=2.0, m=1.5)
04/04 12:24:31 INFO OrOmerShelly.Coordinator|Day 39: Campaign total budget bid: 498.58984671285145
04/04 12:24:31 INFO OrOmerShelly.Coordinator|Day 39: Adjusting ucs bid: was 0.16766038754077045 level reported: 0.47829690000000014 target: 0.8 adjusted: 0.12514673413853575
04/04 12:24:31 SEVERE OrOmerShelly.OOSAgent|Exception thrown while trying to parse message.java.lang.NullPointerException
04/04 12:24:32 INFO OrOmerShelly.Coordinator|Day 39 : Simulation Status Received
04/04 12:24:32 WARNING OrOmerShelly.Coordinator|BidBundle is null!
04/04 12:24:32 INFO OrOmerShelly.Coordinator|Day 39 ended. Starting next day
04/04 12:24:41 INFO OrOmerShelly.Coordinator|Day 40 :BankStatus[-5.686200]
04/04 12:24:41 INFO OrOmerShelly.OOSAgent|UNKNOWN Message Received: (CampaignAuctionReport CampaignAuctionReportEntry [actualBid=2734.0, effectiveBid=2461.426091583734])
04/04 12:24:41 SEVERE OrOmerShelly.OOSAgent|Exception thrown while trying to parse message.java.lang.NullPointerException
04/04 12:24:41 INFO OrOmerShelly.Coordinator|Day 40: Campaign opportunity - Campaign ID 20207019: day 42 to 44 [FEMALE, OLD], reach: 12500 coefs: (v=2.0, m=1.5)
04/04 12:24:41 INFO OrOmerShelly.Coordinator|Day 40: Campaign total budget bid: 3268.362252998769
04/04 12:24:41 INFO OrOmerShelly.Coordinator|Day 40: Adjusting ucs bid: was 0.12514673413853575 level reported: 0.47829690000000014 target: 0.8 adjusted: 0.1436245377751779
04/04 12:24:41 SEVERE OrOmerShelly.OOSAgent|Exception thrown while trying to parse message.java.lang.NullPointerException
04/04 12:24:41 INFO OrOmerShelly.Coordinator|Day 40 : Simulation Status Received
04/04 12:24:41 WARNING OrOmerShelly.Coordinator|BidBundle is null!
04/04 12:24:41 INFO OrOmerShelly.Coordinator|Day 40 ended. Starting next day
04/04 12:24:52 INFO OrOmerShelly.Coordinator|Day 41 :BankStatus[-5.832000]
04/04 12:24:52 SEVERE OrOmerShelly.OOSAgent|Exception thrown while trying to parse message.java.lang.NullPointerException
04/04 12:24:52 INFO OrOmerShelly.Coordinator|Day 41: Campaign opportunity - Campaign ID 4812202: day 43 to 47 [FEMALE, YOUNG], reach: 6250 coefs: (v=2.0, m=1.5)
04/04 12:24:52 INFO OrOmerShelly.Coordinator|Day 41: Campaign total budget bid: 1008.3930896322057
04/04 12:24:52 INFO OrOmerShelly.Coordinator|Day 41: Adjusting ucs bid: was 0.1436245377751779 level reported: 0.47829690000000014 target: 0.8 adjusted: 0.14284055029167936
04/04 12:24:52 SEVERE OrOmerShelly.OOSAgent|Exception thrown while trying to parse message.java.lang.NullPointerException
04/04 12:24:52 INFO OrOmerShelly.Coordinator|Day 41 : Simulation Status Received
04/04 12:24:52 WARNING OrOmerShelly.Coordinator|BidBundle is null!
04/04 12:24:52 INFO OrOmerShelly.Coordinator|Day 41 ended. Starting next day
04/04 12:25:01 INFO OrOmerShelly.Coordinator|Day 42 :BankStatus[-5.977800]
04/04 12:25:01 INFO OrOmerShelly.OOSAgent|UNKNOWN Message Received: (CampaignAuctionReport CampaignAuctionReportEntry [actualBid=2446.0, effectiveBid=2201.9205496219956])
04/04 12:25:01 SEVERE OrOmerShelly.OOSAgent|Exception thrown while trying to parse message.java.lang.NullPointerException
04/04 12:25:01 INFO OrOmerShelly.Coordinator|Day 42: Campaign opportunity - Campaign ID 17291090: day 44 to 53 [FEMALE, LOW_INCOME], reach: 3750 coefs: (v=2.0, m=1.5)
04/04 12:25:01 INFO OrOmerShelly.Coordinator|Day 42: Campaign total budget bid: 298.00128440619727
04/04 12:25:01 INFO OrOmerShelly.Coordinator|Day 42: Adjusting ucs bid: was 0.14284055029167936 level reported: 0.47829690000000014 target: 0.8 adjusted: 0.14733247486901527
04/04 12:25:01 SEVERE OrOmerShelly.OOSAgent|Exception thrown while trying to parse message.java.lang.NullPointerException
04/04 12:25:01 INFO OrOmerShelly.Coordinator|Day 42 : Simulation Status Received
04/04 12:25:01 WARNING OrOmerShelly.Coordinator|BidBundle is null!
04/04 12:25:01 INFO OrOmerShelly.Coordinator|Day 42 ended. Starting next day
04/04 12:25:12 INFO OrOmerShelly.Coordinator|Day 43 :BankStatus[-6.123600]
04/04 12:25:12 INFO OrOmerShelly.OOSAgent|UNKNOWN Message Received: (CampaignAuctionReport CampaignAuctionReportEntry [actualBid=3200.0, effectiveBid=2880.681013405718])
04/04 12:25:12 SEVERE OrOmerShelly.OOSAgent|Exception thrown while trying to parse message.java.lang.NullPointerException
04/04 12:25:12 INFO OrOmerShelly.Coordinator|Day 43: Campaign opportunity - Campaign ID 21475198: day 45 to 49 [LOW_INCOME, MALE], reach: 6250 coefs: (v=2.0, m=1.5)
04/04 12:25:12 INFO OrOmerShelly.Coordinator|Day 43: Campaign total budget bid: 998.3059052273287
04/04 12:25:12 INFO OrOmerShelly.Coordinator|Day 43: Adjusting ucs bid: was 0.14733247486901527 level reported: 0.47829690000000014 target: 0.8 adjusted: 0.1726837419379349
04/04 12:25:12 SEVERE OrOmerShelly.OOSAgent|Exception thrown while trying to parse message.java.lang.NullPointerException
04/04 12:25:12 INFO OrOmerShelly.Coordinator|Day 43 : Simulation Status Received
04/04 12:25:12 WARNING OrOmerShelly.Coordinator|BidBundle is null!
04/04 12:25:12 INFO OrOmerShelly.Coordinator|Day 43 ended. Starting next day
04/04 12:25:21 INFO OrOmerShelly.Coordinator|Day 44 :BankStatus[-6.269400]
04/04 12:25:21 INFO OrOmerShelly.OOSAgent|UNKNOWN Message Received: (CampaignAuctionReport CampaignAuctionReportEntry [actualBid=2325.0, effectiveBid=2092.994798802592])
04/04 12:25:21 SEVERE OrOmerShelly.OOSAgent|Exception thrown while trying to parse message.java.lang.NullPointerException
04/04 12:25:21 INFO OrOmerShelly.Coordinator|Day 44: Campaign opportunity - Campaign ID 30922222: day 46 to 50 [OLD, MALE], reach: 6250 coefs: (v=2.0, m=1.5)
04/04 12:25:21 INFO OrOmerShelly.Coordinator|Day 44: Campaign total budget bid: 1010.2865542271022
04/04 12:25:21 INFO OrOmerShelly.Coordinator|Day 44: Adjusting ucs bid: was 0.1726837419379349 level reported: 0.47829690000000014 target: 0.8 adjusted: 0.18200692972788604
04/04 12:25:21 SEVERE OrOmerShelly.OOSAgent|Exception thrown while trying to parse message.java.lang.NullPointerException
04/04 12:25:21 INFO OrOmerShelly.Coordinator|Day 44 : Simulation Status Received
04/04 12:25:21 WARNING OrOmerShelly.Coordinator|BidBundle is null!
04/04 12:25:21 INFO OrOmerShelly.Coordinator|Day 44 ended. Starting next day
04/04 12:25:32 INFO OrOmerShelly.Coordinator|Day 45 :BankStatus[-6.415200]
04/04 12:25:32 INFO OrOmerShelly.OOSAgent|UNKNOWN Message Received: (CampaignAuctionReport CampaignAuctionReportEntry [actualBid=2838.0, effectiveBid=2554.803973764196])
04/04 12:25:32 SEVERE OrOmerShelly.OOSAgent|Exception thrown while trying to parse message.java.lang.NullPointerException
04/04 12:25:32 INFO OrOmerShelly.Coordinator|Day 45: Campaign opportunity - Campaign ID 10751121: day 47 to 51 [FEMALE, OLD], reach: 12500 coefs: (v=2.0, m=1.5)
04/04 12:25:32 INFO OrOmerShelly.Coordinator|Day 45: Campaign total budget bid: 1961.0173517992612
04/04 12:25:32 INFO OrOmerShelly.Coordinator|Day 45: Adjusting ucs bid: was 0.18200692972788604 level reported: 0.47829690000000014 target: 0.8 adjusted: 0.15056860190312946
04/04 12:25:32 SEVERE OrOmerShelly.OOSAgent|Exception thrown while trying to parse message.java.lang.NullPointerException
04/04 12:25:33 INFO OrOmerShelly.Coordinator|Day 45 : Simulation Status Received
04/04 12:25:33 WARNING OrOmerShelly.Coordinator|BidBundle is null!
04/04 12:25:33 INFO OrOmerShelly.Coordinator|Day 45 ended. Starting next day
04/04 12:25:41 INFO OrOmerShelly.Coordinator|Day 46 :BankStatus[-6.561000]
04/04 12:25:41 INFO OrOmerShelly.OOSAgent|UNKNOWN Message Received: (CampaignAuctionReport CampaignAuctionReportEntry [actualBid=2680.0, effectiveBid=2412.570348727289])
04/04 12:25:41 SEVERE OrOmerShelly.OOSAgent|Exception thrown while trying to parse message.java.lang.NullPointerException
04/04 12:25:41 INFO OrOmerShelly.Coordinator|Day 46: Campaign opportunity - Campaign ID 25197466: day 48 to 50 [YOUNG, MALE], reach: 6250 coefs: (v=2.0, m=1.5)
04/04 12:25:41 INFO OrOmerShelly.Coordinator|Day 46: Campaign total budget bid: 1668.9593789183596
04/04 12:25:41 INFO OrOmerShelly.Coordinator|Day 46: Adjusting ucs bid: was 0.15056860190312946 level reported: 0.47829690000000014 target: 0.8 adjusted: 0.12411809539023803
04/04 12:25:41 SEVERE OrOmerShelly.OOSAgent|Exception thrown while trying to parse message.java.lang.NullPointerException
04/04 12:25:41 INFO OrOmerShelly.Coordinator|Day 46 : Simulation Status Received
04/04 12:25:41 WARNING OrOmerShelly.Coordinator|BidBundle is null!
04/04 12:25:41 INFO OrOmerShelly.Coordinator|Day 46 ended. Starting next day
04/04 12:25:52 INFO OrOmerShelly.Coordinator|Day 47 :BankStatus[-6.706800]
04/04 12:25:52 INFO OrOmerShelly.OOSAgent|UNKNOWN Message Received: (CampaignAuctionReport CampaignAuctionReportEntry [actualBid=2343.0, effectiveBid=2109.198629502999])
04/04 12:25:52 SEVERE OrOmerShelly.OOSAgent|Exception thrown while trying to parse message.java.lang.NullPointerException
04/04 12:25:52 INFO OrOmerShelly.Coordinator|Day 47: Campaign opportunity - Campaign ID 10056221: day 49 to 51 [LOW_INCOME, MALE], reach: 12500 coefs: (v=2.0, m=1.5)
04/04 12:25:52 INFO OrOmerShelly.Coordinator|Day 47: Campaign total budget bid: 3327.6863507577627
04/04 12:25:52 INFO OrOmerShelly.Coordinator|Day 47: Adjusting ucs bid: was 0.12411809539023803 level reported: 0.47829690000000014 target: 0.8 adjusted: 0.13993780219319438
04/04 12:25:52 SEVERE OrOmerShelly.OOSAgent|Exception thrown while trying to parse message.java.lang.NullPointerException
04/04 12:25:53 INFO OrOmerShelly.Coordinator|Day 47 : Simulation Status Received
04/04 12:25:53 WARNING OrOmerShelly.Coordinator|BidBundle is null!
04/04 12:25:53 INFO OrOmerShelly.Coordinator|Day 47 ended. Starting next day
04/04 12:26:01 INFO OrOmerShelly.Coordinator|Day 48 :BankStatus[-6.852600]
04/04 12:26:01 INFO OrOmerShelly.OOSAgent|UNKNOWN Message Received: (CampaignAuctionReport CampaignAuctionReportEntry [actualBid=3210.0, effectiveBid=2889.683141572611])
04/04 12:26:01 SEVERE OrOmerShelly.OOSAgent|Exception thrown while trying to parse message.java.lang.NullPointerException
04/04 12:26:01 INFO OrOmerShelly.Coordinator|Day 48: Campaign opportunity - Campaign ID 123349: day 50 to 59 [FEMALE, YOUNG], reach: 6250 coefs: (v=2.0, m=1.5)
04/04 12:26:01 INFO OrOmerShelly.Coordinator|Day 48: Campaign total budget bid: 504.19654481610286
04/04 12:26:01 INFO OrOmerShelly.Coordinator|Day 48: Adjusting ucs bid: was 0.13993780219319438 level reported: 0.47829690000000014 target: 0.8 adjusted: 0.15929920924252733
04/04 12:26:01 SEVERE OrOmerShelly.OOSAgent|Exception thrown while trying to parse message.java.lang.NullPointerException
04/04 12:26:01 INFO OrOmerShelly.Coordinator|Day 48 : Simulation Status Received
04/04 12:26:01 WARNING OrOmerShelly.Coordinator|BidBundle is null!
04/04 12:26:01 INFO OrOmerShelly.Coordinator|Day 48 ended. Starting next day
04/04 12:26:12 INFO OrOmerShelly.Coordinator|Day 49 :BankStatus[-6.998400]
04/04 12:26:12 INFO OrOmerShelly.OOSAgent|UNKNOWN Message Received: (CampaignAuctionReport CampaignAuctionReportEntry [actualBid=2781.0, effectiveBid=2672.9905823036074])
04/04 12:26:12 SEVERE OrOmerShelly.OOSAgent|Exception thrown while trying to parse message.java.lang.NullPointerException
04/04 12:26:12 INFO OrOmerShelly.Coordinator|Day 49: Campaign opportunity - Campaign ID 12150609: day 51 to 53 [YOUNG, MALE], reach: 12500 coefs: (v=2.0, m=1.5)
04/04 12:26:12 INFO OrOmerShelly.Coordinator|Day 49: Campaign total budget bid: 3337.918757836719
04/04 12:26:12 INFO OrOmerShelly.Coordinator|Day 49: Adjusting ucs bid: was 0.15929920924252733 level reported: 0.47829690000000014 target: 0.8 adjusted: 0.11843147831697741
04/04 12:26:12 SEVERE OrOmerShelly.OOSAgent|Exception thrown while trying to parse message.java.lang.NullPointerException
04/04 12:26:13 INFO OrOmerShelly.Coordinator|Day 49 : Simulation Status Received
04/04 12:26:13 WARNING OrOmerShelly.Coordinator|BidBundle is null!
04/04 12:26:13 INFO OrOmerShelly.Coordinator|Day 49 ended. Starting next day
04/04 12:26:21 INFO OrOmerShelly.Coordinator|Day 50 :BankStatus[-7.144200]
04/04 12:26:21 INFO OrOmerShelly.OOSAgent|UNKNOWN Message Received: (CampaignAuctionReport CampaignAuctionReportEntry [actualBid=2004.0, effectiveBid=1926.1679708509275])
04/04 12:26:21 SEVERE OrOmerShelly.OOSAgent|Exception thrown while trying to parse message.java.lang.NullPointerException
04/04 12:26:21 INFO OrOmerShelly.Coordinator|Day 50: Campaign opportunity - Campaign ID 3637355: day 52 to 54 [LOW_INCOME, YOUNG], reach: 12500 coefs: (v=2.0, m=1.5)
04/04 12:26:21 INFO OrOmerShelly.Coordinator|Day 50: Campaign total budget bid: 3314.8505302961707
04/04 12:26:21 INFO OrOmerShelly.Coordinator|Day 50: Adjusting ucs bid: was 0.11843147831697741 level reported: 0.47829690000000014 target: 0.8 adjusted: 0.12317293109704308
04/04 12:26:21 SEVERE OrOmerShelly.OOSAgent|Exception thrown while trying to parse message.java.lang.NullPointerException
04/04 12:26:21 INFO OrOmerShelly.Coordinator|Day 50 : Simulation Status Received
04/04 12:26:21 WARNING OrOmerShelly.Coordinator|BidBundle is null!
04/04 12:26:21 INFO OrOmerShelly.Coordinator|Day 50 ended. Starting next day
04/04 12:26:32 INFO OrOmerShelly.Coordinator|Day 51 :BankStatus[-7.290000]
04/04 12:26:32 INFO OrOmerShelly.OOSAgent|UNKNOWN Message Received: (CampaignAuctionReport CampaignAuctionReportEntry [actualBid=3111.0, effectiveBid=2350.447124937859])
04/04 12:26:32 SEVERE OrOmerShelly.OOSAgent|Exception thrown while trying to parse message.java.lang.NullPointerException
04/04 12:26:32 INFO OrOmerShelly.Coordinator|Day 51: Campaign opportunity - Campaign ID 28920191: day 53 to 57 [LOW_INCOME, MALE], reach: 6250 coefs: (v=2.0, m=1.5)
04/04 12:26:32 INFO OrOmerShelly.Coordinator|Day 51: Campaign total budget bid: 998.3059052273287
04/04 12:26:32 INFO OrOmerShelly.Coordinator|Day 51: Adjusting ucs bid: was 0.12317293109704308 level reported: 0.47829690000000014 target: 0.8 adjusted: 0.14878226756238488
04/04 12:26:32 SEVERE OrOmerShelly.OOSAgent|Exception thrown while trying to parse message.java.lang.NullPointerException
04/04 12:26:33 INFO OrOmerShelly.Coordinator|Day 51 : Simulation Status Received
04/04 12:26:33 WARNING OrOmerShelly.Coordinator|BidBundle is null!
04/04 12:26:33 INFO OrOmerShelly.Coordinator|Day 51 ended. Starting next day
04/04 12:26:41 INFO OrOmerShelly.Coordinator|Day 52 :BankStatus[-7.435800]
04/04 12:26:41 SEVERE OrOmerShelly.OOSAgent|Exception thrown while trying to parse message.java.lang.NullPointerException
04/04 12:26:41 SEVERE OrOmerShelly.OOSAgent|Exception thrown while trying to parse message.java.lang.NullPointerException
04/04 12:26:41 INFO OrOmerShelly.Coordinator|Day 52 : Simulation Status Received
04/04 12:26:41 WARNING OrOmerShelly.Coordinator|BidBundle is null!
04/04 12:26:41 INFO OrOmerShelly.Coordinator|Day 52 ended. Starting next day
04/04 12:26:53 INFO OrOmerShelly.Coordinator|Day 53 :BankStatus[-7.581600]
04/04 12:26:53 SEVERE OrOmerShelly.OOSAgent|Exception thrown while trying to parse message.java.lang.NullPointerException
04/04 12:26:53 SEVERE OrOmerShelly.OOSAgent|Exception thrown while trying to parse message.java.lang.NullPointerException
04/04 12:26:53 INFO OrOmerShelly.Coordinator|Day 53 : Simulation Status Received
04/04 12:26:53 WARNING OrOmerShelly.Coordinator|BidBundle is null!
04/04 12:26:53 INFO OrOmerShelly.Coordinator|Day 53 ended. Starting next day
04/04 12:27:01 INFO OrOmerShelly.Coordinator|Day 54 :BankStatus[-7.727400]
04/04 12:27:01 SEVERE OrOmerShelly.OOSAgent|Exception thrown while trying to parse message.java.lang.NullPointerException
04/04 12:27:01 SEVERE OrOmerShelly.OOSAgent|Exception thrown while trying to parse message.java.lang.NullPointerException
04/04 12:27:01 INFO OrOmerShelly.Coordinator|Day 54 : Simulation Status Received
04/04 12:27:01 WARNING OrOmerShelly.Coordinator|BidBundle is null!
04/04 12:27:01 INFO OrOmerShelly.Coordinator|Day 54 ended. Starting next day
04/04 12:27:11 INFO OrOmerShelly.Coordinator|Day 55 :BankStatus[-7.873200]
04/04 12:27:11 SEVERE OrOmerShelly.OOSAgent|Exception thrown while trying to parse message.java.lang.NullPointerException
04/04 12:27:11 SEVERE OrOmerShelly.OOSAgent|Exception thrown while trying to parse message.java.lang.NullPointerException
04/04 12:27:11 INFO OrOmerShelly.Coordinator|Day 55 : Simulation Status Received
04/04 12:27:11 WARNING OrOmerShelly.Coordinator|BidBundle is null!
04/04 12:27:11 INFO OrOmerShelly.Coordinator|Day 55 ended. Starting next day
04/04 12:27:21 INFO OrOmerShelly.Coordinator|Day 56 :BankStatus[-8.019000]
04/04 12:27:21 SEVERE OrOmerShelly.OOSAgent|Exception thrown while trying to parse message.java.lang.NullPointerException
04/04 12:27:21 SEVERE OrOmerShelly.OOSAgent|Exception thrown while trying to parse message.java.lang.NullPointerException
04/04 12:27:22 INFO OrOmerShelly.Coordinator|Day 56 : Simulation Status Received
04/04 12:27:22 WARNING OrOmerShelly.Coordinator|BidBundle is null!
04/04 12:27:22 INFO OrOmerShelly.Coordinator|Day 56 ended. Starting next day
04/04 12:27:32 INFO OrOmerShelly.Coordinator|Day 57 :BankStatus[-8.164800]
04/04 12:27:32 SEVERE OrOmerShelly.OOSAgent|Exception thrown while trying to parse message.java.lang.NullPointerException
04/04 12:27:32 SEVERE OrOmerShelly.OOSAgent|Exception thrown while trying to parse message.java.lang.NullPointerException
04/04 12:27:32 INFO OrOmerShelly.Coordinator|Day 57 : Simulation Status Received
04/04 12:27:32 WARNING OrOmerShelly.Coordinator|BidBundle is null!
04/04 12:27:32 INFO OrOmerShelly.Coordinator|Day 57 ended. Starting next day
04/04 12:27:41 INFO OrOmerShelly.Coordinator|Day 58 :BankStatus[-8.310600]
04/04 12:27:41 SEVERE OrOmerShelly.OOSAgent|Exception thrown while trying to parse message.java.lang.NullPointerException
04/04 12:27:41 SEVERE OrOmerShelly.OOSAgent|Exception thrown while trying to parse message.java.lang.NullPointerException
04/04 12:27:42 INFO OrOmerShelly.Coordinator|Day 58 : Simulation Status Received
04/04 12:27:42 WARNING OrOmerShelly.Coordinator|BidBundle is null!
04/04 12:27:42 INFO OrOmerShelly.Coordinator|Day 58 ended. Starting next day
04/04 12:27:52 INFO OrOmerShelly.Coordinator|Day 59 :BankStatus[-8.456400]
04/04 12:27:52 SEVERE OrOmerShelly.OOSAgent|Exception thrown while trying to parse message.java.lang.NullPointerException
04/04 12:27:52 SEVERE OrOmerShelly.OOSAgent|Exception thrown while trying to parse message.java.lang.NullPointerException
04/04 12:27:52 INFO OrOmerShelly.Coordinator|Day 59 : Simulation Status Received
04/04 12:27:52 WARNING OrOmerShelly.Coordinator|BidBundle is null!
04/04 12:27:52 INFO OrOmerShelly.Coordinator|Day 59 ended. Starting next day
04/04 12:28:00 SEVERE OrOmerShelly.OOSAgent|Exception thrown while trying to parse message.java.lang.NullPointerException
04/04 12:28:00 INFO OrOmerShelly.Coordinator|Day 60 :BankStatus[-8.748000]
04/04 12:28:00 SEVERE OrOmerShelly.OOSAgent|Exception thrown while trying to parse message.java.lang.NullPointerException
04/04 12:28:00 INFO OrOmerShelly.Coordinator|Day 60 : Simulation Status Received
04/04 12:28:00 WARNING OrOmerShelly.Coordinator|BidBundle is null!
04/04 12:28:00 INFO OrOmerShelly.Coordinator|Day 60 ended. Starting next day
08/04 18:27:00 INFO OrOmerShelly.Coordinator|Got publisherCatalog: (PublisherCatalog tau.tac.adx.props.PublisherCatalogEntry@6d6c85f tau.tac.adx.props.PublisherCatalogEntry@cb7e71b0 tau.tac.adx.props.PublisherCatalogEntry@18cee tau.tac.adx.props.PublisherCatalogEntry@1358a3bf tau.tac.adx.props.PublisherCatalogEntry@2f65b4 tau.tac.adx.props.PublisherCatalogEntry@f306ee41)
08/04 18:27:00 INFO OrOmerShelly.Coordinator|Available queries: [Ltau.tac.adx.props.AdxQuery;@4a96a
08/04 18:27:00 INFO OrOmerShelly.OOSAgent|UNKNOWN Message Received: edu.umich.eecs.tac.props.AdvertiserInfo@bc76a1c1
08/04 18:27:00 INFO OrOmerShelly.Coordinator|Day 0 :BankStatus[0.000000]
08/04 18:27:00 INFO OrOmerShelly.Coordinator|tau.tac.adx.report.demand.InitialCampaignMessage[9279934,1250,1,5,[HIGH_INCOME, OLD],2.0,1.5,demand,[]]
08/04 18:27:00 INFO OrOmerShelly.Coordinator|Day 0: Allocated campaign - Campaign ID 9279934: day 1 to 5 [HIGH_INCOME, OLD], reach: 1250 coefs: (v=2.0, m=1.5)
08/04 18:27:00 INFO OrOmerShelly.Coordinator|Day 0: Campaign opportunity - Campaign ID 27052413: day 2 to 11 [FEMALE, OLD], reach: 6250 coefs: (v=2.0, m=1.5)
08/04 18:27:00 INFO OrOmerShelly.Coordinator|Day 0: Campaign total budget bid: 490.2543379498153
08/04 18:27:00 INFO OrOmerShelly.Coordinator|Day 0: Initial ucs bid is 0.12474231608234794
08/04 18:27:00 INFO OrOmerShelly.Coordinator|Day 0 : Simulation Status Received
08/04 18:27:00 SEVERE OrOmerShelly.Coordinator|weka.core.UnassignedDatasetException: Instance doesn't have access to a dataset! - [Ljava.lang.StackTraceElement;@a8a81c
08/04 18:27:00 WARNING OrOmerShelly.Coordinator|BidBundle is null! Getting default BidBundle
08/04 18:27:00 SEVERE OrOmerShelly.OOSAgent|Exception thrown while trying to parse message: java.lang.NullPointerException : [OrOmerShelly.oos.bidders.ImpressionBidder.getDefaultBidBundle(ImpressionBidder.java:118), OrOmerShelly.Coordinator.calculateAndSendBidBundle(Coordinator.java:392), OrOmerShelly.Coordinator.handleSimulationStatus(Coordinator.java:346), OrOmerShelly.OOSAgent.messageReceived(OOSAgent.java:71), se.sics.tasim.aw.AgentService.deliverToAgent(AgentService.java:130), tau.tac.adx.agentware.AgentServiceImpl.deliverToAgent(AgentServiceImpl.java:134), tau.tac.adx.agentware.SimClient.run(SimClient.java:439), java.lang.Thread.run(Unknown Source)]
09/04 15:12:00 INFO OrOmerShelly.Coordinator|Got publisherCatalog: nyt ; yahoo ; target ; amazon ; hfn ; bestbuy ; 
09/04 15:12:00 INFO OrOmerShelly.Coordinator|Available queries: [Ltau.tac.adx.props.AdxQuery;@e2b07b
09/04 15:12:00 INFO OrOmerShelly.OOSAgent|UNKNOWN Message Received: edu.umich.eecs.tac.props.AdvertiserInfo@bc76a1c1
09/04 15:12:00 INFO OrOmerShelly.Coordinator|Day 0 :BankStatus[0.000000]
09/04 15:12:00 INFO OrOmerShelly.Coordinator|tau.tac.adx.report.demand.InitialCampaignMessage[9621637,1250,1,5,[HIGH_INCOME, OLD],2.0,1.5,demand,[]]
09/04 15:12:00 INFO OrOmerShelly.Coordinator|Day 0: Allocated campaign - Campaign ID 9621637: day 1 to 5 [HIGH_INCOME, OLD], reach: 1250 coefs: (v=2.0, m=1.5) budget: 1.25
09/04 15:12:00 INFO OrOmerShelly.Coordinator|Day 0: Campaign opportunity - Campaign ID 9517656: day 2 to 6 [HIGH_INCOME, FEMALE], reach: 6250 coefs: (v=2.0, m=1.5) budget: 0.0
09/04 15:12:00 INFO OrOmerShelly.Coordinator|Day 0: Campaign total budget bid: 995.1749095775716
09/04 15:12:00 INFO OrOmerShelly.Coordinator|Day 0: Initial ucs bid is 0.16729766229565113
09/04 15:12:00 INFO OrOmerShelly.Coordinator|Day 0 : Simulation Status Received
09/04 15:12:00 INFO bidders.ImpressionBidder|getDefaultDataset: Generating default instances for publisher - nyt
09/04 15:12:00 SEVERE OrOmerShelly.Coordinator|Exception in initializing classifier: java.lang.NullPointerException - [OrOmerShelly.UserAnalyzer.calcMedianOfMarketSegmentsWeights(UserAnalyzer.java:335), OrOmerShelly.oos.bidders.ImpressionBidder.getDefaultDataset(ImpressionBidder.java:119), OrOmerShelly.oos.bidders.ImpressionBidder.init(ImpressionBidder.java:77), OrOmerShelly.Coordinator.calculateAndSendBidBundle(Coordinator.java:378), OrOmerShelly.Coordinator.handleSimulationStatus(Coordinator.java:363), OrOmerShelly.OOSAgent.messageReceived(OOSAgent.java:71), se.sics.tasim.aw.AgentService.deliverToAgent(AgentService.java:130), tau.tac.adx.agentware.AgentServiceImpl.deliverToAgent(AgentServiceImpl.java:134), tau.tac.adx.agentware.SimClient.run(SimClient.java:439), java.lang.Thread.run(Unknown Source)]
09/04 15:12:00 INFO OrOmerShelly.Coordinator|Fetching active campaigns from: [Campaign ID 9621637: day 1 to 5 [HIGH_INCOME, OLD], reach: 1250 coefs: (v=2.0, m=1.5) budget: 1.25]
09/04 15:12:00 INFO OrOmerShelly.Coordinator|campaign Campaign ID 9621637: day 1 to 5 [HIGH_INCOME, OLD], reach: 1250 coefs: (v=2.0, m=1.5) budget: 1.25 is active
09/04 15:12:00 WARNING OrOmerShelly.Coordinator|BidBundle is null! Getting default BidBundle
09/04 15:12:00 INFO bidders.ImpressionBidder|Default bid bundle bid for Campaign ID 9621637: day 1 to 5 [HIGH_INCOME, OLD], reach: 1250 coefs: (v=2.0, m=1.5) budget: 1.25 will be 0.7315274324724595 where our rnd was 0.7315274324724595
09/04 15:12:00 INFO OrOmerShelly.Coordinator|Day 0 ended. Starting next day
