04/04 12:07:00 INFO OrOmerShelly.OOSAgent|UNKNOWN Message Received: edu.umich.eecs.tac.props.AdvertiserInfo@bc76a1c1
04/04 12:07:00 INFO OrOmerShelly.Coordinator|Day 0 :BankStatus[0.000000]
04/04 12:07:00 INFO OrOmerShelly.Coordinator|tau.tac.adx.report.demand.InitialCampaignMessage[20113877,1250,1,5,[LOW_INCOME, YOUNG],2.0,1.5,demand,[]]
04/04 12:07:00 INFO OrOmerShelly.Coordinator|Day 0: Allocated campaign - Campaign ID 20113877: day 1 to 5 [LOW_INCOME, YOUNG], reach: 1250 coefs: (v=2.0, m=1.5)
04/04 12:07:00 INFO OrOmerShelly.Coordinator|Day 0: Campaign opportunity - Campaign ID 341591: day 2 to 4 [FEMALE, OLD], reach: 6250 coefs: (v=2.0, m=1.5)
04/04 12:07:00 INFO OrOmerShelly.Coordinator|Day 0: Campaign total budget bid: 1634.1811264993844
04/04 12:07:00 INFO OrOmerShelly.Coordinator|Day 0: Adjusting ucs bid: was 0.16491511523900887 level reported: 0.47829690000000014 target: 0.6 adjusted: 0.1351393851110435
04/04 12:07:00 INFO OrOmerShelly.Coordinator|Day 0 : Simulation Status Received
04/04 12:07:00 WARNING OrOmerShelly.Coordinator|BidBundle is null!
04/04 12:07:00 INFO OrOmerShelly.Coordinator|Day 0 ended. Starting next day
04/04 12:07:11 INFO OrOmerShelly.Coordinator|Day 1 :BankStatus[0.000000]
04/04 12:07:11 INFO OrOmerShelly.OOSAgent|UNKNOWN Message Received: (CampaignAuctionReport CampaignAuctionReportEntry [actualBid=1634.0, effectiveBid=1634.0] CampaignAuctionReportEntry [actualBid=2015.0, effectiveBid=2015.0] CampaignAuctionReportEntry [actualBid=2074.0, effectiveBid=2074.0] CampaignAuctionReportEntry [actualBid=2199.0, effectiveBid=2199.0] CampaignAuctionReportEntry [actualBid=2327.0, effectiveBid=2327.0] CampaignAuctionReportEntry [actualBid=2874.0, effectiveBid=2874.0] CampaignAuctionReportEntry [actualBid=3078.0, effectiveBid=3078.0] CampaignAuctionReportEntry [actualBid=3180.0, effectiveBid=3180.0])
04/04 12:07:11 INFO OrOmerShelly.Coordinator|Day 1: Daily notification for campaign 341591
04/04 12:07:11 SEVERE OrOmerShelly.OOSAgent|Exception thrown while trying to parse message.java.lang.NullPointerException
04/04 12:07:11 INFO OrOmerShelly.Coordinator|Day 1: Campaign opportunity - Campaign ID 21554646: day 3 to 12 [LOW_INCOME, MALE], reach: 12500 coefs: (v=2.0, m=1.5)
04/04 12:07:11 INFO OrOmerShelly.Coordinator|Day 1: Campaign total budget bid: 998.3059052273287
04/04 12:07:11 INFO OrOmerShelly.Coordinator|Day 1: Adjusting ucs bid: was 0.1351393851110435 level reported: 0.47829690000000014 target: 0.6 adjusted: 0.12726199049883202
04/04 12:07:11 INFO OrOmerShelly.Coordinator|Publishers Report: 
04/04 12:07:11 INFO OrOmerShelly.Coordinator|(publisher: fox popularity: 5136 video: 2155 text: 2982)
04/04 12:07:11 INFO OrOmerShelly.Coordinator|(publisher: cnn popularity: 5571 video: 2837 text: 2735)
04/04 12:07:11 INFO OrOmerShelly.Coordinator|(publisher: msn popularity: 33511 video: 18807 text: 14705)
04/04 12:07:11 INFO OrOmerShelly.Coordinator|(publisher: amazon popularity: 26109 video: 13931 text: 12179)
04/04 12:07:11 INFO OrOmerShelly.Coordinator|(publisher: ebay popularity: 23700 video: 8921 text: 14780)
04/04 12:07:11 INFO OrOmerShelly.Coordinator|(publisher: target popularity: 4150 video: 1643 text: 2508)
04/04 12:07:12 INFO OrOmerShelly.Coordinator|Day 1 : Simulation Status Received
04/04 12:07:12 WARNING OrOmerShelly.Coordinator|BidBundle is null!
04/04 12:07:12 INFO OrOmerShelly.Coordinator|Day 1 ended. Starting next day
04/04 12:07:21 INFO OrOmerShelly.Coordinator|Day 2 :BankStatus[-0.145800]
04/04 12:07:21 INFO OrOmerShelly.OOSAgent|UNKNOWN Message Received: (CampaignAuctionReport CampaignAuctionReportEntry [actualBid=2038.0, effectiveBid=2038.0] CampaignAuctionReportEntry [actualBid=2275.0, effectiveBid=2275.0] CampaignAuctionReportEntry [actualBid=2647.0, effectiveBid=2647.0] CampaignAuctionReportEntry [actualBid=2797.0, effectiveBid=2797.0] CampaignAuctionReportEntry [actualBid=2812.0, effectiveBid=2812.0] CampaignAuctionReportEntry [actualBid=3146.0, effectiveBid=3146.0] CampaignAuctionReportEntry [actualBid=3251.0, effectiveBid=3251.0])
04/04 12:07:21 INFO OrOmerShelly.Coordinator|Day 2: Updating campaign 20113877 stats: 0.0 tgtImps 0.0 nonTgtImps. Cost of imps is 0.0
04/04 12:07:21 SEVERE OrOmerShelly.OOSAgent|Exception thrown while trying to parse message.java.lang.NullPointerException
04/04 12:07:21 INFO OrOmerShelly.Coordinator|Day 2: Campaign opportunity - Campaign ID 7187517: day 4 to 13 [FEMALE, YOUNG], reach: 3750 coefs: (v=2.0, m=1.5)
04/04 12:07:21 INFO OrOmerShelly.Coordinator|Day 2: Campaign total budget bid: 302.5179268896617
04/04 12:07:21 INFO OrOmerShelly.Coordinator|Day 2: Adjusting ucs bid: was 0.12726199049883202 level reported: 0.47829690000000014 target: 0.6 adjusted: 0.14275016925471043
04/04 12:07:21 SEVERE OrOmerShelly.OOSAgent|Exception thrown while trying to parse message.java.lang.NullPointerException
04/04 12:07:21 INFO OrOmerShelly.Coordinator|Day 2 : Simulation Status Received
04/04 12:07:21 WARNING OrOmerShelly.Coordinator|BidBundle is null!
04/04 12:07:21 INFO OrOmerShelly.Coordinator|Day 2 ended. Starting next day
04/04 12:07:32 INFO OrOmerShelly.Coordinator|Day 3 :BankStatus[-0.291600]
04/04 12:07:32 INFO OrOmerShelly.OOSAgent|UNKNOWN Message Received: (CampaignAuctionReport CampaignAuctionReportEntry [actualBid=2080.0, effectiveBid=2080.0] CampaignAuctionReportEntry [actualBid=2679.0, effectiveBid=2679.0] CampaignAuctionReportEntry [actualBid=2805.0, effectiveBid=2805.0] CampaignAuctionReportEntry [actualBid=3075.0, effectiveBid=3075.0])
04/04 12:07:32 INFO OrOmerShelly.Coordinator|Day 3: Updating campaign 20113877 stats: 0.0 tgtImps 0.0 nonTgtImps. Cost of imps is 0.0
04/04 12:07:32 INFO OrOmerShelly.Coordinator|Day 3: Updating campaign 341591 stats: 0.0 tgtImps 0.0 nonTgtImps. Cost of imps is 0.0
04/04 12:07:32 SEVERE OrOmerShelly.OOSAgent|Exception thrown while trying to parse message.java.lang.NullPointerException
04/04 12:07:32 INFO OrOmerShelly.Coordinator|Day 3: Campaign opportunity - Campaign ID 1845558: day 5 to 14 [FEMALE, OLD], reach: 6250 coefs: (v=2.0, m=1.5)
04/04 12:07:32 INFO OrOmerShelly.Coordinator|Day 3: Campaign total budget bid: 490.2543379498153
04/04 12:07:32 INFO OrOmerShelly.Coordinator|Day 3: Adjusting ucs bid: was 0.14275016925471043 level reported: 0.47829690000000014 target: 0.6 adjusted: 0.1306073916683233
04/04 12:07:32 SEVERE OrOmerShelly.OOSAgent|Exception thrown while trying to parse message.java.lang.NullPointerException
04/04 12:07:32 INFO OrOmerShelly.Coordinator|Day 3 : Simulation Status Received
04/04 12:07:32 WARNING OrOmerShelly.Coordinator|BidBundle is null!
04/04 12:07:32 INFO OrOmerShelly.Coordinator|Day 3 ended. Starting next day
04/04 12:07:41 INFO OrOmerShelly.Coordinator|Day 4 :BankStatus[-0.437400]
04/04 12:07:41 INFO OrOmerShelly.OOSAgent|UNKNOWN Message Received: (CampaignAuctionReport CampaignAuctionReportEntry [actualBid=2307.0, effectiveBid=2307.0] CampaignAuctionReportEntry [actualBid=3103.0, effectiveBid=3103.0] CampaignAuctionReportEntry [actualBid=3203.0, effectiveBid=3203.0] CampaignAuctionReportEntry [actualBid=3285.0, effectiveBid=3285.0])
04/04 12:07:41 INFO OrOmerShelly.Coordinator|Day 4: Updating campaign 20113877 stats: 0.0 tgtImps 0.0 nonTgtImps. Cost of imps is 0.0
04/04 12:07:41 INFO OrOmerShelly.Coordinator|Day 4: Updating campaign 341591 stats: 0.0 tgtImps 0.0 nonTgtImps. Cost of imps is 0.0
04/04 12:07:41 SEVERE OrOmerShelly.OOSAgent|Exception thrown while trying to parse message.java.lang.NullPointerException
04/04 12:07:41 INFO OrOmerShelly.Coordinator|Day 4: Campaign opportunity - Campaign ID 18852851: day 6 to 8 [HIGH_INCOME, YOUNG], reach: 12500 coefs: (v=2.0, m=1.5)
04/04 12:07:41 INFO OrOmerShelly.Coordinator|Day 4: Campaign total budget bid: 3385.0320036889443
04/04 12:07:41 INFO OrOmerShelly.Coordinator|Day 4: Adjusting ucs bid: was 0.1306073916683233 level reported: 0.47829690000000014 target: 0.6 adjusted: 0.14650271611727242
04/04 12:07:41 SEVERE OrOmerShelly.OOSAgent|Exception thrown while trying to parse message.java.lang.NullPointerException
04/04 12:07:41 INFO OrOmerShelly.Coordinator|Day 4 : Simulation Status Received
04/04 12:07:41 WARNING OrOmerShelly.Coordinator|BidBundle is null!
04/04 12:07:41 INFO OrOmerShelly.Coordinator|Day 4 ended. Starting next day
04/04 12:07:52 INFO OrOmerShelly.Coordinator|Day 5 :BankStatus[-0.583200]
04/04 12:07:52 INFO OrOmerShelly.OOSAgent|UNKNOWN Message Received: (CampaignAuctionReport CampaignAuctionReportEntry [actualBid=2068.0, effectiveBid=2068.0] CampaignAuctionReportEntry [actualBid=2757.0, effectiveBid=2757.0] CampaignAuctionReportEntry [actualBid=2906.0, effectiveBid=2906.0] CampaignAuctionReportEntry [actualBid=3253.0, effectiveBid=3253.0] CampaignAuctionReportEntry [actualBid=3385.0, effectiveBid=3385.0])
04/04 12:07:52 INFO OrOmerShelly.Coordinator|Day 5: Updating campaign 20113877 stats: 0.0 tgtImps 0.0 nonTgtImps. Cost of imps is 0.0
04/04 12:07:52 INFO OrOmerShelly.Coordinator|Day 5: Updating campaign 341591 stats: 0.0 tgtImps 0.0 nonTgtImps. Cost of imps is 0.0
04/04 12:07:52 SEVERE OrOmerShelly.OOSAgent|Exception thrown while trying to parse message.java.lang.NullPointerException
04/04 12:07:52 INFO OrOmerShelly.Coordinator|Day 5: Campaign opportunity - Campaign ID 5870637: day 7 to 11 [FEMALE, YOUNG], reach: 6250 coefs: (v=2.0, m=1.5)
04/04 12:07:52 INFO OrOmerShelly.Coordinator|Day 5: Campaign total budget bid: 1008.3930896322057
04/04 12:07:52 INFO OrOmerShelly.Coordinator|Day 5: Adjusting ucs bid: was 0.14650271611727242 level reported: 0.47829690000000014 target: 0.6 adjusted: 0.11104645827406101
04/04 12:07:52 SEVERE OrOmerShelly.OOSAgent|Exception thrown while trying to parse message.java.lang.NullPointerException
04/04 12:07:52 INFO OrOmerShelly.Coordinator|Day 5 : Simulation Status Received
04/04 12:07:52 WARNING OrOmerShelly.Coordinator|BidBundle is null!
04/04 12:07:52 INFO OrOmerShelly.Coordinator|Day 5 ended. Starting next day
04/04 12:08:01 INFO OrOmerShelly.Coordinator|Day 6 :BankStatus[-0.729000]
04/04 12:08:01 INFO OrOmerShelly.OOSAgent|UNKNOWN Message Received: (CampaignAuctionReport CampaignAuctionReportEntry [actualBid=2133.0, effectiveBid=2133.0] CampaignAuctionReportEntry [actualBid=2549.0, effectiveBid=2549.0] CampaignAuctionReportEntry [actualBid=2747.0, effectiveBid=2747.0] CampaignAuctionReportEntry [actualBid=3133.0, effectiveBid=3133.0])
04/04 12:08:01 INFO OrOmerShelly.Coordinator|Day 6: Updating campaign 20113877 stats: 0.0 tgtImps 0.0 nonTgtImps. Cost of imps is 0.0
04/04 12:08:01 SEVERE OrOmerShelly.OOSAgent|Exception thrown while trying to parse message.java.lang.NullPointerException
04/04 12:08:01 INFO OrOmerShelly.Coordinator|Day 6: Campaign opportunity - Campaign ID 12905927: day 8 to 17 [HIGH_INCOME, YOUNG], reach: 3750 coefs: (v=2.0, m=1.5)
04/04 12:08:01 INFO OrOmerShelly.Coordinator|Day 6: Campaign total budget bid: 304.65288033200494
04/04 12:08:01 INFO OrOmerShelly.Coordinator|Day 6: Adjusting ucs bid: was 0.11104645827406101 level reported: 0.47829690000000014 target: 0.6 adjusted: 0.12456115649003488
04/04 12:08:01 SEVERE OrOmerShelly.OOSAgent|Exception thrown while trying to parse message.java.lang.NullPointerException
04/04 12:08:02 INFO OrOmerShelly.Coordinator|Day 6 : Simulation Status Received
04/04 12:08:02 WARNING OrOmerShelly.Coordinator|BidBundle is null!
04/04 12:08:02 INFO OrOmerShelly.Coordinator|Day 6 ended. Starting next day
04/04 12:08:11 INFO OrOmerShelly.Coordinator|Day 7 :BankStatus[-0.874800]
04/04 12:08:11 INFO OrOmerShelly.OOSAgent|UNKNOWN Message Received: (CampaignAuctionReport CampaignAuctionReportEntry [actualBid=2468.0, effectiveBid=1879.5486267254828])
04/04 12:08:11 SEVERE OrOmerShelly.OOSAgent|Exception thrown while trying to parse message.java.lang.NullPointerException
04/04 12:08:11 INFO OrOmerShelly.Coordinator|Day 7: Campaign opportunity - Campaign ID 32746983: day 9 to 11 [LOW_INCOME, OLD], reach: 12500 coefs: (v=2.0, m=1.5)
04/04 12:08:11 INFO OrOmerShelly.Coordinator|Day 7: Campaign total budget bid: 3323.9323114190097
04/04 12:08:11 INFO OrOmerShelly.Coordinator|Day 7: Adjusting ucs bid: was 0.12456115649003488 level reported: 0.47829690000000014 target: 0.6 adjusted: 0.13972063537445722
04/04 12:08:11 SEVERE OrOmerShelly.OOSAgent|Exception thrown while trying to parse message.java.lang.NullPointerException
04/04 12:08:12 INFO OrOmerShelly.Coordinator|Day 7 : Simulation Status Received
04/04 12:08:12 WARNING OrOmerShelly.Coordinator|BidBundle is null!
04/04 12:08:12 INFO OrOmerShelly.Coordinator|Day 7 ended. Starting next day
04/04 12:08:21 INFO OrOmerShelly.Coordinator|Day 8 :BankStatus[-1.020600]
04/04 12:08:21 INFO OrOmerShelly.OOSAgent|UNKNOWN Message Received: (CampaignAuctionReport CampaignAuctionReportEntry [actualBid=2922.0, effectiveBid=2225.300278481305] CampaignAuctionReportEntry [actualBid=2547.0, effectiveBid=1454.2100359385038] CampaignAuctionReportEntry [actualBid=2926.0, effectiveBid=1713.26586851397])
04/04 12:08:21 SEVERE OrOmerShelly.OOSAgent|Exception thrown while trying to parse message.java.lang.NullPointerException
04/04 12:08:21 INFO OrOmerShelly.Coordinator|Day 8: Campaign opportunity - Campaign ID 4566153: day 10 to 14 [YOUNG, MALE], reach: 3750 coefs: (v=2.0, m=1.5)
04/04 12:08:21 INFO OrOmerShelly.Coordinator|Day 8: Campaign total budget bid: 600.8253764106094
04/04 12:08:21 INFO OrOmerShelly.Coordinator|Day 8: Adjusting ucs bid: was 0.13972063537445722 level reported: 0.47829690000000014 target: 0.6 adjusted: 0.14708737146082437
04/04 12:08:21 SEVERE OrOmerShelly.OOSAgent|Exception thrown while trying to parse message.java.lang.NullPointerException
04/04 12:08:21 INFO OrOmerShelly.Coordinator|Day 8 : Simulation Status Received
04/04 12:08:21 WARNING OrOmerShelly.Coordinator|BidBundle is null!
04/04 12:08:21 INFO OrOmerShelly.Coordinator|Day 8 ended. Starting next day
04/04 12:08:31 INFO OrOmerShelly.Coordinator|Day 9 :BankStatus[-1.166400]
04/04 12:08:31 INFO OrOmerShelly.OOSAgent|UNKNOWN Message Received: (CampaignAuctionReport CampaignAuctionReportEntry [actualBid=2355.0, effectiveBid=1793.4914975439676])
04/04 12:08:31 SEVERE OrOmerShelly.OOSAgent|Exception thrown while trying to parse message.java.lang.NullPointerException
04/04 12:08:31 INFO OrOmerShelly.Coordinator|Day 9: Campaign opportunity - Campaign ID 11338735: day 11 to 15 [LOW_INCOME, YOUNG], reach: 12500 coefs: (v=2.0, m=1.5)
04/04 12:08:31 INFO OrOmerShelly.Coordinator|Day 9: Campaign total budget bid: 1988.9103181777023
04/04 12:08:31 INFO OrOmerShelly.Coordinator|Day 9: Adjusting ucs bid: was 0.14708737146082437 level reported: 0.47829690000000014 target: 0.6 adjusted: 0.11844533742845909
04/04 12:08:31 SEVERE OrOmerShelly.OOSAgent|Exception thrown while trying to parse message.java.lang.NullPointerException
04/04 12:08:32 INFO OrOmerShelly.Coordinator|Day 9 : Simulation Status Received
04/04 12:08:32 WARNING OrOmerShelly.Coordinator|BidBundle is null!
04/04 12:08:32 INFO OrOmerShelly.Coordinator|Day 9 ended. Starting next day
04/04 12:08:41 INFO OrOmerShelly.Coordinator|Day 10 :BankStatus[-1.312200]
04/04 12:08:41 INFO OrOmerShelly.OOSAgent|UNKNOWN Message Received: (CampaignAuctionReport CampaignAuctionReportEntry [actualBid=2932.0, effectiveBid=2232.9159536301117] CampaignAuctionReportEntry [actualBid=2759.0, effectiveBid=1575.2514680621641])
04/04 12:08:41 SEVERE OrOmerShelly.OOSAgent|Exception thrown while trying to parse message.java.lang.NullPointerException
04/04 12:08:41 INFO OrOmerShelly.Coordinator|Day 10: Campaign opportunity - Campaign ID 25556468: day 12 to 16 [FEMALE, HIGH_INCOME], reach: 6250 coefs: (v=2.0, m=1.5)
04/04 12:08:41 INFO OrOmerShelly.Coordinator|Day 10: Campaign total budget bid: 995.1749095775716
04/04 12:08:41 INFO OrOmerShelly.Coordinator|Day 10: Adjusting ucs bid: was 0.11844533742845909 level reported: 0.47829690000000014 target: 0.6 adjusted: 0.1327314441882845
04/04 12:08:41 SEVERE OrOmerShelly.OOSAgent|Exception thrown while trying to parse message.java.lang.NullPointerException
04/04 12:08:41 INFO OrOmerShelly.Coordinator|Day 10 : Simulation Status Received
04/04 12:08:41 WARNING OrOmerShelly.Coordinator|BidBundle is null!
04/04 12:08:41 INFO OrOmerShelly.Coordinator|Day 10 ended. Starting next day
04/04 12:08:52 INFO OrOmerShelly.Coordinator|Day 11 :BankStatus[-1.458000]
04/04 12:08:52 INFO OrOmerShelly.OOSAgent|UNKNOWN Message Received: (CampaignAuctionReport CampaignAuctionReportEntry [actualBid=3069.0, effectiveBid=2337.250703168763] CampaignAuctionReportEntry [actualBid=3174.0, effectiveBid=1812.1957809457444])
04/04 12:08:52 SEVERE OrOmerShelly.OOSAgent|Exception thrown while trying to parse message.java.lang.NullPointerException
04/04 12:08:52 INFO OrOmerShelly.Coordinator|Day 11: Campaign opportunity - Campaign ID 19153097: day 13 to 22 [FEMALE, OLD], reach: 6250 coefs: (v=2.0, m=1.5)
04/04 12:08:52 INFO OrOmerShelly.Coordinator|Day 11: Campaign total budget bid: 490.2543379498153
04/04 12:08:52 INFO OrOmerShelly.Coordinator|Day 11: Adjusting ucs bid: was 0.1327314441882845 level reported: 0.47829690000000014 target: 0.6 adjusted: 0.1488852724134757
04/04 12:08:52 SEVERE OrOmerShelly.OOSAgent|Exception thrown while trying to parse message.java.lang.NullPointerException
04/04 12:08:52 INFO OrOmerShelly.Coordinator|Day 11 : Simulation Status Received
04/04 12:08:52 WARNING OrOmerShelly.Coordinator|BidBundle is null!
04/04 12:08:52 INFO OrOmerShelly.Coordinator|Day 11 ended. Starting next day
04/04 12:09:01 INFO OrOmerShelly.Coordinator|Day 12 :BankStatus[-1.603800]
04/04 12:09:01 INFO OrOmerShelly.OOSAgent|UNKNOWN Message Received: (CampaignAuctionReport CampaignAuctionReportEntry [actualBid=2057.0, effectiveBid=1174.4444616904211] CampaignAuctionReportEntry [actualBid=3007.0, effectiveBid=2290.0335172461614])
04/04 12:09:01 SEVERE OrOmerShelly.OOSAgent|Exception thrown while trying to parse message.java.lang.NullPointerException
04/04 12:09:01 INFO OrOmerShelly.Coordinator|Day 12: Campaign opportunity - Campaign ID 4185365: day 14 to 16 [LOW_INCOME, YOUNG], reach: 3750 coefs: (v=2.0, m=1.5)
04/04 12:09:01 INFO OrOmerShelly.Coordinator|Day 12: Campaign total budget bid: 994.4551590888511
04/04 12:09:01 INFO OrOmerShelly.Coordinator|Day 12: Adjusting ucs bid: was 0.1488852724134757 level reported: 0.47829690000000014 target: 0.6 adjusted: 0.14605143718542837
04/04 12:09:01 SEVERE OrOmerShelly.OOSAgent|Exception thrown while trying to parse message.java.lang.NullPointerException
04/04 12:09:01 INFO OrOmerShelly.Coordinator|Day 12 : Simulation Status Received
04/04 12:09:01 WARNING OrOmerShelly.Coordinator|BidBundle is null!
04/04 12:09:01 INFO OrOmerShelly.Coordinator|Day 12 ended. Starting next day
04/04 12:09:11 INFO OrOmerShelly.Coordinator|Day 13 :BankStatus[-1.749600]
04/04 12:09:11 INFO OrOmerShelly.OOSAgent|UNKNOWN Message Received: (CampaignAuctionReport CampaignAuctionReportEntry [actualBid=2892.0, effectiveBid=2617.4997387038284])
04/04 12:09:11 SEVERE OrOmerShelly.OOSAgent|Exception thrown while trying to parse message.java.lang.NullPointerException
04/04 12:09:11 INFO OrOmerShelly.Coordinator|Day 13: Campaign opportunity - Campaign ID 31729579: day 15 to 19 [FEMALE, YOUNG], reach: 6250 coefs: (v=2.0, m=1.5)
04/04 12:09:11 INFO OrOmerShelly.Coordinator|Day 13: Campaign total budget bid: 1008.3930896322057
04/04 12:09:11 INFO OrOmerShelly.Coordinator|Day 13: Adjusting ucs bid: was 0.14605143718542837 level reported: 0.47829690000000014 target: 0.6 adjusted: 0.10520274209656617
04/04 12:09:11 SEVERE OrOmerShelly.OOSAgent|Exception thrown while trying to parse message.java.lang.NullPointerException
04/04 12:09:12 INFO OrOmerShelly.Coordinator|Day 13 : Simulation Status Received
04/04 12:09:12 WARNING OrOmerShelly.Coordinator|BidBundle is null!
04/04 12:09:12 INFO OrOmerShelly.Coordinator|Day 13 ended. Starting next day
04/04 12:09:21 INFO OrOmerShelly.Coordinator|Day 14 :BankStatus[-1.895400]
04/04 12:09:21 INFO OrOmerShelly.OOSAgent|UNKNOWN Message Received: (CampaignAuctionReport CampaignAuctionReportEntry [actualBid=2313.0, effectiveBid=2032.0681932430784] CampaignAuctionReportEntry [actualBid=2471.0, effectiveBid=2236.4598389824205] CampaignAuctionReportEntry [actualBid=2862.0, effectiveBid=1634.0593336694142])
04/04 12:09:21 SEVERE OrOmerShelly.OOSAgent|Exception thrown while trying to parse message.java.lang.NullPointerException
04/04 12:09:21 INFO OrOmerShelly.Coordinator|Day 14: Campaign opportunity - Campaign ID 22953873: day 16 to 25 [HIGH_INCOME, OLD], reach: 6250 coefs: (v=2.0, m=1.5)
04/04 12:09:21 INFO OrOmerShelly.Coordinator|Day 14: Campaign total budget bid: 496.589084908827
04/04 12:09:21 INFO OrOmerShelly.Coordinator|Day 14: Adjusting ucs bid: was 0.10520274209656617 level reported: 0.47829690000000014 target: 0.6 adjusted: 0.11074945870466918
04/04 12:09:21 SEVERE OrOmerShelly.OOSAgent|Exception thrown while trying to parse message.java.lang.NullPointerException
04/04 12:09:21 INFO OrOmerShelly.Coordinator|Day 14 : Simulation Status Received
04/04 12:09:21 WARNING OrOmerShelly.Coordinator|BidBundle is null!
04/04 12:09:21 INFO OrOmerShelly.Coordinator|Day 14 ended. Starting next day
04/04 12:09:31 INFO OrOmerShelly.Coordinator|Day 15 :BankStatus[-2.041200]
04/04 12:09:31 INFO OrOmerShelly.OOSAgent|UNKNOWN Message Received: (CampaignAuctionReport CampaignAuctionReportEntry [actualBid=2605.0, effectiveBid=2480.872892202314] CampaignAuctionReportEntry [actualBid=2477.0, effectiveBid=2241.890336365623] CampaignAuctionReportEntry [actualBid=2024.0, effectiveBid=1155.60310669004])
04/04 12:09:31 SEVERE OrOmerShelly.OOSAgent|Exception thrown while trying to parse message.java.lang.NullPointerException
04/04 12:09:31 INFO OrOmerShelly.Coordinator|Day 15: Campaign opportunity - Campaign ID 452849: day 17 to 21 [FEMALE, YOUNG], reach: 3750 coefs: (v=2.0, m=1.5)
04/04 12:09:31 INFO OrOmerShelly.Coordinator|Day 15: Campaign total budget bid: 605.0358537793234
04/04 12:09:31 INFO OrOmerShelly.Coordinator|Day 15: Adjusting ucs bid: was 0.11074945870466918 level reported: 0.47829690000000014 target: 0.6 adjusted: 0.1242280111523494
04/04 12:09:31 SEVERE OrOmerShelly.OOSAgent|Exception thrown while trying to parse message.java.lang.NullPointerException
04/04 12:09:32 INFO OrOmerShelly.Coordinator|Day 15 : Simulation Status Received
04/04 12:09:32 WARNING OrOmerShelly.Coordinator|BidBundle is null!
04/04 12:09:32 INFO OrOmerShelly.Coordinator|Day 15 ended. Starting next day
04/04 12:09:40 INFO OrOmerShelly.Coordinator|Day 16 :BankStatus[-2.187000]
04/04 12:09:40 INFO OrOmerShelly.OOSAgent|UNKNOWN Message Received: (CampaignAuctionReport CampaignAuctionReportEntry [actualBid=2222.0, effectiveBid=2116.1226742700733] CampaignAuctionReportEntry [actualBid=2567.0, effectiveBid=2471.9355258508635])
04/04 12:09:40 SEVERE OrOmerShelly.OOSAgent|Exception thrown while trying to parse message.java.lang.NullPointerException
04/04 12:09:40 INFO OrOmerShelly.Coordinator|Day 16: Campaign opportunity - Campaign ID 19859748: day 18 to 27 [LOW_INCOME, YOUNG], reach: 3750 coefs: (v=2.0, m=1.5)
04/04 12:09:40 INFO OrOmerShelly.Coordinator|Day 16: Campaign total budget bid: 298.33654772665534
04/04 12:09:40 INFO OrOmerShelly.Coordinator|Day 16: Adjusting ucs bid: was 0.1242280111523494 level reported: 0.47829690000000014 target: 0.6 adjusted: 0.13934694521642488
04/04 12:09:40 SEVERE OrOmerShelly.OOSAgent|Exception thrown while trying to parse message.java.lang.NullPointerException
04/04 12:09:40 INFO OrOmerShelly.Coordinator|Day 16 : Simulation Status Received
04/04 12:09:40 WARNING OrOmerShelly.Coordinator|BidBundle is null!
04/04 12:09:40 INFO OrOmerShelly.Coordinator|Day 16 ended. Starting next day
04/04 12:09:51 INFO OrOmerShelly.Coordinator|Day 17 :BankStatus[-2.332800]
04/04 12:09:51 INFO OrOmerShelly.OOSAgent|UNKNOWN Message Received: (CampaignAuctionReport CampaignAuctionReportEntry [actualBid=2024.0, effectiveBid=1927.5572874539282] CampaignAuctionReportEntry [actualBid=2537.0, effectiveBid=2443.04652476963])
04/04 12:09:51 SEVERE OrOmerShelly.OOSAgent|Exception thrown while trying to parse message.java.lang.NullPointerException
04/04 12:09:51 INFO OrOmerShelly.Coordinator|Day 17: Campaign opportunity - Campaign ID 18860423: day 19 to 21 [FEMALE, OLD], reach: 6250 coefs: (v=2.0, m=1.5)
04/04 12:09:51 INFO OrOmerShelly.Coordinator|Day 17: Campaign total budget bid: 1634.1811264993844
04/04 12:09:51 INFO OrOmerShelly.Coordinator|Day 17: Adjusting ucs bid: was 0.13934694521642488 level reported: 0.47829690000000014 target: 0.6 adjusted: 0.15194474144659714
04/04 12:09:51 SEVERE OrOmerShelly.OOSAgent|Exception thrown while trying to parse message.java.lang.NullPointerException
04/04 12:09:52 INFO OrOmerShelly.Coordinator|Day 17 : Simulation Status Received
04/04 12:09:52 WARNING OrOmerShelly.Coordinator|BidBundle is null!
04/04 12:09:52 INFO OrOmerShelly.Coordinator|Day 17 ended. Starting next day
04/04 12:10:01 INFO OrOmerShelly.Coordinator|Day 18 :BankStatus[-2.478600]
04/04 12:10:01 INFO OrOmerShelly.OOSAgent|UNKNOWN Message Received: (CampaignAuctionReport CampaignAuctionReportEntry [actualBid=2141.0, effectiveBid=1774.2303242959408] CampaignAuctionReportEntry [actualBid=2848.0, effectiveBid=2712.294048749401])
04/04 12:10:01 SEVERE OrOmerShelly.OOSAgent|Exception thrown while trying to parse message.java.lang.NullPointerException
04/04 12:10:01 INFO OrOmerShelly.Coordinator|Day 18: Campaign opportunity - Campaign ID 19814416: day 20 to 24 [LOW_INCOME, MALE], reach: 12500 coefs: (v=2.0, m=1.5)
04/04 12:10:01 INFO OrOmerShelly.Coordinator|Day 18: Campaign total budget bid: 1996.6118104546574
04/04 12:10:01 INFO OrOmerShelly.Coordinator|Day 18: Adjusting ucs bid: was 0.15194474144659714 level reported: 0.47829690000000014 target: 0.6 adjusted: 0.10733243265562505
04/04 12:10:01 SEVERE OrOmerShelly.OOSAgent|Exception thrown while trying to parse message.java.lang.NullPointerException
04/04 12:10:01 INFO OrOmerShelly.Coordinator|Day 18 : Simulation Status Received
04/04 12:10:01 WARNING OrOmerShelly.Coordinator|BidBundle is null!
04/04 12:10:01 INFO OrOmerShelly.Coordinator|Day 18 ended. Starting next day
04/04 12:10:11 INFO OrOmerShelly.Coordinator|Day 19 :BankStatus[-2.624400]
04/04 12:10:11 INFO OrOmerShelly.OOSAgent|UNKNOWN Message Received: (CampaignAuctionReport CampaignAuctionReportEntry [actualBid=2087.0, effectiveBid=1987.5553650772472] CampaignAuctionReportEntry [actualBid=3099.0, effectiveBid=2568.117596914115])
04/04 12:10:11 SEVERE OrOmerShelly.OOSAgent|Exception thrown while trying to parse message.java.lang.NullPointerException
04/04 12:10:11 INFO OrOmerShelly.Coordinator|Day 19: Campaign opportunity - Campaign ID 1422359: day 21 to 23 [FEMALE, OLD], reach: 12500 coefs: (v=2.0, m=1.5)
04/04 12:10:11 INFO OrOmerShelly.Coordinator|Day 19: Campaign total budget bid: 3268.362252998769
04/04 12:10:11 INFO OrOmerShelly.Coordinator|Day 19: Adjusting ucs bid: was 0.10733243265562505 level reported: 0.47829690000000014 target: 0.6 adjusted: 0.12039512244035584
04/04 12:10:11 SEVERE OrOmerShelly.OOSAgent|Exception thrown while trying to parse message.java.lang.NullPointerException
04/04 12:10:11 INFO OrOmerShelly.Coordinator|Day 19 : Simulation Status Received
04/04 12:10:11 WARNING OrOmerShelly.Coordinator|BidBundle is null!
04/04 12:10:11 INFO OrOmerShelly.Coordinator|Day 19 ended. Starting next day
04/04 12:10:21 INFO OrOmerShelly.Coordinator|Day 20 :BankStatus[-2.702645]
04/04 12:10:21 INFO OrOmerShelly.OOSAgent|UNKNOWN Message Received: (CampaignAuctionReport CampaignAuctionReportEntry [actualBid=2189.0, effectiveBid=2084.6951098007157] CampaignAuctionReportEntry [actualBid=3055.0, effectiveBid=2531.6551334535725])
04/04 12:10:21 SEVERE OrOmerShelly.OOSAgent|Exception thrown while trying to parse message.java.lang.NullPointerException
04/04 12:10:21 INFO OrOmerShelly.Coordinator|Day 20: Campaign opportunity - Campaign ID 18039391: day 22 to 24 [FEMALE, HIGH_INCOME], reach: 6250 coefs: (v=2.0, m=1.5)
04/04 12:10:21 INFO OrOmerShelly.Coordinator|Day 20: Campaign total budget bid: 1658.6248492959528
04/04 12:10:21 INFO OrOmerShelly.Coordinator|Day 20: Adjusting ucs bid: was 0.12039512244035584 level reported: 0.47829690000000014 target: 0.6 adjusted: 0.10273577390209634
04/04 12:10:21 SEVERE OrOmerShelly.OOSAgent|Exception thrown while trying to parse message.java.lang.NullPointerException
04/04 12:10:21 INFO OrOmerShelly.Coordinator|Day 20 : Simulation Status Received
04/04 12:10:21 WARNING OrOmerShelly.Coordinator|BidBundle is null!
04/04 12:10:21 INFO OrOmerShelly.Coordinator|Day 20 ended. Starting next day
04/04 12:10:32 INFO OrOmerShelly.Coordinator|Day 21 :BankStatus[-2.790413]
04/04 12:10:32 INFO OrOmerShelly.OOSAgent|UNKNOWN Message Received: (CampaignAuctionReport CampaignAuctionReportEntry [actualBid=2424.0, effectiveBid=2380.9854383269176] CampaignAuctionReportEntry [actualBid=2549.0, effectiveBid=2112.3368036573343])
04/04 12:10:32 SEVERE OrOmerShelly.OOSAgent|Exception thrown while trying to parse message.java.lang.NullPointerException
04/04 12:10:32 INFO OrOmerShelly.Coordinator|Day 21: Campaign opportunity - Campaign ID 29585217: day 23 to 32 [FEMALE, OLD], reach: 6250 coefs: (v=2.0, m=1.5)
04/04 12:10:32 INFO OrOmerShelly.Coordinator|Day 21: Campaign total budget bid: 490.2543379498153
04/04 12:10:32 INFO OrOmerShelly.Coordinator|Day 21: Adjusting ucs bid: was 0.10273577390209634 level reported: 0.47829690000000014 target: 0.6 adjusted: 0.11523903606688056
04/04 12:10:32 SEVERE OrOmerShelly.OOSAgent|Exception thrown while trying to parse message.java.lang.NullPointerException
04/04 12:10:32 INFO OrOmerShelly.Coordinator|Day 21 : Simulation Status Received
04/04 12:10:32 WARNING OrOmerShelly.Coordinator|BidBundle is null!
04/04 12:10:32 INFO OrOmerShelly.Coordinator|Day 21 ended. Starting next day
04/04 12:10:41 INFO OrOmerShelly.Coordinator|Day 22 :BankStatus[-2.865308]
04/04 12:10:41 INFO OrOmerShelly.OOSAgent|UNKNOWN Message Received: (CampaignAuctionReport CampaignAuctionReportEntry [actualBid=2408.0, effectiveBid=2365.26936282641] CampaignAuctionReportEntry [actualBid=2059.0, effectiveBid=1706.2775514831117])
04/04 12:10:41 SEVERE OrOmerShelly.OOSAgent|Exception thrown while trying to parse message.java.lang.NullPointerException
04/04 12:10:41 INFO OrOmerShelly.Coordinator|Day 22: Campaign opportunity - Campaign ID 26516075: day 24 to 26 [HIGH_INCOME, YOUNG], reach: 6250 coefs: (v=2.0, m=1.5)
04/04 12:10:41 INFO OrOmerShelly.Coordinator|Day 22: Campaign total budget bid: 1692.5160018444722
04/04 12:10:41 INFO OrOmerShelly.Coordinator|Day 22: Adjusting ucs bid: was 0.11523903606688056 level reported: 0.47829690000000014 target: 0.6 adjusted: 0.1292639839972317
04/04 12:10:41 SEVERE OrOmerShelly.OOSAgent|Exception thrown while trying to parse message.java.lang.NullPointerException
04/04 12:10:41 INFO OrOmerShelly.Coordinator|Day 22 : Simulation Status Received
04/04 12:10:41 WARNING OrOmerShelly.Coordinator|BidBundle is null!
04/04 12:10:41 INFO OrOmerShelly.Coordinator|Day 22 ended. Starting next day
04/04 12:10:51 INFO OrOmerShelly.Coordinator|Day 23 :BankStatus[-2.949317]
04/04 12:10:51 INFO OrOmerShelly.OOSAgent|UNKNOWN Message Received: (CampaignAuctionReport CampaignAuctionReportEntry [actualBid=2131.0, effectiveBid=1985.9488645628455] CampaignAuctionReportEntry [actualBid=2491.0, effectiveBid=2446.796504485294] CampaignAuctionReportEntry [actualBid=3072.0, effectiveBid=1983.2968291497805])
04/04 12:10:51 SEVERE OrOmerShelly.OOSAgent|Exception thrown while trying to parse message.java.lang.NullPointerException
04/04 12:10:51 INFO OrOmerShelly.Coordinator|Day 23: Campaign opportunity - Campaign ID 1242983: day 25 to 29 [LOW_INCOME, MALE], reach: 3750 coefs: (v=2.0, m=1.5)
04/04 12:10:51 INFO OrOmerShelly.Coordinator|Day 23: Campaign total budget bid: 598.9835431363972
04/04 12:10:51 INFO OrOmerShelly.Coordinator|Day 23: Adjusting ucs bid: was 0.1292639839972317 level reported: 0.47829690000000014 target: 0.6 adjusted: 0.1449958115680452
04/04 12:10:51 SEVERE OrOmerShelly.OOSAgent|Exception thrown while trying to parse message.java.lang.NullPointerException
04/04 12:10:52 INFO OrOmerShelly.Coordinator|Day 23 : Simulation Status Received
04/04 12:10:52 WARNING OrOmerShelly.Coordinator|BidBundle is null!
04/04 12:10:52 INFO OrOmerShelly.Coordinator|Day 23 ended. Starting next day
04/04 12:11:01 INFO OrOmerShelly.Coordinator|Day 24 :BankStatus[-3.043550]
04/04 12:11:01 INFO OrOmerShelly.OOSAgent|UNKNOWN Message Received: (CampaignAuctionReport CampaignAuctionReportEntry [actualBid=2928.0, effectiveBid=2850.454270727211] CampaignAuctionReportEntry [actualBid=2972.0, effectiveBid=2919.261024219307] CampaignAuctionReportEntry [actualBid=2355.0, effectiveBid=1520.3984481275172])
04/04 12:11:01 SEVERE OrOmerShelly.OOSAgent|Exception thrown while trying to parse message.java.lang.NullPointerException
04/04 12:11:01 INFO OrOmerShelly.Coordinator|Day 24: Campaign opportunity - Campaign ID 14690413: day 26 to 28 [LOW_INCOME, YOUNG], reach: 3750 coefs: (v=2.0, m=1.5)
04/04 12:11:01 INFO OrOmerShelly.Coordinator|Day 24: Campaign total budget bid: 994.4551590888511
04/04 12:11:01 INFO OrOmerShelly.Coordinator|Day 24: Adjusting ucs bid: was 0.1449958115680452 level reported: 0.47829690000000014 target: 0.6 adjusted: 0.16264225132289215
04/04 12:11:01 SEVERE OrOmerShelly.OOSAgent|Exception thrown while trying to parse message.java.lang.NullPointerException
04/04 12:11:01 INFO OrOmerShelly.Coordinator|Day 24 : Simulation Status Received
04/04 12:11:01 WARNING OrOmerShelly.Coordinator|BidBundle is null!
04/04 12:11:01 INFO OrOmerShelly.Coordinator|Day 24 ended. Starting next day
04/04 12:11:11 INFO OrOmerShelly.Coordinator|Day 25 :BankStatus[-3.149252]
04/04 12:11:11 INFO OrOmerShelly.OOSAgent|UNKNOWN Message Received: (CampaignAuctionReport CampaignAuctionReportEntry [actualBid=2253.0, effectiveBid=2193.3311038075162] CampaignAuctionReportEntry [actualBid=2695.0, effectiveBid=2677.485837760704])
04/04 12:11:11 SEVERE OrOmerShelly.OOSAgent|Exception thrown while trying to parse message.java.lang.NullPointerException
04/04 12:11:11 INFO OrOmerShelly.Coordinator|Day 25: Campaign opportunity - Campaign ID 32790472: day 27 to 31 [FEMALE, LOW_INCOME], reach: 3750 coefs: (v=2.0, m=1.5)
04/04 12:11:11 INFO OrOmerShelly.Coordinator|Day 25: Campaign total budget bid: 596.0025688123945
04/04 12:11:11 INFO OrOmerShelly.Coordinator|Day 25: Adjusting ucs bid: was 0.16264225132289215 level reported: 0.47829690000000014 target: 0.6 adjusted: 0.12400284006856384
04/04 12:11:11 SEVERE OrOmerShelly.OOSAgent|Exception thrown while trying to parse message.java.lang.NullPointerException
04/04 12:11:12 INFO OrOmerShelly.Coordinator|Day 25 : Simulation Status Received
04/04 12:11:12 WARNING OrOmerShelly.Coordinator|BidBundle is null!
04/04 12:11:12 INFO OrOmerShelly.Coordinator|Day 25 ended. Starting next day
04/04 12:11:21 INFO OrOmerShelly.Coordinator|Day 26 :BankStatus[-3.267819]
04/04 12:11:21 INFO OrOmerShelly.OOSAgent|UNKNOWN Message Received: (CampaignAuctionReport CampaignAuctionReportEntry [actualBid=2538.0, effectiveBid=2470.783107618054] CampaignAuctionReportEntry [actualBid=2215.0, effectiveBid=1430.01382700741])
04/04 12:11:21 SEVERE OrOmerShelly.OOSAgent|Exception thrown while trying to parse message.java.lang.NullPointerException
04/04 12:11:21 INFO OrOmerShelly.Coordinator|Day 26: Campaign opportunity - Campaign ID 22283462: day 28 to 32 [HIGH_INCOME, OLD], reach: 3750 coefs: (v=2.0, m=1.5)
04/04 12:11:21 INFO OrOmerShelly.Coordinator|Day 26: Campaign total budget bid: 595.9069018905924
04/04 12:11:21 INFO OrOmerShelly.Coordinator|Day 26: Adjusting ucs bid: was 0.12400284006856384 level reported: 0.47829690000000014 target: 0.6 adjusted: 0.13293575634454655
04/04 12:11:21 SEVERE OrOmerShelly.OOSAgent|Exception thrown while trying to parse message.java.lang.NullPointerException
04/04 12:11:21 INFO OrOmerShelly.Coordinator|Day 26 : Simulation Status Received
04/04 12:11:21 WARNING OrOmerShelly.Coordinator|BidBundle is null!
04/04 12:11:21 INFO OrOmerShelly.Coordinator|Day 26 ended. Starting next day
04/04 12:11:31 INFO OrOmerShelly.Coordinator|Day 27 :BankStatus[-3.358217]
04/04 12:11:31 INFO OrOmerShelly.OOSAgent|UNKNOWN Message Received: (CampaignAuctionReport CampaignAuctionReportEntry [actualBid=3003.0, effectiveBid=2923.467955940511] CampaignAuctionReportEntry [actualBid=2324.0, effectiveBid=1546.5482300547635])
04/04 12:11:31 SEVERE OrOmerShelly.OOSAgent|Exception thrown while trying to parse message.java.lang.NullPointerException
04/04 12:11:31 INFO OrOmerShelly.Coordinator|Day 27: Campaign opportunity - Campaign ID 16301511: day 29 to 33 [FEMALE, OLD], reach: 3750 coefs: (v=2.0, m=1.5)
04/04 12:11:31 INFO OrOmerShelly.Coordinator|Day 27: Campaign total budget bid: 588.3052055397784
04/04 12:11:31 INFO OrOmerShelly.Coordinator|Day 27: Adjusting ucs bid: was 0.13293575634454655 level reported: 0.47829690000000014 target: 0.6 adjusted: 0.10087476653726428
04/04 12:11:31 SEVERE OrOmerShelly.OOSAgent|Exception thrown while trying to parse message.java.lang.NullPointerException
04/04 12:11:32 INFO OrOmerShelly.Coordinator|Day 27 : Simulation Status Received
04/04 12:11:32 WARNING OrOmerShelly.Coordinator|BidBundle is null!
04/04 12:11:32 INFO OrOmerShelly.Coordinator|Day 27 ended. Starting next day
04/04 12:11:41 INFO OrOmerShelly.Coordinator|Day 28 :BankStatus[-3.455127]
04/04 12:11:41 SEVERE OrOmerShelly.OOSAgent|Exception thrown while trying to parse message.java.lang.NullPointerException
04/04 12:11:41 INFO OrOmerShelly.Coordinator|Day 28: Campaign opportunity - Campaign ID 7724195: day 30 to 32 [LOW_INCOME, OLD], reach: 3750 coefs: (v=2.0, m=1.5)
04/04 12:11:41 INFO OrOmerShelly.Coordinator|Day 28: Campaign total budget bid: 997.1796934257029
04/04 12:11:41 INFO OrOmerShelly.Coordinator|Day 28: Adjusting ucs bid: was 0.10087476653726428 level reported: 0.47829690000000014 target: 0.6 adjusted: 0.10433046713589528
04/04 12:11:41 SEVERE OrOmerShelly.OOSAgent|Exception thrown while trying to parse message.java.lang.NullPointerException
04/04 12:11:41 INFO OrOmerShelly.Coordinator|Day 28 : Simulation Status Received
04/04 12:11:41 WARNING OrOmerShelly.Coordinator|BidBundle is null!
04/04 12:11:41 INFO OrOmerShelly.Coordinator|Day 28 ended. Starting next day
04/04 12:11:51 INFO OrOmerShelly.Coordinator|Day 29 :BankStatus[-3.528665]
04/04 12:11:51 INFO OrOmerShelly.OOSAgent|UNKNOWN Message Received: (CampaignAuctionReport CampaignAuctionReportEntry [actualBid=2119.0, effectiveBid=1837.4290742907863] CampaignAuctionReportEntry [actualBid=2352.0, effectiveBid=1518.4616348178006])
04/04 12:11:51 SEVERE OrOmerShelly.OOSAgent|Exception thrown while trying to parse message.java.lang.NullPointerException
04/04 12:11:51 INFO OrOmerShelly.Coordinator|Day 29: Campaign opportunity - Campaign ID 5558053: day 31 to 40 [LOW_INCOME, YOUNG], reach: 12500 coefs: (v=2.0, m=1.5)
04/04 12:11:51 INFO OrOmerShelly.Coordinator|Day 29: Campaign total budget bid: 994.4551590888511
04/04 12:11:51 INFO OrOmerShelly.Coordinator|Day 29: Adjusting ucs bid: was 0.10433046713589528 level reported: 0.47829690000000014 target: 0.6 adjusted: 0.11702780841078185
04/04 12:11:51 SEVERE OrOmerShelly.OOSAgent|Exception thrown while trying to parse message.java.lang.NullPointerException
04/04 12:11:52 INFO OrOmerShelly.Coordinator|Day 29 : Simulation Status Received
04/04 12:11:52 WARNING OrOmerShelly.Coordinator|BidBundle is null!
04/04 12:11:52 INFO OrOmerShelly.Coordinator|Day 29 ended. Starting next day
04/04 12:12:01 INFO OrOmerShelly.Coordinator|Day 30 :BankStatus[-3.604721]
04/04 12:12:01 INFO OrOmerShelly.OOSAgent|UNKNOWN Message Received: (CampaignAuctionReport CampaignAuctionReportEntry [actualBid=2887.0, effectiveBid=2503.377884604766] CampaignAuctionReportEntry [actualBid=3140.0, effectiveBid=2027.1979308366895])
04/04 12:12:01 SEVERE OrOmerShelly.OOSAgent|Exception thrown while trying to parse message.java.lang.NullPointerException
04/04 12:12:01 INFO OrOmerShelly.Coordinator|Day 30: Campaign opportunity - Campaign ID 9361344: day 32 to 36 [FEMALE, LOW_INCOME], reach: 3750 coefs: (v=2.0, m=1.5)
04/04 12:12:01 INFO OrOmerShelly.Coordinator|Day 30: Campaign total budget bid: 596.0025688123945
04/04 12:12:01 INFO OrOmerShelly.Coordinator|Day 30: Adjusting ucs bid: was 0.11702780841078185 level reported: 0.47829690000000014 target: 0.6 adjusted: 0.13127045548058006
04/04 12:12:01 SEVERE OrOmerShelly.OOSAgent|Exception thrown while trying to parse message.java.lang.NullPointerException
04/04 12:12:01 INFO OrOmerShelly.Coordinator|Day 30 : Simulation Status Received
04/04 12:12:01 WARNING OrOmerShelly.Coordinator|BidBundle is null!
04/04 12:12:01 INFO OrOmerShelly.Coordinator|Day 30 ended. Starting next day
04/04 12:12:11 INFO OrOmerShelly.Coordinator|Day 31 :BankStatus[-3.690035]
04/04 12:12:11 INFO OrOmerShelly.OOSAgent|UNKNOWN Message Received: (CampaignAuctionReport CampaignAuctionReportEntry [actualBid=2519.0, effectiveBid=2184.2774129959844])
04/04 12:12:11 SEVERE OrOmerShelly.OOSAgent|Exception thrown while trying to parse message.java.lang.NullPointerException
04/04 12:12:11 INFO OrOmerShelly.Coordinator|Day 31: Campaign opportunity - Campaign ID 6808847: day 33 to 42 [FEMALE, LOW_INCOME], reach: 12500 coefs: (v=2.0, m=1.5)
04/04 12:12:11 INFO OrOmerShelly.Coordinator|Day 31: Campaign total budget bid: 993.3376146873242
04/04 12:12:11 INFO OrOmerShelly.Coordinator|Day 31: Adjusting ucs bid: was 0.13127045548058006 level reported: 0.47829690000000014 target: 0.6 adjusted: 0.14724647685097864
04/04 12:12:11 SEVERE OrOmerShelly.OOSAgent|Exception thrown while trying to parse message.java.lang.NullPointerException
04/04 12:12:12 INFO OrOmerShelly.Coordinator|Day 31 : Simulation Status Received
04/04 12:12:12 WARNING OrOmerShelly.Coordinator|BidBundle is null!
04/04 12:12:12 INFO OrOmerShelly.Coordinator|Day 31 ended. Starting next day
04/04 12:12:21 INFO OrOmerShelly.Coordinator|Day 32 :BankStatus[-3.785731]
04/04 12:12:21 INFO OrOmerShelly.OOSAgent|UNKNOWN Message Received: (CampaignAuctionReport CampaignAuctionReportEntry [actualBid=2001.0, effectiveBid=1735.108814372753] CampaignAuctionReportEntry [actualBid=2623.0, effectiveBid=1693.4204371288652] CampaignAuctionReportEntry [actualBid=2772.0, effectiveBid=1838.497275040998])
04/04 12:12:21 SEVERE OrOmerShelly.OOSAgent|Exception thrown while trying to parse message.java.lang.NullPointerException
04/04 12:12:21 INFO OrOmerShelly.Coordinator|Day 32: Campaign opportunity - Campaign ID 25161422: day 34 to 36 [LOW_INCOME, YOUNG], reach: 12500 coefs: (v=2.0, m=1.5)
04/04 12:12:21 INFO OrOmerShelly.Coordinator|Day 32: Campaign total budget bid: 3314.8505302961707
04/04 12:12:21 INFO OrOmerShelly.Coordinator|Day 32: Adjusting ucs bid: was 0.14724647685097864 level reported: 0.47829690000000014 target: 0.6 adjusted: 0.12015037421789097
04/04 12:12:21 SEVERE OrOmerShelly.OOSAgent|Exception thrown while trying to parse message.java.lang.NullPointerException
04/04 12:12:21 INFO OrOmerShelly.Coordinator|Day 32 : Simulation Status Received
04/04 12:12:21 WARNING OrOmerShelly.Coordinator|BidBundle is null!
04/04 12:12:21 INFO OrOmerShelly.Coordinator|Day 32 ended. Starting next day
04/04 12:12:32 INFO OrOmerShelly.Coordinator|Day 33 :BankStatus[-3.893074]
04/04 12:12:32 INFO OrOmerShelly.OOSAgent|UNKNOWN Message Received: (CampaignAuctionReport CampaignAuctionReportEntry [actualBid=2601.0, effectiveBid=2255.38132243055] CampaignAuctionReportEntry [actualBid=3212.0, effectiveBid=2791.4281992259175] CampaignAuctionReportEntry [actualBid=3299.0, effectiveBid=2129.8490362516686])
04/04 12:12:32 SEVERE OrOmerShelly.OOSAgent|Exception thrown while trying to parse message.java.lang.NullPointerException
04/04 12:12:32 INFO OrOmerShelly.Coordinator|Day 33: Campaign opportunity - Campaign ID 1621200: day 35 to 37 [OLD, MALE], reach: 3750 coefs: (v=2.0, m=1.5)
04/04 12:12:32 INFO OrOmerShelly.Coordinator|Day 33: Campaign total budget bid: 1010.2865542271022
04/04 12:12:32 INFO OrOmerShelly.Coordinator|Day 33: Adjusting ucs bid: was 0.12015037421789097 level reported: 0.47829690000000014 target: 0.6 adjusted: 0.13477304722636838
04/04 12:12:32 SEVERE OrOmerShelly.OOSAgent|Exception thrown while trying to parse message.java.lang.NullPointerException
04/04 12:12:33 INFO OrOmerShelly.Coordinator|Day 33 : Simulation Status Received
04/04 12:12:33 WARNING OrOmerShelly.Coordinator|BidBundle is null!
04/04 12:12:33 INFO OrOmerShelly.Coordinator|Day 33 ended. Starting next day
04/04 12:12:41 INFO OrOmerShelly.Coordinator|Day 34 :BankStatus[-3.980663]
04/04 12:12:41 INFO OrOmerShelly.OOSAgent|UNKNOWN Message Received: (CampaignAuctionReport CampaignAuctionReportEntry [actualBid=2510.0, effectiveBid=2459.956850438069] CampaignAuctionReportEntry [actualBid=3124.0, effectiveBid=2972.1481014519554])
04/04 12:12:41 SEVERE OrOmerShelly.OOSAgent|Exception thrown while trying to parse message.java.lang.NullPointerException
04/04 12:12:41 INFO OrOmerShelly.Coordinator|Day 34: Campaign opportunity - Campaign ID 27835838: day 36 to 38 [LOW_INCOME, MALE], reach: 6250 coefs: (v=2.0, m=1.5)
04/04 12:12:41 INFO OrOmerShelly.Coordinator|Day 34: Campaign total budget bid: 1663.8431753788814
04/04 12:12:41 INFO OrOmerShelly.Coordinator|Day 34: Adjusting ucs bid: was 0.13477304722636838 level reported: 0.47829690000000014 target: 0.6 adjusted: 0.1511753448702638
04/04 12:12:41 SEVERE OrOmerShelly.OOSAgent|Exception thrown while trying to parse message.java.lang.NullPointerException
04/04 12:12:41 INFO OrOmerShelly.Coordinator|Day 34 : Simulation Status Received
04/04 12:12:41 WARNING OrOmerShelly.Coordinator|BidBundle is null!
04/04 12:12:41 INFO OrOmerShelly.Coordinator|Day 34 ended. Starting next day
04/04 12:12:51 INFO OrOmerShelly.Coordinator|Day 35 :BankStatus[-4.078913]
04/04 12:12:51 INFO OrOmerShelly.OOSAgent|UNKNOWN Message Received: (CampaignAuctionReport CampaignAuctionReportEntry [actualBid=2185.0, effectiveBid=2078.791165708234] CampaignAuctionReportEntry [actualBid=3114.0, effectiveBid=3051.9145945275486] CampaignAuctionReportEntry [actualBid=2970.0, effectiveBid=1917.4451766194165])
04/04 12:12:51 SEVERE OrOmerShelly.OOSAgent|Exception thrown while trying to parse message.java.lang.NullPointerException
04/04 12:12:51 INFO OrOmerShelly.Coordinator|Day 35: Campaign opportunity - Campaign ID 30124985: day 37 to 41 [FEMALE, OLD], reach: 3750 coefs: (v=2.0, m=1.5)
04/04 12:12:51 INFO OrOmerShelly.Coordinator|Day 35: Campaign total budget bid: 588.3052055397784
04/04 12:12:51 INFO OrOmerShelly.Coordinator|Day 35: Adjusting ucs bid: was 0.1511753448702638 level reported: 0.47829690000000014 target: 0.6 adjusted: 0.169573852984544
04/04 12:12:51 SEVERE OrOmerShelly.OOSAgent|Exception thrown while trying to parse message.java.lang.NullPointerException
04/04 12:12:52 INFO OrOmerShelly.Coordinator|Day 35 : Simulation Status Received
04/04 12:12:52 WARNING OrOmerShelly.Coordinator|BidBundle is null!
04/04 12:12:52 INFO OrOmerShelly.Coordinator|Day 35 ended. Starting next day
04/04 12:13:01 INFO OrOmerShelly.Coordinator|Day 36 :BankStatus[-4.189120]
04/04 12:13:01 INFO OrOmerShelly.OOSAgent|UNKNOWN Message Received: (CampaignAuctionReport CampaignAuctionReportEntry [actualBid=2811.0, effectiveBid=2674.362456204048] CampaignAuctionReportEntry [actualBid=3265.0, effectiveBid=3199.9040305499184])
04/04 12:13:01 SEVERE OrOmerShelly.OOSAgent|Exception thrown while trying to parse message.java.lang.NullPointerException
04/04 12:13:01 INFO OrOmerShelly.Coordinator|Day 36: Campaign opportunity - Campaign ID 1617265: day 38 to 42 [FEMALE, HIGH_INCOME], reach: 3750 coefs: (v=2.0, m=1.5)
04/04 12:13:01 INFO OrOmerShelly.Coordinator|Day 36: Campaign total budget bid: 597.104945746543
04/04 12:13:01 INFO OrOmerShelly.Coordinator|Day 36: Adjusting ucs bid: was 0.169573852984544 level reported: 0.47829690000000014 target: 0.6 adjusted: 0.1512301465666887
04/04 12:13:01 SEVERE OrOmerShelly.OOSAgent|Exception thrown while trying to parse message.java.lang.NullPointerException
04/04 12:13:01 INFO OrOmerShelly.Coordinator|Day 36 : Simulation Status Received
04/04 12:13:01 WARNING OrOmerShelly.Coordinator|BidBundle is null!
04/04 12:13:01 INFO OrOmerShelly.Coordinator|Day 36 ended. Starting next day
04/04 12:13:11 INFO OrOmerShelly.Coordinator|Day 37 :BankStatus[-4.312739]
04/04 12:13:11 INFO OrOmerShelly.OOSAgent|UNKNOWN Message Received: (CampaignAuctionReport CampaignAuctionReportEntry [actualBid=2089.0, effectiveBid=2047.3505420578192] CampaignAuctionReportEntry [actualBid=3244.0, effectiveBid=3086.3151219942843])
04/04 12:13:11 SEVERE OrOmerShelly.OOSAgent|Exception thrown while trying to parse message.java.lang.NullPointerException
04/04 12:13:11 INFO OrOmerShelly.Coordinator|Day 37: Campaign opportunity - Campaign ID 26742621: day 39 to 41 [YOUNG, MALE], reach: 3750 coefs: (v=2.0, m=1.5)
04/04 12:13:11 INFO OrOmerShelly.Coordinator|Day 37: Campaign total budget bid: 1001.3756273510156
04/04 12:13:11 INFO OrOmerShelly.Coordinator|Day 37: Adjusting ucs bid: was 0.1512301465666887 level reported: 0.47829690000000014 target: 0.6 adjusted: 0.14979259830076522
04/04 12:13:11 SEVERE OrOmerShelly.OOSAgent|Exception thrown while trying to parse message.java.lang.NullPointerException
04/04 12:13:12 INFO OrOmerShelly.Coordinator|Day 37 : Simulation Status Received
04/04 12:13:12 WARNING OrOmerShelly.Coordinator|BidBundle is null!
04/04 12:13:12 INFO OrOmerShelly.Coordinator|Day 37 ended. Starting next day
04/04 12:13:21 INFO OrOmerShelly.Coordinator|Day 38 :BankStatus[-4.422986]
04/04 12:13:21 INFO OrOmerShelly.OOSAgent|UNKNOWN Message Received: (CampaignAuctionReport CampaignAuctionReportEntry [actualBid=2967.0, effectiveBid=2822.7795829090755] CampaignAuctionReportEntry [actualBid=2086.0, effectiveBid=1346.730854689597])
04/04 12:13:21 SEVERE OrOmerShelly.OOSAgent|Exception thrown while trying to parse message.java.lang.NullPointerException
04/04 12:13:21 INFO OrOmerShelly.Coordinator|Day 38: Campaign opportunity - Campaign ID 20876938: day 40 to 44 [LOW_INCOME, YOUNG], reach: 6250 coefs: (v=2.0, m=1.5)
04/04 12:13:21 INFO OrOmerShelly.Coordinator|Day 38: Campaign total budget bid: 994.4551590888511
04/04 12:13:21 INFO OrOmerShelly.Coordinator|Day 38: Adjusting ucs bid: was 0.14979259830076522 level reported: 0.47829690000000014 target: 0.6 adjusted: 0.16802282187102308
04/04 12:13:21 SEVERE OrOmerShelly.OOSAgent|Exception thrown while trying to parse message.java.lang.NullPointerException
04/04 12:13:21 INFO OrOmerShelly.Coordinator|Day 38 : Simulation Status Received
04/04 12:13:21 WARNING OrOmerShelly.Coordinator|BidBundle is null!
04/04 12:13:21 INFO OrOmerShelly.Coordinator|Day 38 ended. Starting next day
04/04 12:13:31 INFO OrOmerShelly.Coordinator|Day 39 :BankStatus[-4.532185]
04/04 12:13:31 INFO OrOmerShelly.OOSAgent|UNKNOWN Message Received: (CampaignAuctionReport CampaignAuctionReportEntry [actualBid=3105.0, effectiveBid=2954.0716565327534] CampaignAuctionReportEntry [actualBid=2371.0, effectiveBid=1574.660853566421] CampaignAuctionReportEntry [actualBid=2777.0, effectiveBid=1792.8435203609831])
04/04 12:13:31 SEVERE OrOmerShelly.OOSAgent|Exception thrown while trying to parse message.java.lang.NullPointerException
04/04 12:13:31 INFO OrOmerShelly.Coordinator|Day 39: Campaign opportunity - Campaign ID 26451923: day 41 to 45 [LOW_INCOME, MALE], reach: 12500 coefs: (v=2.0, m=1.5)
04/04 12:13:31 INFO OrOmerShelly.Coordinator|Day 39: Campaign total budget bid: 1996.6118104546574
04/04 12:13:31 INFO OrOmerShelly.Coordinator|Day 39: Adjusting ucs bid: was 0.16802282187102308 level reported: 0.47829690000000014 target: 0.6 adjusted: 0.18847172016347438
04/04 12:13:31 SEVERE OrOmerShelly.OOSAgent|Exception thrown while trying to parse message.java.lang.NullPointerException
04/04 12:13:31 INFO OrOmerShelly.Coordinator|Day 39 : Simulation Status Received
04/04 12:13:31 WARNING OrOmerShelly.Coordinator|BidBundle is null!
04/04 12:13:31 INFO OrOmerShelly.Coordinator|Day 39 ended. Starting next day
04/04 12:13:41 INFO OrOmerShelly.Coordinator|Day 40 :BankStatus[-4.654673]
04/04 12:13:41 INFO OrOmerShelly.OOSAgent|UNKNOWN Message Received: (CampaignAuctionReport CampaignAuctionReportEntry [actualBid=2032.0, effectiveBid=1311.8682151146984] CampaignAuctionReportEntry [actualBid=2546.0, effectiveBid=1690.8842400590925])
04/04 12:13:41 SEVERE OrOmerShelly.OOSAgent|Exception thrown while trying to parse message.java.lang.NullPointerException
04/04 12:13:41 INFO OrOmerShelly.Coordinator|Day 40: Campaign opportunity - Campaign ID 22089338: day 42 to 46 [LOW_INCOME, MALE], reach: 12500 coefs: (v=2.0, m=1.5)
04/04 12:13:41 INFO OrOmerShelly.Coordinator|Day 40: Campaign total budget bid: 1996.6118104546574
04/04 12:13:41 INFO OrOmerShelly.Coordinator|Day 40: Adjusting ucs bid: was 0.18847172016347438 level reported: 0.47829690000000014 target: 0.6 adjusted: 0.1679867143352146
04/04 12:13:41 SEVERE OrOmerShelly.OOSAgent|Exception thrown while trying to parse message.java.lang.NullPointerException
04/04 12:13:41 INFO OrOmerShelly.Coordinator|Day 40 : Simulation Status Received
04/04 12:13:41 WARNING OrOmerShelly.Coordinator|BidBundle is null!
04/04 12:13:41 INFO OrOmerShelly.Coordinator|Day 40 ended. Starting next day
04/04 12:13:52 INFO OrOmerShelly.Coordinator|Day 41 :BankStatus[-4.792069]
04/04 12:13:52 INFO OrOmerShelly.OOSAgent|UNKNOWN Message Received: (CampaignAuctionReport CampaignAuctionReportEntry [actualBid=2282.0, effectiveBid=1515.552959864434] CampaignAuctionReportEntry [actualBid=3071.0, effectiveBid=1982.6512247132082])
04/04 12:13:52 SEVERE OrOmerShelly.OOSAgent|Exception thrown while trying to parse message.java.lang.NullPointerException
04/04 12:13:52 INFO OrOmerShelly.Coordinator|Day 41: Campaign opportunity - Campaign ID 2312568: day 43 to 47 [YOUNG, MALE], reach: 12500 coefs: (v=2.0, m=1.5)
04/04 12:13:52 INFO OrOmerShelly.Coordinator|Day 41: Campaign total budget bid: 2002.7512547020312
04/04 12:13:52 INFO OrOmerShelly.Coordinator|Day 41: Adjusting ucs bid: was 0.1679867143352146 level reported: 0.47829690000000014 target: 0.6 adjusted: 0.11024030987875644
04/04 12:13:52 SEVERE OrOmerShelly.OOSAgent|Exception thrown while trying to parse message.java.lang.NullPointerException
04/04 12:13:53 INFO OrOmerShelly.Coordinator|Day 41 : Simulation Status Received
04/04 12:13:53 WARNING OrOmerShelly.Coordinator|BidBundle is null!
04/04 12:13:53 INFO OrOmerShelly.Coordinator|Day 41 ended. Starting next day
04/04 12:14:01 INFO OrOmerShelly.Coordinator|Day 42 :BankStatus[-4.914531]
04/04 12:14:01 INFO OrOmerShelly.OOSAgent|UNKNOWN Message Received: (CampaignAuctionReport CampaignAuctionReportEntry [actualBid=2771.0, effectiveBid=2378.6550078873706] CampaignAuctionReportEntry [actualBid=2166.0, effectiveBid=1438.5134579607204])
04/04 12:14:01 SEVERE OrOmerShelly.OOSAgent|Exception thrown while trying to parse message.java.lang.NullPointerException
04/04 12:14:01 INFO OrOmerShelly.Coordinator|Day 42: Campaign opportunity - Campaign ID 24666067: day 44 to 46 [OLD, MALE], reach: 6250 coefs: (v=2.0, m=1.5)
04/04 12:14:01 INFO OrOmerShelly.Coordinator|Day 42: Campaign total budget bid: 1683.8109237118372
04/04 12:14:01 INFO OrOmerShelly.Coordinator|Day 42: Adjusting ucs bid: was 0.11024030987875644 level reported: 0.47829690000000014 target: 0.6 adjusted: 0.12365689733596172
04/04 12:14:01 SEVERE OrOmerShelly.OOSAgent|Exception thrown while trying to parse message.java.lang.NullPointerException
04/04 12:14:01 INFO OrOmerShelly.Coordinator|Day 42 : Simulation Status Received
04/04 12:14:01 WARNING OrOmerShelly.Coordinator|BidBundle is null!
04/04 12:14:01 INFO OrOmerShelly.Coordinator|Day 42 ended. Starting next day
04/04 12:14:14 INFO OrOmerShelly.Coordinator|Day 43 :BankStatus[-4.994897]
04/04 12:14:14 INFO OrOmerShelly.OOSAgent|UNKNOWN Message Received: (CampaignAuctionReport CampaignAuctionReportEntry [actualBid=2174.0, effectiveBid=1964.2675391389128] CampaignAuctionReportEntry [actualBid=2262.0, effectiveBid=1941.7241529560565] CampaignAuctionReportEntry [actualBid=2985.0, effectiveBid=1982.4389067464222])
04/04 12:14:14 SEVERE OrOmerShelly.OOSAgent|Exception thrown while trying to parse message.java.lang.NullPointerException
04/04 12:14:14 INFO OrOmerShelly.Coordinator|Day 43: Campaign opportunity - Campaign ID 8028380: day 45 to 47 [FEMALE, LOW_INCOME], reach: 12500 coefs: (v=2.0, m=1.5)
04/04 12:14:14 INFO OrOmerShelly.Coordinator|Day 43: Campaign total budget bid: 3311.1253822910808
04/04 12:14:14 INFO OrOmerShelly.Coordinator|Day 43: Adjusting ucs bid: was 0.12365689733596172 level reported: 0.47829690000000014 target: 0.6 adjusted: 0.13870632507813
04/04 12:14:14 SEVERE OrOmerShelly.OOSAgent|Exception thrown while trying to parse message.java.lang.NullPointerException
04/04 12:14:15 INFO OrOmerShelly.Coordinator|Day 43 : Simulation Status Received
04/04 12:14:15 WARNING OrOmerShelly.Coordinator|BidBundle is null!
04/04 12:14:15 INFO OrOmerShelly.Coordinator|Day 43 ended. Starting next day
04/04 12:14:21 INFO OrOmerShelly.Coordinator|Day 44 :BankStatus[-5.085042]
04/04 12:14:21 INFO OrOmerShelly.OOSAgent|UNKNOWN Message Received: (CampaignAuctionReport CampaignAuctionReportEntry [actualBid=2513.0, effectiveBid=2176.5327867207] CampaignAuctionReportEntry [actualBid=2646.0, effectiveBid=2271.35371738361])
04/04 12:14:21 SEVERE OrOmerShelly.OOSAgent|Exception thrown while trying to parse message.java.lang.NullPointerException
04/04 12:14:21 INFO OrOmerShelly.Coordinator|Day 44: Campaign opportunity - Campaign ID 30972966: day 46 to 50 [OLD, MALE], reach: 3750 coefs: (v=2.0, m=1.5)
04/04 12:14:21 INFO OrOmerShelly.Coordinator|Day 44: Campaign total budget bid: 606.1719325362614
04/04 12:14:21 INFO OrOmerShelly.Coordinator|Day 44: Adjusting ucs bid: was 0.13870632507813 level reported: 0.47829690000000014 target: 0.6 adjusted: 0.14465235710969376
04/04 12:14:21 SEVERE OrOmerShelly.OOSAgent|Exception thrown while trying to parse message.java.lang.NullPointerException
04/04 12:14:21 INFO OrOmerShelly.Coordinator|Day 44 : Simulation Status Received
04/04 12:14:21 WARNING OrOmerShelly.Coordinator|BidBundle is null!
04/04 12:14:21 INFO OrOmerShelly.Coordinator|Day 44 ended. Starting next day
04/04 12:14:32 INFO OrOmerShelly.Coordinator|Day 45 :BankStatus[-5.186159]
04/04 12:14:32 INFO OrOmerShelly.OOSAgent|UNKNOWN Message Received: (CampaignAuctionReport CampaignAuctionReportEntry [actualBid=2755.0, effectiveBid=2364.9204427028894] CampaignAuctionReportEntry [actualBid=3163.0, effectiveBid=2739.5038616783027])
04/04 12:14:32 SEVERE OrOmerShelly.OOSAgent|Exception thrown while trying to parse message.java.lang.NullPointerException
04/04 12:14:32 INFO OrOmerShelly.Coordinator|Day 45: Campaign opportunity - Campaign ID 23816179: day 47 to 49 [HIGH_INCOME, OLD], reach: 6250 coefs: (v=2.0, m=1.5)
04/04 12:14:32 INFO OrOmerShelly.Coordinator|Day 45: Campaign total budget bid: 1655.29694969609
04/04 12:14:32 INFO OrOmerShelly.Coordinator|Day 45: Adjusting ucs bid: was 0.14465235710969376 level reported: 0.47829690000000014 target: 0.6 adjusted: 0.16225699739225052
04/04 12:14:32 SEVERE OrOmerShelly.OOSAgent|Exception thrown while trying to parse message.java.lang.NullPointerException
04/04 12:14:33 INFO OrOmerShelly.Coordinator|Day 45 : Simulation Status Received
04/04 12:14:33 WARNING OrOmerShelly.Coordinator|BidBundle is null!
04/04 12:14:33 INFO OrOmerShelly.Coordinator|Day 45 ended. Starting next day
04/04 12:14:41 INFO OrOmerShelly.Coordinator|Day 46 :BankStatus[-5.291611]
04/04 12:14:41 INFO OrOmerShelly.OOSAgent|UNKNOWN Message Received: (CampaignAuctionReport CampaignAuctionReportEntry [actualBid=2554.0, effectiveBid=2212.0432699103335] CampaignAuctionReportEntry [actualBid=2866.0, effectiveBid=2460.203988670229] CampaignAuctionReportEntry [actualBid=2840.0, effectiveBid=2115.857366740515])
04/04 12:14:41 SEVERE OrOmerShelly.OOSAgent|Exception thrown while trying to parse message.java.lang.NullPointerException
04/04 12:14:41 INFO OrOmerShelly.Coordinator|Day 46: Campaign opportunity - Campaign ID 28052744: day 48 to 57 [YOUNG, MALE], reach: 6250 coefs: (v=2.0, m=1.5)
04/04 12:14:41 INFO OrOmerShelly.Coordinator|Day 46: Campaign total budget bid: 500.6878136755078
04/04 12:14:41 INFO OrOmerShelly.Coordinator|Day 46: Adjusting ucs bid: was 0.16225699739225052 level reported: 0.47829690000000014 target: 0.6 adjusted: 0.18200417697157933
04/04 12:14:41 SEVERE OrOmerShelly.OOSAgent|Exception thrown while trying to parse message.java.lang.NullPointerException
04/04 12:14:41 INFO OrOmerShelly.Coordinator|Day 46 : Simulation Status Received
04/04 12:14:41 WARNING OrOmerShelly.Coordinator|BidBundle is null!
04/04 12:14:41 INFO OrOmerShelly.Coordinator|Day 46 ended. Starting next day
04/04 12:14:52 INFO OrOmerShelly.Coordinator|Day 47 :BankStatus[-5.409896]
04/04 12:14:52 INFO OrOmerShelly.OOSAgent|UNKNOWN Message Received: (CampaignAuctionReport CampaignAuctionReportEntry [actualBid=2502.0, effectiveBid=2369.1428734685555] CampaignAuctionReportEntry [actualBid=2274.0, effectiveBid=1952.0250768444175] CampaignAuctionReportEntry [actualBid=2912.0, effectiveBid=2169.4988211085843])
04/04 12:14:52 SEVERE OrOmerShelly.OOSAgent|Exception thrown while trying to parse message.java.lang.NullPointerException
04/04 12:14:52 INFO OrOmerShelly.Coordinator|Day 47: Campaign opportunity - Campaign ID 2956969: day 49 to 58 [LOW_INCOME, MALE], reach: 6250 coefs: (v=2.0, m=1.5)
04/04 12:14:52 INFO OrOmerShelly.Coordinator|Day 47: Campaign total budget bid: 499.15295261366435
04/04 12:14:52 INFO OrOmerShelly.Coordinator|Day 47: Adjusting ucs bid: was 0.18200417697157933 level reported: 0.47829690000000014 target: 0.6 adjusted: 0.1381340776667781
04/04 12:14:52 SEVERE OrOmerShelly.OOSAgent|Exception thrown while trying to parse message.java.lang.NullPointerException
04/04 12:14:52 INFO OrOmerShelly.Coordinator|Day 47 : Simulation Status Received
04/04 12:14:52 WARNING OrOmerShelly.Coordinator|BidBundle is null!
04/04 12:14:52 INFO OrOmerShelly.Coordinator|Day 47 ended. Starting next day
04/04 12:15:01 INFO OrOmerShelly.Coordinator|Day 48 :BankStatus[-5.542577]
04/04 12:15:01 INFO OrOmerShelly.OOSAgent|UNKNOWN Message Received: (CampaignAuctionReport CampaignAuctionReportEntry [actualBid=2620.0, effectiveBid=2249.0350489588277] CampaignAuctionReportEntry [actualBid=2760.0, effectiveBid=2482.9173067251463] CampaignAuctionReportEntry [actualBid=3268.0, effectiveBid=3199.1380153656523])
04/04 12:15:01 SEVERE OrOmerShelly.OOSAgent|Exception thrown while trying to parse message.java.lang.NullPointerException
04/04 12:15:01 INFO OrOmerShelly.Coordinator|Day 48: Campaign opportunity - Campaign ID 30270320: day 50 to 54 [FEMALE, YOUNG], reach: 12500 coefs: (v=2.0, m=1.5)
04/04 12:15:01 INFO OrOmerShelly.Coordinator|Day 48: Campaign total budget bid: 2016.7861792644114
04/04 12:15:01 INFO OrOmerShelly.Coordinator|Day 48: Adjusting ucs bid: was 0.1381340776667781 level reported: 0.47829690000000014 target: 0.6 adjusted: 0.1306650064020752
04/04 12:15:01 SEVERE OrOmerShelly.OOSAgent|Exception thrown while trying to parse message.java.lang.NullPointerException
04/04 12:15:01 INFO OrOmerShelly.Coordinator|Day 48 : Simulation Status Received
04/04 12:15:01 WARNING OrOmerShelly.Coordinator|BidBundle is null!
04/04 12:15:01 INFO OrOmerShelly.Coordinator|Day 48 ended. Starting next day
04/04 12:15:12 INFO OrOmerShelly.Coordinator|Day 49 :BankStatus[-5.643277]
04/04 12:15:12 INFO OrOmerShelly.OOSAgent|UNKNOWN Message Received: (CampaignAuctionReport CampaignAuctionReportEntry [actualBid=2466.0, effectiveBid=2411.070743605857] CampaignAuctionReportEntry [actualBid=2616.0, effectiveBid=2353.373795069921] CampaignAuctionReportEntry [actualBid=3059.0, effectiveBid=2994.5419794992445])
04/04 12:15:12 SEVERE OrOmerShelly.OOSAgent|Exception thrown while trying to parse message.java.lang.NullPointerException
04/04 12:15:12 INFO OrOmerShelly.Coordinator|Day 49: Campaign opportunity - Campaign ID 27992775: day 51 to 53 [YOUNG, MALE], reach: 3750 coefs: (v=2.0, m=1.5)
04/04 12:15:12 INFO OrOmerShelly.Coordinator|Day 49: Campaign total budget bid: 1001.3756273510156
04/04 12:15:12 INFO OrOmerShelly.Coordinator|Day 49: Adjusting ucs bid: was 0.1306650064020752 level reported: 0.47829690000000014 target: 0.6 adjusted: 0.1465673427427276
04/04 12:15:12 SEVERE OrOmerShelly.OOSAgent|Exception thrown while trying to parse message.java.lang.NullPointerException
04/04 12:15:12 INFO OrOmerShelly.Coordinator|Day 49 : Simulation Status Received
04/04 12:15:12 WARNING OrOmerShelly.Coordinator|BidBundle is null!
04/04 12:15:12 INFO OrOmerShelly.Coordinator|Day 49 ended. Starting next day
04/04 12:15:21 INFO OrOmerShelly.Coordinator|Day 50 :BankStatus[-5.738532]
04/04 12:15:21 INFO OrOmerShelly.OOSAgent|UNKNOWN Message Received: (CampaignAuctionReport CampaignAuctionReportEntry [actualBid=2493.0, effectiveBid=2437.4693283898623] CampaignAuctionReportEntry [actualBid=2617.0, effectiveBid=2561.855626135836] CampaignAuctionReportEntry [actualBid=2594.0, effectiveBid=2333.582425233706])
04/04 12:15:21 SEVERE OrOmerShelly.OOSAgent|Exception thrown while trying to parse message.java.lang.NullPointerException
04/04 12:15:21 SEVERE OrOmerShelly.OOSAgent|Exception thrown while trying to parse message.java.lang.NullPointerException
04/04 12:15:21 INFO OrOmerShelly.Coordinator|Day 50 : Simulation Status Received
04/04 12:15:21 WARNING OrOmerShelly.Coordinator|BidBundle is null!
04/04 12:15:21 INFO OrOmerShelly.Coordinator|Day 50 ended. Starting next day
04/04 12:15:31 INFO OrOmerShelly.Coordinator|Day 51 :BankStatus[-5.845379]
04/04 12:15:31 SEVERE OrOmerShelly.OOSAgent|Exception thrown while trying to parse message.java.lang.NullPointerException
04/04 12:15:31 SEVERE OrOmerShelly.OOSAgent|Exception thrown while trying to parse message.java.lang.NullPointerException
04/04 12:15:31 INFO OrOmerShelly.Coordinator|Day 51 : Simulation Status Received
04/04 12:15:31 WARNING OrOmerShelly.Coordinator|BidBundle is null!
04/04 12:15:31 INFO OrOmerShelly.Coordinator|Day 51 ended. Starting next day
04/04 12:15:41 INFO OrOmerShelly.Coordinator|Day 52 :BankStatus[-5.952227]
04/04 12:15:41 SEVERE OrOmerShelly.OOSAgent|Exception thrown while trying to parse message.java.lang.NullPointerException
04/04 12:15:41 SEVERE OrOmerShelly.OOSAgent|Exception thrown while trying to parse message.java.lang.NullPointerException
04/04 12:15:41 INFO OrOmerShelly.Coordinator|Day 52 : Simulation Status Received
04/04 12:15:41 WARNING OrOmerShelly.Coordinator|BidBundle is null!
04/04 12:15:41 INFO OrOmerShelly.Coordinator|Day 52 ended. Starting next day
04/04 12:15:51 INFO OrOmerShelly.Coordinator|Day 53 :BankStatus[-6.059075]
04/04 12:15:51 SEVERE OrOmerShelly.OOSAgent|Exception thrown while trying to parse message.java.lang.NullPointerException
04/04 12:15:51 SEVERE OrOmerShelly.OOSAgent|Exception thrown while trying to parse message.java.lang.NullPointerException
04/04 12:15:51 INFO OrOmerShelly.Coordinator|Day 53 : Simulation Status Received
04/04 12:15:51 WARNING OrOmerShelly.Coordinator|BidBundle is null!
04/04 12:15:51 INFO OrOmerShelly.Coordinator|Day 53 ended. Starting next day
04/04 12:16:01 INFO OrOmerShelly.Coordinator|Day 54 :BankStatus[-6.165922]
04/04 12:16:01 SEVERE OrOmerShelly.OOSAgent|Exception thrown while trying to parse message.java.lang.NullPointerException
04/04 12:16:01 SEVERE OrOmerShelly.OOSAgent|Exception thrown while trying to parse message.java.lang.NullPointerException
04/04 12:16:01 INFO OrOmerShelly.Coordinator|Day 54 : Simulation Status Received
04/04 12:16:01 WARNING OrOmerShelly.Coordinator|BidBundle is null!
04/04 12:16:01 INFO OrOmerShelly.Coordinator|Day 54 ended. Starting next day
04/04 12:16:11 INFO OrOmerShelly.Coordinator|Day 55 :BankStatus[-6.272770]
04/04 12:16:11 SEVERE OrOmerShelly.OOSAgent|Exception thrown while trying to parse message.java.lang.NullPointerException
04/04 12:16:11 SEVERE OrOmerShelly.OOSAgent|Exception thrown while trying to parse message.java.lang.NullPointerException
04/04 12:16:11 INFO OrOmerShelly.Coordinator|Day 55 : Simulation Status Received
04/04 12:16:11 WARNING OrOmerShelly.Coordinator|BidBundle is null!
04/04 12:16:11 INFO OrOmerShelly.Coordinator|Day 55 ended. Starting next day
04/04 12:16:21 INFO OrOmerShelly.Coordinator|Day 56 :BankStatus[-6.379617]
04/04 12:16:21 SEVERE OrOmerShelly.OOSAgent|Exception thrown while trying to parse message.java.lang.NullPointerException
04/04 12:16:21 SEVERE OrOmerShelly.OOSAgent|Exception thrown while trying to parse message.java.lang.NullPointerException
04/04 12:16:21 INFO OrOmerShelly.Coordinator|Day 56 : Simulation Status Received
04/04 12:16:21 WARNING OrOmerShelly.Coordinator|BidBundle is null!
04/04 12:16:21 INFO OrOmerShelly.Coordinator|Day 56 ended. Starting next day
04/04 12:16:31 INFO OrOmerShelly.Coordinator|Day 57 :BankStatus[-6.486465]
04/04 12:16:31 SEVERE OrOmerShelly.OOSAgent|Exception thrown while trying to parse message.java.lang.NullPointerException
04/04 12:16:31 SEVERE OrOmerShelly.OOSAgent|Exception thrown while trying to parse message.java.lang.NullPointerException
04/04 12:16:31 INFO OrOmerShelly.Coordinator|Day 57 : Simulation Status Received
04/04 12:16:31 WARNING OrOmerShelly.Coordinator|BidBundle is null!
04/04 12:16:31 INFO OrOmerShelly.Coordinator|Day 57 ended. Starting next day
04/04 12:16:41 INFO OrOmerShelly.Coordinator|Day 58 :BankStatus[-6.593313]
04/04 12:16:41 SEVERE OrOmerShelly.OOSAgent|Exception thrown while trying to parse message.java.lang.NullPointerException
04/04 12:16:41 SEVERE OrOmerShelly.OOSAgent|Exception thrown while trying to parse message.java.lang.NullPointerException
04/04 12:16:41 INFO OrOmerShelly.Coordinator|Day 58 : Simulation Status Received
04/04 12:16:41 WARNING OrOmerShelly.Coordinator|BidBundle is null!
04/04 12:16:41 INFO OrOmerShelly.Coordinator|Day 58 ended. Starting next day
04/04 12:16:50 INFO OrOmerShelly.Coordinator|Day 59 :BankStatus[-6.700160]
04/04 12:16:50 SEVERE OrOmerShelly.OOSAgent|Exception thrown while trying to parse message.java.lang.NullPointerException
04/04 12:16:50 SEVERE OrOmerShelly.OOSAgent|Exception thrown while trying to parse message.java.lang.NullPointerException
04/04 12:16:51 INFO OrOmerShelly.Coordinator|Day 59 : Simulation Status Received
04/04 12:16:51 WARNING OrOmerShelly.Coordinator|BidBundle is null!
04/04 12:16:51 INFO OrOmerShelly.Coordinator|Day 59 ended. Starting next day
04/04 12:17:00 SEVERE OrOmerShelly.OOSAgent|Exception thrown while trying to parse message.java.lang.NullPointerException
04/04 12:17:00 INFO OrOmerShelly.Coordinator|Day 60 :BankStatus[-6.913855]
04/04 12:17:00 SEVERE OrOmerShelly.OOSAgent|Exception thrown while trying to parse message.java.lang.NullPointerException
04/04 12:17:00 INFO OrOmerShelly.Coordinator|Day 60 : Simulation Status Received
04/04 12:17:00 WARNING OrOmerShelly.Coordinator|BidBundle is null!
04/04 12:17:00 INFO OrOmerShelly.Coordinator|Day 60 ended. Starting next day
08/04 18:25:00 INFO OrOmerShelly.Coordinator|Got publisherCatalog: (PublisherCatalog tau.tac.adx.props.PublisherCatalogEntry@18182 tau.tac.adx.props.PublisherCatalogEntry@cb7e71b0 tau.tac.adx.props.PublisherCatalogEntry@18cee tau.tac.adx.props.PublisherCatalogEntry@1a7a7 tau.tac.adx.props.PublisherCatalogEntry@1358a3bf tau.tac.adx.props.PublisherCatalogEntry@2f65b4)
08/04 18:25:00 INFO OrOmerShelly.Coordinator|Available queries: [Ltau.tac.adx.props.AdxQuery;@174cb21
08/04 18:25:00 INFO OrOmerShelly.OOSAgent|UNKNOWN Message Received: edu.umich.eecs.tac.props.AdvertiserInfo@bc76a1c1
08/04 18:25:00 INFO OrOmerShelly.Coordinator|Day 0 :BankStatus[0.000000]
08/04 18:25:00 INFO OrOmerShelly.Coordinator|tau.tac.adx.report.demand.InitialCampaignMessage[1533830,1250,1,5,[FEMALE, HIGH_INCOME],2.0,1.5,demand,[]]
08/04 18:25:00 INFO OrOmerShelly.Coordinator|Day 0: Allocated campaign - Campaign ID 1533830: day 1 to 5 [FEMALE, HIGH_INCOME], reach: 1250 coefs: (v=2.0, m=1.5)
08/04 18:25:00 INFO OrOmerShelly.Coordinator|Day 0: Campaign opportunity - Campaign ID 27052413: day 2 to 4 [MALE, HIGH_INCOME], reach: 3750 coefs: (v=2.0, m=1.5)
08/04 18:25:00 INFO OrOmerShelly.Coordinator|Day 0: Campaign total budget bid: 1013.4305138283312
08/04 18:25:00 INFO OrOmerShelly.Coordinator|Day 0: Initial ucs bid is 0.13801198947051338
08/04 18:25:01 INFO OrOmerShelly.Coordinator|Day 0 : Simulation Status Received
08/04 18:25:01 SEVERE OrOmerShelly.Coordinator|weka.core.UnassignedDatasetException: Instance doesn't have access to a dataset! - [Ljava.lang.StackTraceElement;@17f1d92
08/04 18:25:01 WARNING OrOmerShelly.Coordinator|BidBundle is null! Getting default BidBundle
08/04 18:25:01 SEVERE OrOmerShelly.OOSAgent|Exception thrown while trying to parse message: java.lang.NullPointerException : [Ljava.lang.StackTraceElement;@6e8504
09/04 15:10:00 INFO OrOmerShelly.Coordinator|Got publisherCatalog: cnn ; yahoo ; fox ; hfn ; wallmart ; bestbuy ; 
09/04 15:10:00 INFO OrOmerShelly.Coordinator|Available queries: [Ltau.tac.adx.props.AdxQuery;@16136f0
09/04 15:10:00 INFO OrOmerShelly.OOSAgent|UNKNOWN Message Received: edu.umich.eecs.tac.props.AdvertiserInfo@bc76a1c1
09/04 15:10:00 INFO OrOmerShelly.Coordinator|Day 0 :BankStatus[0.000000]
09/04 15:10:00 INFO OrOmerShelly.Coordinator|tau.tac.adx.report.demand.InitialCampaignMessage[6793065,1250,1,5,[HIGH_INCOME, YOUNG],2.0,1.5,demand,[]]
09/04 15:10:00 INFO OrOmerShelly.Coordinator|Day 0: Allocated campaign - Campaign ID 6793065: day 1 to 5 [HIGH_INCOME, YOUNG], reach: 1250 coefs: (v=2.0, m=1.5) budget: 1.25
09/04 15:10:00 INFO OrOmerShelly.Coordinator|Day 0: Campaign opportunity - Campaign ID 9279934: day 2 to 11 [HIGH_INCOME, OLD], reach: 12500 coefs: (v=2.0, m=1.5) budget: 0.0
09/04 15:10:00 INFO OrOmerShelly.Coordinator|Day 0: Campaign total budget bid: 993.178169817654
09/04 15:10:00 INFO OrOmerShelly.Coordinator|Day 0: Initial ucs bid is 0.15777216826480717
09/04 15:10:00 INFO OrOmerShelly.Coordinator|Day 0 : Simulation Status Received
09/04 15:10:00 SEVERE OrOmerShelly.Coordinator|Exception in initializing classifier: java.lang.NullPointerException - [OrOmerShelly.oos.bidders.ImpressionBidder.getDefaultDataset(ImpressionBidder.java:115), OrOmerShelly.oos.bidders.ImpressionBidder.init(ImpressionBidder.java:77), OrOmerShelly.Coordinator.calculateAndSendBidBundle(Coordinator.java:377), OrOmerShelly.Coordinator.handleSimulationStatus(Coordinator.java:363), OrOmerShelly.OOSAgent.messageReceived(OOSAgent.java:71), se.sics.tasim.aw.AgentService.deliverToAgent(AgentService.java:130), tau.tac.adx.agentware.AgentServiceImpl.deliverToAgent(AgentServiceImpl.java:134), tau.tac.adx.agentware.SimClient.run(SimClient.java:439), java.lang.Thread.run(Unknown Source)]
09/04 15:10:00 INFO OrOmerShelly.Coordinator|Fetching active campaigns from: [Campaign ID 6793065: day 1 to 5 [HIGH_INCOME, YOUNG], reach: 1250 coefs: (v=2.0, m=1.5) budget: 1.25]
09/04 15:10:00 INFO OrOmerShelly.Coordinator|campaign Campaign ID 6793065: day 1 to 5 [HIGH_INCOME, YOUNG], reach: 1250 coefs: (v=2.0, m=1.5) budget: 1.25 is active
09/04 15:10:00 WARNING OrOmerShelly.Coordinator|BidBundle is null! Getting default BidBundle
09/04 15:10:00 INFO bidders.ImpressionBidder|Default bid bundle bid for Campaign ID 6793065: day 1 to 5 [HIGH_INCOME, YOUNG], reach: 1250 coefs: (v=2.0, m=1.5) budget: 1.25 will be 0.47612541672253883 where our rnd was 0.47612541672253883
09/04 15:10:00 INFO OrOmerShelly.Coordinator|Day 0 ended. Starting next day
