08/04 21:15:00 INFO OrOmerShelly.Coordinator|Got publisherCatalog: nyt ; yahoo ; target ; wallmart ; ebay ; sears ; 
08/04 21:15:00 INFO OrOmerShelly.Coordinator|Available queries: [Ltau.tac.adx.props.AdxQuery;@1d592a
08/04 21:15:00 INFO OrOmerShelly.OOSAgent|UNKNOWN Message Received: edu.umich.eecs.tac.props.AdvertiserInfo@bc76a1c1
08/04 21:15:00 INFO OrOmerShelly.Coordinator|Day 0 :BankStatus[0.000000]
08/04 21:15:00 INFO OrOmerShelly.Coordinator|tau.tac.adx.report.demand.InitialCampaignMessage[9343467,1250,1,5,[OLD, LOW_INCOME],2.0,1.5,demand,[]]
08/04 21:15:00 INFO OrOmerShelly.Coordinator|Day 0: Allocated campaign - Campaign ID 9343467: day 1 to 5 [OLD, LOW_INCOME], reach: 1250 coefs: (v=2.0, m=1.5) budget: 1.25
08/04 21:15:00 INFO OrOmerShelly.Coordinator|Day 0: Campaign opportunity - Campaign ID 15809068: day 2 to 6 [OLD, MALE], reach: 3750 coefs: (v=2.0, m=1.5) budget: 0.0
08/04 21:15:00 INFO OrOmerShelly.Coordinator|Day 0: Campaign total budget bid: 606.1719325362614
08/04 21:15:00 INFO OrOmerShelly.Coordinator|Day 0: Initial ucs bid is 0.1777747339753027
08/04 21:15:01 INFO OrOmerShelly.Coordinator|Day 0 : Simulation Status Received
08/04 21:15:01 INFO OrOmerShelly.Coordinator|Initialized ImpressionBidder
08/04 21:15:01 INFO OrOmerShelly.Coordinator|Fetching active campaigns from: [Campaign ID 9343467: day 1 to 5 [OLD, LOW_INCOME], reach: 1250 coefs: (v=2.0, m=1.5) budget: 1.25]
08/04 21:15:01 INFO OrOmerShelly.Coordinator|campaign Campaign ID 9343467: day 1 to 5 [OLD, LOW_INCOME], reach: 1250 coefs: (v=2.0, m=1.5) budget: 1.25 is active
08/04 21:15:01 INFO bidders.ImpressionBidder|fillBidBundle: Filling bid bundle for nyt
08/04 21:15:01 SEVERE OrOmerShelly.Coordinator|Exception in running classifier: java.lang.NullPointerException - [OrOmerShelly.UserAnalyzer.calcMarketSegmentsDistribution(UserAnalyzer.java:98), OrOmerShelly.oos.bidders.ImpressionBidder.fillBidBundle(ImpressionBidder.java:202), OrOmerShelly.Coordinator.calculateAndSendBidBundle(Coordinator.java:397), OrOmerShelly.Coordinator.handleSimulationStatus(Coordinator.java:361), OrOmerShelly.OOSAgent.messageReceived(OOSAgent.java:71), se.sics.tasim.aw.AgentService.deliverToAgent(AgentService.java:130), tau.tac.adx.agentware.AgentServiceImpl.deliverToAgent(AgentServiceImpl.java:134), tau.tac.adx.agentware.SimClient.run(SimClient.java:439), java.lang.Thread.run(Unknown Source)]
08/04 21:15:01 WARNING OrOmerShelly.Coordinator|BidBundle is null! Getting default BidBundle
08/04 21:15:01 INFO bidders.ImpressionBidder|Default bid bundle bid for Campaign ID 9343467: day 1 to 5 [OLD, LOW_INCOME], reach: 1250 coefs: (v=2.0, m=1.5) budget: 1.25 will be 0.5716025275265756
08/04 21:15:01 INFO bidders.ImpressionBidder|Day 0: Updated 168 Bid Bundle entries for Campaign id 9343467
08/04 21:15:01 INFO OrOmerShelly.Coordinator|Day 0 ended. Starting next day
09/04 17:15:00 INFO OrOmerShelly.Coordinator|Got publisherCatalog: nyt ; yahoo ; target ; fox ; hfn ; wallmart ; 
09/04 17:15:00 INFO OrOmerShelly.Coordinator|Available queries: [Ltau.tac.adx.props.AdxQuery;@1b963c4
09/04 17:15:00 INFO OrOmerShelly.OOSAgent|UNKNOWN Message Received: edu.umich.eecs.tac.props.AdvertiserInfo@bc76a1c1
09/04 17:15:00 INFO OrOmerShelly.Coordinator|Day 0 :BankStatus[0.000000]
09/04 17:15:00 INFO OrOmerShelly.Coordinator|tau.tac.adx.report.demand.InitialCampaignMessage[21913516,1250,1,5,[YOUNG, MALE],2.0,1.5,demand,[]]
09/04 17:15:00 INFO OrOmerShelly.Coordinator|Day 0: Allocated campaign - Campaign ID 21913516: day 1 to 5 [YOUNG, MALE], reach: 1250 coefs: (v=2.0, m=1.5) budget: 1.25
09/04 17:15:00 INFO OrOmerShelly.Coordinator|Day 0: Campaign opportunity - Campaign ID 27637255: day 2 to 4 [FEMALE, LOW_INCOME], reach: 12500 coefs: (v=2.0, m=1.5) budget: 0.0
09/04 17:15:00 INFO OrOmerShelly.Coordinator|Day 0: Campaign total budget bid: 3311.1253822910808
09/04 17:15:00 INFO OrOmerShelly.Coordinator|Day 0: Initial ucs bid is 0.19207025178253773
09/04 17:15:00 INFO OrOmerShelly.Coordinator|Day 0 : Simulation Status Received
09/04 17:15:00 INFO bidders.ImpressionBidder|getDefaultDataset: Generating default instances for publisher - nyt
09/04 17:15:00 INFO bidders.ImpressionBidder|getDefaultDataset: Getting averaged publisher stats as there is no record for publisher nyt
09/04 17:15:00 INFO bidders.ImpressionBidder|getDefaultDataset: PublisherStats for publisher nyt are: Popularity = 310; VideoOrientation = 155; TextOrientation = 155
09/04 17:15:00 INFO bidders.ImpressionBidder|getDefaultDataset: Adding instance - [1.0, 1.0, 1.0, 0.19516, 1.25, 312.5, 0.43106799547639235, 0.0]
09/04 17:15:00 INFO bidders.ImpressionBidder|getDefaultDataset: Adding instance - [1.0, 2.0, 1.0, 0.19516, 1.25, 312.5, 0.8621359909527847, 0.0]
09/04 17:15:00 INFO bidders.ImpressionBidder|getDefaultDataset: Adding instance - [2.0, 1.0, 1.0, 0.19516, 1.25, 312.5, 0.6466019932145886, 0.0]
09/04 17:15:00 INFO bidders.ImpressionBidder|getDefaultDataset: Adding instance - [2.0, 2.0, 1.0, 0.19516, 1.25, 312.5, 1.293203986429177, 0.0]
09/04 17:15:00 INFO bidders.ImpressionBidder|getDefaultDataset: Generating default instances for publisher - yahoo
09/04 17:15:00 INFO bidders.ImpressionBidder|getDefaultDataset: Getting averaged publisher stats as there is no record for publisher yahoo
09/04 17:15:00 INFO bidders.ImpressionBidder|getDefaultDataset: PublisherStats for publisher yahoo are: Popularity = 1600; VideoOrientation = 800; TextOrientation = 800
09/04 17:15:00 INFO bidders.ImpressionBidder|getDefaultDataset: Adding instance - [1.0, 1.0, 1.0, 0.22816, 1.25, 312.5, 0.7073412698412698, 0.0]
09/04 17:15:00 INFO bidders.ImpressionBidder|getDefaultDataset: Adding instance - [1.0, 2.0, 1.0, 0.22816, 1.25, 312.5, 1.4146825396825395, 0.0]
09/04 17:15:00 INFO bidders.ImpressionBidder|getDefaultDataset: Adding instance - [2.0, 1.0, 1.0, 0.22816, 1.25, 312.5, 1.0610119047619047, 0.0]
09/04 17:15:00 INFO bidders.ImpressionBidder|getDefaultDataset: Adding instance - [2.0, 2.0, 1.0, 0.22816, 1.25, 312.5, 2.1220238095238093, 0.0]
09/04 17:15:00 INFO bidders.ImpressionBidder|getDefaultDataset: Generating default instances for publisher - target
09/04 17:15:00 INFO bidders.ImpressionBidder|getDefaultDataset: Getting averaged publisher stats as there is no record for publisher target
09/04 17:15:00 INFO bidders.ImpressionBidder|getDefaultDataset: PublisherStats for publisher target are: Popularity = 200; VideoOrientation = 100; TextOrientation = 100
09/04 17:15:00 INFO bidders.ImpressionBidder|getDefaultDataset: Adding instance - [1.0, 1.0, 1.0, 0.20064, 1.25, 312.5, 0.41163340336134446, 0.0]
09/04 17:15:00 INFO bidders.ImpressionBidder|getDefaultDataset: Adding instance - [1.0, 2.0, 1.0, 0.20064, 1.25, 312.5, 0.8232668067226889, 0.0]
09/04 17:15:00 INFO bidders.ImpressionBidder|getDefaultDataset: Adding instance - [2.0, 1.0, 1.0, 0.20064, 1.25, 312.5, 0.6174501050420167, 0.0]
09/04 17:15:00 INFO bidders.ImpressionBidder|getDefaultDataset: Adding instance - [2.0, 2.0, 1.0, 0.20064, 1.25, 312.5, 1.2349002100840334, 0.0]
09/04 17:15:00 INFO bidders.ImpressionBidder|getDefaultDataset: Generating default instances for publisher - fox
09/04 17:15:00 INFO bidders.ImpressionBidder|getDefaultDataset: Getting averaged publisher stats as there is no record for publisher fox
09/04 17:15:00 INFO bidders.ImpressionBidder|getDefaultDataset: PublisherStats for publisher fox are: Popularity = 310; VideoOrientation = 155; TextOrientation = 155
09/04 17:15:00 INFO bidders.ImpressionBidder|getDefaultDataset: Adding instance - [1.0, 1.0, 1.0, 0.19926, 1.25, 312.5, 0.4326622429127292, 0.0]
09/04 17:15:00 INFO bidders.ImpressionBidder|getDefaultDataset: Adding instance - [1.0, 2.0, 1.0, 0.19926, 1.25, 312.5, 0.8653244858254584, 0.0]
09/04 17:15:00 INFO bidders.ImpressionBidder|getDefaultDataset: Adding instance - [2.0, 1.0, 1.0, 0.19926, 1.25, 312.5, 0.6489933643690938, 0.0]
09/04 17:15:00 INFO bidders.ImpressionBidder|getDefaultDataset: Adding instance - [2.0, 2.0, 1.0, 0.19926, 1.25, 312.5, 1.2979867287381877, 0.0]
09/04 17:15:00 INFO bidders.ImpressionBidder|getDefaultDataset: Generating default instances for publisher - hfn
09/04 17:15:00 INFO bidders.ImpressionBidder|getDefaultDataset: Getting averaged publisher stats as there is no record for publisher hfn
09/04 17:15:00 INFO bidders.ImpressionBidder|getDefaultDataset: PublisherStats for publisher hfn are: Popularity = 810; VideoOrientation = 405; TextOrientation = 405
09/04 17:15:00 INFO bidders.ImpressionBidder|getDefaultDataset: Adding instance - [1.0, 1.0, 1.0, 0.20038, 1.25, 312.5, 0.4510137568424085, 0.0]
09/04 17:15:00 INFO bidders.ImpressionBidder|getDefaultDataset: Adding instance - [1.0, 2.0, 1.0, 0.20038, 1.25, 312.5, 0.902027513684817, 0.0]
09/04 17:15:00 INFO bidders.ImpressionBidder|getDefaultDataset: Adding instance - [2.0, 1.0, 1.0, 0.20038, 1.25, 312.5, 0.6765206352636128, 0.0]
09/04 17:15:00 INFO bidders.ImpressionBidder|getDefaultDataset: Adding instance - [2.0, 2.0, 1.0, 0.20038, 1.25, 312.5, 1.3530412705272257, 0.0]
09/04 17:15:00 INFO bidders.ImpressionBidder|getDefaultDataset: Generating default instances for publisher - wallmart
09/04 17:15:00 INFO bidders.ImpressionBidder|getDefaultDataset: Getting averaged publisher stats as there is no record for publisher wallmart
09/04 17:15:00 INFO bidders.ImpressionBidder|getDefaultDataset: PublisherStats for publisher wallmart are: Popularity = 380; VideoOrientation = 190; TextOrientation = 190
09/04 17:15:00 INFO bidders.ImpressionBidder|getDefaultDataset: Adding instance - [1.0, 1.0, 1.0, 0.17784000000000003, 1.25, 312.5, 0.4441735933503837, 0.0]
09/04 17:15:00 INFO bidders.ImpressionBidder|getDefaultDataset: Adding instance - [1.0, 2.0, 1.0, 0.17784000000000003, 1.25, 312.5, 0.8883471867007674, 0.0]
09/04 17:15:00 INFO bidders.ImpressionBidder|getDefaultDataset: Adding instance - [2.0, 1.0, 1.0, 0.17784000000000003, 1.25, 312.5, 0.6662603900255756, 0.0]
09/04 17:15:00 INFO bidders.ImpressionBidder|getDefaultDataset: Adding instance - [2.0, 2.0, 1.0, 0.17784000000000003, 1.25, 312.5, 1.3325207800511512, 0.0]
09/04 17:15:00 INFO OrOmerShelly.Coordinator|Initialized ImpressionBidder
09/04 17:15:00 INFO OrOmerShelly.Coordinator|Fetching active campaigns from: [Campaign ID 21913516: day 1 to 5 [YOUNG, MALE], reach: 1250 coefs: (v=2.0, m=1.5) budget: 1.25]
09/04 17:15:00 INFO OrOmerShelly.Coordinator|campaign Campaign ID 21913516: day 1 to 5 [YOUNG, MALE], reach: 1250 coefs: (v=2.0, m=1.5) budget: 1.25 is active
09/04 17:15:00 INFO bidders.ImpressionBidder|fillBidBundle: Filling bid bundle for nyt
09/04 17:15:00 INFO bidders.ImpressionBidder|fillBidBundle: marketSegmentDistribution for publisher is: [ImpParams = MarketSegments=[YOUNG, FEMALE]; Device=pc; AdType=text ; Weight = 0.0, ImpParams = MarketSegments=[YOUNG, FEMALE]; Device=pc; AdType=video ; Weight = 0.0, ImpParams = MarketSegments=[YOUNG, FEMALE]; Device=mobile; AdType=text ; Weight = 0.0, ImpParams = MarketSegments=[YOUNG, FEMALE]; Device=mobile; AdType=video ; Weight = 0.0, ImpParams = MarketSegments=[FEMALE, OLD]; Device=pc; AdType=text ; Weight = 0.0, ImpParams = MarketSegments=[FEMALE, OLD]; Device=pc; AdType=video ; Weight = 0.0, ImpParams = MarketSegments=[FEMALE, OLD]; Device=mobile; AdType=text ; Weight = 0.0, ImpParams = MarketSegments=[FEMALE, OLD]; Device=mobile; AdType=video ; Weight = 0.0, ImpParams = MarketSegments=[YOUNG, MALE]; Device=pc; AdType=text ; Weight = 0.0, ImpParams = MarketSegments=[YOUNG, MALE]; Device=pc; AdType=video ; Weight = 0.0, ImpParams = MarketSegments=[YOUNG, MALE]; Device=mobile; AdType=text ; Weight = 0.0, ImpParams = MarketSegments=[YOUNG, MALE]; Device=mobile; AdType=video ; Weight = 0.0, ImpParams = MarketSegments=[MALE, OLD]; Device=pc; AdType=text ; Weight = 0.0, ImpParams = MarketSegments=[MALE, OLD]; Device=pc; AdType=video ; Weight = 0.0, ImpParams = MarketSegments=[MALE, OLD]; Device=mobile; AdType=text ; Weight = 0.0, ImpParams = MarketSegments=[MALE, OLD]; Device=mobile; AdType=video ; Weight = 0.0, ImpParams = MarketSegments=[FEMALE, LOW_INCOME]; Device=pc; AdType=text ; Weight = 0.0, ImpParams = MarketSegments=[FEMALE, LOW_INCOME]; Device=pc; AdType=video ; Weight = 0.0, ImpParams = MarketSegments=[FEMALE, LOW_INCOME]; Device=mobile; AdType=text ; Weight = 0.0, ImpParams = MarketSegments=[FEMALE, LOW_INCOME]; Device=mobile; AdType=video ; Weight = 0.0, ImpParams = MarketSegments=[FEMALE, HIGH_INCOME]; Device=pc; AdType=text ; Weight = 0.0, ImpParams = MarketSegments=[FEMALE, HIGH_INCOME]; Device=pc; AdType=video ; Weight = 0.0, ImpParams = MarketSegments=[FEMALE, HIGH_INCOME]; Device=mobile; AdType=text ; Weight = 0.0, ImpParams = MarketSegments=[FEMALE, HIGH_INCOME]; Device=mobile; AdType=video ; Weight = 0.0, ImpParams = MarketSegments=[MALE, LOW_INCOME]; Device=pc; AdType=text ; Weight = 0.0, ImpParams = MarketSegments=[MALE, LOW_INCOME]; Device=pc; AdType=video ; Weight = 0.0, ImpParams = MarketSegments=[MALE, LOW_INCOME]; Device=mobile; AdType=text ; Weight = 0.0, ImpParams = MarketSegments=[MALE, LOW_INCOME]; Device=mobile; AdType=video ; Weight = 0.0, ImpParams = MarketSegments=[HIGH_INCOME, MALE]; Device=pc; AdType=text ; Weight = 0.0, ImpParams = MarketSegments=[HIGH_INCOME, MALE]; Device=pc; AdType=video ; Weight = 0.0, ImpParams = MarketSegments=[HIGH_INCOME, MALE]; Device=mobile; AdType=text ; Weight = 0.0, ImpParams = MarketSegments=[HIGH_INCOME, MALE]; Device=mobile; AdType=video ; Weight = 0.0, ImpParams = MarketSegments=[YOUNG, LOW_INCOME]; Device=pc; AdType=text ; Weight = 0.0, ImpParams = MarketSegments=[YOUNG, LOW_INCOME]; Device=pc; AdType=video ; Weight = 0.0, ImpParams = MarketSegments=[YOUNG, LOW_INCOME]; Device=mobile; AdType=text ; Weight = 0.0, ImpParams = MarketSegments=[YOUNG, LOW_INCOME]; Device=mobile; AdType=video ; Weight = 0.0, ImpParams = MarketSegments=[YOUNG, HIGH_INCOME]; Device=pc; AdType=text ; Weight = 0.0, ImpParams = MarketSegments=[YOUNG, HIGH_INCOME]; Device=pc; AdType=video ; Weight = 0.0, ImpParams = MarketSegments=[YOUNG, HIGH_INCOME]; Device=mobile; AdType=text ; Weight = 0.0, ImpParams = MarketSegments=[YOUNG, HIGH_INCOME]; Device=mobile; AdType=video ; Weight = 0.0, ImpParams = MarketSegments=[LOW_INCOME, OLD]; Device=pc; AdType=text ; Weight = 0.0, ImpParams = MarketSegments=[LOW_INCOME, OLD]; Device=pc; AdType=video ; Weight = 0.0, ImpParams = MarketSegments=[LOW_INCOME, OLD]; Device=mobile; AdType=text ; Weight = 0.0, ImpParams = MarketSegments=[LOW_INCOME, OLD]; Device=mobile; AdType=video ; Weight = 0.0, ImpParams = MarketSegments=[HIGH_INCOME, OLD]; Device=pc; AdType=text ; Weight = 0.0, ImpParams = MarketSegments=[HIGH_INCOME, OLD]; Device=pc; AdType=video ; Weight = 0.0, ImpParams = MarketSegments=[HIGH_INCOME, OLD]; Device=mobile; AdType=text ; Weight = 0.0, ImpParams = MarketSegments=[HIGH_INCOME, OLD]; Device=mobile; AdType=video ; Weight = 0.0]
09/04 17:15:00 INFO bidders.ImpressionBidder|fillBidBundle: Sorted marketSegmentDistribution for publisher is: [ImpParams = MarketSegments=[YOUNG, FEMALE]; Device=pc; AdType=text ; Weight = 0.0, ImpParams = MarketSegments=[YOUNG, FEMALE]; Device=pc; AdType=video ; Weight = 0.0, ImpParams = MarketSegments=[YOUNG, FEMALE]; Device=mobile; AdType=text ; Weight = 0.0, ImpParams = MarketSegments=[YOUNG, FEMALE]; Device=mobile; AdType=video ; Weight = 0.0, ImpParams = MarketSegments=[FEMALE, OLD]; Device=pc; AdType=text ; Weight = 0.0, ImpParams = MarketSegments=[FEMALE, OLD]; Device=pc; AdType=video ; Weight = 0.0, ImpParams = MarketSegments=[FEMALE, OLD]; Device=mobile; AdType=text ; Weight = 0.0, ImpParams = MarketSegments=[FEMALE, OLD]; Device=mobile; AdType=video ; Weight = 0.0, ImpParams = MarketSegments=[YOUNG, MALE]; Device=pc; AdType=text ; Weight = 0.0, ImpParams = MarketSegments=[YOUNG, MALE]; Device=pc; AdType=video ; Weight = 0.0, ImpParams = MarketSegments=[YOUNG, MALE]; Device=mobile; AdType=text ; Weight = 0.0, ImpParams = MarketSegments=[YOUNG, MALE]; Device=mobile; AdType=video ; Weight = 0.0, ImpParams = MarketSegments=[MALE, OLD]; Device=pc; AdType=text ; Weight = 0.0, ImpParams = MarketSegments=[MALE, OLD]; Device=pc; AdType=video ; Weight = 0.0, ImpParams = MarketSegments=[MALE, OLD]; Device=mobile; AdType=text ; Weight = 0.0, ImpParams = MarketSegments=[MALE, OLD]; Device=mobile; AdType=video ; Weight = 0.0, ImpParams = MarketSegments=[FEMALE, LOW_INCOME]; Device=pc; AdType=text ; Weight = 0.0, ImpParams = MarketSegments=[FEMALE, LOW_INCOME]; Device=pc; AdType=video ; Weight = 0.0, ImpParams = MarketSegments=[FEMALE, LOW_INCOME]; Device=mobile; AdType=text ; Weight = 0.0, ImpParams = MarketSegments=[FEMALE, LOW_INCOME]; Device=mobile; AdType=video ; Weight = 0.0, ImpParams = MarketSegments=[FEMALE, HIGH_INCOME]; Device=pc; AdType=text ; Weight = 0.0, ImpParams = MarketSegments=[FEMALE, HIGH_INCOME]; Device=pc; AdType=video ; Weight = 0.0, ImpParams = MarketSegments=[FEMALE, HIGH_INCOME]; Device=mobile; AdType=text ; Weight = 0.0, ImpParams = MarketSegments=[FEMALE, HIGH_INCOME]; Device=mobile; AdType=video ; Weight = 0.0, ImpParams = MarketSegments=[MALE, LOW_INCOME]; Device=pc; AdType=text ; Weight = 0.0, ImpParams = MarketSegments=[MALE, LOW_INCOME]; Device=pc; AdType=video ; Weight = 0.0, ImpParams = MarketSegments=[MALE, LOW_INCOME]; Device=mobile; AdType=text ; Weight = 0.0, ImpParams = MarketSegments=[MALE, LOW_INCOME]; Device=mobile; AdType=video ; Weight = 0.0, ImpParams = MarketSegments=[HIGH_INCOME, MALE]; Device=pc; AdType=text ; Weight = 0.0, ImpParams = MarketSegments=[HIGH_INCOME, MALE]; Device=pc; AdType=video ; Weight = 0.0, ImpParams = MarketSegments=[HIGH_INCOME, MALE]; Device=mobile; AdType=text ; Weight = 0.0, ImpParams = MarketSegments=[HIGH_INCOME, MALE]; Device=mobile; AdType=video ; Weight = 0.0, ImpParams = MarketSegments=[YOUNG, LOW_INCOME]; Device=pc; AdType=text ; Weight = 0.0, ImpParams = MarketSegments=[YOUNG, LOW_INCOME]; Device=pc; AdType=video ; Weight = 0.0, ImpParams = MarketSegments=[YOUNG, LOW_INCOME]; Device=mobile; AdType=text ; Weight = 0.0, ImpParams = MarketSegments=[YOUNG, LOW_INCOME]; Device=mobile; AdType=video ; Weight = 0.0, ImpParams = MarketSegments=[YOUNG, HIGH_INCOME]; Device=pc; AdType=text ; Weight = 0.0, ImpParams = MarketSegments=[YOUNG, HIGH_INCOME]; Device=pc; AdType=video ; Weight = 0.0, ImpParams = MarketSegments=[YOUNG, HIGH_INCOME]; Device=mobile; AdType=text ; Weight = 0.0, ImpParams = MarketSegments=[YOUNG, HIGH_INCOME]; Device=mobile; AdType=video ; Weight = 0.0, ImpParams = MarketSegments=[LOW_INCOME, OLD]; Device=pc; AdType=text ; Weight = 0.0, ImpParams = MarketSegments=[LOW_INCOME, OLD]; Device=pc; AdType=video ; Weight = 0.0, ImpParams = MarketSegments=[LOW_INCOME, OLD]; Device=mobile; AdType=text ; Weight = 0.0, ImpParams = MarketSegments=[LOW_INCOME, OLD]; Device=mobile; AdType=video ; Weight = 0.0, ImpParams = MarketSegments=[HIGH_INCOME, OLD]; Device=pc; AdType=text ; Weight = 0.0, ImpParams = MarketSegments=[HIGH_INCOME, OLD]; Device=pc; AdType=video ; Weight = 0.0, ImpParams = MarketSegments=[HIGH_INCOME, OLD]; Device=mobile; AdType=text ; Weight = 0.0, ImpParams = MarketSegments=[HIGH_INCOME, OLD]; Device=mobile; AdType=video ; Weight = 0.0]
09/04 17:15:00 INFO bidders.ImpressionBidder|fillBidBundle: Working on impParams = MarketSegments=[YOUNG, FEMALE]; Device=pc; AdType=text
09/04 17:15:00 WARNING bidders.ImpressionBidder|Failed to get initial bid: java.lang.NullPointerException Stack: [OrOmerShelly.oos.bidders.ImpressionBidder.generateFirstInstance(ImpressionBidder.java:381), OrOmerShelly.oos.bidders.ImpressionBidder.initialBid(ImpressionBidder.java:401), OrOmerShelly.oos.bidders.ImpressionBidder.fillBidBundle(ImpressionBidder.java:289), OrOmerShelly.Coordinator.calculateAndSendBidBundle(Coordinator.java:399), OrOmerShelly.Coordinator.handleSimulationStatus(Coordinator.java:363), OrOmerShelly.OOSAgent.messageReceived(OOSAgent.java:71), se.sics.tasim.aw.AgentService.deliverToAgent(AgentService.java:130), tau.tac.adx.agentware.AgentServiceImpl.deliverToAgent(AgentServiceImpl.java:134), tau.tac.adx.agentware.SimClient.run(SimClient.java:439), java.lang.Thread.run(Unknown Source)]
09/04 17:15:00 WARNING bidders.ImpressionBidder|Failed to get last bid averaged - maybe there's no last bid: [OrOmerShelly.oos.bidders.ImpressionBidder.getLastBidAveraged(ImpressionBidder.java:414), OrOmerShelly.oos.bidders.ImpressionBidder.fillBidBundle(ImpressionBidder.java:294), OrOmerShelly.Coordinator.calculateAndSendBidBundle(Coordinator.java:399), OrOmerShelly.Coordinator.handleSimulationStatus(Coordinator.java:363), OrOmerShelly.OOSAgent.messageReceived(OOSAgent.java:71), se.sics.tasim.aw.AgentService.deliverToAgent(AgentService.java:130), tau.tac.adx.agentware.AgentServiceImpl.deliverToAgent(AgentServiceImpl.java:134), tau.tac.adx.agentware.SimClient.run(SimClient.java:439), java.lang.Thread.run(Unknown Source)]
09/04 17:15:00 SEVERE OrOmerShelly.Coordinator|Exception in running classifier: java.lang.NullPointerException - [OrOmerShelly.oos.bidders.ImpressionBidder.getLastBidAveraged(ImpressionBidder.java:414), OrOmerShelly.oos.bidders.ImpressionBidder.fillBidBundle(ImpressionBidder.java:294), OrOmerShelly.Coordinator.calculateAndSendBidBundle(Coordinator.java:399), OrOmerShelly.Coordinator.handleSimulationStatus(Coordinator.java:363), OrOmerShelly.OOSAgent.messageReceived(OOSAgent.java:71), se.sics.tasim.aw.AgentService.deliverToAgent(AgentService.java:130), tau.tac.adx.agentware.AgentServiceImpl.deliverToAgent(AgentServiceImpl.java:134), tau.tac.adx.agentware.SimClient.run(SimClient.java:439), java.lang.Thread.run(Unknown Source)]
09/04 17:15:00 WARNING OrOmerShelly.Coordinator|BidBundle is null! Getting default BidBundle
09/04 17:15:00 INFO bidders.ImpressionBidder|Default bid bundle bid for Campaign ID 21913516: day 1 to 5 [YOUNG, MALE], reach: 1250 coefs: (v=2.0, m=1.5) budget: 1.25 will be 0.05518489292069684 where our rnd was 0.05518489292069684
09/04 17:15:00 INFO OrOmerShelly.Coordinator|Day 0 ended. Starting next day
